[class #0] <getLBGClusterSize>
centroid size : 1
ctrd no.	datasize	worktype	data[0]	data[1]	data[2]	data[3]	data[4]	data[5]	data[6]	data[7]	data[8]	data[9]	data[10]	data[11]	data[12]	data[13]	data[14]	data[15]	data[16]	data[17]	data[18]	data[19]	data[20]	data[21]	data[22]	data[23]	data[24]	data[25]	data[26]	data[27]	data[28]	data[29]	data[30]	data[31]	data[32]	data[33]
		seed	0.282270	0.000000	0.421144	0.704708	0.660064	0.476539	0.575122	0.743094	0.817156	0.703266	0.444730	0.777014	0.752500	0.477433	0.451092	0.212941	0.372314	0.348357	0.370032	0.281517	0.873799	0.526722	0.333002	0.164710	0.254435	0.365361	0.774718	0.478495	0.603683	0.567893	0.370623	0.563483	0.559776	0.445916
0	114	clst	0.728070	0.000000	0.623552	0.500389	0.600721	0.489221	0.662115	0.476050	0.613644	0.543457	0.646382	0.555526	0.617135	0.469150	0.580992	0.501647	0.620566	0.430975	0.606796	0.505511	0.569189	0.560328	0.585461	0.498902	0.581953	0.444837	0.754854	0.424829	0.533270	0.501864	0.586312	0.459064	0.584773	0.525788
[class #0] <for of setCPON>
[class #0] <getLBGClusterSize>
centroid size : 2
ctrd no.	datasize	worktype	data[0]	data[1]	data[2]	data[3]	data[4]	data[5]	data[6]	data[7]	data[8]	data[9]	data[10]	data[11]	data[12]	data[13]	data[14]	data[15]	data[16]	data[17]	data[18]	data[19]	data[20]	data[21]	data[22]	data[23]	data[24]	data[25]	data[26]	data[27]	data[28]	data[29]	data[30]	data[31]	data[32]	data[33]
		seed	0.282379	0.000000	0.780944	0.528897	0.879818	0.552034	0.630309	0.682850	0.504400	0.581676	0.441936	0.777842	0.543904	0.174477	0.899943	0.527907	0.869578	0.691086	0.407545	0.762855	0.467488	0.819086	0.636705	0.309131	0.551657	0.584989	0.555318	0.103648	0.814701	0.335047	0.429809	0.336156	0.775736	0.329723
0	25	clst	0.240000	0.000000	0.753744	0.720000	0.778396	0.184784	0.736356	0.440868	0.695216	0.722140	0.777356	0.774748	0.814012	0.514828	0.835184	0.487400	0.711196	0.314984	0.514148	0.663744	0.572976	0.684916	0.712040	0.704372	0.720000	0.289232	0.957852	0.404444	0.554216	0.783892	0.560000	0.278696	0.611304	0.444784
		seed	0.815784	0.000000	0.851941	0.315157	0.712153	0.538015	0.865886	0.303005	0.330274	0.417447	0.407793	0.652104	0.650253	0.482140	0.576451	0.738798	0.515144	0.607696	0.686564	0.563957	0.555917	0.516618	0.357598	0.414965	0.654726	0.418530	0.489359	0.616221	0.555833	0.242326	0.493787	0.510985	0.741786	0.631489
1	89	clst	0.865169	0.000000	0.586981	0.438701	0.550812	0.574737	0.641261	0.485933	0.590730	0.493265	0.609592	0.493947	0.561833	0.456319	0.509590	0.505649	0.595108	0.463556	0.632820	0.461063	0.568126	0.525331	0.549904	0.441185	0.543175	0.488546	0.697831	0.430555	0.527387	0.422643	0.593703	0.509729	0.577320	0.548542
[class #0] <for of setCPON>
[class #0] <getLBGClusterSize>
centroid size : 3
ctrd no.	datasize	worktype	data[0]	data[1]	data[2]	data[3]	data[4]	data[5]	data[6]	data[7]	data[8]	data[9]	data[10]	data[11]	data[12]	data[13]	data[14]	data[15]	data[16]	data[17]	data[18]	data[19]	data[20]	data[21]	data[22]	data[23]	data[24]	data[25]	data[26]	data[27]	data[28]	data[29]	data[30]	data[31]	data[32]	data[33]
		seed	0.282461	0.000000	0.480762	0.353106	0.401472	0.627547	0.685497	0.622585	0.822061	0.460087	0.439141	0.778671	0.335308	0.483503	0.686055	0.247602	0.759252	0.424306	0.445057	0.573737	0.684706	0.492615	0.277622	0.453572	0.848878	0.153817	0.963311	0.482706	0.333772	0.718360	0.488994	0.749277	0.483722	0.753666
0	25	clst	0.000000	0.000000	0.500000	0.660000	0.500000	0.340000	0.640000	0.640000	0.460000	0.632500	0.600000	0.600000	0.440000	0.296252	0.520000	0.561256	0.472500	0.290000	0.360000	0.440000	0.460000	0.540000	0.520000	0.760000	0.680000	0.240000	0.800000	0.500000	0.380000	0.540000	0.500000	0.440000	0.440000	0.480000
		seed	0.405569	0.000000	0.893351	0.591466	0.809706	0.711598	0.851184	0.651503	0.389913	0.663613	0.763661	0.352305	0.707735	0.657104	0.331840	0.553539	0.847383	0.574977	0.432826	0.287410	0.473121	0.539469	0.284681	0.467800	0.500651	0.702192	0.929134	0.360786	0.455783	0.256241	0.718696	0.294701	0.504650	0.319718
1	26	clst	0.807692	0.000000	0.846919	0.495181	0.961131	0.469538	0.904338	0.391669	0.851196	0.469600	0.955119	0.617196	0.959492	0.546531	0.950373	0.495208	0.895585	0.478777	0.874850	0.605612	0.885785	0.644092	0.840515	0.433212	0.818423	0.493681	0.923538	0.445527	0.828485	0.580381	0.869477	0.396185	0.891835	0.556712
		seed	0.658387	0.000000	0.724106	0.416301	0.369623	0.550091	0.545790	0.430409	0.428447	0.333830	0.628528	0.386428	0.796853	0.752710	0.570141	0.437512	0.743621	0.631227	0.461488	0.779858	0.314094	0.732232	0.451571	0.609667	0.433118	0.334338	1.019027	0.138160	0.490097	0.661723	0.532363	0.607205	0.822211	0.310734
2	63	clst	0.984127	0.000000	0.580397	0.439202	0.491949	0.556559	0.570925	0.445814	0.576576	0.538603	0.537373	0.512427	0.546137	0.505825	0.452752	0.480651	0.565822	0.467189	0.594105	0.490195	0.481860	0.533825	0.506176	0.422402	0.445454	0.505963	0.667322	0.386457	0.472257	0.454327	0.503702	0.492579	0.515498	0.531195
[class #0] <for of setCPON>
[class #0] <getLBGClusterSize>
centroid size : 4
ctrd no.	datasize	worktype	data[0]	data[1]	data[2]	data[3]	data[4]	data[5]	data[6]	data[7]	data[8]	data[9]	data[10]	data[11]	data[12]	data[13]	data[14]	data[15]	data[16]	data[17]	data[18]	data[19]	data[20]	data[21]	data[22]	data[23]	data[24]	data[25]	data[26]	data[27]	data[28]	data[29]	data[30]	data[31]	data[32]	data[33]
		seed	0.282543	0.000000	0.840582	0.177295	0.621205	0.703060	0.740702	0.562341	0.509305	0.338497	0.436346	0.779500	0.769789	0.180528	0.472147	0.562568	0.648926	0.157507	0.482549	0.384598	0.278395	0.784979	0.581324	0.598013	0.479158	0.373465	0.743892	0.107859	0.544789	0.485514	0.548180	0.521950	0.699682	0.637473
0	26	clst	0.000000	0.000000	0.519231	0.634615	0.519231	0.365385	0.615385	0.615385	0.480769	0.608173	0.596154	0.596154	0.442308	0.304088	0.500000	0.578131	0.492788	0.278846	0.384615	0.423077	0.447115	0.557692	0.538462	0.730769	0.692308	0.230769	0.807692	0.480769	0.365385	0.519231	0.500000	0.442308	0.461538	0.461538
		seed	0.889218	0.000000	0.934741	0.205974	0.907258	0.255076	0.836465	0.325584	0.449551	0.261723	0.500721	0.669580	0.765236	0.220067	0.750009	0.368280	0.572032	0.542238	0.850443	0.681299	0.390325	0.562320	0.874529	0.520614	0.346575	0.335033	0.741518	0.105374	0.355733	0.270156	0.297356	0.718865	0.775488	0.548082
1	21	clst	0.761905	0.000000	0.915314	0.547252	0.900062	0.494257	0.933386	0.442905	0.723333	0.362857	0.943038	0.583900	0.973662	0.493500	0.892343	0.590762	0.879129	0.404105	0.853457	0.717586	0.864195	0.670210	0.914110	0.243633	0.741186	0.374319	0.939333	0.426362	0.770843	0.717171	0.759967	0.553533	0.880086	0.708876
		seed	1.031176	0.000000	0.332987	0.630223	0.608380	0.358279	0.707363	0.418224	0.664289	0.407519	0.543965	0.731272	0.854865	0.317597	0.818211	0.373022	0.479376	0.164074	0.505803	0.338705	0.521664	0.415033	0.378977	0.162384	0.608300	0.329352	0.627558	0.312492	0.817277	0.568025	0.440853	0.679736	0.522493	0.621928
2	50	clst	1.000000	0.000000	0.511088	0.449692	0.422090	0.550504	0.547354	0.530186	0.568446	0.599780	0.492054	0.522956	0.517234	0.531690	0.490366	0.494490	0.530622	0.507118	0.575684	0.517086	0.488108	0.492248	0.460636	0.434434	0.409696	0.498902	0.629288	0.339794	0.461646	0.444982	0.499154	0.468740	0.503408	0.531356
		seed	0.911641	0.000000	0.518949	0.736517	0.631069	0.208637	0.662230	0.575616	0.922139	0.481604	0.931180	0.260426	0.780799	0.772209	0.835301	0.266404	0.393823	0.412215	0.488388	0.367902	0.719301	0.831021	0.522647	0.393222	0.554465	0.743722	0.760626	0.373072	0.374484	0.483822	0.659392	0.631421	0.643456	0.493834
3	17	clst	1.000000	0.000000	0.753465	0.386324	0.880965	0.492153	0.736018	0.144671	0.814300	0.501918	0.810653	0.554135	0.737929	0.507576	0.586800	0.295641	0.761129	0.472882	0.733406	0.335565	0.629947	0.628859	0.618494	0.649224	0.723112	0.700329	0.815465	0.587482	0.707224	0.376635	0.760153	0.339535	0.647759	0.381506
[class #0] <for of setCPON>
[class #0] <getLBGClusterSize>
centroid size : 5
ctrd no.	datasize	worktype	data[0]	data[1]	data[2]	data[3]	data[4]	data[5]	data[6]	data[7]	data[8]	data[9]	data[10]	data[11]	data[12]	data[13]	data[14]	data[15]	data[16]	data[17]	data[18]	data[19]	data[20]	data[21]	data[22]	data[23]	data[24]	data[25]	data[26]	data[27]	data[28]	data[29]	data[30]	data[31]	data[32]	data[33]
		seed	0.282625	0.000000	0.540399	0.663285	0.840959	0.778554	0.795890	0.502097	0.826967	0.864963	0.433570	0.780328	0.561194	0.489554	0.258239	0.282263	0.538600	0.500237	0.520062	0.195479	0.495613	0.458508	0.885006	0.742434	0.776379	0.593113	0.524493	0.486939	0.755807	0.252668	0.607365	0.294603	0.407669	0.521279
0	9	clst	0.000000	0.000000	0.277778	0.388889	0.444444	0.666667	0.611111	0.833333	0.444444	0.368056	0.611111	0.611111	0.222222	0.267367	0.500000	0.392378	0.256944	0.111111	0.500000	0.055556	0.666667	0.222222	0.722222	0.722222	0.833333	0.055556	0.444444	0.333333	0.444444	0.555556	0.666667	0.388889	0.388889	0.500000
		seed	0.479003	0.000000	0.316169	0.482283	0.306711	0.428658	0.821764	0.674102	0.509190	0.507888	0.856589	0.369762	0.822738	0.395031	0.505398	0.778291	0.904270	0.509500	0.596706	0.404752	0.307529	0.585172	0.801612	0.573449	0.859441	0.618674	0.553902	0.603889	0.255682	0.284070	0.522265	0.502581	0.538352	0.776446
1	47	clst	0.872340	0.000000	0.538657	0.530674	0.389140	0.452157	0.493172	0.561089	0.506426	0.660287	0.538066	0.510879	0.452979	0.510564	0.461438	0.498996	0.557764	0.547611	0.508336	0.473689	0.412453	0.529074	0.455645	0.495102	0.480681	0.463326	0.659264	0.443900	0.488760	0.443889	0.502309	0.509091	0.480900	0.502136
		seed	0.510101	0.000000	0.601850	0.182324	0.847137	0.796592	0.868936	0.406040	0.900130	0.481189	0.459403	0.459043	0.912876	0.494485	0.403521	0.308532	0.822703	0.306467	0.550097	0.568028	0.729215	0.716689	0.306364	0.389824	0.783462	0.324347	0.863500	0.486824	0.452531	0.474326	0.349323	0.752267	0.730748	0.392971
2	21	clst	0.952381	0.000000	0.528824	0.201333	0.723962	0.768590	0.704248	0.176910	0.786776	0.364976	0.574543	0.463486	0.624600	0.430919	0.444562	0.444200	0.615805	0.384933	0.739848	0.362805	0.617710	0.558595	0.458619	0.444833	0.500438	0.640790	0.764567	0.332548	0.537167	0.298086	0.696414	0.457390	0.613052	0.517376
		seed	1.079623	0.000000	0.661628	0.417473	0.658275	0.415371	0.378187	0.567631	0.887702	0.811545	0.753502	0.762250	0.901533	0.530942	0.849985	0.788155	0.793054	0.608347	0.620778	0.566616	0.607295	0.700788	0.682376	0.300462	0.495949	0.414816	0.841367	0.640357	0.705655	0.573290	0.464677	0.227134	0.336855	0.554346
3	27	clst	0.814815	0.000000	0.894915	0.569433	0.907015	0.439978	0.907881	0.414200	0.745596	0.423837	0.938263	0.614278	0.960993	0.519667	0.896656	0.532422	0.880933	0.437400	0.842448	0.694293	0.852978	0.658533	0.914674	0.343093	0.749681	0.425130	0.926370	0.429026	0.742244	0.651478	0.781719	0.474104	0.858804	0.610167
		seed	0.531242	0.000000	0.644529	0.567553	0.720078	0.277074	0.647032	0.144337	0.309786	0.620143	0.354862	0.468703	0.675981	0.772470	0.692386	0.760797	0.901656	0.640621	0.579004	0.770446	0.304465	0.603623	0.893158	0.631349	0.655500	0.427230	0.921840	0.544229	0.823486	0.232492	0.349698	0.186774	0.491520	0.427273
4	10	clst	0.000000	0.000000	0.800000	0.900000	0.650000	0.050000	0.750000	0.550000	0.550000	0.850000	0.550000	0.750000	0.800000	0.400000	0.650000	0.650000	0.550000	0.250000	0.250000	0.850000	0.350000	0.750000	0.450000	0.850000	0.550000	0.350000	1.000000	0.600000	0.250000	0.750000	0.150000	0.250000	0.450000	0.450000
[class #0] <for of setCPON>
