[class #1] <getLBGClusterSize>
centroid size : 1
ctrd no.	datasize	worktype	data[0]	data[1]	data[2]	data[3]	data[4]	data[5]	data[6]	data[7]	data[8]	data[9]	data[10]	data[11]	data[12]	data[13]	data[14]	data[15]	data[16]	data[17]	data[18]	data[19]	data[20]	data[21]	data[22]	data[23]	data[24]	data[25]	data[26]	data[27]	data[28]	data[29]	data[30]	data[31]	data[32]	data[33]
		seed	1.000000	0.000000	0.852692	0.630029	0.918466	0.593091	0.819503	0.761119	0.940754	0.715205	0.615002	0.754318	0.863878	0.601282	0.592504	0.408418	0.462821	0.465453	0.487411	0.361127	0.989472	0.470405	0.520071	0.257893	0.497835	0.420180	0.768369	0.511018	0.790163	0.533093	0.586764	0.566985	0.702142	0.454320
0	203	clst	1.000000	0.000000	0.914351	0.545294	0.900327	0.599026	0.860146	0.612924	0.815754	0.620750	0.777968	0.611682	0.738168	0.596255	0.719127	0.575237	0.712867	0.521556	0.699567	0.499416	0.711251	0.495171	0.724089	0.479756	0.742728	0.473495	0.753154	0.481629	0.741572	0.486262	0.743858	0.500716	0.725512	0.514244
[class #1] <for of setCPON>
[class #1] <getLBGClusterSize>
centroid size : 2
ctrd no.	datasize	worktype	data[0]	data[1]	data[2]	data[3]	data[4]	data[5]	data[6]	data[7]	data[8]	data[9]	data[10]	data[11]	data[12]	data[13]	data[14]	data[15]	data[16]	data[17]	data[18]	data[19]	data[20]	data[21]	data[22]	data[23]	data[24]	data[25]	data[26]	data[27]	data[28]	data[29]	data[30]	data[31]	data[32]	data[33]
		seed	1.000000	0.000000	0.962297	0.557117	0.985637	0.628425	0.845287	0.727687	0.748655	0.643339	0.612744	0.754851	0.670161	0.417411	1.030031	0.590410	0.963679	0.698190	0.521025	0.658295	0.618360	0.685862	0.765500	0.353771	0.720074	0.567514	0.600329	0.305746	0.935783	0.367949	0.629871	0.422713	0.904043	0.367145
0	144	clst	1.000000	0.000000	0.915278	0.489290	0.920559	0.533812	0.909038	0.513472	0.907753	0.514467	0.903436	0.509779	0.897424	0.508638	0.899458	0.516667	0.883944	0.492938	0.870281	0.492334	0.872388	0.519110	0.864044	0.499817	0.855396	0.498738	0.851641	0.504093	0.832378	0.496366	0.829848	0.504052	0.809156	0.503624
		seed	1.000000	0.000000	0.983925	0.468475	0.934387	0.621864	0.955348	0.516893	0.641704	0.546271	0.585152	0.673877	0.768924	0.604138	0.714701	0.712266	0.606683	0.641562	0.771045	0.535499	0.699128	0.462959	0.539948	0.424032	0.797142	0.455847	0.549809	0.586438	0.757143	0.302187	0.676468	0.533668	0.872304	0.593547
1	59	clst	1.000000	0.000000	0.912086	0.681983	0.850946	0.758192	0.740817	0.855653	0.591214	0.880153	0.471742	0.860395	0.349478	0.810098	0.278998	0.718186	0.295322	0.591403	0.282912	0.516700	0.317968	0.436744	0.382502	0.430793	0.467741	0.411883	0.512780	0.426802	0.519944	0.461602	0.533985	0.492575	0.521364	0.540164
[class #1] <for of setCPON>
[class #1] <getLBGClusterSize>
centroid size : 3
ctrd no.	datasize	worktype	data[0]	data[1]	data[2]	data[3]	data[4]	data[5]	data[6]	data[7]	data[8]	data[9]	data[10]	data[11]	data[12]	data[13]	data[14]	data[15]	data[16]	data[17]	data[18]	data[19]	data[20]	data[21]	data[22]	data[23]	data[24]	data[25]	data[26]	data[27]	data[28]	data[29]	data[30]	data[31]	data[32]	data[33]
		seed	1.000000	0.000000	0.870853	0.484213	0.839423	0.663769	0.871070	0.694243	0.943768	0.571473	0.610485	0.755385	0.476444	0.604966	0.821539	0.428446	0.852556	0.517028	0.554639	0.541537	0.816760	0.445270	0.475317	0.449662	0.942314	0.278268	0.912813	0.513323	0.603902	0.639810	0.672978	0.684898	0.631040	0.685211
0	33	clst	1.000000	0.000000	0.932591	0.613621	0.931503	0.668200	0.882003	0.731364	0.805855	0.797500	0.751055	0.848097	0.654400	0.867533	0.605452	0.860542	0.525927	0.857967	0.453655	0.818961	0.409297	0.792955	0.365982	0.746697	0.330409	0.693382	0.319103	0.647115	0.309800	0.597912	0.315861	0.554506	0.328691	0.513912
		seed	1.000000	0.000000	0.996539	0.583065	0.964206	0.703108	0.948480	0.710291	0.678335	0.691768	0.872748	0.480810	0.822306	0.710328	0.476262	0.605221	0.941324	0.619343	0.543679	0.364765	0.623505	0.479799	0.481022	0.459108	0.681936	0.646137	0.886637	0.446558	0.688100	0.312056	0.840278	0.396404	0.650605	0.359638
1	33	clst	1.000000	0.000000	0.905394	0.722982	0.794912	0.817382	0.650200	0.936615	0.444215	0.938658	0.287242	0.848394	0.143579	0.744600	0.077324	0.588273	0.177824	0.373288	0.217636	0.269176	0.317533	0.164748	0.472267	0.203506	0.649721	0.223512	0.731082	0.298097	0.742545	0.409621	0.749897	0.507439	0.703482	0.635779
		seed	1.000000	0.000000	0.944982	0.510421	0.829688	0.627516	0.805799	0.587595	0.702003	0.496849	0.763539	0.502785	0.905067	0.768353	0.708550	0.538178	0.836812	0.657541	0.569362	0.668792	0.478255	0.621855	0.615889	0.553291	0.631440	0.399368	0.955487	0.324645	0.711780	0.599641	0.704565	0.594733	0.947493	0.352898
2	137	clst	1.000000	0.000000	0.912115	0.486035	0.918209	0.529767	0.905453	0.506425	0.907634	0.501599	0.902655	0.497718	0.901569	0.495177	0.901104	0.503374	0.886775	0.476237	0.874888	0.477904	0.878822	0.503033	0.871006	0.481998	0.864448	0.480744	0.863023	0.485976	0.845342	0.477829	0.845498	0.486140	0.826403	0.485049
[class #1] <for of setCPON>
[class #1] <getLBGClusterSize>
centroid size : 4
ctrd no.	datasize	worktype	data[0]	data[1]	data[2]	data[3]	data[4]	data[5]	data[6]	data[7]	data[8]	data[9]	data[10]	data[11]	data[12]	data[13]	data[14]	data[15]	data[16]	data[17]	data[18]	data[19]	data[20]	data[21]	data[22]	data[23]	data[24]	data[25]	data[26]	data[27]	data[28]	data[29]	data[30]	data[31]	data[32]	data[33]
		seed	1.000000	0.000000	0.980464	0.411301	0.906588	0.699112	0.896863	0.660811	0.751668	0.499607	0.608226	0.755918	0.879934	0.421084	0.613028	0.610438	0.741432	0.335853	0.588234	0.424767	0.445649	0.660727	0.720746	0.545554	0.665865	0.425616	0.744759	0.308051	0.749522	0.474666	0.716085	0.540626	0.832941	0.598036
0	48	clst	1.000000	0.000000	0.900760	0.708738	0.829663	0.785258	0.703669	0.894252	0.529092	0.905194	0.392546	0.871377	0.258196	0.797096	0.183608	0.685808	0.223088	0.522363	0.221969	0.433352	0.282129	0.334179	0.372267	0.330248	0.490104	0.316527	0.554073	0.342706	0.571135	0.396067	0.595308	0.443490	0.581838	0.513219
		seed	1.000000	0.000000	1.009148	0.423195	0.994024	0.489436	0.941603	0.529423	0.714966	0.454229	0.660252	0.685131	0.875706	0.445081	0.883880	0.498175	0.663982	0.597112	0.917892	0.607944	0.547882	0.496639	0.957691	0.494170	0.566730	0.399834	0.742940	0.306691	0.619057	0.321925	0.533401	0.665597	0.903811	0.530970
1	76	clst	1.000000	0.000000	0.963907	0.493975	0.958288	0.531401	0.951037	0.506687	0.953299	0.487959	0.957800	0.490887	0.955961	0.479092	0.952420	0.484574	0.954799	0.458074	0.938771	0.472218	0.946546	0.474989	0.948117	0.458982	0.940417	0.460491	0.943832	0.462008	0.936922	0.453036	0.934192	0.469139	0.920025	0.460012
		seed	1.000000	0.000000	0.825837	0.599138	0.902668	0.537740	0.881286	0.580833	0.846861	0.540403	0.695200	0.724860	0.958941	0.504274	0.950360	0.500915	0.570657	0.340312	0.609071	0.396433	0.667843	0.388096	0.557225	0.256349	0.762428	0.396024	0.655658	0.420112	0.937561	0.533186	0.637915	0.640764	0.667286	0.586374
2	50	clst	1.000000	0.000000	0.817874	0.469254	0.841406	0.516532	0.820318	0.486510	0.825666	0.505860	0.800214	0.471794	0.805402	0.471768	0.812444	0.479704	0.816118	0.428468	0.770662	0.440698	0.770784	0.472480	0.746236	0.433738	0.745164	0.426526	0.743832	0.435368	0.712854	0.441422	0.721726	0.422800	0.697224	0.432364
		seed	1.000000	0.000000	0.882486	0.643221	0.909603	0.467700	0.860200	0.668178	1.005237	0.584191	1.008129	0.421641	0.890159	0.780188	0.967020	0.439310	0.484485	0.508817	0.593466	0.414459	0.848358	0.694658	0.673328	0.409597	0.722175	0.673997	0.757576	0.453286	0.631997	0.473466	0.797085	0.610101	0.780375	0.490270
3	29	clst	1.000000	0.000000	0.973314	0.540362	0.966976	0.610234	0.949617	0.643645	0.912679	0.696034	0.906272	0.739597	0.845921	0.785507	0.833224	0.794534	0.711490	0.847086	0.740621	0.781276	0.702245	0.853652	0.681121	0.861000	0.638579	0.848362	0.599034	0.842752	0.561238	0.799938	0.529086	0.812528	0.502331	0.799238
[class #1] <for of setCPON>
[class #1] <getLBGClusterSize>
centroid size : 5
ctrd no.	datasize	worktype	data[0]	data[1]	data[2]	data[3]	data[4]	data[5]	data[6]	data[7]	data[8]	data[9]	data[10]	data[11]	data[12]	data[13]	data[14]	data[15]	data[16]	data[17]	data[18]	data[19]	data[20]	data[21]	data[22]	data[23]	data[24]	data[25]	data[26]	data[27]	data[28]	data[29]	data[30]	data[31]	data[32]	data[33]
		seed	1.000000	0.000000	0.889020	0.612850	0.973759	0.734447	0.922646	0.627378	0.946781	0.810777	0.605983	0.756452	0.686217	0.608639	0.404517	0.448473	0.630309	0.568590	0.621848	0.308009	0.644049	0.420134	0.966158	0.641431	0.888105	0.572963	0.576719	0.515642	0.895141	0.309522	0.759192	0.396342	0.559937	0.510861
0	33	clst	1.000000	0.000000	0.905394	0.722982	0.794912	0.817382	0.650200	0.936615	0.444215	0.938658	0.287242	0.848394	0.143579	0.744600	0.077324	0.588273	0.177824	0.373288	0.217636	0.269176	0.317533	0.164748	0.472267	0.203506	0.649721	0.223512	0.731082	0.298097	0.742545	0.409621	0.749897	0.507439	0.703482	0.635779
		seed	1.000000	0.000000	0.820713	0.537785	0.810458	0.570680	0.934735	0.722832	0.751597	0.599727	0.947848	0.492052	0.929106	0.551270	0.645440	0.735086	0.998622	0.574880	0.690526	0.437209	0.472259	0.513479	0.898766	0.529246	0.950213	0.590111	0.599243	0.579685	0.550014	0.331794	0.697210	0.528334	0.682113	0.702302
1	29	clst	1.000000	0.000000	0.925234	0.621793	0.924466	0.673403	0.868810	0.738014	0.783424	0.803397	0.723569	0.857228	0.617428	0.876303	0.563279	0.869479	0.477900	0.858793	0.398983	0.813245	0.357962	0.783331	0.309379	0.728876	0.277197	0.667979	0.272366	0.613890	0.270228	0.557938	0.286652	0.508810	0.314331	0.463366
		seed	1.000000	0.000000	0.907740	0.413386	0.975647	0.742889	0.956774	0.574072	0.991719	0.583946	0.626860	0.549548	1.012815	0.611631	0.546133	0.463652	0.916466	0.437007	0.648761	0.538013	0.857414	0.610401	0.498544	0.407342	0.893401	0.392666	0.836368	0.515579	0.685856	0.466731	0.571251	0.686796	0.861985	0.414597
2	74	clst	1.000000	0.000000	0.866607	0.482454	0.874373	0.506365	0.867647	0.486418	0.869004	0.495380	0.852307	0.451441	0.853903	0.455585	0.855876	0.460092	0.859659	0.421414	0.823212	0.424128	0.829832	0.447643	0.809749	0.400512	0.813528	0.399320	0.805464	0.406969	0.778745	0.407550	0.787286	0.394573	0.767658	0.406223
		seed	1.000000	0.000000	0.925950	0.510907	0.917919	0.564461	0.727495	0.663746	0.984085	0.779204	0.864537	0.744810	1.002281	0.633758	0.981333	0.740786	0.886602	0.642004	0.712097	0.537141	0.746056	0.598683	0.802408	0.348016	0.678421	0.453356	0.819416	0.599655	0.860532	0.536920	0.655267	0.353523	0.493733	0.535670
3	67	clst	1.000000	0.000000	0.966784	0.494070	0.970464	0.561627	0.951518	0.539073	0.953931	0.523581	0.961110	0.565796	0.955461	0.557340	0.951660	0.568633	0.915969	0.559221	0.930478	0.560134	0.927118	0.585684	0.933012	0.595513	0.911837	0.594364	0.914354	0.597239	0.904052	0.579922	0.890813	0.611134	0.867787	0.595712
		seed	1.000000	0.000000	0.920741	0.573148	0.936810	0.499732	0.853100	0.428840	0.629120	0.666075	0.542375	0.555769	0.792817	0.780346	0.827710	0.724978	0.995989	0.663920	0.674665	0.662981	0.469461	0.527077	0.972746	0.567684	0.797721	0.461683	0.881050	0.547014	0.941845	0.295212	0.571523	0.327909	0.638330	0.440333
4	0	clst	0.000000	0.000000	0.000000	0.000000	0.000000	0.000000	0.000000	0.000000	0.000000	0.000000	0.000000	0.000000	0.000000	0.000000	0.000000	0.000000	0.000000	0.000000	0.000000	0.000000	0.000000	0.000000	0.000000	0.000000	0.000000	0.000000	0.000000	0.000000	0.000000	0.000000	0.000000	0.000000	0.000000	0.000000
[class #1] <for of setCPON>
