[class #1] <getLBGClusterSize>
centroid size : 1
ctrd no.	datasize	worktype	data[0]	data[1]	data[2]	data[3]	data[4]	data[5]	data[6]	data[7]	data[8]	data[9]	data[10]	data[11]	data[12]	data[13]	data[14]	data[15]	data[16]	data[17]	data[18]	data[19]	data[20]	data[21]	data[22]	data[23]	data[24]	data[25]	data[26]	data[27]	data[28]	data[29]	data[30]	data[31]	data[32]	data[33]
		seed	1.000000	0.000000	0.857670	0.622071	0.922619	0.589771	0.827438	0.749955	0.949359	0.707562	0.630888	0.743619	0.874796	0.596005	0.609949	0.407280	0.478397	0.467151	0.512609	0.364177	0.994185	0.475032	0.536971	0.270028	0.509022	0.427585	0.776229	0.517151	0.798868	0.537408	0.592137	0.572355	0.704729	0.454181
0	203	clst	1.000000	0.000000	0.918215	0.539084	0.904768	0.595594	0.868220	0.605929	0.824736	0.615368	0.791635	0.608101	0.752023	0.591108	0.733848	0.573370	0.725964	0.522684	0.718229	0.500165	0.722709	0.499479	0.736539	0.486549	0.749877	0.480253	0.761256	0.488188	0.751041	0.491639	0.747119	0.505990	0.727986	0.514604
[class #1] <for of setCPON>
[class #1] <getLBGClusterSize>
centroid size : 2
ctrd no.	datasize	worktype	data[0]	data[1]	data[2]	data[3]	data[4]	data[5]	data[6]	data[7]	data[8]	data[9]	data[10]	data[11]	data[12]	data[13]	data[14]	data[15]	data[16]	data[17]	data[18]	data[19]	data[20]	data[21]	data[22]	data[23]	data[24]	data[25]	data[26]	data[27]	data[28]	data[29]	data[30]	data[31]	data[32]	data[33]
		seed	1.000000	0.000000	0.965295	0.550663	0.988721	0.624431	0.853310	0.717463	0.757839	0.637417	0.628660	0.744126	0.685603	0.416928	1.038065	0.588477	0.974288	0.697522	0.545188	0.656401	0.632070	0.687714	0.777048	0.363597	0.727597	0.573130	0.610861	0.314855	0.942198	0.376007	0.634664	0.427874	0.905659	0.366281
0	147	clst	1.000000	0.000000	0.923601	0.487500	0.925627	0.535380	0.917852	0.513752	0.913664	0.516084	0.911210	0.515790	0.901479	0.510765	0.903466	0.518319	0.888674	0.492981	0.876070	0.492224	0.874793	0.519721	0.868289	0.502033	0.859931	0.500020	0.855378	0.505648	0.836816	0.495994	0.831580	0.507162	0.811442	0.501894
		seed	1.000000	0.000000	0.986533	0.463848	0.938287	0.617996	0.963745	0.512599	0.651211	0.542674	0.601444	0.667193	0.782060	0.598787	0.729517	0.709800	0.620833	0.641470	0.787504	0.535648	0.710880	0.467682	0.556413	0.432167	0.803394	0.462820	0.561145	0.591478	0.766366	0.311737	0.680636	0.538989	0.874072	0.594568
1	56	clst	1.000000	0.000000	0.904077	0.674491	0.850016	0.753655	0.737934	0.847891	0.591300	0.875989	0.477750	0.850418	0.359700	0.802011	0.288602	0.717879	0.298848	0.600654	0.303896	0.521009	0.323487	0.446345	0.390696	0.445904	0.460986	0.428362	0.514186	0.442357	0.525882	0.480207	0.525409	0.502914	0.508914	0.547970
[class #1] <for of setCPON>
[class #1] <getLBGClusterSize>
centroid size : 3
ctrd no.	datasize	worktype	data[0]	data[1]	data[2]	data[3]	data[4]	data[5]	data[6]	data[7]	data[8]	data[9]	data[10]	data[11]	data[12]	data[13]	data[14]	data[15]	data[16]	data[17]	data[18]	data[19]	data[20]	data[21]	data[22]	data[23]	data[24]	data[25]	data[26]	data[27]	data[28]	data[29]	data[30]	data[31]	data[32]	data[33]
		seed	1.000000	0.000000	0.875503	0.479262	0.844835	0.659100	0.879181	0.684960	0.952363	0.567272	0.626432	0.744633	0.496410	0.599592	0.834058	0.427220	0.864267	0.518201	0.577766	0.541586	0.825661	0.450221	0.493192	0.457180	0.946172	0.287398	0.918376	0.519423	0.615535	0.641706	0.677192	0.690439	0.633968	0.686995
0	37	clst	1.000000	0.000000	0.946135	0.576846	0.955551	0.628476	0.927392	0.671251	0.878868	0.719303	0.857903	0.780281	0.788424	0.813200	0.758043	0.823449	0.644208	0.855005	0.646208	0.801797	0.608946	0.842727	0.572032	0.832046	0.529814	0.804789	0.498492	0.783114	0.465470	0.733386	0.451235	0.723727	0.438565	0.694922
		seed	1.000000	0.000000	0.998919	0.576076	0.967631	0.697689	0.956853	0.700557	0.687731	0.684686	0.885124	0.483759	0.834195	0.702208	0.496206	0.603223	0.952155	0.619477	0.567144	0.367754	0.637090	0.484305	0.498772	0.466398	0.690088	0.650798	0.892616	0.453626	0.698409	0.321382	0.842243	0.401527	0.653440	0.358711
1	37	clst	1.000000	0.000000	0.900792	0.703346	0.808265	0.798076	0.667719	0.913170	0.476138	0.926435	0.332000	0.850832	0.195373	0.762003	0.125357	0.633943	0.183811	0.453016	0.229249	0.340603	0.286611	0.244346	0.418116	0.263751	0.555332	0.265027	0.644681	0.313538	0.673857	0.399776	0.675195	0.464405	0.642724	0.567654
		seed	1.000000	0.000000	0.948294	0.504930	0.835254	0.623540	0.813688	0.581313	0.711328	0.494435	0.777402	0.504637	0.915023	0.758720	0.723498	0.536473	0.848679	0.657287	0.592035	0.666723	0.495360	0.624532	0.630699	0.558313	0.640425	0.407026	0.960371	0.333480	0.721716	0.602448	0.708354	0.600143	0.948900	0.351915
2	129	clst	1.000000	0.000000	0.915205	0.481139	0.917882	0.528086	0.908756	0.499069	0.909195	0.496337	0.904461	0.489095	0.901241	0.478391	0.901437	0.484268	0.904914	0.447349	0.879136	0.459416	0.880421	0.474206	0.875054	0.451356	0.868795	0.448900	0.870059	0.453691	0.855087	0.448649	0.852615	0.455466	0.835453	0.447670
[class #1] <for of setCPON>
[class #1] <getLBGClusterSize>
centroid size : 4
ctrd no.	datasize	worktype	data[0]	data[1]	data[2]	data[3]	data[4]	data[5]	data[6]	data[7]	data[8]	data[9]	data[10]	data[11]	data[12]	data[13]	data[14]	data[15]	data[16]	data[17]	data[18]	data[19]	data[20]	data[21]	data[22]	data[23]	data[24]	data[25]	data[26]	data[27]	data[28]	data[29]	data[30]	data[31]	data[32]	data[33]
		seed	1.000000	0.000000	0.983135	0.407854	0.910930	0.693769	0.905060	0.652469	0.760843	0.497127	0.624205	0.745140	0.890478	0.420505	0.630031	0.608417	0.754246	0.338868	0.610326	0.426758	0.463545	0.662903	0.733270	0.550763	0.674282	0.432955	0.752994	0.317127	0.758865	0.480306	0.719719	0.545958	0.834899	0.599095
0	45	clst	1.000000	0.000000	0.890258	0.702940	0.826689	0.781347	0.696696	0.887918	0.525531	0.903109	0.393484	0.861200	0.263591	0.788553	0.188027	0.684016	0.220758	0.530633	0.241049	0.434356	0.283769	0.341189	0.378182	0.343362	0.480600	0.331102	0.554842	0.356827	0.577251	0.414616	0.585240	0.452607	0.566142	0.520538
		seed	1.000000	0.000000	1.011300	0.419502	0.996975	0.488095	0.949953	0.524776	0.724252	0.452836	0.675521	0.677885	0.886348	0.443876	0.895058	0.496645	0.677563	0.597472	0.929827	0.606887	0.563300	0.500929	0.965049	0.500616	0.576781	0.407487	0.751205	0.315786	0.630451	0.331027	0.539491	0.671111	0.905428	0.531470
1	82	clst	1.000000	0.000000	0.964010	0.491937	0.956116	0.531740	0.949812	0.508583	0.953873	0.489979	0.955659	0.500907	0.951278	0.485956	0.950987	0.486956	0.950813	0.457276	0.937502	0.470729	0.942570	0.479295	0.944400	0.469043	0.938116	0.465310	0.940434	0.467543	0.934715	0.456382	0.926674	0.475021	0.914448	0.461510
		seed	1.000000	0.000000	0.831300	0.591818	0.907072	0.535477	0.889431	0.574741	0.855749	0.536946	0.709993	0.715632	0.967639	0.501526	0.960108	0.499373	0.585164	0.343281	0.630521	0.398896	0.680353	0.393784	0.573314	0.268520	0.769253	0.403723	0.665310	0.427563	0.943948	0.537499	0.642600	0.646242	0.670041	0.587335
2	46	clst	1.000000	0.000000	0.827633	0.463872	0.847941	0.518228	0.835498	0.480002	0.829200	0.506950	0.812146	0.468270	0.811507	0.461720	0.813370	0.476383	0.824374	0.422211	0.775615	0.434122	0.769950	0.461576	0.748722	0.414978	0.747072	0.412880	0.745063	0.422204	0.712067	0.427380	0.723585	0.411930	0.696239	0.415972
		seed	1.000000	0.000000	0.886926	0.634991	0.913897	0.466775	0.868274	0.659628	1.013647	0.579686	1.018661	0.427542	0.900463	0.770246	0.976410	0.438037	0.499846	0.510074	0.615397	0.416622	0.856493	0.696397	0.686885	0.418079	0.729663	0.678320	0.765607	0.460256	0.643188	0.479133	0.799630	0.615534	0.782585	0.490431
3	30	clst	1.000000	0.000000	0.973873	0.537493	0.968673	0.610123	0.952660	0.642110	0.913723	0.692730	0.909080	0.735857	0.848830	0.780753	0.837137	0.792313	0.718287	0.843600	0.746660	0.780603	0.707730	0.850203	0.687243	0.858920	0.643573	0.848127	0.605953	0.842837	0.569443	0.802073	0.535240	0.814940	0.509770	0.802067
[class #1] <for of setCPON>
[class #1] <getLBGClusterSize>
centroid size : 5
ctrd no.	datasize	worktype	data[0]	data[1]	data[2]	data[3]	data[4]	data[5]	data[6]	data[7]	data[8]	data[9]	data[10]	data[11]	data[12]	data[13]	data[14]	data[15]	data[16]	data[17]	data[18]	data[19]	data[20]	data[21]	data[22]	data[23]	data[24]	data[25]	data[26]	data[27]	data[28]	data[29]	data[30]	data[31]	data[32]	data[33]
		seed	1.000000	0.000000	0.893342	0.605246	0.977032	0.728429	0.930932	0.619977	0.955367	0.800845	0.621992	0.745647	0.701285	0.603169	0.426004	0.447161	0.644224	0.569239	0.642904	0.311943	0.657136	0.425409	0.973331	0.644332	0.892857	0.578513	0.587627	0.521708	0.902195	0.318905	0.762247	0.401465	0.563208	0.511194
0	31	clst	1.000000	0.000000	0.891732	0.713184	0.789352	0.811490	0.639987	0.927703	0.438894	0.939316	0.286865	0.835661	0.148574	0.733616	0.081323	0.585884	0.169952	0.384987	0.241319	0.269535	0.316023	0.172423	0.477887	0.218539	0.633906	0.240335	0.730977	0.313448	0.751358	0.430958	0.737258	0.515865	0.682790	0.641690
		seed	1.000000	0.000000	0.826269	0.531730	0.816330	0.567789	0.943061	0.712746	0.760772	0.594849	0.959201	0.494440	0.938501	0.547297	0.661746	0.732520	1.008885	0.575466	0.709466	0.438994	0.489509	0.517552	0.907408	0.534848	0.953941	0.595452	0.609793	0.584823	0.562494	0.340672	0.701099	0.533648	0.684796	0.704229
1	25	clst	1.000000	0.000000	0.919384	0.626512	0.925240	0.681940	0.859388	0.748924	0.780284	0.797464	0.714448	0.868716	0.621496	0.886820	0.545628	0.881552	0.458680	0.868080	0.381492	0.832836	0.332744	0.786008	0.282580	0.727836	0.246564	0.661516	0.245364	0.602204	0.246292	0.541276	0.262716	0.486856	0.293308	0.431756
		seed	1.000000	0.000000	0.911724	0.409896	0.978890	0.736710	0.965174	0.568169	1.000170	0.579446	0.642585	0.549067	1.020255	0.606084	0.564575	0.462272	0.927543	0.438994	0.668988	0.538120	0.865328	0.613225	0.515913	0.415878	0.898066	0.400406	0.843146	0.521646	0.696200	0.472551	0.576832	0.692340	0.863803	0.414128
2	126	clst	1.000000	0.000000	0.916909	0.486398	0.917083	0.522922	0.908780	0.497707	0.911068	0.494729	0.907896	0.487087	0.903418	0.475912	0.902833	0.481313	0.906106	0.440406	0.881036	0.455797	0.881397	0.470290	0.874549	0.448236	0.871206	0.443502	0.872209	0.448279	0.856663	0.442833	0.855852	0.449264	0.838123	0.441898
		seed	1.000000	0.000000	0.929605	0.505406	0.922081	0.561688	0.735118	0.655321	0.992559	0.770028	0.877025	0.734586	1.009967	0.627634	0.990415	0.738195	0.897976	0.641908	0.730372	0.537263	0.756670	0.601658	0.813152	0.357981	0.686630	0.460358	0.826464	0.604503	0.868131	0.541149	0.659719	0.358584	0.497322	0.536209
3	21	clst	1.000000	0.000000	0.963757	0.494114	0.976890	0.610124	0.972286	0.610024	0.929238	0.644219	0.931095	0.688005	0.889843	0.719881	0.907267	0.740357	0.784086	0.808433	0.846276	0.710790	0.835171	0.816310	0.830729	0.824814	0.792276	0.839129	0.754395	0.849862	0.717733	0.814957	0.685948	0.854548	0.651357	0.861871
		seed	1.000000	0.000000	0.924490	0.566363	0.940671	0.498195	0.861149	0.427023	0.638664	0.659608	0.559250	0.554978	0.805395	0.770401	0.840096	0.722456	1.006278	0.663601	0.694093	0.661009	0.486779	0.530974	0.979775	0.572361	0.803963	0.468585	0.887118	0.552626	0.948165	0.304920	0.577102	0.332932	0.641223	0.440078
4	0	clst	0.000000	0.000000	0.000000	0.000000	0.000000	0.000000	0.000000	0.000000	0.000000	0.000000	0.000000	0.000000	0.000000	0.000000	0.000000	0.000000	0.000000	0.000000	0.000000	0.000000	0.000000	0.000000	0.000000	0.000000	0.000000	0.000000	0.000000	0.000000	0.000000	0.000000	0.000000	0.000000	0.000000	0.000000
[class #1] <for of setCPON>
