[class #1] <getLBGClusterSize>
centroid size : 1
ctrd no.	datasize	worktype	data[0]	data[1]	data[2]	data[3]	data[4]	data[5]	data[6]	data[7]	data[8]	data[9]	data[10]	data[11]	data[12]	data[13]	data[14]	data[15]	data[16]	data[17]	data[18]	data[19]	data[20]	data[21]	data[22]	data[23]	data[24]	data[25]	data[26]	data[27]	data[28]	data[29]	data[30]	data[31]	data[32]	data[33]
		seed	1.000000	0.000000	0.855894	0.624941	0.920628	0.590377	0.829575	0.753425	0.946323	0.709458	0.629913	0.750443	0.870783	0.598898	0.607524	0.407926	0.480917	0.466560	0.497115	0.365667	0.992340	0.473882	0.522063	0.257936	0.500192	0.419690	0.765133	0.510641	0.785355	0.532965	0.582025	0.562238	0.700390	0.450392
0	203	clst	1.000000	0.000000	0.917171	0.543042	0.902490	0.596179	0.869120	0.607433	0.824652	0.616484	0.787171	0.607973	0.748743	0.593824	0.730855	0.576616	0.724463	0.522429	0.705742	0.504173	0.716620	0.498584	0.723544	0.480655	0.741549	0.473091	0.750089	0.480951	0.737371	0.486109	0.739375	0.496794	0.723865	0.509362
[class #1] <for of setCPON>
[class #1] <getLBGClusterSize>
centroid size : 2
ctrd no.	datasize	worktype	data[0]	data[1]	data[2]	data[3]	data[4]	data[5]	data[6]	data[7]	data[8]	data[9]	data[10]	data[11]	data[12]	data[13]	data[14]	data[15]	data[16]	data[17]	data[18]	data[19]	data[20]	data[21]	data[22]	data[23]	data[24]	data[25]	data[26]	data[27]	data[28]	data[29]	data[30]	data[31]	data[32]	data[33]
		seed	1.000000	0.000000	0.964820	0.554469	0.987795	0.624920	0.854662	0.720490	0.759340	0.638719	0.627734	0.750976	0.682720	0.413310	1.033677	0.591959	0.968755	0.698324	0.530169	0.663301	0.624564	0.688780	0.764441	0.354184	0.719223	0.567262	0.598973	0.303262	0.929153	0.367733	0.625202	0.419762	0.903197	0.364605
0	146	clst	1.000000	0.000000	0.916859	0.490304	0.919568	0.535230	0.915116	0.512647	0.909766	0.515522	0.902760	0.509683	0.897173	0.506370	0.899958	0.516105	0.886841	0.488199	0.868371	0.490903	0.872524	0.514564	0.859227	0.492762	0.852032	0.491168	0.847226	0.499064	0.825763	0.495427	0.823266	0.499581	0.804466	0.498151
		seed	1.000000	0.000000	0.986314	0.468794	0.936549	0.618505	0.961747	0.512829	0.655238	0.543173	0.601108	0.670096	0.778601	0.601782	0.726544	0.715183	0.621040	0.641933	0.776030	0.540313	0.704606	0.466456	0.541692	0.424716	0.795178	0.455415	0.549019	0.586837	0.752747	0.301937	0.671875	0.529336	0.871315	0.587402
1	57	clst	1.000000	0.000000	0.917972	0.678126	0.858746	0.752295	0.751304	0.850216	0.606640	0.875088	0.491102	0.859733	0.368553	0.817830	0.297714	0.731611	0.308547	0.610105	0.289184	0.538161	0.317286	0.457654	0.376007	0.449644	0.458558	0.426788	0.501281	0.434556	0.510965	0.462242	0.524495	0.489656	0.517414	0.538077
[class #1] <for of setCPON>
[class #1] <getLBGClusterSize>
centroid size : 3
ctrd no.	datasize	worktype	data[0]	data[1]	data[2]	data[3]	data[4]	data[5]	data[6]	data[7]	data[8]	data[9]	data[10]	data[11]	data[12]	data[13]	data[14]	data[15]	data[16]	data[17]	data[18]	data[19]	data[20]	data[21]	data[22]	data[23]	data[24]	data[25]	data[26]	data[27]	data[28]	data[29]	data[30]	data[31]	data[32]	data[33]
		seed	1.000000	0.000000	0.873943	0.484005	0.841591	0.659471	0.879748	0.687543	0.949256	0.567980	0.625554	0.751509	0.494656	0.602617	0.830605	0.428178	0.860521	0.517919	0.563224	0.546360	0.821181	0.448813	0.477865	0.450446	0.938255	0.277549	0.907962	0.512971	0.601423	0.639739	0.668379	0.678685	0.628969	0.677606
0	37	clst	1.000000	0.000000	0.953635	0.577392	0.959549	0.632030	0.929257	0.677043	0.878246	0.731373	0.855962	0.785386	0.784557	0.820465	0.752211	0.829192	0.653322	0.855978	0.634435	0.815422	0.594127	0.845541	0.554770	0.833443	0.513716	0.805003	0.478249	0.781722	0.445265	0.738465	0.426343	0.718197	0.412370	0.689859
		seed	1.000000	0.000000	0.998851	0.579549	0.966366	0.697929	0.955064	0.703353	0.690894	0.686389	0.878630	0.477253	0.830425	0.708963	0.494303	0.606936	0.946981	0.619807	0.552446	0.369311	0.629662	0.483252	0.483499	0.459928	0.681635	0.646013	0.882078	0.445520	0.684568	0.311811	0.835952	0.393780	0.648622	0.357218
1	37	clst	1.000000	0.000000	0.912105	0.712192	0.813662	0.797359	0.679368	0.917376	0.489346	0.924827	0.340395	0.864211	0.195573	0.780651	0.126000	0.647273	0.189270	0.455811	0.199543	0.353970	0.273592	0.245073	0.396281	0.253141	0.553122	0.246938	0.631914	0.287841	0.658268	0.363108	0.685851	0.436076	0.668741	0.545259
		seed	1.000000	0.000000	0.947613	0.509336	0.831856	0.624031	0.816242	0.582481	0.713931	0.494525	0.773247	0.499202	0.910771	0.767531	0.720553	0.539142	0.845186	0.657845	0.577702	0.673815	0.485718	0.624939	0.616690	0.554474	0.631869	0.398845	0.950158	0.322356	0.707951	0.599548	0.700018	0.589641	0.946841	0.350585
2	129	clst	1.000000	0.000000	0.908166	0.484674	0.911602	0.528194	0.906296	0.498568	0.905453	0.495091	0.895585	0.483592	0.897132	0.475233	0.898216	0.483906	0.898373	0.445867	0.871383	0.457981	0.878823	0.471782	0.865819	0.444724	0.860942	0.442757	0.861953	0.450072	0.843843	0.449008	0.844511	0.450706	0.829019	0.447295
[class #1] <for of setCPON>
[class #1] <getLBGClusterSize>
centroid size : 4
ctrd no.	datasize	worktype	data[0]	data[1]	data[2]	data[3]	data[4]	data[5]	data[6]	data[7]	data[8]	data[9]	data[10]	data[11]	data[12]	data[13]	data[14]	data[15]	data[16]	data[17]	data[18]	data[19]	data[20]	data[21]	data[22]	data[23]	data[24]	data[25]	data[26]	data[27]	data[28]	data[29]	data[30]	data[31]	data[32]	data[33]
		seed	1.000000	0.000000	0.982875	0.413533	0.908751	0.694023	0.904843	0.654608	0.762273	0.497241	0.623375	0.752042	0.886371	0.417017	0.627514	0.612212	0.752286	0.337502	0.596261	0.429407	0.453405	0.663710	0.720243	0.546707	0.665796	0.425135	0.741787	0.305592	0.745221	0.474507	0.711556	0.536208	0.831776	0.591820
0	34	clst	1.000000	0.000000	0.910818	0.716565	0.805118	0.806962	0.666235	0.926588	0.472794	0.936112	0.318665	0.861418	0.170494	0.773565	0.099053	0.628891	0.176926	0.425838	0.195994	0.321612	0.280621	0.208559	0.418391	0.227650	0.585309	0.228759	0.668521	0.278056	0.692500	0.366471	0.718162	0.448982	0.693815	0.569909
		seed	1.000000	0.000000	1.011381	0.425029	0.996182	0.489044	0.948373	0.525173	0.726549	0.452574	0.673578	0.681337	0.882267	0.441238	0.891325	0.498690	0.676849	0.597669	0.920435	0.612871	0.554719	0.500049	0.954243	0.495125	0.568093	0.399312	0.739989	0.304217	0.616388	0.321685	0.528575	0.659624	0.902964	0.525822
1	85	clst	1.000000	0.000000	0.964938	0.497232	0.957998	0.538833	0.957894	0.515500	0.957173	0.497147	0.957262	0.510711	0.956561	0.498642	0.955178	0.509885	0.934200	0.488755	0.936413	0.490249	0.947298	0.506016	0.944673	0.492620	0.934435	0.491891	0.935108	0.499048	0.926518	0.484716	0.917385	0.509025	0.907141	0.498755
		seed	1.000000	0.000000	0.829206	0.595085	0.904831	0.536266	0.889688	0.575819	0.854930	0.537397	0.707301	0.721020	0.963073	0.500984	0.956078	0.501460	0.585950	0.341942	0.616751	0.401029	0.673602	0.391788	0.558755	0.256385	0.760966	0.395495	0.653683	0.418802	0.930909	0.533058	0.633259	0.635100	0.665379	0.580343
2	51	clst	1.000000	0.000000	0.823555	0.465649	0.844465	0.515388	0.831084	0.480478	0.827698	0.505047	0.806994	0.465024	0.808739	0.469047	0.812257	0.476851	0.816812	0.425631	0.770335	0.435151	0.771339	0.467884	0.741112	0.424300	0.746412	0.422171	0.739939	0.429029	0.702027	0.441227	0.718788	0.414855	0.691918	0.423955
		seed	1.000000	0.000000	0.885504	0.637692	0.911766	0.467796	0.869172	0.661865	1.009087	0.580499	1.009269	0.418152	0.896297	0.779475	0.972304	0.439164	0.502018	0.509743	0.601406	0.419083	0.852495	0.697553	0.673414	0.410226	0.721293	0.673918	0.754461	0.452318	0.629166	0.473306	0.792688	0.604819	0.778974	0.485770
3	33	clst	1.000000	0.000000	0.945364	0.601867	0.949515	0.651579	0.908273	0.711603	0.841124	0.766773	0.801124	0.818294	0.716503	0.846639	0.678200	0.848824	0.605639	0.858276	0.536958	0.834800	0.487094	0.825700	0.441221	0.797603	0.398182	0.755100	0.373248	0.723624	0.351030	0.682324	0.334536	0.641185	0.332124	0.606291
[class #1] <for of setCPON>
[class #1] <getLBGClusterSize>
centroid size : 5
ctrd no.	datasize	worktype	data[0]	data[1]	data[2]	data[3]	data[4]	data[5]	data[6]	data[7]	data[8]	data[9]	data[10]	data[11]	data[12]	data[13]	data[14]	data[15]	data[16]	data[17]	data[18]	data[19]	data[20]	data[21]	data[22]	data[23]	data[24]	data[25]	data[26]	data[27]	data[28]	data[29]	data[30]	data[31]	data[32]	data[33]
		seed	1.000000	0.000000	0.891998	0.608337	0.975918	0.728566	0.929929	0.621672	0.952188	0.803532	0.621210	0.752575	0.698308	0.606324	0.424423	0.448431	0.644051	0.569266	0.629315	0.312466	0.650021	0.423743	0.962605	0.642955	0.884828	0.572721	0.575627	0.515313	0.889020	0.309276	0.754734	0.393719	0.557548	0.506033
0	34	clst	1.000000	0.000000	0.910818	0.716565	0.805118	0.806962	0.666235	0.926588	0.472794	0.936112	0.318665	0.861418	0.170494	0.773565	0.099053	0.628891	0.176926	0.425838	0.195994	0.321612	0.280621	0.208559	0.418391	0.227650	0.585309	0.228759	0.668521	0.278056	0.692500	0.366471	0.718162	0.448982	0.693815	0.569909
		seed	1.000000	0.000000	0.824114	0.535785	0.812627	0.568468	0.941691	0.715708	0.762204	0.595790	0.951100	0.488482	0.934108	0.548420	0.659084	0.738259	1.002790	0.575530	0.696851	0.441869	0.479775	0.516845	0.896050	0.530337	0.946039	0.589896	0.597900	0.580014	0.548209	0.331559	0.692651	0.524068	0.680271	0.694425
1	51	clst	1.000000	0.000000	0.823555	0.465649	0.844465	0.515388	0.831084	0.480478	0.827698	0.505047	0.806994	0.465024	0.808739	0.469047	0.812257	0.476851	0.816812	0.425631	0.770335	0.435151	0.771339	0.467884	0.741112	0.424300	0.746412	0.422171	0.739939	0.429029	0.702027	0.441227	0.718788	0.414855	0.691918	0.423955
		seed	1.000000	0.000000	0.910601	0.415549	0.977806	0.736819	0.963133	0.569158	0.995929	0.580257	0.641356	0.545911	1.015374	0.609344	0.562358	0.463779	0.922769	0.438233	0.655781	0.542831	0.861468	0.613515	0.500804	0.407961	0.890048	0.392132	0.832371	0.515249	0.682352	0.466568	0.566486	0.680559	0.860950	0.411301
2	85	clst	1.000000	0.000000	0.964938	0.497232	0.957998	0.538833	0.957894	0.515500	0.957173	0.497147	0.957262	0.510711	0.956561	0.498642	0.955178	0.509885	0.934200	0.488755	0.936413	0.490249	0.947298	0.506016	0.944673	0.492620	0.934435	0.491891	0.935108	0.499048	0.926518	0.484716	0.917385	0.509025	0.907141	0.498755
		seed	1.000000	0.000000	0.928699	0.509806	0.920081	0.562389	0.740056	0.657500	0.988499	0.772454	0.870707	0.740946	1.005148	0.631677	0.986246	0.744022	0.893682	0.642374	0.718063	0.541958	0.751112	0.601827	0.800891	0.348407	0.678171	0.452920	0.815609	0.600189	0.854844	0.536794	0.650639	0.351432	0.491048	0.530446
3	33	clst	1.000000	0.000000	0.945364	0.601867	0.949515	0.651579	0.908273	0.711603	0.841124	0.766773	0.801124	0.818294	0.716503	0.846639	0.678200	0.848824	0.605639	0.858276	0.536958	0.834800	0.487094	0.825700	0.441221	0.797603	0.398182	0.755100	0.373248	0.723624	0.351030	0.682324	0.334536	0.641185	0.332124	0.606291
		seed	1.000000	0.000000	0.923522	0.569964	0.938971	0.499110	0.862264	0.426085	0.642989	0.661098	0.559830	0.552125	0.801797	0.779635	0.836616	0.728037	1.000225	0.664198	0.681253	0.667995	0.477002	0.530407	0.969110	0.568924	0.795748	0.461261	0.876554	0.547008	0.935139	0.294958	0.566760	0.326137	0.636292	0.436627
4	0	clst	0.000000	0.000000	0.000000	0.000000	0.000000	0.000000	0.000000	0.000000	0.000000	0.000000	0.000000	0.000000	0.000000	0.000000	0.000000	0.000000	0.000000	0.000000	0.000000	0.000000	0.000000	0.000000	0.000000	0.000000	0.000000	0.000000	0.000000	0.000000	0.000000	0.000000	0.000000	0.000000	0.000000	0.000000
[class #1] <for of setCPON>
