[class #0] <getLBGClusterSize>
centroid size : 1
ctrd no.	datasize	worktype	data[0]	data[1]	data[2]	data[3]	data[4]	data[5]	data[6]	data[7]	data[8]	data[9]	data[10]	data[11]	data[12]	data[13]	data[14]	data[15]	data[16]	data[17]	data[18]	data[19]	data[20]	data[21]	data[22]	data[23]	data[24]	data[25]	data[26]	data[27]	data[28]	data[29]	data[30]	data[31]	data[32]	data[33]
		seed	0.295657	0.000000	0.445733	0.699778	0.679909	0.496260	0.583684	0.750780	0.827905	0.703127	0.435723	0.785687	0.770812	0.489340	0.474301	0.196483	0.359035	0.346808	0.373746	0.289038	0.888969	0.541777	0.309556	0.171570	0.250868	0.376394	0.795404	0.467916	0.611924	0.581751	0.364133	0.578173	0.566335	0.454231
0	114	clst	0.736842	0.000000	0.645290	0.496002	0.619359	0.509605	0.672319	0.478129	0.625362	0.541724	0.641471	0.564134	0.638632	0.481161	0.601820	0.489577	0.617247	0.430843	0.611839	0.516911	0.575106	0.576083	0.568578	0.514175	0.577616	0.455189	0.776424	0.414532	0.541422	0.517582	0.584946	0.471751	0.592175	0.537609
[class #0] <for of setCPON>
[class #0] <getLBGClusterSize>
centroid size : 2
ctrd no.	datasize	worktype	data[0]	data[1]	data[2]	data[3]	data[4]	data[5]	data[6]	data[7]	data[8]	data[9]	data[10]	data[11]	data[12]	data[13]	data[14]	data[15]	data[16]	data[17]	data[18]	data[19]	data[20]	data[21]	data[22]	data[23]	data[24]	data[25]	data[26]	data[27]	data[28]	data[29]	data[30]	data[31]	data[32]	data[33]
		seed	0.295765	0.000000	0.800467	0.524433	0.904134	0.575704	0.639913	0.689271	0.516638	0.580324	0.432871	0.786516	0.567124	0.190220	0.914925	0.516236	0.876250	0.695415	0.411470	0.778712	0.470315	0.840229	0.621154	0.319627	0.547391	0.594139	0.585772	0.095036	0.823208	0.355466	0.424724	0.346485	0.789581	0.332937
0	27	clst	0.222222	0.000000	0.734948	0.740741	0.776293	0.189615	0.737367	0.463767	0.680756	0.742722	0.756811	0.754396	0.790752	0.513730	0.847393	0.525370	0.695552	0.328689	0.513100	0.688652	0.549052	0.726774	0.640778	0.744789	0.703704	0.267807	0.960974	0.411522	0.550200	0.836937	0.537037	0.313607	0.584541	0.467393
		seed	0.823648	0.000000	0.870464	0.311261	0.733058	0.560952	0.879936	0.301451	0.343341	0.414456	0.398036	0.660741	0.670971	0.493987	0.597363	0.730332	0.507596	0.610595	0.692055	0.576369	0.561430	0.531463	0.334791	0.428126	0.650219	0.429108	0.522749	0.604920	0.564013	0.265357	0.490222	0.524668	0.754486	0.647950
1	87	clst	0.896552	0.000000	0.617466	0.420048	0.570655	0.608913	0.652132	0.482586	0.608171	0.479345	0.605676	0.505087	0.591423	0.471054	0.525608	0.478469	0.592946	0.462546	0.642483	0.463611	0.583192	0.529317	0.546171	0.442606	0.538485	0.513341	0.719149	0.415466	0.538698	0.418472	0.599814	0.520830	0.594545	0.559400
[class #0] <for of setCPON>
[class #0] <getLBGClusterSize>
centroid size : 3
ctrd no.	datasize	worktype	data[0]	data[1]	data[2]	data[3]	data[4]	data[5]	data[6]	data[7]	data[8]	data[9]	data[10]	data[11]	data[12]	data[13]	data[14]	data[15]	data[16]	data[17]	data[18]	data[19]	data[20]	data[21]	data[22]	data[23]	data[24]	data[25]	data[26]	data[27]	data[28]	data[29]	data[30]	data[31]	data[32]	data[33]
		seed	0.295846	0.000000	0.504511	0.349109	0.416056	0.655167	0.696143	0.627741	0.832788	0.457521	0.430020	0.787345	0.363437	0.495333	0.704957	0.231671	0.761498	0.424060	0.449193	0.586318	0.694132	0.506960	0.252736	0.467705	0.843914	0.166664	0.975600	0.472105	0.341671	0.727979	0.485316	0.767531	0.487716	0.775490
0	24	clst	0.000000	0.000000	0.562500	0.687500	0.562500	0.354167	0.687500	0.645833	0.479167	0.645833	0.562500	0.645833	0.479167	0.329429	0.604167	0.563808	0.450521	0.302083	0.416667	0.541667	0.458333	0.583333	0.458333	0.833333	0.625000	0.250000	0.833333	0.437500	0.354167	0.687500	0.437500	0.416667	0.437500	0.479167
		seed	0.417680	0.000000	0.911291	0.586836	0.832595	0.743615	0.864957	0.657266	0.402696	0.663079	0.761132	0.360853	0.727100	0.666735	0.357235	0.542258	0.853165	0.577315	0.436893	0.295033	0.476119	0.554790	0.259978	0.482291	0.496505	0.710337	0.942945	0.350825	0.463837	0.278880	0.720474	0.304235	0.509349	0.322492
1	27	clst	0.814815	0.000000	0.834070	0.479574	0.962370	0.484070	0.900759	0.376467	0.844563	0.451904	0.958263	0.596296	0.966152	0.540763	0.957978	0.481204	0.914326	0.498711	0.867344	0.589033	0.896085	0.652763	0.846422	0.414922	0.800863	0.500289	0.935189	0.466574	0.828767	0.563356	0.887670	0.421941	0.892089	0.571441
		seed	0.667880	0.000000	0.744429	0.412137	0.383559	0.573660	0.553799	0.431530	0.441047	0.330004	0.623254	0.394986	0.814121	0.761131	0.591168	0.424467	0.745240	0.634530	0.465716	0.796009	0.312261	0.751567	0.431207	0.627730	0.429131	0.345637	1.028836	0.129367	0.498195	0.672938	0.529715	0.622733	0.837625	0.313114
2	63	clst	0.984127	0.000000	0.595924	0.430090	0.494014	0.579763	0.568633	0.457811	0.587113	0.540557	0.535787	0.519227	0.559016	0.513421	0.448287	0.464887	0.553443	0.450808	0.576689	0.476570	0.482029	0.540459	0.491500	0.435129	0.463887	0.514027	0.686702	0.383478	0.489610	0.433235	0.511376	0.514083	0.522565	0.545373
[class #0] <for of setCPON>
[class #0] <getLBGClusterSize>
centroid size : 4
ctrd no.	datasize	worktype	data[0]	data[1]	data[2]	data[3]	data[4]	data[5]	data[6]	data[7]	data[8]	data[9]	data[10]	data[11]	data[12]	data[13]	data[14]	data[15]	data[16]	data[17]	data[18]	data[19]	data[20]	data[21]	data[22]	data[23]	data[24]	data[25]	data[26]	data[27]	data[28]	data[29]	data[30]	data[31]	data[32]	data[33]
		seed	0.295927	0.000000	0.859264	0.173765	0.640260	0.734631	0.752390	0.566232	0.521520	0.334718	0.427168	0.788174	0.787695	0.196195	0.494970	0.551423	0.646745	0.152686	0.486896	0.393904	0.275478	0.805412	0.564334	0.615782	0.475062	0.384428	0.765950	0.099224	0.552956	0.501693	0.545907	0.535843	0.710962	0.654197
0	25	clst	0.000000	0.000000	0.580000	0.660000	0.580000	0.380000	0.660000	0.620000	0.500000	0.620000	0.560000	0.640000	0.480000	0.336252	0.580000	0.581256	0.472500	0.290000	0.440000	0.520000	0.445000	0.600000	0.480000	0.800000	0.640000	0.240000	0.840000	0.420000	0.340000	0.660000	0.440000	0.420000	0.460000	0.460000
		seed	0.896322	0.000000	0.952098	0.202368	0.932132	0.263211	0.849960	0.324504	0.462051	0.257177	0.492851	0.678221	0.783249	0.235233	0.767739	0.354183	0.566766	0.544015	0.856855	0.695743	0.390808	0.578117	0.865162	0.536435	0.342791	0.346326	0.763682	0.096753	0.363660	0.292402	0.289125	0.736535	0.789325	0.560882
1	26	clst	0.807692	0.000000	0.852412	0.498019	0.903231	0.490050	0.896942	0.467869	0.723200	0.362900	0.918196	0.543785	0.964850	0.494854	0.898669	0.557404	0.872569	0.435646	0.785319	0.650150	0.872858	0.659946	0.911392	0.277035	0.734065	0.409638	0.932696	0.388365	0.783719	0.623485	0.806427	0.515092	0.868708	0.689573
		seed	1.036810	0.000000	0.358817	0.625491	0.627173	0.371814	0.718421	0.419089	0.675766	0.404429	0.536974	0.739932	0.870768	0.331528	0.834691	0.358996	0.470393	0.159365	0.510279	0.347216	0.526137	0.427763	0.356726	0.169185	0.603901	0.340694	0.654796	0.302784	0.825788	0.581879	0.436031	0.696656	0.527794	0.637970
2	49	clst	1.000000	0.000000	0.533298	0.444076	0.439663	0.573055	0.541463	0.533159	0.582088	0.602906	0.490702	0.530849	0.549378	0.519229	0.498663	0.471851	0.509135	0.473051	0.578992	0.496822	0.490971	0.470824	0.453773	0.444080	0.401073	0.481959	0.641145	0.338920	0.450569	0.424686	0.503563	0.502429	0.506522	0.538404
		seed	0.918513	0.000000	0.542161	0.731503	0.650324	0.214343	0.672437	0.579786	0.932389	0.479254	0.932054	0.268947	0.798445	0.780382	0.851468	0.250759	0.381407	0.411762	0.492767	0.376919	0.729778	0.852413	0.504131	0.405835	0.550193	0.751511	0.781939	0.363047	0.382435	0.500049	0.659761	0.647414	0.652839	0.504253
3	14	clst	1.000000	0.000000	0.769200	0.381143	0.791386	0.555286	0.735157	0.051236	0.818986	0.519907	0.800729	0.582950	0.628464	0.581264	0.450543	0.261943	0.779950	0.525700	0.711486	0.334257	0.548943	0.746036	0.491914	0.689514	0.793564	0.830350	0.846150	0.718000	0.769107	0.391729	0.717293	0.376300	0.614429	0.391193
[class #0] <for of setCPON>
[class #0] <getLBGClusterSize>
centroid size : 5
ctrd no.	datasize	worktype	data[0]	data[1]	data[2]	data[3]	data[4]	data[5]	data[6]	data[7]	data[8]	data[9]	data[10]	data[11]	data[12]	data[13]	data[14]	data[15]	data[16]	data[17]	data[18]	data[19]	data[20]	data[21]	data[22]	data[23]	data[24]	data[25]	data[26]	data[27]	data[28]	data[29]	data[30]	data[31]	data[32]	data[33]
		seed	0.296008	0.000000	0.563309	0.658465	0.864485	0.814074	0.808619	0.504723	0.837670	0.866439	0.424336	0.789003	0.584007	0.501307	0.284983	0.266859	0.531993	0.501293	0.524619	0.201511	0.499295	0.472143	0.875912	0.763839	0.771585	0.602193	0.556319	0.476316	0.764240	0.275408	0.606499	0.304135	0.409096	0.532903
0	8	clst	0.000000	0.000000	0.312500	0.437500	0.437500	0.687500	0.687500	0.812500	0.375000	0.375000	0.625000	0.625000	0.187500	0.238287	0.500000	0.378925	0.164063	0.125000	0.562500	0.062500	0.625000	0.250000	0.750000	0.750000	0.812500	0.062500	0.500000	0.250000	0.500000	0.625000	0.687500	0.375000	0.437500	0.437500
		seed	0.490354	0.000000	0.342236	0.477944	0.319367	0.445874	0.834981	0.680340	0.521405	0.505800	0.855947	0.378315	0.839398	0.407981	0.527612	0.770426	0.912334	0.510715	0.601693	0.414407	0.305497	0.601444	0.790349	0.590600	0.854453	0.627536	0.584418	0.592652	0.263484	0.305925	0.519377	0.516102	0.544188	0.799271
1	55	clst	0.854545	0.000000	0.539520	0.520436	0.389247	0.503498	0.528689	0.595538	0.495593	0.596829	0.528202	0.570147	0.523896	0.505840	0.498144	0.492673	0.556753	0.489125	0.502513	0.573062	0.506555	0.513753	0.449893	0.476158	0.436751	0.503556	0.722836	0.340591	0.451505	0.499655	0.439176	0.513644	0.534975	0.500516
		seed	0.521129	0.000000	0.623894	0.178781	0.870788	0.833055	0.883044	0.406649	0.910485	0.478834	0.450694	0.467622	0.927415	0.506176	0.427602	0.293526	0.827495	0.304200	0.554822	0.580511	0.739993	0.735701	0.282225	0.402352	0.778652	0.335732	0.880233	0.476201	0.460581	0.490820	0.342327	0.770578	0.743076	0.398961
2	20	clst	0.950000	0.000000	0.644420	0.123585	0.860715	0.808065	0.787300	0.070715	0.826975	0.429555	0.635175	0.415740	0.720185	0.387225	0.517210	0.421245	0.621065	0.404860	0.734660	0.267900	0.650365	0.655555	0.518880	0.461220	0.562060	0.644945	0.775310	0.492040	0.698620	0.227725	0.803100	0.539470	0.649900	0.583875
		seed	1.084755	0.000000	0.682831	0.413305	0.678083	0.431892	0.383033	0.571632	0.898116	0.812488	0.750766	0.770919	0.916339	0.542171	0.865883	0.780440	0.796656	0.611258	0.625901	0.579075	0.614370	0.719468	0.668014	0.310740	0.491814	0.425425	0.859085	0.628929	0.714025	0.586996	0.460421	0.235372	0.335893	0.567420
3	23	clst	0.782609	0.000000	0.891352	0.606457	0.934087	0.380057	0.883500	0.427730	0.782357	0.471296	0.951004	0.658191	0.960265	0.581757	0.928930	0.511239	0.935261	0.418130	0.844274	0.654409	0.856274	0.622000	0.899835	0.400126	0.764596	0.404217	0.923917	0.421013	0.757257	0.672561	0.824657	0.423470	0.851583	0.590500
		seed	0.542051	0.000000	0.665972	0.562987	0.741145	0.286360	0.656952	0.139451	0.322950	0.619175	0.344029	0.477286	0.696094	0.780640	0.711172	0.752666	0.909615	0.644084	0.583892	0.786434	0.302340	0.620280	0.884275	0.649957	0.650990	0.437732	0.935975	0.533305	0.832004	0.255800	0.342711	0.194238	0.495776	0.434770
4	8	clst	0.000000	0.000000	1.000000	1.000000	0.875000	0.000000	0.750000	0.500000	0.812500	0.812500	0.562500	0.562500	0.750000	0.500000	0.687500	0.687500	0.562500	0.437500	0.437500	0.812500	0.000000	1.000000	0.375000	1.000000	0.812500	0.187500	1.000000	0.875000	0.187500	0.812500	0.250000	0.250000	0.250000	0.625000
[class #0] <for of setCPON>
