[class #0] <getLBGClusterSize>
centroid size : 1
ctrd no.	datasize	worktype	data[0]	data[1]	data[2]	data[3]	data[4]	data[5]	data[6]	data[7]	data[8]	data[9]	data[10]	data[11]	data[12]	data[13]	data[14]	data[15]	data[16]	data[17]	data[18]	data[19]	data[20]	data[21]	data[22]	data[23]	data[24]	data[25]	data[26]	data[27]	data[28]	data[29]	data[30]	data[31]	data[32]	data[33]
		seed	0.282270	0.000000	0.443658	0.718964	0.670222	0.491535	0.578722	0.718987	0.818359	0.715547	0.435293	0.760523	0.756000	0.485651	0.438146	0.214740	0.375914	0.353039	0.346113	0.301973	0.875808	0.555231	0.313553	0.159371	0.232867	0.359685	0.779736	0.493499	0.593062	0.567466	0.364421	0.599871	0.559139	0.456530
0	114	clst	0.728070	0.000000	0.647166	0.508885	0.610537	0.504570	0.663969	0.452970	0.613412	0.556038	0.641230	0.535608	0.625334	0.477441	0.565973	0.496049	0.627291	0.437439	0.585800	0.527424	0.567043	0.589280	0.566935	0.490906	0.566761	0.438949	0.760213	0.439449	0.520625	0.500175	0.584557	0.492338	0.583268	0.533700
[class #0] <for of setCPON>
[class #0] <getLBGClusterSize>
centroid size : 2
ctrd no.	datasize	worktype	data[0]	data[1]	data[2]	data[3]	data[4]	data[5]	data[6]	data[7]	data[8]	data[9]	data[10]	data[11]	data[12]	data[13]	data[14]	data[15]	data[16]	data[17]	data[18]	data[19]	data[20]	data[21]	data[22]	data[23]	data[24]	data[25]	data[26]	data[27]	data[28]	data[29]	data[30]	data[31]	data[32]	data[33]
		seed	0.282379	0.000000	0.805414	0.538196	0.891244	0.569133	0.632802	0.658975	0.503398	0.594185	0.432439	0.761364	0.554645	0.185368	0.879834	0.521636	0.879438	0.703160	0.384089	0.786442	0.463954	0.851447	0.618367	0.302644	0.535875	0.578728	0.564106	0.115970	0.810147	0.330172	0.424827	0.365763	0.767599	0.344266
0	24	clst	0.208333	0.000000	0.826817	0.791667	0.789996	0.171650	0.787871	0.438404	0.703350	0.773062	0.768079	0.765363	0.847929	0.561017	0.786650	0.507708	0.740829	0.328108	0.514737	0.795567	0.576017	0.775954	0.595875	0.697842	0.687500	0.280450	0.956096	0.462963	0.493975	0.816554	0.520833	0.311142	0.615942	0.484150
		seed	0.815784	0.000000	0.876797	0.318430	0.722612	0.554724	0.863649	0.280591	0.328045	0.430264	0.397572	0.633680	0.657302	0.490316	0.561505	0.727124	0.520543	0.617971	0.666553	0.586250	0.553589	0.544994	0.338238	0.407637	0.640951	0.412713	0.499279	0.632211	0.543836	0.235680	0.490124	0.545808	0.734828	0.635827
1	90	clst	0.866667	0.000000	0.599259	0.433477	0.562681	0.593349	0.630929	0.456854	0.589429	0.498164	0.607403	0.474340	0.565976	0.455154	0.507126	0.492940	0.597014	0.466593	0.604750	0.455919	0.564650	0.539500	0.559218	0.435723	0.534563	0.481216	0.707978	0.433179	0.527731	0.415808	0.601550	0.540657	0.574556	0.546913
[class #0] <for of setCPON>
[class #0] <getLBGClusterSize>
centroid size : 3
ctrd no.	datasize	worktype	data[0]	data[1]	data[2]	data[3]	data[4]	data[5]	data[6]	data[7]	data[8]	data[9]	data[10]	data[11]	data[12]	data[13]	data[14]	data[15]	data[16]	data[17]	data[18]	data[19]	data[20]	data[21]	data[22]	data[23]	data[24]	data[25]	data[26]	data[27]	data[28]	data[29]	data[30]	data[31]	data[32]	data[33]
		seed	0.282461	0.000000	0.503599	0.357450	0.410139	0.646751	0.686882	0.598942	0.823299	0.472824	0.429585	0.762206	0.353289	0.491668	0.669359	0.248513	0.767723	0.430626	0.422064	0.596094	0.684135	0.520674	0.257970	0.445937	0.838882	0.148704	0.965090	0.497740	0.315390	0.720807	0.485233	0.791208	0.485728	0.753871
0	25	clst	0.000000	0.000000	0.560000	0.720000	0.540000	0.300000	0.660000	0.620000	0.480000	0.692500	0.600000	0.600000	0.500000	0.340000	0.520000	0.587504	0.532500	0.310000	0.320000	0.560000	0.440000	0.640000	0.440000	0.760000	0.640000	0.240000	0.840000	0.540000	0.340000	0.580000	0.460000	0.480000	0.440000	0.520000
		seed	0.405569	0.000000	0.918432	0.602529	0.820727	0.733145	0.849243	0.627749	0.388104	0.675968	0.761000	0.329242	0.712789	0.663737	0.320797	0.546611	0.856964	0.584546	0.409682	0.307904	0.469664	0.568146	0.265055	0.460052	0.483876	0.695619	0.931500	0.374948	0.440909	0.249860	0.719670	0.323072	0.505929	0.334599
1	24	clst	0.791667	0.000000	0.853238	0.474475	0.959975	0.484942	0.900821	0.364879	0.853775	0.473171	0.962633	0.567967	0.962313	0.561375	0.958967	0.451658	0.902012	0.505717	0.871333	0.606792	0.904217	0.676087	0.874204	0.400487	0.810483	0.465062	0.936783	0.451767	0.817158	0.565671	0.882083	0.438521	0.888846	0.558171
		seed	0.658387	0.000000	0.748267	0.422426	0.378105	0.567137	0.549979	0.407505	0.426910	0.346804	0.622996	0.363893	0.798814	0.758500	0.555295	0.433557	0.751896	0.642010	0.438698	0.803555	0.308467	0.763449	0.432555	0.600792	0.415028	0.328744	1.019849	0.150729	0.476210	0.663089	0.529495	0.644898	0.812460	0.325919
2	65	clst	0.984615	0.000000	0.604603	0.440392	0.508643	0.590498	0.578043	0.421254	0.575975	0.534149	0.538415	0.498894	0.549117	0.499312	0.438549	0.477265	0.562314	0.461243	0.582603	0.485589	0.491411	0.537720	0.502303	0.420794	0.448602	0.505826	0.664331	0.396228	0.480606	0.445291	0.522608	0.516954	0.525543	0.529934
[class #0] <for of setCPON>
[class #0] <getLBGClusterSize>
centroid size : 4
ctrd no.	datasize	worktype	data[0]	data[1]	data[2]	data[3]	data[4]	data[5]	data[6]	data[7]	data[8]	data[9]	data[10]	data[11]	data[12]	data[13]	data[14]	data[15]	data[16]	data[17]	data[18]	data[19]	data[20]	data[21]	data[22]	data[23]	data[24]	data[25]	data[26]	data[27]	data[28]	data[29]	data[30]	data[31]	data[32]	data[33]
		seed	0.282543	0.000000	0.865376	0.176682	0.631139	0.724369	0.740979	0.538929	0.508338	0.351462	0.426731	0.763047	0.772690	0.191366	0.458865	0.555409	0.656009	0.158074	0.460019	0.405725	0.272282	0.816891	0.562784	0.589230	0.461964	0.367767	0.749440	0.120211	0.532475	0.483513	0.545638	0.557099	0.694187	0.641608
0	23	clst	0.000000	0.000000	0.565217	0.739130	0.586957	0.239130	0.630435	0.586957	0.521739	0.752717	0.608696	0.608696	0.543478	0.369565	0.565217	0.608696	0.578804	0.336957	0.260870	0.608696	0.391304	0.695652	0.434783	0.782609	0.608696	0.260870	0.913043	0.586957	0.326087	0.586957	0.413043	0.521739	0.434783	0.521739
		seed	0.889218	0.000000	0.960047	0.206170	0.918843	0.263899	0.834819	0.303083	0.448163	0.274832	0.492474	0.651426	0.768295	0.230556	0.732293	0.366099	0.578146	0.551102	0.832456	0.704355	0.385738	0.591298	0.857061	0.512446	0.326801	0.329437	0.747107	0.117708	0.337983	0.264041	0.289643	0.759889	0.767359	0.555240
1	26	clst	0.807692	0.000000	0.864527	0.514900	0.924592	0.486100	0.908450	0.336812	0.788100	0.436773	0.965508	0.601200	0.965212	0.518192	0.923662	0.455377	0.909550	0.466815	0.881231	0.637038	0.873123	0.662542	0.883881	0.369681	0.748138	0.429288	0.941646	0.493938	0.754300	0.599081	0.814231	0.481712	0.858935	0.553696
		seed	1.031176	0.000000	0.355021	0.642379	0.618240	0.369979	0.708309	0.395367	0.664414	0.420355	0.536637	0.714073	0.854812	0.327225	0.799406	0.370719	0.484324	0.164782	0.483560	0.359533	0.518869	0.442071	0.359696	0.157063	0.593621	0.323772	0.635104	0.326309	0.812797	0.567600	0.436099	0.719592	0.523152	0.626589
2	47	clst	0.957447	0.000000	0.485119	0.421911	0.406434	0.616351	0.578470	0.555013	0.517202	0.548798	0.451470	0.510455	0.526974	0.482870	0.481928	0.488770	0.484779	0.444319	0.591394	0.498481	0.550334	0.471411	0.468291	0.403945	0.466747	0.462106	0.606585	0.288045	0.457311	0.400819	0.574164	0.472219	0.533121	0.549113
		seed	0.911641	0.000000	0.541994	0.751670	0.641060	0.216166	0.664082	0.552154	0.924082	0.494301	0.932079	0.235941	0.783317	0.777827	0.816224	0.266833	0.397694	0.418275	0.465930	0.388920	0.719202	0.863540	0.503892	0.386066	0.538738	0.737039	0.765887	0.387322	0.357273	0.481789	0.659143	0.669836	0.639914	0.502827
3	18	clst	0.944444	0.000000	0.861033	0.433094	0.719967	0.578550	0.576928	0.183106	0.729439	0.495900	0.709883	0.413150	0.495822	0.542244	0.269728	0.429867	0.653656	0.505433	0.559650	0.340817	0.393111	0.655306	0.535556	0.520344	0.512333	0.619983	0.704000	0.567594	0.596989	0.505856	0.499100	0.522650	0.505756	0.479856
[class #0] <for of setCPON>
[class #0] <getLBGClusterSize>
centroid size : 5
ctrd no.	datasize	worktype	data[0]	data[1]	data[2]	data[3]	data[4]	data[5]	data[6]	data[7]	data[8]	data[9]	data[10]	data[11]	data[12]	data[13]	data[14]	data[15]	data[16]	data[17]	data[18]	data[19]	data[20]	data[21]	data[22]	data[23]	data[24]	data[25]	data[26]	data[27]	data[28]	data[29]	data[30]	data[31]	data[32]	data[33]
		seed	0.282625	0.000000	0.563561	0.676373	0.852161	0.801968	0.795059	0.478917	0.828239	0.876941	0.423896	0.763889	0.571334	0.497666	0.248370	0.282286	0.544294	0.508194	0.497995	0.215377	0.492463	0.486118	0.867577	0.732503	0.764972	0.586830	0.533809	0.502004	0.749560	0.246219	0.606044	0.322971	0.412316	0.529344
0	6	clst	0.000000	0.000000	0.333333	0.333333	0.416667	0.750000	0.666667	0.833333	0.500000	0.385417	0.583333	0.583333	0.250000	0.250000	0.416667	0.364600	0.302083	0.083333	0.416667	0.083333	0.750000	0.250000	0.666667	0.666667	0.750000	0.083333	0.333333	0.333333	0.333333	0.500000	0.666667	0.416667	0.416667	0.583333
		seed	0.479003	0.000000	0.338112	0.490268	0.314830	0.442320	0.820413	0.650261	0.508222	0.520535	0.855903	0.346969	0.823801	0.403976	0.491585	0.765605	0.914567	0.517657	0.575585	0.426010	0.301813	0.614451	0.783878	0.564861	0.849651	0.612324	0.562713	0.619790	0.235056	0.278221	0.519189	0.537153	0.538460	0.775881
1	51	clst	0.784314	0.000000	0.550022	0.572890	0.360655	0.455910	0.499643	0.553065	0.459139	0.683214	0.542690	0.529318	0.458898	0.469280	0.477229	0.531549	0.555304	0.515557	0.463200	0.533661	0.458539	0.547329	0.456200	0.513506	0.446847	0.469776	0.685682	0.409084	0.501061	0.487110	0.466657	0.510357	0.510133	0.462608
		seed	0.510101	0.000000	0.625346	0.181853	0.858375	0.820508	0.866638	0.383229	0.901918	0.493886	0.450278	0.437631	0.910810	0.502553	0.391334	0.307881	0.831973	0.310246	0.528401	0.590348	0.729252	0.747701	0.286817	0.382696	0.772193	0.318780	0.866994	0.501888	0.437564	0.472111	0.342682	0.794287	0.724174	0.405375
2	23	clst	0.956522	0.000000	0.562030	0.213396	0.746452	0.762839	0.699609	0.181530	0.761839	0.380817	0.535643	0.452770	0.621252	0.451704	0.398565	0.431009	0.575213	0.348113	0.684609	0.341157	0.589400	0.544391	0.454874	0.441861	0.484291	0.602117	0.748335	0.321370	0.508057	0.308752	0.681304	0.524948	0.571457	0.558813
		seed	1.079623	0.000000	0.685450	0.423631	0.668423	0.428662	0.385742	0.544199	0.889402	0.823623	0.750625	0.745531	0.899861	0.538688	0.830673	0.775217	0.801951	0.618637	0.599955	0.588927	0.605669	0.731590	0.664206	0.294044	0.479083	0.409008	0.845240	0.656519	0.697966	0.572966	0.460414	0.253489	0.343961	0.561292
3	26	clst	0.807692	0.000000	0.876888	0.534131	0.905362	0.470165	0.908450	0.375273	0.749638	0.422042	0.946277	0.582708	0.965212	0.523300	0.904431	0.474608	0.890319	0.464154	0.842769	0.675500	0.873123	0.682427	0.919319	0.331219	0.737800	0.412804	0.941646	0.455477	0.735069	0.618312	0.795000	0.500942	0.858935	0.592158
		seed	0.531242	0.000000	0.668257	0.577942	0.730583	0.286510	0.649189	0.122533	0.307412	0.632579	0.343515	0.447441	0.682138	0.778086	0.675589	0.748560	0.911920	0.651606	0.557666	0.794082	0.298707	0.633145	0.875758	0.622301	0.641739	0.421389	0.924331	0.559704	0.819184	0.225657	0.343064	0.211925	0.493254	0.438517
4	8	clst	0.000000	0.000000	1.000000	1.000000	1.000000	0.000000	0.812500	0.562500	0.812500	0.812500	0.625000	0.625000	0.875000	0.625000	0.625000	0.625000	0.625000	0.375000	0.375000	0.875000	0.062500	0.937500	0.375000	0.875000	0.875000	0.125000	1.000000	1.000000	0.125000	0.750000	0.312500	0.312500	0.312500	0.687500
[class #0] <for of setCPON>
