[class #1] <getLBGClusterSize>
centroid size : 1
ctrd no.	datasize	worktype	data[0]	data[1]	data[2]	data[3]	data[4]	data[5]	data[6]	data[7]	data[8]	data[9]	data[10]	data[11]	data[12]	data[13]	data[14]	data[15]	data[16]	data[17]	data[18]	data[19]	data[20]	data[21]	data[22]	data[23]	data[24]	data[25]	data[26]	data[27]	data[28]	data[29]	data[30]	data[31]	data[32]	data[33]
		seed	1.000000	0.000000	0.852065	0.619039	0.917368	0.592637	0.819031	0.751576	0.941229	0.710226	0.616602	0.747084	0.864259	0.596942	0.596371	0.408682	0.466139	0.463691	0.494246	0.361157	0.989795	0.468694	0.523678	0.258312	0.502157	0.419188	0.770731	0.506387	0.794844	0.521770	0.595626	0.562824	0.709358	0.449974
0	203	clst	1.000000	0.000000	0.914825	0.540014	0.899137	0.598589	0.860167	0.607473	0.818177	0.616269	0.779958	0.607040	0.739859	0.592014	0.722028	0.572609	0.715864	0.518699	0.704464	0.495472	0.711056	0.492803	0.724675	0.476790	0.743317	0.471726	0.755803	0.477245	0.747314	0.476548	0.748857	0.497797	0.732185	0.508231
[class #1] <for of setCPON>
[class #1] <getLBGClusterSize>
centroid size : 2
ctrd no.	datasize	worktype	data[0]	data[1]	data[2]	data[3]	data[4]	data[5]	data[6]	data[7]	data[8]	data[9]	data[10]	data[11]	data[12]	data[13]	data[14]	data[15]	data[16]	data[17]	data[18]	data[19]	data[20]	data[21]	data[22]	data[23]	data[24]	data[25]	data[26]	data[27]	data[28]	data[29]	data[30]	data[31]	data[32]	data[33]
		seed	1.000000	0.000000	0.963627	0.551040	0.984878	0.628066	0.845127	0.719067	0.752123	0.638739	0.614338	0.747608	0.672560	0.416694	1.030560	0.587519	0.966352	0.691884	0.527552	0.649786	0.617992	0.678441	0.765474	0.352727	0.721009	0.564375	0.605857	0.302838	0.937287	0.362298	0.637673	0.421255	0.906569	0.365224
0	144	clst	1.000000	0.000000	0.916413	0.488459	0.917727	0.532058	0.908469	0.509676	0.906733	0.508691	0.903520	0.504601	0.895424	0.503810	0.898869	0.511492	0.885428	0.487706	0.870794	0.485112	0.872742	0.511331	0.862494	0.493226	0.858033	0.492627	0.854877	0.495469	0.840096	0.483056	0.835135	0.495872	0.817214	0.493037
		seed	1.000000	0.000000	0.985641	0.468370	0.933370	0.621488	0.956525	0.514095	0.646840	0.542184	0.586680	0.668105	0.770294	0.599742	0.717635	0.707263	0.609817	0.636362	0.775289	0.530519	0.698910	0.461445	0.543260	0.421917	0.796903	0.454336	0.556289	0.581175	0.762544	0.298795	0.683125	0.530131	0.875567	0.585328
1	59	clst	1.000000	0.000000	0.910951	0.665842	0.853764	0.760968	0.742278	0.846164	0.602041	0.878832	0.478383	0.857059	0.360175	0.807292	0.290415	0.721776	0.302012	0.594341	0.298505	0.520759	0.316432	0.447583	0.388303	0.436675	0.463334	0.420714	0.513995	0.432766	0.520863	0.460663	0.538280	0.502493	0.524658	0.545315
[class #1] <for of setCPON>
[class #1] <getLBGClusterSize>
centroid size : 3
ctrd no.	datasize	worktype	data[0]	data[1]	data[2]	data[3]	data[4]	data[5]	data[6]	data[7]	data[8]	data[9]	data[10]	data[11]	data[12]	data[13]	data[14]	data[15]	data[16]	data[17]	data[18]	data[19]	data[20]	data[21]	data[22]	data[23]	data[24]	data[25]	data[26]	data[27]	data[28]	data[29]	data[30]	data[31]	data[32]	data[33]
		seed	1.000000	0.000000	0.870551	0.483048	0.837926	0.663505	0.871224	0.686547	0.944196	0.567253	0.612074	0.748132	0.480861	0.600553	0.823659	0.428363	0.855372	0.514259	0.560859	0.536384	0.816762	0.444225	0.479587	0.447156	0.939862	0.279344	0.912454	0.508674	0.612647	0.624822	0.679720	0.678529	0.639908	0.674443
0	30	clst	1.000000	0.000000	0.938867	0.587297	0.937093	0.644040	0.898330	0.694873	0.835683	0.758170	0.796510	0.805317	0.707773	0.834470	0.672427	0.840243	0.599287	0.848767	0.529547	0.825663	0.481697	0.819573	0.437967	0.795213	0.390340	0.751890	0.369800	0.722170	0.347107	0.685063	0.337223	0.642017	0.343407	0.604630
		seed	1.000000	0.000000	0.998481	0.575240	0.963339	0.702950	0.949573	0.702151	0.682900	0.686912	0.874964	0.478546	0.823120	0.703839	0.481015	0.602073	0.944026	0.614577	0.549999	0.364690	0.623146	0.477839	0.485207	0.456457	0.683453	0.641853	0.886771	0.442469	0.695008	0.308325	0.842906	0.395438	0.659019	0.357926
1	37	clst	1.000000	0.000000	0.903257	0.704970	0.811319	0.818573	0.666086	0.921778	0.479411	0.937735	0.315522	0.864835	0.177665	0.769451	0.103854	0.633027	0.173641	0.427700	0.211816	0.322916	0.273978	0.222630	0.418192	0.229581	0.568492	0.237141	0.658803	0.285676	0.680300	0.362235	0.708992	0.460468	0.677884	0.564638
		seed	1.000000	0.000000	0.946004	0.507490	0.828141	0.627155	0.805161	0.582845	0.706199	0.493022	0.765494	0.500121	0.905019	0.760722	0.711531	0.536193	0.839648	0.652029	0.575448	0.659982	0.477625	0.616130	0.618078	0.549203	0.633726	0.398679	0.954324	0.321579	0.718171	0.586033	0.710530	0.590052	0.949010	0.351373
2	136	clst	1.000000	0.000000	0.912669	0.484706	0.914656	0.528714	0.904551	0.502685	0.906480	0.497510	0.902661	0.493167	0.899887	0.490257	0.901149	0.497135	0.889096	0.470646	0.877078	0.469582	0.880560	0.494225	0.871301	0.473805	0.868743	0.473746	0.867340	0.475336	0.853826	0.461651	0.850504	0.476139	0.832718	0.471621
[class #1] <for of setCPON>
[class #1] <getLBGClusterSize>
centroid size : 4
ctrd no.	datasize	worktype	data[0]	data[1]	data[2]	data[3]	data[4]	data[5]	data[6]	data[7]	data[8]	data[9]	data[10]	data[11]	data[12]	data[13]	data[14]	data[15]	data[16]	data[17]	data[18]	data[19]	data[20]	data[21]	data[22]	data[23]	data[24]	data[25]	data[26]	data[27]	data[28]	data[29]	data[30]	data[31]	data[32]	data[33]
		seed	1.000000	0.000000	0.982119	0.415049	0.905430	0.698943	0.897329	0.654038	0.755090	0.495766	0.609810	0.748655	0.880148	0.420294	0.616738	0.607200	0.744392	0.336621	0.594148	0.422968	0.444958	0.653972	0.721382	0.541584	0.667626	0.424545	0.747566	0.305124	0.755089	0.465350	0.721767	0.536959	0.837119	0.589693
0	37	clst	1.000000	0.000000	0.903257	0.704970	0.811319	0.818573	0.666086	0.921778	0.479411	0.937735	0.315522	0.864835	0.177665	0.769451	0.103854	0.633027	0.173641	0.427700	0.211816	0.322916	0.273978	0.222630	0.418192	0.229581	0.568492	0.237141	0.658803	0.285676	0.680300	0.362235	0.708992	0.460468	0.677884	0.564638
		seed	1.000000	0.000000	1.011315	0.426141	0.993308	0.488705	0.942613	0.526279	0.718960	0.450628	0.661959	0.679154	0.875964	0.443819	0.885523	0.496884	0.667042	0.592779	0.920795	0.600882	0.547382	0.494233	0.954820	0.490985	0.570003	0.399139	0.745782	0.303775	0.627472	0.317855	0.543575	0.659589	0.906343	0.524492
1	87	clst	1.000000	0.000000	0.968772	0.489872	0.960621	0.536892	0.953934	0.511405	0.957037	0.494018	0.962402	0.507233	0.954918	0.499245	0.954430	0.507184	0.931971	0.492434	0.938344	0.485398	0.944700	0.507640	0.945547	0.492923	0.941123	0.500317	0.937640	0.497890	0.933066	0.472686	0.919769	0.506452	0.908583	0.495861
		seed	1.000000	0.000000	0.824730	0.590230	0.901490	0.537138	0.881564	0.576269	0.848799	0.536347	0.696991	0.718162	0.958332	0.501845	0.951497	0.499576	0.573837	0.340993	0.614794	0.395449	0.667567	0.388567	0.560282	0.256791	0.762718	0.395384	0.660143	0.416244	0.939026	0.521860	0.645519	0.635222	0.675312	0.578355
2	49	clst	1.000000	0.000000	0.813057	0.475533	0.833045	0.514194	0.816869	0.487202	0.816716	0.503708	0.796590	0.468192	0.802178	0.474300	0.806547	0.479294	0.812969	0.431961	0.768300	0.441500	0.766680	0.470406	0.739478	0.439861	0.740231	0.426569	0.742522	0.435292	0.713137	0.442059	0.727524	0.422318	0.698020	0.428582
		seed	1.000000	0.000000	0.882391	0.631342	0.908460	0.466911	0.860222	0.661201	1.004707	0.579904	1.010670	0.420452	0.890266	0.772323	0.968030	0.439038	0.487776	0.506208	0.599332	0.412957	0.848419	0.687004	0.674666	0.407702	0.723078	0.669307	0.760141	0.449140	0.640129	0.464191	0.800775	0.605133	0.785774	0.484924
3	30	clst	1.000000	0.000000	0.938867	0.587297	0.937093	0.644040	0.898330	0.694873	0.835683	0.758170	0.796510	0.805317	0.707773	0.834470	0.672427	0.840243	0.599287	0.848767	0.529547	0.825663	0.481697	0.819573	0.437967	0.795213	0.390340	0.751890	0.369800	0.722170	0.347107	0.685063	0.337223	0.642017	0.343407	0.604630
[class #1] <for of setCPON>
[class #1] <getLBGClusterSize>
centroid size : 5
ctrd no.	datasize	worktype	data[0]	data[1]	data[2]	data[3]	data[4]	data[5]	data[6]	data[7]	data[8]	data[9]	data[10]	data[11]	data[12]	data[13]	data[14]	data[15]	data[16]	data[17]	data[18]	data[19]	data[20]	data[21]	data[22]	data[23]	data[24]	data[25]	data[26]	data[27]	data[28]	data[29]	data[30]	data[31]	data[32]	data[33]
		seed	1.000000	0.000000	0.889042	0.603018	0.972940	0.734372	0.923426	0.621529	0.947162	0.805293	0.607561	0.749179	0.688449	0.604154	0.409817	0.448043	0.633412	0.564814	0.627455	0.309566	0.643728	0.419756	0.963162	0.635999	0.886479	0.569745	0.582692	0.510972	0.897532	0.305878	0.763814	0.395377	0.570457	0.504943
0	37	clst	1.000000	0.000000	0.903257	0.704970	0.811319	0.818573	0.666086	0.921778	0.479411	0.937735	0.315522	0.864835	0.177665	0.769451	0.103854	0.633027	0.173641	0.427700	0.211816	0.322916	0.273978	0.222630	0.418192	0.229581	0.568492	0.237141	0.658803	0.285676	0.680300	0.362235	0.708992	0.460468	0.677884	0.564638
		seed	1.000000	0.000000	0.819516	0.533011	0.808814	0.570167	0.935661	0.714346	0.755020	0.595357	0.950244	0.489584	0.928808	0.547916	0.648903	0.729688	1.001251	0.570982	0.695505	0.435053	0.471618	0.510627	0.896766	0.525526	0.947640	0.586643	0.604792	0.574478	0.559935	0.327385	0.703356	0.524897	0.689794	0.691058
1	28	clst	1.000000	0.000000	0.934500	0.587532	0.932829	0.648493	0.892989	0.696886	0.826889	0.768539	0.785046	0.813875	0.692529	0.841611	0.655807	0.846968	0.578350	0.856421	0.508407	0.828575	0.460189	0.821657	0.413686	0.793186	0.365250	0.750154	0.345029	0.713354	0.323443	0.671089	0.313482	0.628289	0.324329	0.584004
		seed	1.000000	0.000000	0.908096	0.416994	0.974838	0.742837	0.957967	0.569694	0.991399	0.579660	0.628488	0.546035	1.011644	0.607087	0.550354	0.462958	0.919200	0.435800	0.654122	0.532961	0.857491	0.604980	0.502470	0.405481	0.891694	0.392075	0.837449	0.510910	0.692813	0.457687	0.580494	0.680391	0.865488	0.411356
2	63	clst	1.000000	0.000000	0.853070	0.486222	0.861503	0.504332	0.854476	0.482124	0.854967	0.498071	0.841090	0.446270	0.839033	0.451286	0.845286	0.460330	0.844919	0.420578	0.806224	0.415371	0.811130	0.436216	0.786170	0.401595	0.792283	0.395173	0.785448	0.398933	0.758881	0.400371	0.771546	0.386463	0.743594	0.391179
		seed	1.000000	0.000000	0.926631	0.507944	0.916818	0.563931	0.725906	0.656892	0.983885	0.773887	0.866734	0.737749	1.001220	0.628778	0.982234	0.735289	0.889375	0.636795	0.716879	0.532114	0.745925	0.593572	0.801836	0.347060	0.679991	0.451881	0.820816	0.594281	0.863678	0.525466	0.662444	0.353361	0.505791	0.529061
3	75	clst	1.000000	0.000000	0.965061	0.486080	0.961495	0.550608	0.948441	0.524329	0.951147	0.500117	0.955829	0.537689	0.951572	0.529507	0.948179	0.534691	0.926292	0.519929	0.935220	0.523527	0.936275	0.550851	0.940321	0.543789	0.929579	0.547813	0.932111	0.549388	0.928903	0.524301	0.912005	0.561015	0.901657	0.550439
		seed	1.000000	0.000000	0.921329	0.565991	0.935805	0.499029	0.853035	0.428474	0.634451	0.661355	0.543800	0.552143	0.793938	0.772478	0.829782	0.719755	0.998621	0.658283	0.679789	0.654338	0.468814	0.523864	0.969651	0.563378	0.797472	0.460087	0.881289	0.542082	0.943216	0.292059	0.580760	0.328226	0.647028	0.436376
4	0	clst	0.000000	0.000000	0.000000	0.000000	0.000000	0.000000	0.000000	0.000000	0.000000	0.000000	0.000000	0.000000	0.000000	0.000000	0.000000	0.000000	0.000000	0.000000	0.000000	0.000000	0.000000	0.000000	0.000000	0.000000	0.000000	0.000000	0.000000	0.000000	0.000000	0.000000	0.000000	0.000000	0.000000	0.000000
[class #1] <for of setCPON>
