[class #1] <getLBGClusterSize>
centroid size : 1
ctrd no.	datasize	worktype	data[0]	data[1]	data[2]	data[3]	data[4]	data[5]	data[6]	data[7]	data[8]	data[9]	data[10]	data[11]	data[12]	data[13]	data[14]	data[15]	data[16]	data[17]	data[18]	data[19]	data[20]	data[21]	data[22]	data[23]	data[24]	data[25]	data[26]	data[27]	data[28]	data[29]	data[30]	data[31]	data[32]	data[33]
		seed	1.000000	0.000000	0.856589	0.630001	0.920904	0.594806	0.821780	0.759680	0.945611	0.713342	0.617369	0.755367	0.866873	0.601344	0.598086	0.406934	0.467108	0.463286	0.493493	0.361983	0.991640	0.474883	0.515197	0.263562	0.490182	0.422925	0.765617	0.513419	0.787300	0.533692	0.578352	0.568353	0.696069	0.450118
0	203	clst	1.000000	0.000000	0.917673	0.546712	0.903512	0.600770	0.862966	0.612588	0.821513	0.619467	0.780847	0.612649	0.742203	0.596257	0.723219	0.577730	0.715842	0.520749	0.704775	0.502055	0.711168	0.499550	0.721415	0.484585	0.740510	0.476328	0.750052	0.483850	0.737780	0.486349	0.737809	0.501114	0.720088	0.510581
[class #1] <for of setCPON>
[class #1] <getLBGClusterSize>
centroid size : 2
ctrd no.	datasize	worktype	data[0]	data[1]	data[2]	data[3]	data[4]	data[5]	data[6]	data[7]	data[8]	data[9]	data[10]	data[11]	data[12]	data[13]	data[14]	data[15]	data[16]	data[17]	data[18]	data[19]	data[20]	data[21]	data[22]	data[23]	data[24]	data[25]	data[26]	data[27]	data[28]	data[29]	data[30]	data[31]	data[32]	data[33]
		seed	1.000000	0.000000	0.965172	0.558333	0.985308	0.630313	0.847908	0.726496	0.754898	0.641918	0.615104	0.755901	0.674758	0.415287	1.030466	0.593265	0.965338	0.701666	0.526968	0.662983	0.617526	0.689479	0.763273	0.359077	0.717354	0.570501	0.593705	0.306881	0.935706	0.366740	0.622107	0.421969	0.903572	0.362159
0	143	clst	1.000000	0.000000	0.919315	0.491015	0.922616	0.535045	0.912396	0.513641	0.912434	0.513097	0.905915	0.509392	0.899779	0.506606	0.901534	0.515038	0.887457	0.486042	0.874146	0.488694	0.875281	0.515165	0.862850	0.497268	0.860294	0.494779	0.854855	0.500083	0.835942	0.490826	0.831045	0.502243	0.811710	0.498738
		seed	1.000000	0.000000	0.986598	0.471203	0.936170	0.623719	0.959438	0.517273	0.648719	0.545447	0.587425	0.674880	0.772704	0.604235	0.718845	0.718026	0.610216	0.643665	0.775959	0.538604	0.698947	0.467467	0.535288	0.429072	0.796133	0.458651	0.542022	0.589306	0.753648	0.300258	0.669406	0.534548	0.870952	0.590597
1	60	clst	1.000000	0.000000	0.913760	0.679457	0.857980	0.757415	0.745158	0.848412	0.604820	0.872985	0.482767	0.858745	0.366648	0.809927	0.298237	0.727145	0.306828	0.603468	0.301108	0.533898	0.320033	0.462335	0.384328	0.454358	0.455027	0.432352	0.500270	0.445162	0.503827	0.475678	0.515597	0.498425	0.501722	0.538807
[class #1] <for of setCPON>
[class #1] <getLBGClusterSize>
centroid size : 3
ctrd no.	datasize	worktype	data[0]	data[1]	data[2]	data[3]	data[4]	data[5]	data[6]	data[7]	data[8]	data[9]	data[10]	data[11]	data[12]	data[13]	data[14]	data[15]	data[16]	data[17]	data[18]	data[19]	data[20]	data[21]	data[22]	data[23]	data[24]	data[25]	data[26]	data[27]	data[28]	data[29]	data[30]	data[31]	data[32]	data[33]
		seed	1.000000	0.000000	0.874581	0.486673	0.845117	0.665828	0.874036	0.693302	0.948603	0.570494	0.612838	0.756435	0.482643	0.605072	0.824427	0.427439	0.854798	0.516111	0.560443	0.544720	0.817531	0.449849	0.469960	0.454606	0.944527	0.280781	0.913389	0.515739	0.597475	0.641578	0.665863	0.687993	0.622995	0.683085
0	34	clst	1.000000	0.000000	0.934224	0.607306	0.934409	0.664809	0.887541	0.724712	0.813909	0.791062	0.761932	0.840797	0.667682	0.862459	0.621900	0.858503	0.543059	0.859426	0.472515	0.824512	0.424191	0.803979	0.380950	0.761050	0.340353	0.711662	0.326376	0.667006	0.313409	0.618418	0.312512	0.575303	0.322700	0.533424
		seed	1.000000	0.000000	0.999095	0.583839	0.964760	0.705359	0.952478	0.709230	0.685086	0.690049	0.875924	0.481701	0.825645	0.711687	0.483210	0.608429	0.943100	0.620908	0.549529	0.365668	0.622713	0.484240	0.475726	0.464016	0.678370	0.649253	0.886610	0.448563	0.683284	0.310235	0.835679	0.395275	0.643103	0.354585
1	33	clst	1.000000	0.000000	0.906518	0.725976	0.803158	0.822297	0.649809	0.933167	0.454767	0.934688	0.287803	0.852352	0.152355	0.747442	0.086921	0.601364	0.175230	0.384712	0.227442	0.284445	0.303715	0.188970	0.461467	0.220964	0.621664	0.232739	0.708364	0.303376	0.717679	0.408479	0.728697	0.494012	0.682397	0.613579
		seed	1.000000	0.000000	0.948019	0.512434	0.835782	0.629399	0.807894	0.587448	0.708583	0.496329	0.766372	0.503688	0.907721	0.770402	0.712766	0.539788	0.839137	0.660032	0.575106	0.673616	0.476288	0.625728	0.612048	0.557842	0.626753	0.402079	0.957046	0.325897	0.707417	0.600969	0.697925	0.596507	0.948227	0.347784
2	136	clst	1.000000	0.000000	0.916242	0.488065	0.920138	0.531008	0.908544	0.506770	0.912404	0.500082	0.905211	0.497449	0.903959	0.493022	0.902945	0.501802	0.890216	0.469089	0.878664	0.474243	0.881780	0.498804	0.869607	0.479436	0.869387	0.476600	0.866086	0.481852	0.848750	0.472226	0.846344	0.484290	0.828580	0.479878
[class #1] <for of setCPON>
[class #1] <getLBGClusterSize>
centroid size : 4
ctrd no.	datasize	worktype	data[0]	data[1]	data[2]	data[3]	data[4]	data[5]	data[6]	data[7]	data[8]	data[9]	data[10]	data[11]	data[12]	data[13]	data[14]	data[15]	data[16]	data[17]	data[18]	data[19]	data[20]	data[21]	data[22]	data[23]	data[24]	data[25]	data[26]	data[27]	data[28]	data[29]	data[30]	data[31]	data[32]	data[33]
		seed	1.000000	0.000000	0.983170	0.415004	0.909515	0.701344	0.900172	0.660118	0.757889	0.499071	0.610572	0.756969	0.882797	0.419003	0.618368	0.613770	0.744258	0.330543	0.593901	0.426444	0.443418	0.664444	0.718036	0.550134	0.661942	0.428370	0.741463	0.309201	0.745881	0.474626	0.709618	0.541609	0.830497	0.595127
0	47	clst	1.000000	0.000000	0.900168	0.712166	0.833964	0.788847	0.701349	0.892602	0.534332	0.901170	0.390160	0.871766	0.261685	0.795291	0.189564	0.690334	0.223174	0.524223	0.232619	0.438804	0.277606	0.347015	0.371926	0.341004	0.479045	0.324091	0.546204	0.350466	0.559574	0.402172	0.583898	0.442855	0.567711	0.508000
		seed	1.000000	0.000000	1.011586	0.426695	0.993350	0.490647	0.945509	0.529709	0.721452	0.453972	0.662761	0.686140	0.878603	0.443286	0.886034	0.498831	0.667214	0.598137	0.922201	0.611983	0.546478	0.501013	0.957537	0.498945	0.560607	0.402546	0.739603	0.307832	0.612920	0.320212	0.524187	0.668409	0.903334	0.527458
1	79	clst	1.000000	0.000000	0.964149	0.492554	0.953609	0.537353	0.949022	0.511429	0.954224	0.490344	0.956461	0.499576	0.952425	0.485484	0.952638	0.489987	0.951467	0.459252	0.939811	0.475819	0.945961	0.481820	0.945251	0.469213	0.940843	0.467590	0.943773	0.469661	0.939535	0.458190	0.929273	0.478995	0.918691	0.467273
		seed	1.000000	0.000000	0.829984	0.599638	0.905756	0.539186	0.884388	0.580737	0.852396	0.539615	0.697818	0.725893	0.961150	0.503183	0.951733	0.501636	0.574379	0.335110	0.614651	0.397745	0.667409	0.392904	0.552751	0.262023	0.760648	0.398729	0.650309	0.421953	0.937518	0.533787	0.630272	0.643213	0.660247	0.583360
2	47	clst	1.000000	0.000000	0.821957	0.478023	0.849066	0.510274	0.825747	0.481660	0.830857	0.500974	0.800957	0.459187	0.809068	0.459413	0.808555	0.470911	0.822943	0.409560	0.768060	0.428572	0.767066	0.454717	0.732138	0.414785	0.743664	0.406721	0.736911	0.416523	0.700470	0.424377	0.715138	0.405330	0.686951	0.412119
		seed	1.000000	0.000000	0.886105	0.642968	0.912406	0.468806	0.863021	0.667431	1.009628	0.583134	1.011730	0.422498	0.892936	0.782377	0.968196	0.438563	0.488659	0.507701	0.599111	0.416003	0.849385	0.698239	0.670106	0.414692	0.719501	0.677159	0.754575	0.455332	0.626108	0.473412	0.791836	0.612101	0.776473	0.486392
3	30	clst	1.000000	0.000000	0.972663	0.537727	0.965847	0.614893	0.947863	0.645407	0.907320	0.703797	0.898967	0.744880	0.836677	0.790530	0.821450	0.799723	0.699420	0.851447	0.726413	0.785360	0.684557	0.855450	0.662713	0.859363	0.617657	0.846890	0.579867	0.835660	0.544130	0.789467	0.510263	0.800697	0.487737	0.782923
[class #1] <for of setCPON>
[class #1] <getLBGClusterSize>
centroid size : 5
ctrd no.	datasize	worktype	data[0]	data[1]	data[2]	data[3]	data[4]	data[5]	data[6]	data[7]	data[8]	data[9]	data[10]	data[11]	data[12]	data[13]	data[14]	data[15]	data[16]	data[17]	data[18]	data[19]	data[20]	data[21]	data[22]	data[23]	data[24]	data[25]	data[26]	data[27]	data[28]	data[29]	data[30]	data[31]	data[32]	data[33]
		seed	1.000000	0.000000	0.892578	0.613115	0.973920	0.736850	0.926300	0.626935	0.951594	0.808325	0.608322	0.757502	0.690682	0.608788	0.412310	0.447945	0.633717	0.568923	0.627376	0.308180	0.643423	0.424814	0.966095	0.645650	0.889114	0.575959	0.569551	0.518072	0.894287	0.307674	0.753373	0.395212	0.549920	0.507168
0	32	clst	1.000000	0.000000	0.904669	0.728463	0.800144	0.823656	0.645122	0.935516	0.449259	0.933794	0.280447	0.848247	0.145122	0.740309	0.082750	0.591872	0.176537	0.371362	0.233144	0.272053	0.311997	0.178306	0.474891	0.215344	0.638466	0.231716	0.725056	0.308100	0.730922	0.419012	0.737969	0.508506	0.686534	0.631944
		seed	1.000000	0.000000	0.824908	0.539331	0.817345	0.572287	0.938549	0.721678	0.757819	0.598574	0.951259	0.492950	0.931562	0.550738	0.650399	0.741390	1.000098	0.575366	0.695771	0.439047	0.470243	0.517786	0.897976	0.533888	0.952601	0.593135	0.592595	0.582511	0.542556	0.330189	0.690460	0.529136	0.675485	0.700330
1	28	clst	1.000000	0.000000	0.924150	0.623450	0.924079	0.681711	0.859486	0.748864	0.782604	0.803489	0.713989	0.870743	0.619821	0.889489	0.544507	0.881743	0.455732	0.868732	0.378782	0.833150	0.329218	0.786939	0.280829	0.727518	0.245382	0.661650	0.243371	0.601804	0.244289	0.540439	0.261457	0.486904	0.290507	0.432364
		seed	1.000000	0.000000	0.911123	0.417054	0.975730	0.745334	0.960882	0.574025	0.996208	0.582890	0.629264	0.550478	1.014578	0.611816	0.552260	0.463485	0.918372	0.434150	0.654178	0.541150	0.858513	0.614320	0.493438	0.412445	0.894528	0.395366	0.835182	0.518009	0.680997	0.466604	0.562606	0.689918	0.860347	0.410038
2	126	clst	1.000000	0.000000	0.911110	0.487134	0.914613	0.527252	0.903038	0.500325	0.908206	0.494310	0.898456	0.484510	0.898951	0.475759	0.898893	0.482871	0.903525	0.440716	0.875745	0.458195	0.879230	0.471710	0.865756	0.448910	0.867292	0.444885	0.866610	0.449840	0.850360	0.445577	0.849398	0.451517	0.832248	0.446700
		seed	1.000000	0.000000	0.929164	0.512911	0.920379	0.566037	0.728545	0.663032	0.988630	0.776947	0.867687	0.745854	1.004131	0.634206	0.982341	0.747225	0.888666	0.644118	0.717253	0.540267	0.746255	0.602648	0.800579	0.353344	0.674776	0.456156	0.817840	0.602604	0.859016	0.537562	0.647885	0.351766	0.481879	0.532199
3	17	clst	1.000000	0.000000	0.980129	0.519776	0.981935	0.592806	0.981753	0.612341	0.943765	0.652341	0.961206	0.693806	0.905918	0.735235	0.921106	0.753453	0.768359	0.821988	0.862294	0.714747	0.846012	0.837241	0.841306	0.855682	0.808424	0.864582	0.767729	0.872471	0.729076	0.826200	0.695018	0.878212	0.659482	0.884429
		seed	1.000000	0.000000	0.924003	0.574091	0.938493	0.500993	0.855825	0.429876	0.636225	0.664514	0.544514	0.556703	0.796400	0.782538	0.830525	0.731041	0.997478	0.666565	0.679975	0.667730	0.467422	0.531329	0.972754	0.572182	0.796724	0.464497	0.880894	0.549638	0.941884	0.293207	0.562883	0.325777	0.630487	0.436005
4	0	clst	0.000000	0.000000	0.000000	0.000000	0.000000	0.000000	0.000000	0.000000	0.000000	0.000000	0.000000	0.000000	0.000000	0.000000	0.000000	0.000000	0.000000	0.000000	0.000000	0.000000	0.000000	0.000000	0.000000	0.000000	0.000000	0.000000	0.000000	0.000000	0.000000	0.000000	0.000000	0.000000	0.000000	0.000000
[class #1] <for of setCPON>
