[class #0] <getLBGClusterSize>
centroid size : 1
ctrd no.	datasize	worktype	data[0]	data[1]	data[2]	data[3]	data[4]	data[5]	data[6]	data[7]	data[8]	data[9]	data[10]	data[11]	data[12]	data[13]	data[14]	data[15]	data[16]	data[17]	data[18]	data[19]	data[20]	data[21]	data[22]	data[23]	data[24]	data[25]	data[26]	data[27]	data[28]	data[29]	data[30]	data[31]	data[32]	data[33]
		seed	0.309270	0.000000	0.417526	0.709370	0.682926	0.495506	0.567288	0.729010	0.823789	0.695073	0.467042	0.770577	0.760676	0.496561	0.443941	0.190190	0.390147	0.344547	0.363853	0.265808	0.886751	0.536585	0.340742	0.163037	0.269748	0.352602	0.774590	0.491760	0.618144	0.551945	0.381293	0.581577	0.559922	0.459678
0	114	clst	0.745614	0.000000	0.630382	0.499465	0.623568	0.508430	0.655996	0.459371	0.618390	0.536098	0.662944	0.552754	0.625417	0.488417	0.572589	0.476194	0.638357	0.425882	0.603589	0.493552	0.575075	0.570467	0.593447	0.494986	0.595272	0.430088	0.754780	0.438208	0.547187	0.486501	0.596619	0.476477	0.584682	0.540256
[class #0] <for of setCPON>
[class #0] <getLBGClusterSize>
centroid size : 2
ctrd no.	datasize	worktype	data[0]	data[1]	data[2]	data[3]	data[4]	data[5]	data[6]	data[7]	data[8]	data[9]	data[10]	data[11]	data[12]	data[13]	data[14]	data[15]	data[16]	data[17]	data[18]	data[19]	data[20]	data[21]	data[22]	data[23]	data[24]	data[25]	data[26]	data[27]	data[28]	data[29]	data[30]	data[31]	data[32]	data[33]
		seed	0.309377	0.000000	0.795898	0.528752	0.902735	0.572441	0.623563	0.668180	0.508133	0.574118	0.464327	0.771392	0.552242	0.198693	0.888467	0.502207	0.887327	0.681953	0.401836	0.755204	0.471014	0.831346	0.644742	0.306488	0.565160	0.566731	0.555788	0.117713	0.830790	0.321163	0.440379	0.352768	0.773839	0.342457
0	26	clst	0.307692	0.000000	0.724754	0.730769	0.844404	0.233481	0.709450	0.403258	0.706938	0.694365	0.861542	0.738192	0.801935	0.552635	0.822292	0.449746	0.799227	0.323462	0.532835	0.638215	0.589400	0.730673	0.780808	0.646458	0.730769	0.239646	0.959473	0.404742	0.609823	0.753742	0.615385	0.342177	0.591558	0.480515
		seed	0.831468	0.000000	0.870560	0.309167	0.735028	0.558156	0.863782	0.284644	0.332393	0.410746	0.431159	0.647734	0.658508	0.501188	0.568093	0.711125	0.532953	0.599859	0.684358	0.552976	0.561494	0.526398	0.365361	0.411613	0.667603	0.404440	0.490008	0.629192	0.569924	0.229264	0.504249	0.528737	0.740211	0.646892
1	88	clst	0.875000	0.000000	0.602499	0.431125	0.558322	0.589665	0.640202	0.475950	0.592228	0.489338	0.604267	0.497966	0.573264	0.469443	0.498814	0.484008	0.590827	0.456142	0.624493	0.450810	0.570842	0.523133	0.538091	0.450233	0.555239	0.486355	0.694302	0.448095	0.528681	0.407543	0.591075	0.516157	0.582651	0.557907
[class #0] <for of setCPON>
[class #0] <getLBGClusterSize>
centroid size : 3
ctrd no.	datasize	worktype	data[0]	data[1]	data[2]	data[3]	data[4]	data[5]	data[6]	data[7]	data[8]	data[9]	data[10]	data[11]	data[12]	data[13]	data[14]	data[15]	data[16]	data[17]	data[18]	data[19]	data[20]	data[21]	data[22]	data[23]	data[24]	data[25]	data[26]	data[27]	data[28]	data[29]	data[30]	data[31]	data[32]	data[33]
		seed	0.309457	0.000000	0.480221	0.348154	0.424270	0.649396	0.679838	0.607330	0.828740	0.453163	0.461612	0.772207	0.343809	0.502529	0.676640	0.224527	0.777020	0.419317	0.439820	0.562920	0.693271	0.502198	0.285307	0.449960	0.860572	0.146354	0.962670	0.495961	0.346148	0.701078	0.499465	0.768582	0.484588	0.770150
0	27	clst	0.222222	0.000000	0.351852	0.575693	0.522633	0.447230	0.523019	0.653574	0.406496	0.617359	0.574074	0.648148	0.410796	0.447267	0.491993	0.463641	0.474900	0.271667	0.380989	0.378844	0.462115	0.447593	0.480393	0.704793	0.659200	0.175441	0.810070	0.428226	0.388889	0.482448	0.577463	0.556041	0.381444	0.528104
		seed	0.429954	0.000000	0.914108	0.593032	0.832605	0.735052	0.848791	0.636529	0.392585	0.655627	0.776878	0.352896	0.715946	0.673214	0.325839	0.527600	0.865136	0.567647	0.427435	0.271800	0.476777	0.549437	0.292373	0.464093	0.514465	0.681000	0.928586	0.374302	0.469101	0.243056	0.728780	0.311043	0.505318	0.332363
1	29	clst	0.758621	0.000000	0.851348	0.530162	0.964966	0.434293	0.900255	0.361828	0.852641	0.496959	0.924114	0.606331	0.963683	0.518879	0.921024	0.467017	0.886114	0.484017	0.836072	0.566476	0.828634	0.662576	0.857014	0.467428	0.768241	0.479617	0.931448	0.501338	0.795197	0.564672	0.814014	0.373959	0.856286	0.559393
		seed	0.677409	0.000000	0.736126	0.413077	0.392413	0.570462	0.537378	0.413286	0.431476	0.327566	0.645598	0.386454	0.804994	0.767214	0.561843	0.412658	0.761391	0.623024	0.456457	0.772492	0.314061	0.743780	0.459426	0.605009	0.447343	0.322355	1.018234	0.152151	0.503681	0.644943	0.542761	0.625584	0.819875	0.323300
2	58	clst	0.982759	0.000000	0.649559	0.448631	0.499857	0.573988	0.595769	0.417738	0.599905	0.517840	0.573729	0.481559	0.556193	0.492341	0.435891	0.486626	0.590571	0.468603	0.590971	0.510488	0.500879	0.581612	0.514293	0.411097	0.479028	0.523866	0.640707	0.411290	0.496872	0.449302	0.496840	0.490698	0.543491	0.536345
[class #0] <for of setCPON>
[class #0] <getLBGClusterSize>
centroid size : 4
ctrd no.	datasize	worktype	data[0]	data[1]	data[2]	data[3]	data[4]	data[5]	data[6]	data[7]	data[8]	data[9]	data[10]	data[11]	data[12]	data[13]	data[14]	data[15]	data[16]	data[17]	data[18]	data[19]	data[20]	data[21]	data[22]	data[23]	data[24]	data[25]	data[26]	data[27]	data[28]	data[29]	data[30]	data[31]	data[32]	data[33]
		seed	0.309537	0.000000	0.858614	0.167536	0.644058	0.726351	0.736132	0.546501	0.513084	0.332209	0.458897	0.773022	0.777952	0.204643	0.464793	0.536544	0.666712	0.156661	0.477782	0.370615	0.277534	0.796960	0.589307	0.593433	0.493103	0.360502	0.743848	0.121915	0.558795	0.470296	0.558551	0.539773	0.698505	0.652929
0	27	clst	0.111111	0.000000	0.555556	0.623059	0.611111	0.462963	0.613641	0.518519	0.500000	0.585648	0.648148	0.574074	0.407407	0.348381	0.407407	0.546267	0.578667	0.283711	0.351852	0.377152	0.391678	0.666667	0.574074	0.685185	0.759259	0.235574	0.787937	0.537037	0.481481	0.488833	0.532785	0.555556	0.407937	0.555556
		seed	0.903344	0.000000	0.957634	0.196999	0.930182	0.269815	0.833781	0.307443	0.452776	0.255835	0.521436	0.664921	0.773403	0.243517	0.739978	0.344075	0.589831	0.535417	0.850295	0.672283	0.392060	0.572475	0.882799	0.516553	0.361327	0.323033	0.741481	0.119435	0.368279	0.256847	0.308149	0.737972	0.773593	0.562747
1	27	clst	0.814815	0.000000	0.864144	0.532396	0.888296	0.472811	0.892867	0.462704	0.693578	0.357252	0.918493	0.578593	0.960993	0.493078	0.878137	0.538648	0.877678	0.403633	0.786893	0.645474	0.852978	0.638841	0.914674	0.279830	0.694126	0.372285	0.926370	0.408844	0.742989	0.643537	0.763200	0.512770	0.845641	0.674904
		seed	1.042290	0.000000	0.324818	0.632849	0.631229	0.374989	0.702135	0.400983	0.669505	0.400870	0.563447	0.725592	0.862961	0.339409	0.807522	0.348772	0.497191	0.163126	0.501328	0.323953	0.526447	0.423981	0.386762	0.160726	0.621459	0.317494	0.627831	0.326111	0.833387	0.552075	0.451405	0.698588	0.522992	0.637247
2	48	clst	1.000000	0.000000	0.521763	0.433165	0.452760	0.572788	0.537354	0.520717	0.575654	0.612425	0.477513	0.515792	0.550140	0.534935	0.491169	0.474023	0.505075	0.480244	0.571258	0.502713	0.503215	0.449885	0.442935	0.450792	0.413460	0.484825	0.614194	0.352083	0.434967	0.419348	0.506302	0.476817	0.511958	0.531992
		seed	0.925291	0.000000	0.520379	0.742050	0.653924	0.222490	0.656113	0.559905	0.929745	0.474568	0.939620	0.262537	0.788953	0.786385	0.824448	0.243153	0.411652	0.407413	0.483695	0.353640	0.728669	0.843380	0.530572	0.390015	0.567952	0.721490	0.760537	0.386562	0.387175	0.468619	0.669576	0.649958	0.642811	0.508020
3	12	clst	1.000000	0.000000	0.707250	0.412483	0.739192	0.433442	0.692900	0.073408	0.886542	0.521708	0.862975	0.594500	0.662000	0.606933	0.582450	0.186692	0.767317	0.578375	0.886883	0.376983	0.649875	0.682500	0.516325	0.727917	0.731125	0.778850	0.856442	0.626408	0.703350	0.396533	0.726708	0.215533	0.686100	0.235933
[class #0] <for of setCPON>
[class #0] <getLBGClusterSize>
centroid size : 5
ctrd no.	datasize	worktype	data[0]	data[1]	data[2]	data[3]	data[4]	data[5]	data[6]	data[7]	data[8]	data[9]	data[10]	data[11]	data[12]	data[13]	data[14]	data[15]	data[16]	data[17]	data[18]	data[19]	data[20]	data[21]	data[22]	data[23]	data[24]	data[25]	data[26]	data[27]	data[28]	data[29]	data[30]	data[31]	data[32]	data[33]
		seed	0.309618	0.000000	0.542937	0.666814	0.863866	0.803286	0.792407	0.485671	0.833691	0.855926	0.456200	0.773837	0.569519	0.508478	0.252947	0.258863	0.556405	0.494068	0.515766	0.178331	0.499791	0.467811	0.893287	0.736884	0.788515	0.574651	0.525046	0.500185	0.771442	0.239514	0.617637	0.310944	0.409254	0.535708
0	9	clst	0.000000	0.000000	0.277778	0.388889	0.444444	0.666667	0.611111	0.833333	0.444444	0.368056	0.611111	0.611111	0.222222	0.267367	0.500000	0.392378	0.256944	0.111111	0.500000	0.055556	0.666667	0.222222	0.722222	0.722222	0.833333	0.055556	0.444444	0.333333	0.444444	0.555556	0.666667	0.388889	0.388889	0.500000
		seed	0.501830	0.000000	0.307132	0.480864	0.329485	0.446711	0.818790	0.659348	0.512968	0.500715	0.867156	0.370064	0.830860	0.415543	0.497724	0.750248	0.922014	0.503187	0.593372	0.391106	0.307343	0.595514	0.809811	0.569033	0.871072	0.599573	0.554375	0.616886	0.267456	0.270638	0.532680	0.520278	0.538700	0.793132
1	45	clst	0.888889	0.000000	0.553918	0.536804	0.368836	0.479762	0.468558	0.560002	0.520804	0.655891	0.565051	0.518029	0.451144	0.514824	0.457691	0.510080	0.577213	0.549791	0.507044	0.488678	0.410487	0.517344	0.438571	0.493560	0.515824	0.471133	0.662693	0.445009	0.491851	0.432984	0.495169	0.511524	0.492844	0.489202
		seed	0.532268	0.000000	0.607559	0.172702	0.870046	0.821667	0.866892	0.388680	0.907533	0.474155	0.481297	0.457867	0.920928	0.513326	0.396828	0.284886	0.840460	0.303307	0.546178	0.557116	0.738813	0.728110	0.314077	0.386641	0.795555	0.312615	0.863131	0.500071	0.465824	0.459207	0.360029	0.771592	0.729277	0.406264
2	22	clst	0.954545	0.000000	0.550241	0.177641	0.795691	0.754809	0.731409	0.144327	0.765168	0.415536	0.515864	0.458214	0.661327	0.467864	0.430427	0.375345	0.558559	0.336900	0.715727	0.311209	0.616191	0.545636	0.441868	0.507400	0.495795	0.626241	0.736895	0.381432	0.531150	0.277332	0.710255	0.475227	0.597432	0.538759
		seed	1.089709	0.000000	0.670424	0.414281	0.681136	0.433170	0.366473	0.551842	0.894990	0.802787	0.767008	0.756058	0.909593	0.549171	0.838990	0.760020	0.810817	0.600500	0.617747	0.555681	0.614065	0.712078	0.690458	0.297878	0.509792	0.400819	0.841058	0.653275	0.720903	0.557293	0.475189	0.243035	0.339110	0.569067
3	29	clst	0.827586	0.000000	0.873514	0.564645	0.896000	0.440203	0.900255	0.430793	0.714710	0.401579	0.924114	0.607655	0.963683	0.528038	0.886541	0.501500	0.886114	0.444762	0.801590	0.669924	0.863117	0.663748	0.920559	0.329497	0.715221	0.415576	0.931448	0.432372	0.726231	0.633638	0.779531	0.477407	0.856286	0.628359
		seed	0.552961	0.000000	0.652441	0.568465	0.742955	0.292233	0.640616	0.124434	0.311715	0.612384	0.379736	0.467368	0.684217	0.786642	0.682910	0.732918	0.919400	0.632272	0.575448	0.762922	0.304209	0.614116	0.901446	0.626545	0.668371	0.412921	0.921311	0.557353	0.839643	0.219517	0.360403	0.202412	0.492311	0.440870
4	9	clst	0.000000	0.000000	0.777778	1.000000	0.777778	0.111111	0.666667	0.444444	0.611111	0.833333	0.722222	0.722222	0.722222	0.500000	0.555556	0.555556	0.722222	0.277778	0.277778	0.833333	0.277778	0.944444	0.555556	0.777778	0.611111	0.166667	1.000000	0.666667	0.388889	0.722222	0.166667	0.388889	0.333333	0.555556
[class #0] <for of setCPON>
