[class #1] <getLBGClusterSize>
centroid size : 1
ctrd no.	datasize	worktype	data[0]	data[1]	data[2]	data[3]	data[4]	data[5]	data[6]	data[7]	data[8]	data[9]	data[10]	data[11]	data[12]	data[13]	data[14]	data[15]	data[16]	data[17]	data[18]	data[19]	data[20]	data[21]	data[22]	data[23]	data[24]	data[25]	data[26]	data[27]	data[28]	data[29]	data[30]	data[31]	data[32]	data[33]
		seed	1.000000	0.000000	0.855142	0.628349	0.916821	0.593165	0.817781	0.758295	0.942405	0.710422	0.611592	0.746036	0.862414	0.591423	0.590458	0.401732	0.469745	0.452532	0.490562	0.353887	0.989995	0.453797	0.528714	0.252783	0.511107	0.406191	0.775706	0.494986	0.796884	0.522122	0.601702	0.553903	0.710821	0.447350
0	203	clst	1.000000	0.000000	0.915694	0.543363	0.898625	0.599236	0.859289	0.609725	0.816850	0.615593	0.776957	0.603863	0.735299	0.586464	0.718285	0.563515	0.721564	0.505524	0.703411	0.487906	0.714494	0.477500	0.728263	0.463333	0.748578	0.457282	0.761132	0.466817	0.750434	0.475942	0.751661	0.490358	0.733427	0.504399
[class #1] <for of setCPON>
[class #1] <getLBGClusterSize>
centroid size : 2
ctrd no.	datasize	worktype	data[0]	data[1]	data[2]	data[3]	data[4]	data[5]	data[6]	data[7]	data[8]	data[9]	data[10]	data[11]	data[12]	data[13]	data[14]	data[15]	data[16]	data[17]	data[18]	data[19]	data[20]	data[21]	data[22]	data[23]	data[24]	data[25]	data[26]	data[27]	data[28]	data[29]	data[30]	data[31]	data[32]	data[33]
		seed	1.000000	0.000000	0.962778	0.555221	0.984203	0.629306	0.844113	0.724778	0.749453	0.638272	0.609301	0.746568	0.666530	0.410014	1.032146	0.578230	0.974153	0.672360	0.524286	0.641881	0.622511	0.660002	0.768768	0.343772	0.726612	0.547378	0.614741	0.298233	0.936086	0.359271	0.642851	0.415561	0.906118	0.364359
0	146	clst	1.000000	0.000000	0.919195	0.488417	0.919488	0.534622	0.910692	0.512314	0.909018	0.510899	0.902824	0.504655	0.894045	0.501394	0.897314	0.506774	0.894030	0.478762	0.869468	0.485385	0.870684	0.503976	0.860069	0.484340	0.855204	0.482448	0.850166	0.488780	0.831203	0.485195	0.827116	0.490974	0.807668	0.489811
		seed	1.000000	0.000000	0.984017	0.466316	0.932793	0.622595	0.956516	0.513452	0.642028	0.540820	0.581302	0.665856	0.766398	0.594242	0.713817	0.696408	0.614628	0.618874	0.775122	0.522876	0.702489	0.446671	0.548155	0.410451	0.801344	0.440371	0.566349	0.567277	0.765318	0.294422	0.687332	0.521955	0.875417	0.579896
1	57	clst	1.000000	0.000000	0.906726	0.684102	0.845186	0.764740	0.727626	0.859235	0.580772	0.883758	0.454561	0.857975	0.328684	0.804361	0.259719	0.708853	0.279807	0.574072	0.278072	0.494365	0.314428	0.409682	0.390654	0.409525	0.475467	0.392821	0.533079	0.410561	0.543551	0.452242	0.558388	0.488781	0.543265	0.541763
[class #1] <for of setCPON>
[class #1] <getLBGClusterSize>
centroid size : 3
ctrd no.	datasize	worktype	data[0]	data[1]	data[2]	data[3]	data[4]	data[5]	data[6]	data[7]	data[8]	data[9]	data[10]	data[11]	data[12]	data[13]	data[14]	data[15]	data[16]	data[17]	data[18]	data[19]	data[20]	data[21]	data[22]	data[23]	data[24]	data[25]	data[26]	data[27]	data[28]	data[29]	data[30]	data[31]	data[32]	data[33]
		seed	1.000000	0.000000	0.872977	0.482101	0.837531	0.665456	0.870446	0.691250	0.945432	0.566122	0.607009	0.747100	0.470646	0.595058	0.821672	0.421155	0.862242	0.501246	0.558009	0.528728	0.818971	0.429741	0.484940	0.434774	0.942117	0.270202	0.914069	0.497196	0.618830	0.627359	0.684000	0.666970	0.642044	0.667161
0	28	clst	1.000000	0.000000	0.929700	0.602286	0.938718	0.649982	0.901018	0.702732	0.836243	0.761679	0.799475	0.813254	0.713446	0.837086	0.679082	0.839629	0.608825	0.852639	0.541646	0.829029	0.496068	0.820054	0.452725	0.793039	0.401657	0.755114	0.381418	0.722789	0.356132	0.685750	0.342157	0.644679	0.340500	0.606329
		seed	1.000000	0.000000	0.996405	0.581246	0.962705	0.705693	0.949501	0.707338	0.678821	0.686893	0.873131	0.473416	0.820377	0.699010	0.473110	0.592594	0.951639	0.597887	0.547014	0.357412	0.627605	0.462788	0.490520	0.443738	0.689629	0.622721	0.888995	0.433202	0.699318	0.304154	0.843701	0.390334	0.660970	0.357212
1	38	clst	1.000000	0.000000	0.907689	0.713616	0.806689	0.812289	0.659837	0.925205	0.473263	0.939092	0.311753	0.861450	0.165032	0.771045	0.096403	0.627384	0.169050	0.424532	0.204168	0.315503	0.283674	0.206653	0.425429	0.230145	0.579376	0.232647	0.670082	0.286371	0.693061	0.376974	0.714187	0.460247	0.681021	0.571684
		seed	1.000000	0.000000	0.945775	0.508387	0.827765	0.628376	0.803786	0.584333	0.702594	0.491202	0.762315	0.495319	0.904064	0.756259	0.707607	0.527575	0.846386	0.633967	0.572781	0.652054	0.483775	0.598744	0.622433	0.533119	0.640664	0.386248	0.954946	0.316348	0.721954	0.587747	0.714152	0.580510	0.948147	0.350795
2	137	clst	1.000000	0.000000	0.915051	0.484097	0.915931	0.529770	0.906083	0.503211	0.908188	0.496007	0.901390	0.489620	0.897941	0.484044	0.898791	0.489368	0.897857	0.457045	0.874949	0.466008	0.878633	0.482614	0.868575	0.460628	0.866414	0.458718	0.863993	0.464553	0.846935	0.460512	0.845749	0.467170	0.828269	0.464903
[class #1] <for of setCPON>
[class #1] <getLBGClusterSize>
centroid size : 4
ctrd no.	datasize	worktype	data[0]	data[1]	data[2]	data[3]	data[4]	data[5]	data[6]	data[7]	data[8]	data[9]	data[10]	data[11]	data[12]	data[13]	data[14]	data[15]	data[16]	data[17]	data[18]	data[19]	data[20]	data[21]	data[22]	data[23]	data[24]	data[25]	data[26]	data[27]	data[28]	data[29]	data[30]	data[31]	data[32]	data[33]
		seed	1.000000	0.000000	0.980619	0.408973	0.904906	0.701606	0.896786	0.657733	0.752479	0.493971	0.604717	0.747631	0.878650	0.413638	0.611177	0.597653	0.750331	0.330120	0.591715	0.415562	0.451488	0.635947	0.724994	0.525776	0.674045	0.411401	0.753090	0.300443	0.758033	0.464507	0.725149	0.528628	0.837342	0.584170
0	38	clst	1.000000	0.000000	0.907689	0.713616	0.806689	0.812289	0.659837	0.925205	0.473263	0.939092	0.311753	0.861450	0.165032	0.771045	0.096403	0.627384	0.169050	0.424532	0.204168	0.315503	0.283674	0.206653	0.425429	0.230145	0.579376	0.232647	0.670082	0.286371	0.693061	0.376974	0.714187	0.460247	0.681021	0.571684
		seed	1.000000	0.000000	1.008787	0.420902	0.992617	0.487146	0.942478	0.526013	0.715615	0.448414	0.657508	0.677074	0.874374	0.437313	0.884605	0.488780	0.672332	0.576889	0.922449	0.593084	0.552721	0.478905	0.956750	0.477013	0.577914	0.386695	0.751348	0.299139	0.633317	0.313886	0.550763	0.648462	0.905894	0.520322
1	87	clst	1.000000	0.000000	0.963591	0.492279	0.956082	0.538390	0.950582	0.515482	0.952953	0.490906	0.955544	0.501999	0.951444	0.490723	0.950016	0.498024	0.941352	0.475925	0.933772	0.483587	0.941248	0.490400	0.942566	0.478730	0.933643	0.481426	0.935079	0.483499	0.928607	0.469908	0.918195	0.495859	0.906195	0.484623
		seed	1.000000	0.000000	0.828770	0.597367	0.900974	0.536552	0.880879	0.577554	0.848095	0.534929	0.692970	0.716674	0.958540	0.495714	0.951718	0.491437	0.578346	0.334332	0.612619	0.388103	0.671510	0.375023	0.565054	0.251317	0.767682	0.383043	0.667740	0.407853	0.937786	0.522214	0.650530	0.624650	0.677106	0.573068
2	50	clst	1.000000	0.000000	0.830592	0.469860	0.846070	0.514772	0.828656	0.481860	0.830298	0.504882	0.807162	0.468082	0.804846	0.472422	0.809658	0.474306	0.822176	0.424194	0.772596	0.435420	0.769682	0.469066	0.739832	0.429130	0.749436	0.419206	0.740302	0.431586	0.704826	0.444164	0.719692	0.417252	0.692676	0.430590
		seed	1.000000	0.000000	0.884401	0.641580	0.907931	0.464915	0.859344	0.665119	1.007174	0.578890	1.010506	0.414438	0.888989	0.767934	0.968536	0.431692	0.491563	0.493491	0.596964	0.405572	0.850261	0.668421	0.678614	0.396752	0.728648	0.649418	0.765367	0.439651	0.645687	0.463323	0.802469	0.595247	0.786495	0.481576
3	28	clst	1.000000	0.000000	0.929700	0.602286	0.938718	0.649982	0.901018	0.702732	0.836243	0.761679	0.799475	0.813254	0.713446	0.837086	0.679082	0.839629	0.608825	0.852639	0.541646	0.829029	0.496068	0.820054	0.452725	0.793039	0.401657	0.755114	0.381418	0.722789	0.356132	0.685750	0.342157	0.644679	0.340500	0.606329
[class #1] <for of setCPON>
[class #1] <getLBGClusterSize>
centroid size : 5
ctrd no.	datasize	worktype	data[0]	data[1]	data[2]	data[3]	data[4]	data[5]	data[6]	data[7]	data[8]	data[9]	data[10]	data[11]	data[12]	data[13]	data[14]	data[15]	data[16]	data[17]	data[18]	data[19]	data[20]	data[21]	data[22]	data[23]	data[24]	data[25]	data[26]	data[27]	data[28]	data[29]	data[30]	data[31]	data[32]	data[33]
		seed	1.000000	0.000000	0.890818	0.611119	0.972288	0.737746	0.923118	0.624216	0.948458	0.806373	0.602440	0.748163	0.682766	0.598682	0.400682	0.440579	0.638420	0.549949	0.625438	0.302409	0.647948	0.405685	0.965031	0.616765	0.889550	0.552600	0.592125	0.499418	0.897235	0.301655	0.766298	0.390274	0.573268	0.501178
0	38	clst	1.000000	0.000000	0.907689	0.713616	0.806689	0.812289	0.659837	0.925205	0.473263	0.939092	0.311753	0.861450	0.165032	0.771045	0.096403	0.627384	0.169050	0.424532	0.204168	0.315503	0.283674	0.206653	0.425429	0.230145	0.579376	0.232647	0.670082	0.286371	0.693061	0.376974	0.714187	0.460247	0.681021	0.571684
		seed	1.000000	0.000000	0.823739	0.535832	0.808475	0.570244	0.935464	0.719911	0.752408	0.594487	0.949337	0.484621	0.928372	0.542081	0.643898	0.718539	1.009344	0.555890	0.694340	0.427620	0.477837	0.495022	0.899114	0.510300	0.949776	0.569032	0.613701	0.560804	0.567317	0.323618	0.707132	0.516841	0.691447	0.683432
1	28	clst	1.000000	0.000000	0.929700	0.602286	0.938718	0.649982	0.901018	0.702732	0.836243	0.761679	0.799475	0.813254	0.713446	0.837086	0.679082	0.839629	0.608825	0.852639	0.541646	0.829029	0.496068	0.820054	0.452725	0.793039	0.401657	0.755114	0.381418	0.722789	0.356132	0.685750	0.342157	0.644679	0.340500	0.606329
		seed	1.000000	0.000000	0.909201	0.411064	0.974182	0.746381	0.957971	0.570775	0.993596	0.578644	0.623625	0.541930	1.013017	0.601634	0.543646	0.455299	0.926605	0.425664	0.652439	0.525312	0.859227	0.587782	0.507658	0.394611	0.894686	0.379826	0.840842	0.499358	0.697173	0.456682	0.586893	0.668789	0.865435	0.409533
2	21	clst	1.000000	0.000000	0.991705	0.473681	0.968724	0.491790	0.972557	0.398895	0.978162	0.472490	0.951562	0.351790	0.925333	0.345862	0.923276	0.342381	0.909386	0.327900	0.850343	0.274314	0.879519	0.304262	0.841514	0.220514	0.840500	0.235105	0.804481	0.223843	0.771552	0.218743	0.760843	0.214557	0.722667	0.217733
		seed	1.000000	0.000000	0.927084	0.508874	0.916272	0.563883	0.723816	0.660676	0.985928	0.774675	0.864800	0.736559	1.002365	0.623465	0.982986	0.724066	0.896530	0.619291	0.715982	0.524467	0.748958	0.576566	0.804868	0.338310	0.686220	0.437983	0.824604	0.579945	0.864152	0.525897	0.667093	0.349215	0.509229	0.524796
3	116	clst	1.000000	0.000000	0.901174	0.485983	0.906374	0.536646	0.894049	0.522096	0.895521	0.500264	0.892307	0.514572	0.892982	0.509059	0.894358	0.515978	0.895770	0.480425	0.879403	0.500711	0.878472	0.514902	0.873474	0.504097	0.871105	0.499200	0.874766	0.508129	0.860582	0.504281	0.861120	0.512902	0.847386	0.509649
		seed	1.000000	0.000000	0.921969	0.571300	0.935223	0.497677	0.852093	0.425177	0.629387	0.661098	0.537896	0.548131	0.790558	0.768091	0.827901	0.708736	1.006692	0.639992	0.678427	0.646423	0.475066	0.508035	0.971474	0.546779	0.801905	0.445963	0.883643	0.529489	0.941881	0.287544	0.587154	0.324654	0.649096	0.434034
4	0	clst	0.000000	0.000000	0.000000	0.000000	0.000000	0.000000	0.000000	0.000000	0.000000	0.000000	0.000000	0.000000	0.000000	0.000000	0.000000	0.000000	0.000000	0.000000	0.000000	0.000000	0.000000	0.000000	0.000000	0.000000	0.000000	0.000000	0.000000	0.000000	0.000000	0.000000	0.000000	0.000000	0.000000	0.000000
[class #1] <for of setCPON>
