[class #0] <getLBGClusterSize>
centroid size : 1
ctrd no.	datasize	worktype	data[0]	data[1]	data[2]	data[3]	data[4]	data[5]	data[6]	data[7]	data[8]	data[9]	data[10]	data[11]	data[12]	data[13]	data[14]	data[15]	data[16]	data[17]	data[18]	data[19]	data[20]	data[21]	data[22]	data[23]	data[24]	data[25]	data[26]	data[27]	data[28]	data[29]	data[30]	data[31]	data[32]	data[33]
		seed	0.295657	0.000000	0.426035	0.719616	0.678391	0.496871	0.568953	0.736321	0.807902	0.682061	0.446561	0.777217	0.745956	0.479996	0.442233	0.211652	0.370121	0.331913	0.351413	0.287918	0.879620	0.548664	0.314658	0.193089	0.248232	0.359403	0.782888	0.480674	0.599566	0.567493	0.377282	0.580635	0.548442	0.461778
0	114	clst	0.736842	0.000000	0.632358	0.516475	0.618122	0.509946	0.655946	0.471168	0.609545	0.530255	0.652062	0.554505	0.614247	0.471999	0.573636	0.498578	0.625105	0.414089	0.592196	0.513713	0.570080	0.582285	0.568133	0.520037	0.583529	0.438846	0.763531	0.426242	0.527354	0.501211	0.596229	0.472728	0.573748	0.542540
[class #0] <for of setCPON>
[class #0] <getLBGClusterSize>
centroid size : 2
ctrd no.	datasize	worktype	data[0]	data[1]	data[2]	data[3]	data[4]	data[5]	data[6]	data[7]	data[8]	data[9]	data[10]	data[11]	data[12]	data[13]	data[14]	data[15]	data[16]	data[17]	data[18]	data[19]	data[20]	data[21]	data[22]	data[23]	data[24]	data[25]	data[26]	data[27]	data[28]	data[29]	data[30]	data[31]	data[32]	data[33]
		seed	0.295765	0.000000	0.792795	0.544818	0.901572	0.574705	0.624140	0.676503	0.503067	0.566561	0.443713	0.778051	0.542994	0.187505	0.896275	0.524675	0.880871	0.672812	0.389563	0.773127	0.466732	0.841156	0.619584	0.334379	0.552513	0.578943	0.569095	0.100477	0.815975	0.333753	0.437362	0.345715	0.767072	0.344288
0	24	clst	0.250000	0.000000	0.701817	0.750000	0.769162	0.192483	0.683704	0.500904	0.620017	0.773062	0.747246	0.744529	0.764596	0.536279	0.807483	0.528542	0.678329	0.265608	0.431404	0.712233	0.513517	0.713454	0.637542	0.754554	0.687500	0.280450	0.956096	0.421296	0.473142	0.802883	0.541667	0.290308	0.532608	0.484150
		seed	0.823648	0.000000	0.865165	0.332309	0.731292	0.560253	0.859715	0.299349	0.333352	0.410556	0.408919	0.651617	0.646470	0.484540	0.569043	0.734266	0.516825	0.589868	0.673319	0.572629	0.556592	0.538556	0.339353	0.437920	0.658031	0.412551	0.504821	0.620366	0.550493	0.240676	0.502306	0.526383	0.732703	0.649421
1	90	clst	0.866667	0.000000	0.613836	0.454201	0.577844	0.594602	0.648543	0.463239	0.606752	0.465507	0.626680	0.503832	0.574154	0.454858	0.511277	0.490588	0.610912	0.453684	0.635074	0.460774	0.585163	0.547307	0.549624	0.457499	0.555803	0.481086	0.712180	0.427561	0.541810	0.420764	0.610779	0.521373	0.584719	0.558111
[class #0] <for of setCPON>
[class #0] <getLBGClusterSize>
centroid size : 3
ctrd no.	datasize	worktype	data[0]	data[1]	data[2]	data[3]	data[4]	data[5]	data[6]	data[7]	data[8]	data[9]	data[10]	data[11]	data[12]	data[13]	data[14]	data[15]	data[16]	data[17]	data[18]	data[19]	data[20]	data[21]	data[22]	data[23]	data[24]	data[25]	data[26]	data[27]	data[28]	data[29]	data[30]	data[31]	data[32]	data[33]
		seed	0.295846	0.000000	0.486806	0.370039	0.415766	0.652560	0.679328	0.616666	0.812684	0.451060	0.440865	0.778884	0.340031	0.485856	0.679914	0.246100	0.767553	0.407457	0.427712	0.582488	0.687466	0.514542	0.259055	0.475690	0.856795	0.147943	0.966661	0.484945	0.322758	0.718538	0.497441	0.772634	0.471448	0.772961
0	27	clst	0.000000	0.000000	0.500000	0.685185	0.518519	0.333333	0.629630	0.666667	0.444444	0.641204	0.611111	0.611111	0.444444	0.348381	0.537037	0.575237	0.493056	0.287037	0.351852	0.500000	0.462963	0.574074	0.462963	0.759259	0.685185	0.203704	0.814815	0.500000	0.370370	0.592593	0.500000	0.481481	0.425926	0.500000
		seed	0.417680	0.000000	0.907376	0.607026	0.830366	0.739217	0.845014	0.645379	0.391480	0.644394	0.771579	0.350161	0.702400	0.653461	0.321603	0.550150	0.858074	0.557323	0.415273	0.293858	0.472456	0.561417	0.266143	0.489609	0.500296	0.696098	0.933358	0.361285	0.447887	0.254644	0.730612	0.302875	0.492635	0.334171
1	31	clst	0.903226	0.000000	0.839655	0.395397	0.983355	0.592306	0.827113	0.311497	0.810681	0.426116	0.878584	0.502697	0.869252	0.519374	0.764829	0.509216	0.845803	0.446381	0.782132	0.483906	0.761474	0.681968	0.817852	0.421142	0.777948	0.600600	0.893029	0.524545	0.775503	0.485955	0.870697	0.464610	0.801503	0.609552
		seed	0.667880	0.000000	0.734857	0.432870	0.383419	0.572703	0.539621	0.425851	0.429038	0.331125	0.633867	0.384472	0.789112	0.745765	0.562659	0.434838	0.751498	0.613273	0.444422	0.790267	0.310855	0.754264	0.433704	0.628402	0.431159	0.328392	1.020953	0.135482	0.483078	0.661684	0.541465	0.625817	0.814123	0.325087
2	56	clst	1.000000	0.000000	0.581420	0.502157	0.463963	0.549505	0.573880	0.465300	0.577804	0.534411	0.546411	0.555893	0.554954	0.505375	0.485443	0.455729	0.566600	0.457471	0.602934	0.536825	0.515775	0.531062	0.480604	0.459443	0.426891	0.462677	0.667118	0.336263	0.465673	0.465596	0.490688	0.473002	0.518941	0.525955
[class #0] <for of setCPON>
[class #0] <getLBGClusterSize>
centroid size : 4
ctrd no.	datasize	worktype	data[0]	data[1]	data[2]	data[3]	data[4]	data[5]	data[6]	data[7]	data[8]	data[9]	data[10]	data[11]	data[12]	data[13]	data[14]	data[15]	data[16]	data[17]	data[18]	data[19]	data[20]	data[21]	data[22]	data[23]	data[24]	data[25]	data[26]	data[27]	data[28]	data[29]	data[30]	data[31]	data[32]	data[33]
		seed	0.295927	0.000000	0.853586	0.195241	0.638926	0.730415	0.734533	0.556848	0.507849	0.335559	0.438017	0.779717	0.762779	0.193347	0.463532	0.559123	0.654235	0.142082	0.465841	0.391828	0.274578	0.807034	0.563980	0.617000	0.478292	0.367503	0.752849	0.104747	0.539167	0.484798	0.557521	0.537714	0.690079	0.655472
0	27	clst	0.000000	0.000000	0.500000	0.685185	0.518519	0.333333	0.629630	0.666667	0.444444	0.641204	0.611111	0.611111	0.444444	0.348381	0.537037	0.575237	0.493056	0.287037	0.351852	0.500000	0.462963	0.574074	0.462963	0.759259	0.685185	0.203704	0.814815	0.500000	0.370370	0.592593	0.500000	0.481481	0.425926	0.500000
		seed	0.896322	0.000000	0.949567	0.223755	0.929440	0.268541	0.830295	0.321768	0.449608	0.262629	0.503621	0.669189	0.758349	0.231520	0.744608	0.366033	0.575255	0.524759	0.839981	0.690915	0.388320	0.584278	0.858366	0.541279	0.342560	0.329087	0.750536	0.102227	0.345280	0.268612	0.302909	0.741207	0.766821	0.565083
1	25	clst	0.920000	0.000000	0.846508	0.494988	0.899360	0.530636	0.884296	0.466256	0.665244	0.357744	0.911972	0.504880	0.957872	0.454648	0.868388	0.576420	0.851408	0.390120	0.769844	0.652720	0.841216	0.647000	0.947848	0.262216	0.669656	0.439140	0.920480	0.419836	0.721624	0.594644	0.784256	0.506844	0.833292	0.715844
		seed	1.036810	0.000000	0.336172	0.645560	0.625900	0.374944	0.701193	0.413752	0.658907	0.401125	0.547690	0.731223	0.845557	0.325681	0.813598	0.370746	0.480087	0.148613	0.489489	0.345566	0.521785	0.436927	0.360819	0.190812	0.610502	0.323408	0.639489	0.312302	0.818617	0.567625	0.448573	0.700771	0.510698	0.639754
2	44	clst	1.000000	0.000000	0.521343	0.486800	0.435936	0.591550	0.543089	0.525270	0.584511	0.579043	0.481166	0.559886	0.517932	0.532936	0.493459	0.498025	0.524773	0.488066	0.586152	0.534964	0.504920	0.499284	0.433084	0.485255	0.402518	0.468384	0.629170	0.301427	0.450634	0.441614	0.521005	0.481734	0.499202	0.537425
		seed	0.918513	0.000000	0.525732	0.751243	0.648943	0.220662	0.656061	0.570030	0.910226	0.471500	0.942296	0.257773	0.773492	0.764590	0.830886	0.264786	0.392213	0.395430	0.471779	0.374998	0.722621	0.853097	0.505067	0.416647	0.555389	0.737612	0.769156	0.373747	0.364511	0.483099	0.670412	0.650842	0.633157	0.510230
3	18	clst	0.944444	0.000000	0.804833	0.365789	0.822261	0.546650	0.654139	0.052494	0.841028	0.484172	0.770250	0.525367	0.627133	0.532567	0.415144	0.276828	0.754128	0.457128	0.720756	0.289272	0.513456	0.707611	0.528628	0.604311	0.753894	0.718950	0.797056	0.629606	0.680544	0.380050	0.663306	0.390200	0.617228	0.378156
[class #0] <for of setCPON>
[class #0] <getLBGClusterSize>
centroid size : 5
ctrd no.	datasize	worktype	data[0]	data[1]	data[2]	data[3]	data[4]	data[5]	data[6]	data[7]	data[8]	data[9]	data[10]	data[11]	data[12]	data[13]	data[14]	data[15]	data[16]	data[17]	data[18]	data[19]	data[20]	data[21]	data[22]	data[23]	data[24]	data[25]	data[26]	data[27]	data[28]	data[29]	data[30]	data[31]	data[32]	data[33]
		seed	0.296008	0.000000	0.547597	0.678432	0.862107	0.808249	0.789720	0.497031	0.817465	0.835661	0.435188	0.780550	0.559817	0.491699	0.247150	0.280547	0.540917	0.482982	0.503990	0.201189	0.495312	0.480420	0.868885	0.758291	0.782574	0.587063	0.539057	0.489239	0.755576	0.251057	0.617600	0.302774	0.394454	0.537982
0	9	clst	0.000000	0.000000	0.277778	0.388889	0.444444	0.666667	0.611111	0.833333	0.444444	0.368056	0.611111	0.611111	0.222222	0.267367	0.500000	0.392378	0.256944	0.111111	0.500000	0.055556	0.666667	0.222222	0.722222	0.722222	0.833333	0.055556	0.444444	0.333333	0.444444	0.555556	0.666667	0.388889	0.388889	0.500000
		seed	0.490354	0.000000	0.319029	0.498473	0.319526	0.447505	0.815594	0.667818	0.507736	0.496467	0.866281	0.367714	0.814298	0.400441	0.497168	0.773516	0.916504	0.492196	0.581935	0.412144	0.304183	0.607140	0.785155	0.592968	0.867609	0.612614	0.567714	0.607858	0.242674	0.282580	0.531215	0.517698	0.526753	0.795996
1	47	clst	0.872340	0.000000	0.563428	0.555219	0.371845	0.494938	0.494111	0.527860	0.558472	0.606200	0.552706	0.517655	0.436770	0.505157	0.460826	0.502945	0.600772	0.543019	0.542287	0.495311	0.433783	0.536202	0.413655	0.490766	0.505938	0.446270	0.655719	0.387323	0.497711	0.429162	0.515704	0.505636	0.487904	0.495083
		seed	0.521129	0.000000	0.610236	0.200241	0.868382	0.826846	0.862765	0.401654	0.888775	0.471105	0.461514	0.457488	0.902002	0.496459	0.394112	0.306653	0.832725	0.290246	0.534535	0.576734	0.732696	0.738715	0.287913	0.413324	0.789825	0.318405	0.869401	0.489122	0.444552	0.473567	0.355661	0.775725	0.721529	0.408241
2	22	clst	0.954545	0.000000	0.618482	0.177641	0.886600	0.800264	0.747600	0.117009	0.791718	0.377145	0.639027	0.443718	0.706782	0.404091	0.478455	0.408709	0.572900	0.392777	0.739855	0.332645	0.639586	0.652573	0.551327	0.507400	0.545536	0.678586	0.827805	0.468441	0.620232	0.311045	0.755709	0.550345	0.642886	0.569636
		seed	1.084755	0.000000	0.671171	0.434035	0.676573	0.433806	0.372020	0.562100	0.876662	0.784919	0.761226	0.762372	0.890965	0.531657	0.845740	0.783319	0.802272	0.590515	0.606417	0.575310	0.608803	0.722807	0.665439	0.325898	0.495483	0.408838	0.847833	0.644846	0.704143	0.572911	0.472757	0.233052	0.322765	0.571417
3	25	clst	0.880000	0.000000	0.860044	0.614988	0.899360	0.410636	0.864296	0.473184	0.652884	0.433920	0.911972	0.624880	0.957872	0.550768	0.828388	0.507060	0.884376	0.361728	0.729844	0.698620	0.821216	0.632896	0.947848	0.342216	0.689656	0.424996	0.920480	0.443268	0.643232	0.604976	0.764256	0.420740	0.813292	0.641948
		seed	0.542051	0.000000	0.653741	0.583251	0.739341	0.291221	0.640863	0.141805	0.313382	0.603101	0.354977	0.467202	0.671504	0.764842	0.686318	0.756130	0.913819	0.622616	0.563933	0.780779	0.301070	0.625599	0.877069	0.649614	0.658823	0.421246	0.926249	0.547347	0.824984	0.230803	0.356041	0.191343	0.479342	0.442927
4	11	clst	0.000000	0.000000	0.727273	0.909091	0.636364	0.090909	0.727273	0.636364	0.500000	0.863636	0.545455	0.727273	0.727273	0.454545	0.727273	0.727273	0.545455	0.272727	0.272727	0.909091	0.363636	0.818182	0.272727	0.909091	0.545455	0.272727	1.000000	0.545455	0.272727	0.909091	0.181818	0.363636	0.409091	0.500000
[class #0] <for of setCPON>
