[class #1] <getLBGClusterSize>
centroid size : 1
ctrd no.	datasize	worktype	data[0]	data[1]	data[2]	data[3]	data[4]	data[5]	data[6]	data[7]	data[8]	data[9]	data[10]	data[11]	data[12]	data[13]	data[14]	data[15]	data[16]	data[17]	data[18]	data[19]	data[20]	data[21]	data[22]	data[23]	data[24]	data[25]	data[26]	data[27]	data[28]	data[29]	data[30]	data[31]	data[32]	data[33]
		seed	1.000000	0.000000	0.857394	0.627281	0.920255	0.592588	0.824392	0.758630	0.946788	0.714803	0.615460	0.754461	0.867126	0.601612	0.597015	0.404799	0.459384	0.468327	0.491885	0.359825	0.994469	0.469781	0.521695	0.253251	0.497260	0.415730	0.769376	0.509373	0.791389	0.532224	0.588587	0.565463	0.703405	0.448429
0	203	clst	1.000000	0.000000	0.918674	0.545995	0.902360	0.598571	0.865939	0.610185	0.820889	0.619951	0.780516	0.611235	0.741091	0.596600	0.724255	0.573157	0.714225	0.524093	0.704650	0.498864	0.713573	0.494634	0.725030	0.478152	0.743126	0.469767	0.754256	0.479159	0.743347	0.485078	0.743696	0.497769	0.726838	0.510164
[class #1] <for of setCPON>
[class #1] <getLBGClusterSize>
centroid size : 2
ctrd no.	datasize	worktype	data[0]	data[1]	data[2]	data[3]	data[4]	data[5]	data[6]	data[7]	data[8]	data[9]	data[10]	data[11]	data[12]	data[13]	data[14]	data[15]	data[16]	data[17]	data[18]	data[19]	data[20]	data[21]	data[22]	data[23]	data[24]	data[25]	data[26]	data[27]	data[28]	data[29]	data[30]	data[31]	data[32]	data[33]
		seed	1.000000	0.000000	0.966326	0.557337	0.986524	0.628205	0.850749	0.725141	0.753306	0.642635	0.613173	0.754997	0.672907	0.418280	1.036676	0.588470	0.969847	0.699662	0.525596	0.658605	0.619789	0.685996	0.766303	0.350442	0.720383	0.565060	0.602384	0.298333	0.935365	0.365970	0.631149	0.418089	0.905852	0.358620
0	144	clst	1.000000	0.000000	0.920319	0.490792	0.921770	0.531728	0.917858	0.510249	0.913722	0.513721	0.907288	0.509001	0.900127	0.509716	0.904972	0.512726	0.888699	0.493981	0.874172	0.490733	0.876937	0.516031	0.863984	0.496890	0.859058	0.493512	0.852034	0.500354	0.831301	0.492779	0.827576	0.499698	0.809601	0.497007
		seed	1.000000	0.000000	0.987821	0.472302	0.935963	0.621591	0.963258	0.513992	0.645586	0.545159	0.585227	0.673688	0.771926	0.604460	0.719807	0.711450	0.606005	0.643376	0.776332	0.535143	0.701333	0.462309	0.541504	0.421665	0.797757	0.451881	0.552180	0.586913	0.758742	0.299767	0.677158	0.531429	0.874027	0.591863
1	59	clst	1.000000	0.000000	0.914661	0.680727	0.854986	0.761714	0.739222	0.854097	0.594314	0.879224	0.471107	0.860758	0.352934	0.808654	0.283185	0.720649	0.288390	0.597585	0.290900	0.518708	0.314854	0.442412	0.385888	0.432419	0.460173	0.411814	0.515612	0.427427	0.528680	0.466283	0.538971	0.493063	0.524841	0.542276
[class #1] <for of setCPON>
[class #1] <getLBGClusterSize>
centroid size : 3
ctrd no.	datasize	worktype	data[0]	data[1]	data[2]	data[3]	data[4]	data[5]	data[6]	data[7]	data[8]	data[9]	data[10]	data[11]	data[12]	data[13]	data[14]	data[15]	data[16]	data[17]	data[18]	data[19]	data[20]	data[21]	data[22]	data[23]	data[24]	data[25]	data[26]	data[27]	data[28]	data[29]	data[30]	data[31]	data[32]	data[33]
		seed	1.000000	0.000000	0.875444	0.487400	0.842275	0.663831	0.877106	0.691641	0.949823	0.570467	0.610885	0.755533	0.478688	0.605285	0.827167	0.425011	0.856593	0.519591	0.559306	0.541214	0.820097	0.444557	0.477090	0.447646	0.943506	0.271896	0.912920	0.511743	0.607231	0.639658	0.673711	0.685912	0.632110	0.686297
0	31	clst	1.000000	0.000000	0.935113	0.605671	0.942152	0.651097	0.901597	0.709232	0.837842	0.764239	0.797029	0.817013	0.711339	0.844632	0.674213	0.843823	0.604290	0.855552	0.535823	0.832384	0.485203	0.824326	0.441406	0.794861	0.394010	0.753132	0.373097	0.722616	0.348555	0.684742	0.336603	0.642168	0.333813	0.606265
		seed	1.000000	0.000000	1.000358	0.582229	0.965381	0.703485	0.956237	0.707716	0.682481	0.691268	0.876511	0.479822	0.825446	0.710338	0.480205	0.603417	0.947063	0.621291	0.548315	0.363483	0.624983	0.479208	0.482775	0.457221	0.682093	0.644749	0.886907	0.443102	0.690479	0.309702	0.838898	0.391215	0.651729	0.350887
1	37	clst	1.000000	0.000000	0.914962	0.714535	0.812181	0.817197	0.663103	0.927868	0.470989	0.939230	0.309816	0.866038	0.170930	0.768870	0.101435	0.629992	0.159349	0.432492	0.207716	0.320189	0.278995	0.217024	0.424981	0.230403	0.572214	0.230884	0.667408	0.286751	0.696741	0.382308	0.712270	0.458162	0.678830	0.572468
		seed	1.000000	0.000000	0.949118	0.512541	0.832671	0.627289	0.810384	0.584814	0.706319	0.495529	0.765902	0.501888	0.908421	0.768194	0.713626	0.535756	0.840547	0.659259	0.574071	0.669159	0.478336	0.621764	0.617192	0.552694	0.631397	0.394636	0.955327	0.317764	0.713891	0.599219	0.704899	0.593808	0.949419	0.343943
2	135	clst	1.000000	0.000000	0.915917	0.486099	0.917939	0.526590	0.913344	0.500372	0.912894	0.499312	0.905731	0.494148	0.904189	0.492429	0.906445	0.495427	0.891547	0.473085	0.879614	0.471248	0.885120	0.495013	0.872394	0.473327	0.870136	0.470170	0.865584	0.475987	0.846777	0.467396	0.845790	0.475467	0.830246	0.471021
[class #1] <for of setCPON>
[class #1] <getLBGClusterSize>
centroid size : 4
ctrd no.	datasize	worktype	data[0]	data[1]	data[2]	data[3]	data[4]	data[5]	data[6]	data[7]	data[8]	data[9]	data[10]	data[11]	data[12]	data[13]	data[14]	data[15]	data[16]	data[17]	data[18]	data[19]	data[20]	data[21]	data[22]	data[23]	data[24]	data[25]	data[26]	data[27]	data[28]	data[29]	data[30]	data[31]	data[32]	data[33]
		seed	1.000000	0.000000	0.984382	0.417455	0.908537	0.699457	0.903472	0.658152	0.756341	0.498299	0.608598	0.756068	0.883224	0.421942	0.617639	0.608682	0.743338	0.339508	0.592998	0.423810	0.445416	0.660772	0.721699	0.544851	0.665958	0.421239	0.745913	0.300704	0.751207	0.473404	0.716274	0.538538	0.834557	0.596488
0	47	clst	1.000000	0.000000	0.902006	0.711370	0.831845	0.792121	0.697074	0.896940	0.525655	0.907447	0.381634	0.874215	0.251530	0.795202	0.177543	0.685806	0.205111	0.523104	0.223062	0.427128	0.272785	0.329926	0.373126	0.321094	0.482147	0.305119	0.560540	0.333706	0.585338	0.393796	0.607289	0.438198	0.591504	0.512166
		seed	1.000000	0.000000	1.012889	0.428864	0.994799	0.488105	0.949207	0.526543	0.719375	0.452731	0.661290	0.684988	0.878984	0.445869	0.889812	0.495384	0.664403	0.599193	0.923600	0.607980	0.548632	0.496107	0.957852	0.492764	0.566429	0.395109	0.744106	0.299305	0.622215	0.319637	0.535898	0.666196	0.905619	0.527396
1	78	clst	1.000000	0.000000	0.965128	0.496732	0.955072	0.526318	0.959387	0.504873	0.958290	0.488385	0.956659	0.496438	0.955651	0.484276	0.959959	0.483708	0.952667	0.461479	0.940908	0.472117	0.950308	0.476877	0.944173	0.462614	0.943159	0.455010	0.942378	0.461612	0.934613	0.454077	0.928229	0.464619	0.921163	0.456949
		seed	1.000000	0.000000	0.830704	0.597648	0.904670	0.536795	0.887549	0.578040	0.852219	0.539267	0.696686	0.724882	0.962435	0.504888	0.956617	0.498149	0.569288	0.343940	0.613894	0.395323	0.669747	0.387183	0.558724	0.251685	0.762905	0.391246	0.657367	0.415913	0.937122	0.532318	0.639091	0.640829	0.668455	0.584474
2	48	clst	1.000000	0.000000	0.824160	0.468006	0.844277	0.517400	0.826315	0.478271	0.829165	0.504125	0.806417	0.459763	0.807819	0.465281	0.809550	0.468671	0.827458	0.423892	0.771421	0.433621	0.771060	0.458725	0.744258	0.416631	0.743452	0.416587	0.738963	0.421794	0.704352	0.426690	0.716054	0.412698	0.687904	0.413750
		seed	1.000000	0.000000	0.887005	0.639937	0.911512	0.466196	0.865994	0.665532	1.011734	0.583239	1.013628	0.420408	0.893475	0.779993	0.973357	0.435976	0.481463	0.511430	0.598245	0.413447	0.851999	0.694822	0.674438	0.407032	0.722491	0.672986	0.758650	0.450020	0.635009	0.472196	0.796250	0.609507	0.781849	0.485466
3	30	clst	1.000000	0.000000	0.975230	0.539773	0.968717	0.613073	0.950930	0.645807	0.912937	0.696933	0.906020	0.740063	0.843447	0.787607	0.831470	0.796417	0.710717	0.848757	0.738033	0.785183	0.696650	0.856300	0.675810	0.863040	0.631387	0.851170	0.593097	0.844440	0.555997	0.802113	0.521840	0.813403	0.495910	0.799650
[class #1] <for of setCPON>
[class #1] <getLBGClusterSize>
centroid size : 5
ctrd no.	datasize	worktype	data[0]	data[1]	data[2]	data[3]	data[4]	data[5]	data[6]	data[7]	data[8]	data[9]	data[10]	data[11]	data[12]	data[13]	data[14]	data[15]	data[16]	data[17]	data[18]	data[19]	data[20]	data[21]	data[22]	data[23]	data[24]	data[25]	data[26]	data[27]	data[28]	data[29]	data[30]	data[31]	data[32]	data[33]
		seed	1.000000	0.000000	0.893499	0.610802	0.974806	0.735074	0.929829	0.624664	0.952858	0.810777	0.606325	0.756604	0.689005	0.608947	0.408110	0.445224	0.630084	0.570843	0.626708	0.306420	0.645724	0.419334	0.966291	0.642041	0.889081	0.570583	0.578921	0.514127	0.895182	0.307151	0.758836	0.391151	0.560816	0.506679
0	34	clst	1.000000	0.000000	0.910976	0.721165	0.805450	0.823344	0.651335	0.934741	0.452438	0.940994	0.288412	0.857612	0.150738	0.753200	0.083212	0.605900	0.156174	0.398900	0.215950	0.285756	0.295432	0.183694	0.454624	0.209062	0.612247	0.218921	0.710715	0.288288	0.735803	0.398944	0.743247	0.485115	0.700079	0.610944
		seed	1.000000	0.000000	0.825612	0.538792	0.813699	0.569998	0.942186	0.720279	0.756270	0.598839	0.952574	0.491111	0.932523	0.551747	0.650209	0.734480	1.005460	0.577096	0.695582	0.436320	0.472282	0.513007	0.899123	0.528320	0.951436	0.587963	0.601305	0.579970	0.553952	0.329572	0.697638	0.525981	0.683321	0.703905
1	32	clst	1.000000	0.000000	0.933403	0.610188	0.933703	0.664475	0.887272	0.725084	0.815600	0.788222	0.764097	0.838781	0.669012	0.861063	0.625447	0.855481	0.547944	0.858703	0.478209	0.823919	0.429806	0.804925	0.387341	0.762822	0.346456	0.715441	0.333206	0.672434	0.319078	0.626466	0.318097	0.584278	0.326288	0.544269
		seed	1.000000	0.000000	0.912104	0.419455	0.976669	0.743584	0.964715	0.571267	0.998119	0.582992	0.627470	0.548844	1.016449	0.611931	0.550418	0.460542	0.921728	0.440053	0.653698	0.537670	0.861141	0.610269	0.500239	0.404746	0.894398	0.387843	0.836951	0.514062	0.688260	0.465416	0.573269	0.687850	0.863680	0.407506
2	64	clst	1.000000	0.000000	0.863934	0.481597	0.872753	0.505323	0.864736	0.475755	0.866462	0.497458	0.851272	0.441022	0.845864	0.443727	0.850278	0.452130	0.858881	0.416603	0.810647	0.409580	0.818209	0.425698	0.794059	0.384036	0.799923	0.387755	0.786692	0.389295	0.756272	0.389619	0.767906	0.380727	0.740631	0.381064
		seed	1.000000	0.000000	0.930202	0.513007	0.919716	0.563730	0.730339	0.661093	0.990431	0.779071	0.868195	0.744914	1.005887	0.633993	0.987741	0.740233	0.891292	0.643815	0.717215	0.536794	0.748712	0.598510	0.803088	0.344608	0.678564	0.449355	0.820104	0.600501	0.860964	0.536077	0.656224	0.347412	0.494433	0.532237
3	73	clst	1.000000	0.000000	0.963795	0.492729	0.959714	0.546744	0.957596	0.526511	0.954859	0.504052	0.954881	0.545967	0.955789	0.541759	0.955651	0.540253	0.920208	0.529960	0.938596	0.533907	0.940978	0.563874	0.938482	0.561207	0.928171	0.550808	0.930668	0.562118	0.921511	0.546908	0.909244	0.568355	0.902792	0.561459
		seed	1.000000	0.000000	0.925025	0.572716	0.938353	0.498483	0.858736	0.425791	0.632911	0.665467	0.541901	0.555091	0.795881	0.780152	0.833368	0.724279	1.002776	0.665599	0.679676	0.663316	0.469457	0.526652	0.972856	0.567285	0.798338	0.457795	0.881355	0.546381	0.941358	0.292745	0.573539	0.321247	0.639420	0.434020
4	0	clst	0.000000	0.000000	0.000000	0.000000	0.000000	0.000000	0.000000	0.000000	0.000000	0.000000	0.000000	0.000000	0.000000	0.000000	0.000000	0.000000	0.000000	0.000000	0.000000	0.000000	0.000000	0.000000	0.000000	0.000000	0.000000	0.000000	0.000000	0.000000	0.000000	0.000000	0.000000	0.000000	0.000000	0.000000
[class #1] <for of setCPON>
