total mean
0.868421	0.000000	0.775264	0.526439	0.749114	0.543146	0.755140	0.534990	0.711829	0.583399	0.715816	0.580538	0.685520	0.541949	0.652704	0.537742	0.678491	0.475241	0.646131	0.507863	0.639559	0.535731	0.644911	0.485249	0.663973	0.452282	0.764467	0.451469	0.641093	0.493700	0.671222	0.488573	0.656028	0.524987
mean of class
0.736842	0.000000	0.635704	0.512865	0.599091	0.487704	0.650112	0.462507	0.605480	0.550530	0.651674	0.554037	0.631181	0.491884	0.583380	0.502875	0.641119	0.431783	0.587798	0.520254	0.568063	0.578659	0.565146	0.493708	0.584629	0.432838	0.773132	0.425692	0.534872	0.510852	0.593586	0.479350	0.579870	0.541742
1.000000	0.000000	0.914825	0.540014	0.899137	0.598589	0.860167	0.607473	0.818177	0.616269	0.779958	0.607040	0.739859	0.592014	0.722028	0.572609	0.715864	0.518699	0.704464	0.495472	0.711056	0.492803	0.724675	0.476790	0.743317	0.471726	0.755803	0.477245	0.747314	0.476548	0.748857	0.497797	0.732185	0.508231
SW
22.105263	0.000000	0.571105	-4.114053	-0.027263	4.631105	0.003368	-2.624789	1.164395	-2.796605	-0.949789	-1.878895	1.935421	1.350226	-0.498605	-1.601337	0.421079	3.703500	3.633947	-1.392368	1.416895	-2.140237	1.954395	-4.188763	-4.461132	7.985132	-2.806053	-0.729237	2.546158	-4.002547	1.307579	0.380500	1.396105	1.252263
0.000000	0.000000	0.000000	0.000000	0.000000	0.000000	0.000000	0.000000	0.000000	0.000000	0.000000	0.000000	0.000000	0.000000	0.000000	0.000000	0.000000	0.000000	0.000000	0.000000	0.000000	0.000000	0.000000	0.000000	0.000000	0.000000	0.000000	0.000000	0.000000	0.000000	0.000000	0.000000	0.000000	0.000000
0.571105	0.000000	15.133496	3.176016	6.762039	-1.545610	4.460342	-3.415856	6.691691	-2.123852	5.991600	0.210154	4.620875	2.042719	2.634306	0.540872	5.051823	2.647303	3.909538	3.381016	-0.155373	5.164125	4.085699	-0.369314	4.045207	0.304704	2.125967	2.485372	2.614035	3.824962	0.889453	-1.533348	2.972364	0.420227
-4.114053	0.000000	3.176016	16.388771	-0.926849	-4.719139	-2.401405	5.467253	-6.173419	5.447757	-1.485573	6.741725	-4.874280	2.521824	-5.952882	3.956980	-3.828129	-1.043142	-7.356481	3.136285	-8.372165	0.393164	-2.981490	2.104608	-1.650335	-5.995960	0.739547	2.027213	-1.446640	5.577325	-4.578386	-0.275161	-3.208299	-0.295394
-0.027263	0.000000	6.762039	-0.926849	16.222008	-0.645342	5.470348	-4.960414	7.893011	-3.011956	7.834384	0.681181	9.356333	3.356454	6.475278	0.213820	5.836484	-0.155482	4.341534	1.403238	3.566589	4.634507	6.754092	2.049907	4.444299	0.121654	4.582785	4.323053	2.088887	1.663358	5.112089	0.491289	3.436052	1.116703
4.631105	0.000000	-1.545610	-4.719139	-0.645342	16.543991	-0.845547	0.895137	-3.460806	0.296935	-7.135079	0.847120	-7.123947	3.237312	-9.833913	0.276835	-7.563350	0.214287	-3.960046	-2.562167	-1.970089	-2.756129	-4.470857	-6.798371	-4.548187	1.005334	-3.606231	-3.840028	-0.238250	-4.563356	0.685133	3.639872	0.620947	3.930990
0.003368	0.000000	4.460342	-2.401405	5.470348	-0.845547	13.822055	-3.867932	6.366711	-4.131384	7.014906	-1.399013	12.307856	-0.668601	11.310300	-0.729668	6.836816	1.434912	7.525856	5.498909	10.442437	5.354997	4.111578	0.644806	3.064257	2.538633	2.295182	1.513562	2.678564	0.600311	3.451024	-0.468003	6.345618	1.830247
-2.624789	0.000000	-3.415856	5.467253	-4.960414	0.895137	-3.867932	19.249797	-9.331500	7.472004	-9.969345	7.311628	-10.007499	4.469884	-9.243973	6.814251	-12.438470	-0.925747	-12.445965	0.481643	-9.285288	-6.174057	-9.098457	0.259925	-4.231436	-3.647251	-5.154651	-0.478630	-6.547783	1.803858	-5.477664	1.835497	-4.769754	4.928284
1.164395	0.000000	6.691691	-6.173419	7.893011	-3.460806	6.366711	-9.331500	18.847603	-6.061763	13.249497	-4.824202	12.476522	-0.522170	15.408854	-1.474822	13.931339	3.579680	14.365518	2.079917	9.775310	7.005882	6.508610	4.132148	7.242653	4.071438	2.248858	2.987847	4.335839	0.014578	5.129103	-2.834485	4.523297	-0.848381
-2.796605	0.000000	-2.123852	5.447757	-3.011956	0.296935	-4.131384	7.472004	-6.061763	19.330795	-7.984324	7.923429	-10.393010	6.065126	-9.732855	6.031954	-9.919287	-0.529267	-14.756195	0.241136	-11.977833	-0.126948	-9.639405	2.363028	-6.634383	-2.293957	-4.876620	0.906560	-4.309046	1.107455	-6.014973	-2.454533	-6.089039	1.459569
-0.949789	0.000000	5.991600	-1.485573	7.834384	-7.135079	7.014906	-9.969345	13.249497	-7.984324	24.397882	-4.635612	16.133834	-4.316916	18.056706	0.401735	20.399311	1.694804	13.579375	4.319752	13.032372	9.265155	14.104224	4.316392	8.394698	3.178894	6.568291	5.655352	9.176677	4.133393	4.321243	-0.852307	5.889063	-2.365782
-1.878895	0.000000	0.210154	6.741725	0.681181	0.847120	-1.399013	7.311628	-4.824202	7.923429	-4.635612	19.445473	-5.418107	7.668547	-5.856097	5.488119	-7.783143	-0.799405	-12.467673	3.867411	-8.327377	-0.821987	-8.878060	4.455444	-8.508025	-0.600840	-3.183747	0.456305	-7.847912	4.331592	-7.893077	-0.722026	-4.961356	-0.294140
1.935421	0.000000	4.620875	-4.874280	9.356333	-7.123947	12.307856	-10.007499	12.476522	-10.393010	16.133834	-5.418107	28.795009	-2.437433	25.707298	-4.398052	19.376087	-0.018215	16.951041	8.239978	19.247562	7.241136	13.785356	3.586623	8.593540	6.096562	9.002175	4.726243	5.469631	3.660891	4.162830	-1.637041	9.374002	0.233849
1.350226	0.000000	2.042719	2.521824	3.356454	3.237312	-0.668601	4.469884	-0.522170	6.065126	-4.316916	7.668547	-2.437433	17.157554	-5.853114	0.752500	-6.800989	5.709195	-8.398087	6.358032	-7.813722	2.385966	-9.156430	2.379538	-4.334992	-0.234645	-5.432892	2.001411	-6.133212	1.646403	-6.550616	-0.141034	-3.485947	2.505294
-0.498605	0.000000	2.634306	-5.952882	6.475278	-9.833913	11.310300	-9.243973	15.408854	-9.732855	18.056706	-5.856097	25.707298	-5.853114	32.787985	-3.302074	20.636884	1.886018	20.371498	7.811360	20.940559	7.788695	14.463067	7.369564	10.578523	7.070852	9.515080	3.207350	7.619593	4.655302	6.360369	-2.297292	8.875102	-1.018898
-1.601337	0.000000	0.540872	3.956980	0.213820	0.276835	-0.729668	6.814251	-1.474822	6.031954	0.401735	5.488119	-4.398052	0.752500	-3.302074	15.871099	-4.639149	3.788300	-8.254198	5.395252	-8.024241	5.194028	-5.573140	4.438610	-6.043763	2.932003	-4.924513	3.411742	-4.220574	3.033225	-5.243161	1.336769	-4.070990	2.969041
0.421079	0.000000	5.051823	-3.828129	5.836484	-7.563350	6.836816	-12.438470	13.931339	-9.919287	20.399311	-7.783143	19.376087	-6.800989	20.636884	-4.639149	29.462596	-1.852543	17.392785	3.324692	17.111058	7.245042	15.840844	1.222460	12.766678	2.498484	10.073059	4.040069	10.508311	2.555540	6.432671	-0.556317	7.172165	-0.348492
3.703500	0.000000	2.647303	-1.043142	-0.155482	0.214287	1.434912	-0.925747	3.579680	-0.529267	1.694804	-0.799405	-0.018215	5.709195	1.886018	3.788300	-1.852543	19.331228	0.913984	9.438392	-2.521799	9.313929	-4.746214	6.613064	-4.606847	10.741670	-5.026676	6.547881	-4.385128	1.844825	-3.808366	4.937394	-1.503858	0.267606
3.633947	0.000000	3.909538	-7.356481	4.341534	-3.960046	7.525856	-12.445965	14.365518	-14.756195	13.579375	-12.467673	16.951041	-8.398087	20.371498	-8.254198	17.392785	0.913984	31.512713	0.812475	19.992314	3.028700	16.338658	2.092104	13.491993	5.220606	8.848389	3.619649	11.775200	2.843093	11.632728	1.797654	10.392973	-0.418172
-1.392368	0.000000	3.381016	3.136285	1.403238	-2.562167	5.498909	0.481643	2.079917	0.241136	4.319752	3.867411	8.239978	6.358032	7.811360	5.395252	3.324692	9.438392	0.812475	21.315473	0.778798	11.051151	-3.592380	6.018072	-4.935709	7.847940	-2.849648	4.440046	-6.240708	8.047748	-9.058281	0.780984	-0.744964	2.202436
1.416895	0.000000	-0.155373	-8.372165	3.566589	-1.970089	10.442437	-9.285288	9.775310	-11.977833	13.032372	-8.327377	19.247562	-7.813722	20.940559	-8.024241	17.111058	-2.521799	19.992314	0.778798	28.136231	0.502092	17.098580	-0.721965	10.329431	4.437368	9.941448	-1.648549	11.383359	1.984370	11.419194	1.181772	13.706199	0.695632
-2.140237	0.000000	5.164125	0.393164	4.634507	-2.756129	5.354997	-6.174057	7.005882	-0.126948	9.265155	-0.821987	7.241136	2.385966	7.788695	5.194028	7.245042	9.313929	3.028700	11.051151	0.502092	21.592710	3.076308	8.604826	-0.311635	8.737649	-1.237620	9.493937	-0.408519	5.878628	-2.867373	4.597098	-2.286299	4.366372
1.954395	0.000000	4.085699	-2.981490	6.754092	-4.470857	4.111578	-9.098457	6.508610	-9.639405	14.104224	-8.878060	13.785356	-9.156430	14.463067	-5.573140	15.840844	-4.746214	16.338658	-3.592380	17.098580	3.076308	26.964309	-3.805882	12.804456	1.455458	13.377044	2.869257	14.901436	3.784077	11.364397	2.324671	10.542228	1.901759
-4.188763	0.000000	-0.369314	2.104608	2.049907	-6.798371	0.644806	0.259925	4.132148	2.363028	4.316392	4.455444	3.586623	2.379538	7.369564	4.438610	1.222460	6.613064	2.092104	6.018072	-0.721965	8.604826	-3.805882	22.634363	-1.776699	9.465284	-1.250247	10.077391	-5.833170	8.127229	-4.761730	2.585936	-6.526952	1.368914
-4.461132	0.000000	4.045207	-1.650335	4.444299	-4.548187	3.064257	-4.231436	7.242653	-6.634383	8.394698	-8.508025	8.593540	-4.334992	10.578523	-6.043763	12.766678	-4.606847	13.491993	-4.935709	10.329431	-0.311635	12.804456	-1.776699	25.271959	-2.450461	11.803192	4.032516	14.479277	-0.914609	12.924614	0.429022	9.640404	3.573890
7.985132	0.000000	0.304704	-5.995960	0.121654	1.005334	2.538633	-3.647251	4.071438	-2.293957	3.178894	-0.600840	6.096562	-0.234645	7.070852	2.932003	2.498484	10.741670	5.220606	7.847940	4.437368	8.737649	1.455458	9.465284	-2.450461	21.708038	-1.367513	9.914369	-1.872769	4.452712	-3.176058	4.929424	-1.248216	3.999694
-2.806053	0.000000	2.125967	0.739547	4.582785	-3.606231	2.295182	-5.154651	2.248858	-4.876620	6.568291	-3.183747	9.002175	-5.432892	9.515080	-4.924513	10.073059	-5.026676	8.848389	-2.849648	9.941448	-1.237620	13.377044	-1.250247	11.803192	-1.367513	21.504589	0.398436	12.346664	2.792320	9.666780	3.111768	11.022516	0.950940
-0.729237	0.000000	2.485372	2.027213	4.323053	-3.840028	1.513562	-0.478630	2.987847	0.906560	5.655352	0.456305	4.726243	2.001411	3.207350	3.411742	4.040069	6.547881	3.619649	4.440046	-1.648549	9.493937	2.869257	10.077391	4.032516	9.914369	0.398436	24.782844	-2.591997	8.562252	-3.945430	10.390886	-5.174250	7.261353
2.546158	0.000000	2.614035	-1.446640	2.088887	-0.238250	2.678564	-6.547783	4.335839	-4.309046	9.176677	-7.847912	5.469631	-6.133212	7.619593	-4.220574	10.508311	-4.385128	11.775200	-6.240708	11.383359	-0.408519	14.901436	-5.833170	14.479277	-1.872769	12.346664	-2.591997	25.171537	-0.848992	13.611297	-0.014152	12.549245	2.722077
-4.002547	0.000000	3.824962	5.577325	1.663358	-4.563356	0.600311	1.803858	0.014578	1.107455	4.133393	4.331592	3.660891	1.646403	4.655302	3.033225	2.555540	1.844825	2.843093	8.047748	1.984370	5.878628	3.784077	8.127229	-0.914609	4.452712	2.792320	8.562252	-0.848992	20.198547	-5.757695	5.602225	-3.293506	5.839705
1.307579	0.000000	0.889453	-4.578386	5.112089	0.685133	3.451024	-5.477664	5.129103	-6.014973	4.321243	-7.893077	4.162830	-6.550616	6.360369	-5.243161	6.432671	-3.808366	11.632728	-9.058281	11.419194	-2.867373	11.364397	-4.761730	12.924614	-3.176058	9.666780	-3.945430	13.611297	-5.757695	22.443162	0.590042	13.198252	0.969417
0.380500	0.000000	-1.533348	-0.275161	0.491289	3.639872	-0.468003	1.835497	-2.834485	-2.454533	-0.852307	-0.722026	-1.637041	-0.141034	-2.297292	1.336769	-0.556317	4.937394	1.797654	0.780984	1.181772	4.597098	2.324671	2.585936	0.429022	4.929424	3.111768	10.390886	-0.014152	5.602225	0.590042	20.237582	-1.556928	9.143683
1.396105	0.000000	2.972364	-3.208299	3.436052	0.620947	6.345618	-4.769754	4.523297	-6.089039	5.889063	-4.961356	9.374002	-3.485947	8.875102	-4.070990	7.172165	-1.503858	10.392973	-0.744964	13.706199	-2.286299	10.542228	-6.526952	9.640404	-1.248216	11.022516	-5.174250	12.549245	-3.293506	13.198252	-1.556928	18.651919	-0.959842
1.252263	0.000000	0.420227	-0.295394	1.116703	3.930990	1.830247	4.928284	-0.848381	1.459569	-2.365782	-0.294140	0.233849	2.505294	-1.018898	2.969041	-0.348492	0.267606	-0.418172	2.202436	0.695632	4.366372	1.901759	1.368914	3.573890	3.999694	0.950940	7.261353	2.722077	5.839705	0.969417	9.143683	-0.959842	16.533508
SB
0.069252	0.542936	0.031678	0.038741	0.026340	0.019114	0.015209	0.016736	0.006615	0.014538	0.001859	0.016849	0.000009	0.020975	0.000219	0.026972	0.000440	0.047587	0.001048	0.058259	0.000665	0.059555	0.000148	0.067627	0.000042	0.070286	0.000360	0.067390	0.000110	0.067753	0.000144	0.057143	0.000022	0.052263
0.542936	0.000000	0.836905	0.291615	0.808447	0.358308	0.739888	0.369024	0.669414	0.379787	0.608335	0.368497	0.547392	0.350480	0.521324	0.327881	0.512461	0.269048	0.496270	0.245493	0.505600	0.242855	0.525154	0.227329	0.552521	0.222526	0.571238	0.227763	0.558478	0.227098	0.560787	0.247801	0.536095	0.258299
0.031678	0.836905	0.077909	0.009157	0.069397	0.001378	0.050384	0.000797	0.033297	0.000378	0.020809	0.000822	0.010848	0.001909	0.007452	0.003981	0.006426	0.013690	0.004728	0.019665	0.005678	0.020420	0.007916	0.025253	0.011581	0.026889	0.014424	0.025109	0.012457	0.025331	0.012804	0.019018	0.009309	0.016249
0.038741	0.291615	0.009157	0.000737	0.149206	0.007349	0.120619	0.008951	0.093216	0.010692	0.071339	0.008869	0.051526	0.006265	0.043749	0.003569	0.041208	0.000034	0.036710	0.000302	0.039280	0.000402	0.044864	0.001301	0.053108	0.001692	0.059019	0.001269	0.054966	0.001319	0.055692	0.000227	0.048101	0.000021
0.026340	0.808447	0.069397	0.149206	0.090027	0.000000	0.068161	0.000070	0.047999	0.000295	0.032713	0.000063	0.019816	0.000050	0.015113	0.000701	0.013636	0.006463	0.011103	0.010737	0.012536	0.011297	0.015771	0.014958	0.020801	0.016222	0.024559	0.014846	0.021970	0.015017	0.022430	0.010261	0.017714	0.008256
0.019114	0.358308	0.001378	0.007349	0.000000	0.012296	0.138729	0.014345	0.109213	0.016529	0.085413	0.014241	0.063582	0.010881	0.054908	0.007209	0.052057	0.000961	0.046985	0.000060	0.049886	0.000026	0.056156	0.000119	0.065338	0.000255	0.071877	0.000109	0.067397	0.000124	0.068201	0.000102	0.059771	0.000421
0.015209	0.739888	0.050384	0.120619	0.068161	0.138729	0.044123	0.001818	0.028246	0.001145	0.016860	0.001855	0.008054	0.003375	0.005172	0.006007	0.004323	0.017270	0.002954	0.023913	0.003714	0.024746	0.005560	0.030041	0.008687	0.031822	0.011171	0.029883	0.009448	0.030125	0.009751	0.023200	0.006736	0.020130
0.016736	0.369024	0.000797	0.008951	0.000070	0.014345	0.001818	0.021015	0.126501	0.023643	0.100775	0.020890	0.076924	0.016772	0.067351	0.012123	0.064190	0.003157	0.058543	0.001087	0.061776	0.000918	0.068732	0.000204	0.078854	0.000085	0.086023	0.000217	0.081115	0.000197	0.081996	0.001245	0.072726	0.002091
0.006615	0.669414	0.033297	0.093216	0.047999	0.109213	0.028246	0.126501	0.045240	0.000116	0.030443	0.000002	0.018058	0.000181	0.013583	0.001080	0.012185	0.007531	0.009798	0.012102	0.011146	0.012696	0.014208	0.016561	0.018999	0.017890	0.022597	0.016444	0.020117	0.016623	0.020557	0.011596	0.016054	0.009457
0.014538	0.379787	0.000378	0.010692	0.000295	0.016529	0.001145	0.023643	0.000116	0.004322	0.052637	0.003193	0.035846	0.001721	0.029411	0.000488	0.027335	0.001013	0.023696	0.003031	0.025769	0.003332	0.030327	0.005438	0.037167	0.006210	0.042137	0.005371	0.038724	0.005473	0.039334	0.002781	0.032999	0.001789
0.001859	0.608335	0.020809	0.071339	0.032713	0.085413	0.016860	0.100775	0.030443	0.052637	0.016457	0.001992	0.007777	0.003559	0.004950	0.006251	0.004120	0.017682	0.002787	0.024399	0.003526	0.025240	0.005329	0.030584	0.008399	0.032381	0.010843	0.030425	0.009147	0.030669	0.009445	0.023678	0.006482	0.020576
0.016849	0.368497	0.000822	0.008869	0.000063	0.014241	0.001855	0.020890	0.000002	0.003193	0.001992	0.002809	0.034530	0.001442	0.028221	0.000345	0.026188	0.001249	0.022628	0.003430	0.024655	0.003750	0.029118	0.005967	0.035827	0.006775	0.040710	0.005897	0.037356	0.006005	0.037955	0.003163	0.031737	0.002098
0.000009	0.547392	0.010848	0.051526	0.019816	0.063582	0.008054	0.076924	0.018058	0.035846	0.007777	0.034530	0.011811	0.001534	0.008253	0.003431	0.007171	0.012652	0.005370	0.018417	0.006380	0.019148	0.008741	0.023836	0.012575	0.025426	0.015531	0.023696	0.013487	0.023911	0.013848	0.017791	0.010202	0.015117
0.020975	0.350480	0.001909	0.006265	0.000050	0.010881	0.003375	0.016772	0.000181	0.001721	0.003559	0.001442	0.001534	0.010026	0.052966	0.006517	0.050167	0.000719	0.045190	0.000013	0.048036	0.000001	0.054192	0.000228	0.063219	0.000406	0.069653	0.000214	0.065244	0.000235	0.066035	0.000035	0.057745	0.000267
0.000219	0.521324	0.007452	0.043749	0.015113	0.054908	0.005172	0.067351	0.013583	0.029411	0.004950	0.028221	0.008253	0.052966	0.019223	0.000116	0.017552	0.004184	0.014661	0.007728	0.016301	0.008204	0.019964	0.011361	0.025580	0.012467	0.029730	0.011265	0.026874	0.011413	0.027383	0.007324	0.022143	0.005647
0.026972	0.327881	0.003981	0.003569	0.000701	0.007209	0.006007	0.012123	0.001080	0.000488	0.006251	0.000345	0.003431	0.006517	0.000116	0.004863	0.045364	0.000250	0.040638	0.000055	0.043339	0.000101	0.049195	0.000680	0.057812	0.000970	0.063972	0.000657	0.059750	0.000693	0.060507	0.000026	0.052583	0.000029
0.000440	0.512461	0.006426	0.041208	0.013636	0.052057	0.004323	0.064190	0.012185	0.027335	0.004120	0.026188	0.007171	0.050167	0.017552	0.045364	0.005587	0.014987	0.004013	0.021213	0.004891	0.021998	0.006982	0.027004	0.010444	0.028694	0.013152	0.026855	0.011277	0.027084	0.011607	0.020541	0.008293	0.017659
0.047587	0.269048	0.013690	0.000034	0.006463	0.000961	0.017270	0.003157	0.007531	0.001013	0.017682	0.001249	0.012652	0.000719	0.004184	0.000250	0.014987	0.007554	0.074355	0.004056	0.077993	0.003723	0.085786	0.002026	0.097053	0.001595	0.104989	0.002067	0.099559	0.002004	0.100536	0.004358	0.090241	0.005844
0.001048	0.496270	0.004728	0.036710	0.011103	0.046985	0.002954	0.058543	0.009798	0.023696	0.002787	0.022628	0.005370	0.045190	0.014661	0.040638	0.004013	0.074355	0.013611	0.008524	0.015192	0.009024	0.018735	0.012323	0.024186	0.013473	0.028226	0.012222	0.025445	0.012377	0.025940	0.008100	0.020848	0.006331
0.058259	0.245493	0.019665	0.000302	0.010737	0.000060	0.023913	0.001087	0.012102	0.003031	0.024399	0.003430	0.018417	0.000013	0.007728	0.000055	0.021213	0.004056	0.008524	0.000614	0.036405	0.000754	0.041788	0.001889	0.049757	0.002355	0.055483	0.001850	0.051556	0.001910	0.052259	0.000504	0.044915	0.000145
0.000665	0.505600	0.005678	0.039280	0.012536	0.049886	0.003714	0.061776	0.011146	0.025769	0.003526	0.024655	0.006380	0.048036	0.016301	0.043339	0.004891	0.077993	0.015192	0.036405	0.020447	0.005664	0.024527	0.008331	0.030714	0.009281	0.035246	0.008248	0.032131	0.008375	0.032686	0.004937	0.026936	0.003580
0.059555	0.242855	0.020420	0.000402	0.011297	0.000026	0.024746	0.000918	0.012696	0.003332	0.025240	0.003750	0.019148	0.000001	0.008204	0.000101	0.021998	0.003723	0.009024	0.000754	0.005664	0.007371	0.021321	0.010377	0.027112	0.011435	0.031380	0.010285	0.028445	0.010427	0.028967	0.006539	0.023570	0.004960
0.000148	0.525154	0.007916	0.044864	0.015771	0.056156	0.005560	0.068732	0.014208	0.030327	0.005329	0.029118	0.008741	0.054192	0.019964	0.049195	0.006982	0.085786	0.018735	0.041788	0.024527	0.021321	0.025449	0.007807	0.031745	0.008727	0.036350	0.007727	0.033185	0.007850	0.033750	0.004536	0.027902	0.003239
0.067627	0.227329	0.025253	0.001301	0.014958	0.000119	0.030041	0.000204	0.016561	0.005438	0.030584	0.005967	0.023836	0.000228	0.011361	0.000680	0.027004	0.002026	0.012323	0.001889	0.008331	0.010377	0.007807	0.000286	0.062305	0.000483	0.068694	0.000271	0.064316	0.000294	0.065101	0.000017	0.056871	0.000211
0.000042	0.552521	0.011581	0.053108	0.020801	0.065338	0.008687	0.078854	0.018999	0.037167	0.008399	0.035827	0.012575	0.063219	0.025580	0.057812	0.010444	0.097053	0.024186	0.049757	0.030714	0.027112	0.031745	0.062305	0.025182	0.012747	0.029301	0.011531	0.026466	0.011682	0.026971	0.007540	0.021773	0.005837
0.070286	0.222526	0.026889	0.001692	0.016222	0.000255	0.031822	0.000085	0.017890	0.006210	0.032381	0.006775	0.025426	0.000406	0.012467	0.000970	0.028694	0.001595	0.013473	0.002355	0.009281	0.011435	0.008727	0.000483	0.012747	0.001512	0.104307	0.001972	0.098895	0.001911	0.099868	0.004220	0.089609	0.005684
0.000360	0.571238	0.014424	0.059019	0.024559	0.071877	0.011171	0.086023	0.022597	0.042137	0.010843	0.040710	0.015531	0.069653	0.029730	0.063972	0.013152	0.104989	0.028226	0.055483	0.035246	0.031380	0.036350	0.068694	0.029301	0.104307	0.000300	0.087549	0.000667	0.087962	0.000589	0.075809	0.001677	0.070172
0.067390	0.227763	0.025109	0.001269	0.014846	0.000109	0.029883	0.000217	0.016444	0.005371	0.030425	0.005897	0.023696	0.000214	0.011265	0.000657	0.026855	0.002067	0.012222	0.001850	0.008248	0.010285	0.007727	0.000271	0.011531	0.001972	0.087549	0.002658	0.103441	0.002586	0.104436	0.005199	0.093938	0.006813
0.000110	0.558478	0.012457	0.054966	0.021970	0.067397	0.009448	0.081115	0.020117	0.038724	0.009147	0.037356	0.013487	0.065244	0.026874	0.059750	0.011277	0.099559	0.025445	0.051556	0.032131	0.028445	0.033185	0.064316	0.026466	0.098895	0.000667	0.103441	0.045132	0.003402	0.045790	0.001375	0.038933	0.000710
0.067753	0.227098	0.025331	0.001319	0.015017	0.000124	0.030125	0.000197	0.016623	0.005473	0.030669	0.006005	0.023911	0.000235	0.011413	0.000693	0.027084	0.002004	0.012377	0.001910	0.008375	0.010427	0.007850	0.000294	0.011682	0.001911	0.087962	0.002586	0.003402	0.001177	0.056647	0.000170	0.048989	0.000007
0.000144	0.560787	0.012804	0.055692	0.022430	0.068201	0.009751	0.081996	0.020557	0.039334	0.009445	0.037955	0.013848	0.066035	0.027383	0.060507	0.011607	0.100536	0.025940	0.052259	0.032686	0.028967	0.033750	0.065101	0.026971	0.099868	0.000589	0.104436	0.045790	0.056647	0.024109	0.009176	0.019210	0.007285
0.057143	0.247801	0.019018	0.000227	0.010261	0.000102	0.023200	0.001245	0.011596	0.002781	0.023678	0.003163	0.017791	0.000035	0.007324	0.000026	0.020541	0.004358	0.008100	0.000504	0.004937	0.006539	0.004536	0.000017	0.007540	0.004220	0.075809	0.005199	0.001375	0.000170	0.009176	0.000340	0.063926	0.000834
0.000022	0.536095	0.009309	0.048101	0.017714	0.059771	0.006736	0.072726	0.016054	0.032999	0.006482	0.031737	0.010202	0.057745	0.022143	0.052583	0.008293	0.090241	0.020848	0.044915	0.026936	0.023570	0.027902	0.056871	0.021773	0.089609	0.001677	0.093938	0.038933	0.048989	0.019210	0.063926	0.023200	0.005132
0.052263	0.258299	0.016249	0.000021	0.008256	0.000421	0.020130	0.002091	0.009457	0.001789	0.020576	0.002098	0.015117	0.000267	0.005647	0.000029	0.017659	0.005844	0.006331	0.000145	0.003580	0.004960	0.003239	0.000211	0.005837	0.005684	0.070172	0.006813	0.000710	0.000007	0.007285	0.000834	0.005132	0.001123

wegight[fold=0]
-3.368047	3.368047	-3.368047	3.368047	-3.368047	3.368047	-3.368047	3.368047	-3.368047	3.368047	-3.368047	3.368047	-3.368047	3.368047	-3.368047	3.368047	-3.368047	3.368047	-3.368047	3.368047	-3.368047	3.368047	-3.368047	3.368047	-3.368047	3.368047	-3.368047	3.368047	-3.368047	3.368047	-3.368047	3.368047	-3.368047	3.368047
[y from w and x]
0	0	-11.226038
0	1	-22.010525
0	2	6.736094
0	3	-2.594744
0	4	6.736094
0	5	-15.294976
0	6	6.736094
0	7	-9.111241
0	8	-8.607381
0	9	1.324653
0	10	-31.433310
0	11	-19.023404
0	12	-2.594744
0	13	13.144141
0	14	-20.242974
0	15	-23.716441
0	16	-3.895483
0	17	-2.593733
0	18	-9.111241
0	19	-1.684024
0	20	1.324653
0	21	1.564795
0	22	-15.710929
0	23	-2.593733
0	24	-4.489607
0	25	-8.946207
0	26	-22.360128
0	27	6.736094
0	28	-30.312424
0	29	-11.764925
0	30	-11.310913
0	31	-19.830725
0	32	4.162569
0	33	-27.105370
0	34	-3.816671
0	35	7.008232
0	36	-6.736094
0	37	-4.922401
0	38	-4.489607
0	39	-16.840236
0	40	-5.725680
0	41	-5.725680
0	42	-3.724387
0	43	-24.541949
0	44	-30.891392
0	45	-23.576330
0	46	2.308796
0	47	-3.697779
0	48	13.144141
0	49	6.736094
0	50	-0.421006
0	51	-15.710929
0	52	-2.594744
0	53	0.000000
0	54	-21.050295
0	55	-21.050295
0	56	-0.694155
0	57	-7.237260
0	58	2.308796
0	59	-11.764925
0	60	-5.425924
0	61	-10.104141
0	62	3.368047
0	63	-14.129295
0	64	-23.433525
0	65	-5.380119
0	66	3.368047
0	67	-2.315532
0	68	-3.895483
0	69	-18.216420
0	70	-10.104141
0	71	-2.593733
0	72	-4.631402
0	73	-15.294976
0	74	-19.594961
0	75	-1.999610
0	76	-11.946800
0	77	-8.946207
0	78	-22.360128
0	79	-8.607381
0	80	-10.104141
0	81	-18.632710
0	82	-28.478523
0	83	2.420952
0	84	-5.425924
0	85	6.736094
0	86	-5.084067
0	87	-9.349025
0	88	6.736094
0	89	-5.380119
0	90	-27.105370
0	91	0.000000
0	92	-7.237260
0	93	6.736094
0	94	-11.946800
0	95	6.736094
0	96	-25.234083
0	97	-7.380065
0	98	-19.594961
0	99	-30.312424
0	100	-0.205114
0	101	-20.497935
0	102	-3.774907
0	103	0.631509
0	104	1.947742
0	105	-14.129295
0	106	-19.594961
0	107	-9.349025
0	108	-10.104141
0	109	-17.394616
0	110	-20.629289
0	111	-23.716441
0	112	-0.421006
0	113	-2.753715
1	0	-4.129563
1	1	-26.319604
1	2	-22.564232
1	3	-19.365934
1	4	-19.904822
1	5	-1.166355
1	6	2.690733
1	7	4.788353
1	8	-11.975428
1	9	-21.053326
1	10	-36.442944
1	11	-0.261024
1	12	-30.828072
1	13	4.788353
1	14	-31.928076
1	15	-15.414205
1	16	-28.561040
1	17	6.636737
1	18	-15.428014
1	19	-25.372173
1	20	-28.304731
1	21	-29.647572
1	22	-29.877946
1	23	-27.505157
1	24	-27.620007
1	25	-33.621867
1	26	-31.224828
1	27	-16.471435
1	28	-0.536530
1	29	-0.743665
1	30	-25.962255
1	31	-25.962255
1	32	7.689588
1	33	-25.316263
1	34	-20.311345
1	35	-10.126707
1	36	-0.743665
1	37	-39.464419
1	38	4.025827
1	39	-5.058470
1	40	2.892816
1	41	-30.828072
1	42	-26.319604
1	43	-25.903314
1	44	-16.066932
1	45	-24.432488
1	46	-19.263882
1	47	11.351666
1	48	1.578604
1	49	-25.372173
1	50	-6.908875
1	51	-17.135277
1	52	-27.601820
1	53	-26.205764
1	54	-27.620007
1	55	-0.460412
1	56	-27.601820
1	57	-31.120082
1	58	-13.577272
1	59	-28.181798
1	60	-23.360438
1	61	7.689588
1	62	-1.166355
1	63	-26.328698
1	64	-5.527302
1	65	-19.243674
1	66	-12.922860
1	67	-15.414205
1	68	-28.561040
1	69	-28.069305
1	70	-19.879561
1	71	-0.855484
1	72	-13.047141
1	73	-19.005553
1	74	5.922711
1	75	-8.938123
1	76	0.811026
1	77	7.952296
1	78	-28.631095
1	79	-0.460412
1	80	-8.168188
1	81	-28.263641
1	82	11.351666
1	83	7.993049
1	84	-12.922860
1	85	-41.207046
1	86	-18.784609
1	87	9.870736
1	88	-5.527302
1	89	-15.428014
1	90	0.148194
1	91	-19.658281
1	92	-24.231078
1	93	-40.748318
1	94	1.764183
1	95	-14.677613
1	96	-5.527302
1	97	7.952296
1	98	-15.142740
1	99	-27.509535
1	100	-16.066932
1	101	-2.213481
1	102	9.870736
1	103	8.026056
1	104	-27.022179
1	105	-14.677613
1	106	-34.472973
1	107	0.419322
1	108	-28.457977
1	109	-23.913808
1	110	-28.561040
1	111	-21.053326
1	112	-12.922860
1	113	-35.572640
1	114	-0.460412
1	115	-28.576870
1	116	-26.900256
1	117	-0.855484
1	118	-14.677613
1	119	4.025827
1	120	-2.992510
1	121	-29.522954
1	122	-27.671538
1	123	-24.432488
1	124	-27.916059
1	125	6.636737
1	126	-28.157884
1	127	-2.213481
1	128	-14.801557
1	129	6.310036
1	130	1.578604
1	131	-24.123974
1	132	-1.673583
1	133	-3.526682
1	134	-37.604583
1	135	-28.925799
1	136	-1.166355
1	137	-23.632240
1	138	-19.904822
1	139	-24.231078
1	140	-0.743665
1	141	-13.687070
1	142	-19.005553
1	143	-14.801557
1	144	-0.743665
1	145	-34.472973
1	146	-31.120082
1	147	-27.601820
1	148	-24.853157
1	149	-3.664435
1	150	-30.578837
1	151	-28.520286
1	152	-8.168188
1	153	-15.142740
1	154	-28.457977
1	155	-22.482388
1	156	2.690733
1	157	-23.571952
1	158	9.245289
1	159	-27.505157
1	160	-28.758407
1	161	-35.149950
1	162	17.552241
1	163	-28.228277
1	164	-16.471435
1	165	-4.129563
1	166	-17.817980
1	167	-32.748870
1	168	-25.883779
1	169	-27.671538
1	170	-19.879561
1	171	9.482737
1	172	-29.266646
1	173	-33.382062
1	174	-26.767555
1	175	-15.017785
1	176	7.355478
1	177	-30.625989
1	178	-26.767555
1	179	-33.621867
1	180	-19.658281
1	181	-19.904822
1	182	-13.687070
1	183	-4.424940
1	184	7.952296
1	185	-25.451322
1	186	7.355478
1	187	-29.647572
1	188	-22.336889
1	189	-28.520286
1	190	-40.748318
1	191	-28.925799
1	192	-27.671538
1	193	-25.962255
1	194	-3.416210
1	195	3.154850
1	196	-3.416210
1	197	-26.767555
1	198	-28.560029
1	199	-35.705005
1	200	-1.790454
1	201	-30.625989
1	202	-33.297188
J(w) : 0.000697
