[class #0] <getLBGClusterSize>
centroid size : 1
ctrd no.	datasize	worktype	data[0]	data[1]	data[2]	data[3]	data[4]	data[5]	data[6]	data[7]	data[8]	data[9]	data[10]	data[11]	data[12]	data[13]	data[14]	data[15]	data[16]	data[17]	data[18]	data[19]	data[20]	data[21]	data[22]	data[23]	data[24]	data[25]	data[26]	data[27]	data[28]	data[29]	data[30]	data[31]	data[32]	data[33]
		seed	0.282270	0.000000	0.437842	0.708165	0.674313	0.488775	0.575377	0.753013	0.814162	0.682090	0.440965	0.770167	0.772046	0.487551	0.451689	0.210453	0.364024	0.327665	0.357133	0.267612	0.881798	0.520428	0.313309	0.147653	0.266342	0.330351	0.783411	0.481149	0.610714	0.574386	0.374013	0.576335	0.562466	0.464273
0	114	clst	0.728070	0.000000	0.639618	0.503119	0.614534	0.501793	0.661166	0.486982	0.610490	0.525273	0.648259	0.547053	0.638717	0.479517	0.579610	0.500467	0.621188	0.409630	0.595618	0.494261	0.576344	0.553912	0.572902	0.485797	0.593625	0.406711	0.763555	0.426920	0.538892	0.507638	0.585432	0.472860	0.587367	0.542504
[class #0] <for of setCPON>
[class #0] <getLBGClusterSize>
centroid size : 2
ctrd no.	datasize	worktype	data[0]	data[1]	data[2]	data[3]	data[4]	data[5]	data[6]	data[7]	data[8]	data[9]	data[10]	data[11]	data[12]	data[13]	data[14]	data[15]	data[16]	data[17]	data[18]	data[19]	data[20]	data[21]	data[22]	data[23]	data[24]	data[25]	data[26]	data[27]	data[28]	data[29]	data[30]	data[31]	data[32]	data[33]
		seed	0.282379	0.000000	0.796520	0.531728	0.895681	0.566269	0.629801	0.692998	0.501160	0.562776	0.438092	0.771001	0.566587	0.193701	0.893699	0.526845	0.879139	0.667687	0.394918	0.754657	0.474360	0.811727	0.625594	0.293782	0.563350	0.541368	0.564108	0.102370	0.825955	0.339004	0.432027	0.351062	0.777589	0.350468
0	24	clst	0.166667	0.000000	0.743483	0.708333	0.810829	0.192483	0.746204	0.521737	0.682517	0.710562	0.747246	0.744529	0.827096	0.515446	0.828317	0.549375	0.678329	0.265608	0.473071	0.670567	0.513517	0.671788	0.616708	0.692054	0.729167	0.197117	0.956096	0.442129	0.514808	0.837387	0.541667	0.331975	0.574275	0.525817
		seed	0.815784	0.000000	0.867296	0.317227	0.726785	0.551880	0.862114	0.314594	0.326897	0.401622	0.402995	0.644340	0.671336	0.492116	0.575138	0.738691	0.511982	0.584956	0.675967	0.553400	0.563034	0.510361	0.338599	0.400868	0.666346	0.381435	0.498177	0.620320	0.561907	0.245273	0.494739	0.524312	0.743771	0.646033
1	90	clst	0.877778	0.000000	0.611921	0.448396	0.562189	0.584276	0.638489	0.477714	0.591283	0.475862	0.621862	0.494392	0.588482	0.469936	0.513288	0.487424	0.605950	0.448036	0.628298	0.447247	0.593098	0.522479	0.561220	0.430796	0.557480	0.462602	0.712211	0.422864	0.545314	0.419704	0.597103	0.510429	0.590858	0.546953
[class #0] <for of setCPON>
[class #0] <getLBGClusterSize>
centroid size : 3
ctrd no.	datasize	worktype	data[0]	data[1]	data[2]	data[3]	data[4]	data[5]	data[6]	data[7]	data[8]	data[9]	data[10]	data[11]	data[12]	data[13]	data[14]	data[15]	data[16]	data[17]	data[18]	data[19]	data[20]	data[21]	data[22]	data[23]	data[24]	data[25]	data[26]	data[27]	data[28]	data[29]	data[30]	data[31]	data[32]	data[33]
		seed	0.282461	0.000000	0.497274	0.355312	0.413822	0.643782	0.684224	0.632961	0.819072	0.443463	0.435219	0.771836	0.361128	0.493438	0.683071	0.245271	0.764853	0.403014	0.432704	0.563296	0.692181	0.486446	0.256363	0.439932	0.860358	0.127100	0.971921	0.485404	0.335401	0.726492	0.490041	0.760450	0.486708	0.765699
0	25	clst	0.000000	0.000000	0.520000	0.680000	0.560000	0.320000	0.680000	0.680000	0.480000	0.652500	0.600000	0.600000	0.500000	0.356252	0.540000	0.581256	0.452500	0.275000	0.360000	0.480000	0.440000	0.560000	0.480000	0.760000	0.720000	0.200000	0.800000	0.580000	0.360000	0.600000	0.500000	0.440000	0.440000	0.520000
		seed	0.405569	0.000000	0.908577	0.594520	0.825054	0.730059	0.847617	0.661770	0.386583	0.643179	0.768819	0.342340	0.727954	0.661821	0.334256	0.552593	0.856147	0.552495	0.420384	0.273575	0.480009	0.533129	0.263622	0.454328	0.512381	0.653975	0.937760	0.362205	0.459854	0.259339	0.715195	0.309982	0.507555	0.340668
1	26	clst	0.807692	0.000000	0.827688	0.437488	0.960923	0.522865	0.888746	0.409862	0.831965	0.411908	0.953819	0.560908	0.959492	0.503869	0.950373	0.515788	0.895585	0.457362	0.855619	0.550692	0.885785	0.620808	0.840515	0.367515	0.779962	0.455219	0.923538	0.442150	0.847715	0.565162	0.869477	0.448888	0.878165	0.611388
		seed	0.658387	0.000000	0.739859	0.418732	0.381739	0.564275	0.546452	0.441515	0.425147	0.319570	0.629904	0.376713	0.815731	0.754554	0.568924	0.436041	0.748660	0.608301	0.449254	0.771861	0.320541	0.725190	0.435228	0.597873	0.444897	0.300544	1.027613	0.137244	0.494855	0.669238	0.532551	0.619662	0.823884	0.331869
2	63	clst	0.984127	0.000000	0.609470	0.460014	0.493221	0.565237	0.559770	0.442216	0.570870	0.521571	0.541305	0.520324	0.561379	0.518381	0.442314	0.462084	0.574884	0.443356	0.581816	0.476632	0.502743	0.523889	0.499324	0.425802	0.466575	0.468719	0.683068	0.359889	0.482430	0.447246	0.502110	0.495792	0.525833	0.523005
[class #0] <for of setCPON>
[class #0] <getLBGClusterSize>
centroid size : 4
ctrd no.	datasize	worktype	data[0]	data[1]	data[2]	data[3]	data[4]	data[5]	data[6]	data[7]	data[8]	data[9]	data[10]	data[11]	data[12]	data[13]	data[14]	data[15]	data[16]	data[17]	data[18]	data[19]	data[20]	data[21]	data[22]	data[23]	data[24]	data[25]	data[26]	data[27]	data[28]	data[29]	data[30]	data[31]	data[32]	data[33]
		seed	0.282543	0.000000	0.855972	0.178875	0.635169	0.721295	0.738665	0.572946	0.506070	0.324150	0.432346	0.772671	0.789075	0.199570	0.472423	0.561663	0.650566	0.138322	0.470469	0.371915	0.284743	0.777744	0.568649	0.586081	0.490903	0.338137	0.752599	0.106625	0.550642	0.491110	0.548055	0.535177	0.701830	0.651893
0	25	clst	0.000000	0.000000	0.520000	0.680000	0.560000	0.320000	0.680000	0.680000	0.480000	0.652500	0.600000	0.600000	0.500000	0.356252	0.540000	0.581256	0.452500	0.275000	0.360000	0.480000	0.440000	0.560000	0.480000	0.760000	0.720000	0.200000	0.800000	0.580000	0.360000	0.600000	0.500000	0.440000	0.440000	0.520000
		seed	0.889218	0.000000	0.949837	0.207656	0.923322	0.261447	0.833101	0.337087	0.446268	0.248813	0.498522	0.661944	0.784591	0.237921	0.746050	0.366496	0.570911	0.520015	0.841038	0.672134	0.396983	0.555897	0.870140	0.507767	0.358416	0.301211	0.750226	0.104114	0.357802	0.273406	0.302196	0.730313	0.777342	0.564339
1	24	clst	0.791667	0.000000	0.884233	0.520512	0.891496	0.511079	0.924821	0.448917	0.695417	0.338333	0.927917	0.554100	0.976954	0.487446	0.884967	0.560046	0.873404	0.434558	0.809275	0.693392	0.881171	0.686208	0.924846	0.225342	0.711038	0.390029	0.946917	0.431908	0.757821	0.673537	0.769138	0.562271	0.880267	0.721167
		seed	1.031176	0.000000	0.349960	0.633415	0.622249	0.367383	0.705787	0.429376	0.661175	0.391880	0.542976	0.724089	0.872871	0.332519	0.813212	0.371259	0.474930	0.144837	0.493891	0.325478	0.528687	0.409147	0.360583	0.145298	0.619953	0.295754	0.636316	0.313405	0.828583	0.574519	0.442853	0.691537	0.525329	0.636669
2	44	clst	1.000000	0.000000	0.523216	0.470475	0.443766	0.562098	0.521359	0.564166	0.539743	0.574086	0.475805	0.539195	0.530561	0.563130	0.459495	0.474011	0.511391	0.490198	0.549982	0.479200	0.501834	0.448500	0.446739	0.455205	0.423591	0.458941	0.647193	0.328923	0.423711	0.451316	0.495395	0.505143	0.493255	0.513705
		seed	0.911641	0.000000	0.535342	0.740088	0.645105	0.213778	0.661279	0.586171	0.919228	0.464578	0.941025	0.249786	0.799919	0.773466	0.830043	0.264158	0.386305	0.391019	0.476350	0.355022	0.726872	0.823619	0.508313	0.378867	0.566157	0.693877	0.769325	0.374621	0.376929	0.489399	0.657066	0.643659	0.645822	0.511207
3	21	clst	0.952381	0.000000	0.746352	0.341067	0.720729	0.581248	0.630352	0.138986	0.817010	0.485181	0.747433	0.492429	0.643910	0.442010	0.529452	0.391629	0.763810	0.372605	0.727557	0.315219	0.546400	0.616333	0.545619	0.521129	0.665252	0.562424	0.754419	0.444310	0.742986	0.326090	0.665838	0.342152	0.625248	0.425448
[class #0] <for of setCPON>
[class #0] <getLBGClusterSize>
centroid size : 5
ctrd no.	datasize	worktype	data[0]	data[1]	data[2]	data[3]	data[4]	data[5]	data[6]	data[7]	data[8]	data[9]	data[10]	data[11]	data[12]	data[13]	data[14]	data[15]	data[16]	data[17]	data[18]	data[19]	data[20]	data[21]	data[22]	data[23]	data[24]	data[25]	data[26]	data[27]	data[28]	data[29]	data[30]	data[31]	data[32]	data[33]
		seed	0.282625	0.000000	0.556725	0.666594	0.856536	0.798789	0.793088	0.512930	0.823982	0.840760	0.429492	0.773505	0.583616	0.499308	0.261776	0.280089	0.536280	0.478345	0.508254	0.180555	0.502564	0.452463	0.880913	0.732210	0.787911	0.549173	0.533295	0.489682	0.765882	0.255728	0.606069	0.309885	0.410950	0.538088
0	9	clst	0.000000	0.000000	0.277778	0.388889	0.444444	0.666667	0.611111	0.833333	0.444444	0.368056	0.611111	0.611111	0.222222	0.267367	0.500000	0.392378	0.256944	0.111111	0.500000	0.055556	0.666667	0.222222	0.722222	0.722222	0.833333	0.055556	0.444444	0.333333	0.444444	0.555556	0.666667	0.388889	0.388889	0.500000
		seed	0.479003	0.000000	0.333194	0.484949	0.318365	0.439626	0.818604	0.684283	0.505954	0.490370	0.864346	0.359925	0.841228	0.407626	0.505168	0.778363	0.915077	0.487535	0.585455	0.392308	0.313958	0.578665	0.795162	0.561227	0.870914	0.573732	0.562691	0.607859	0.255749	0.287472	0.522653	0.515983	0.541126	0.788011
1	45	clst	0.888889	0.000000	0.575627	0.552822	0.370022	0.469164	0.466956	0.537431	0.520944	0.650051	0.555573	0.507722	0.459953	0.526480	0.448862	0.502209	0.568220	0.526456	0.520187	0.464642	0.428149	0.532600	0.457198	0.492504	0.513009	0.444976	0.665449	0.431422	0.537951	0.443882	0.498673	0.483933	0.490220	0.491036
		seed	0.510101	0.000000	0.617984	0.183922	0.862760	0.817304	0.865122	0.417238	0.897202	0.464170	0.456048	0.449861	0.930011	0.504090	0.404843	0.306477	0.830582	0.286105	0.538507	0.557520	0.736813	0.709704	0.285917	0.375430	0.794989	0.290945	0.872154	0.489566	0.456537	0.479800	0.353135	0.763413	0.732776	0.412416
2	21	clst	0.952381	0.000000	0.540505	0.219233	0.758186	0.753624	0.702500	0.198819	0.762967	0.374890	0.552448	0.494976	0.650905	0.461943	0.436524	0.381519	0.602276	0.345443	0.702190	0.315186	0.614576	0.500190	0.430510	0.460133	0.492686	0.564886	0.766100	0.321857	0.485014	0.295324	0.675838	0.497995	0.598457	0.492986
		seed	1.079623	0.000000	0.677576	0.419907	0.672510	0.425987	0.381170	0.578215	0.884765	0.788342	0.758375	0.755294	0.918838	0.539451	0.844503	0.788272	0.799868	0.585602	0.609703	0.556092	0.614555	0.693860	0.672556	0.285011	0.507683	0.377867	0.850031	0.644709	0.714727	0.579841	0.466205	0.243026	0.340411	0.570475
3	28	clst	0.821429	0.000000	0.862954	0.513382	0.892286	0.491639	0.896693	0.452014	0.701111	0.355129	0.921404	0.557929	0.962386	0.477364	0.882489	0.550375	0.867329	0.419750	0.794504	0.654214	0.858229	0.649107	0.917721	0.269836	0.705050	0.392089	0.929000	0.410568	0.751450	0.631936	0.771657	0.523968	0.851154	0.674861
		seed	0.531242	0.000000	0.660530	0.570522	0.734768	0.284028	0.646292	0.156528	0.306392	0.600523	0.348582	0.459592	0.696678	0.773720	0.689305	0.760790	0.912369	0.617620	0.567625	0.762338	0.310885	0.597049	0.889295	0.619812	0.667119	0.389794	0.930468	0.547573	0.834915	0.235332	0.353502	0.203030	0.494475	0.446014
4	11	clst	0.000000	0.000000	0.818182	0.909091	0.772727	0.045455	0.818182	0.636364	0.590909	0.863636	0.545455	0.727273	0.863636	0.500000	0.681818	0.681818	0.545455	0.272727	0.272727	0.909091	0.318182	0.772727	0.318182	0.863636	0.636364	0.272727	1.000000	0.727273	0.181818	0.818182	0.227273	0.318182	0.454545	0.545455
[class #0] <for of setCPON>
