[class #1] <getLBGClusterSize>
centroid size : 1
ctrd no.	datasize	worktype	data[0]	data[1]	data[2]	data[3]	data[4]	data[5]	data[6]	data[7]	data[8]	data[9]	data[10]	data[11]	data[12]	data[13]	data[14]	data[15]	data[16]	data[17]	data[18]	data[19]	data[20]	data[21]	data[22]	data[23]	data[24]	data[25]	data[26]	data[27]	data[28]	data[29]	data[30]	data[31]	data[32]	data[33]
		seed	1.000000	0.000000	0.856004	0.626147	0.918093	0.594703	0.815286	0.764524	0.941458	0.717946	0.607105	0.754616	0.859912	0.601717	0.584334	0.416492	0.455041	0.470162	0.489215	0.361766	0.988604	0.464858	0.527719	0.261486	0.505808	0.420499	0.773393	0.514691	0.794472	0.539033	0.601210	0.574971	0.709214	0.462420
0	203	clst	1.000000	0.000000	0.916907	0.546914	0.900029	0.600604	0.858047	0.620313	0.813661	0.623249	0.774183	0.615820	0.731653	0.596877	0.713723	0.576095	0.710434	0.524463	0.702742	0.496664	0.711042	0.489273	0.728419	0.482155	0.746301	0.473940	0.758697	0.485186	0.747891	0.492267	0.753229	0.508679	0.732142	0.521848
[class #1] <for of setCPON>
[class #1] <getLBGClusterSize>
centroid size : 2
ctrd no.	datasize	worktype	data[0]	data[1]	data[2]	data[3]	data[4]	data[5]	data[6]	data[7]	data[8]	data[9]	data[10]	data[11]	data[12]	data[13]	data[14]	data[15]	data[16]	data[17]	data[18]	data[19]	data[20]	data[21]	data[22]	data[23]	data[24]	data[25]	data[26]	data[27]	data[28]	data[29]	data[30]	data[31]	data[32]	data[33]
		seed	1.000000	0.000000	0.964266	0.557969	0.984986	0.629832	0.842413	0.731991	0.745060	0.645897	0.604789	0.755136	0.662266	0.424703	1.031420	0.590611	0.966610	0.695423	0.523046	0.651647	0.618371	0.677262	0.769157	0.356848	0.724055	0.568180	0.611075	0.308607	0.934071	0.374119	0.642924	0.430649	0.907302	0.375967
0	143	clst	1.000000	0.000000	0.919184	0.494606	0.923599	0.533433	0.913559	0.521198	0.909806	0.513829	0.905788	0.516101	0.897285	0.513041	0.900738	0.523478	0.887610	0.502194	0.875666	0.497348	0.873962	0.518193	0.866105	0.509346	0.860505	0.504148	0.854852	0.510841	0.835443	0.502429	0.837554	0.511653	0.815076	0.509478
		seed	1.000000	0.000000	0.985628	0.475082	0.933949	0.623309	0.958209	0.526863	0.635717	0.548581	0.576501	0.676341	0.763032	0.604467	0.709200	0.707196	0.601980	0.640615	0.774682	0.531862	0.698948	0.457517	0.547272	0.426731	0.799739	0.456251	0.562276	0.590410	0.762817	0.308449	0.688016	0.541642	0.876162	0.600495
1	60	clst	1.000000	0.000000	0.911482	0.671582	0.843855	0.760695	0.725743	0.856537	0.584515	0.884035	0.460523	0.853482	0.336897	0.796688	0.268003	0.701497	0.288165	0.577538	0.290607	0.495032	0.322748	0.420347	0.400267	0.417350	0.474117	0.401943	0.529527	0.424042	0.539223	0.468050	0.552253	0.501592	0.534483	0.551330
[class #1] <for of setCPON>
[class #1] <getLBGClusterSize>
centroid size : 3
ctrd no.	datasize	worktype	data[0]	data[1]	data[2]	data[3]	data[4]	data[5]	data[6]	data[7]	data[8]	data[9]	data[10]	data[11]	data[12]	data[13]	data[14]	data[15]	data[16]	data[17]	data[18]	data[19]	data[20]	data[21]	data[22]	data[23]	data[24]	data[25]	data[26]	data[27]	data[28]	data[29]	data[30]	data[31]	data[32]	data[33]
		seed	1.000000	0.000000	0.873943	0.489799	0.839378	0.664970	0.869540	0.699446	0.944539	0.573847	0.602473	0.755655	0.464620	0.605264	0.818373	0.435653	0.853110	0.520080	0.556877	0.537752	0.816301	0.440079	0.483693	0.452224	0.942302	0.278254	0.912919	0.517006	0.615913	0.645601	0.684639	0.692925	0.639454	0.691400
0	30	clst	1.000000	0.000000	0.942847	0.590387	0.943790	0.643710	0.908087	0.698313	0.845923	0.761640	0.807593	0.806660	0.722050	0.835517	0.692533	0.836543	0.622720	0.850880	0.555520	0.828970	0.505547	0.825083	0.465857	0.800027	0.416570	0.761017	0.393080	0.734910	0.366327	0.700613	0.351373	0.660867	0.345807	0.627857
		seed	1.000000	0.000000	0.998088	0.582232	0.963644	0.704081	0.950983	0.715063	0.673167	0.694449	0.871354	0.488470	0.817496	0.706697	0.465551	0.604781	0.943777	0.619110	0.545847	0.365315	0.623503	0.474119	0.489304	0.461619	0.686602	0.646989	0.887634	0.449977	0.696629	0.318305	0.846533	0.404331	0.658650	0.368523
1	40	clst	1.000000	0.000000	0.906098	0.703873	0.801927	0.809710	0.652568	0.924185	0.473670	0.936105	0.317062	0.857405	0.174655	0.758995	0.102073	0.617130	0.175567	0.428787	0.216768	0.316020	0.293210	0.218028	0.434837	0.236788	0.571315	0.241382	0.661328	0.298975	0.684190	0.392338	0.703875	0.469590	0.668800	0.573955
		seed	1.000000	0.000000	0.947164	0.514305	0.829683	0.628928	0.800868	0.595665	0.697365	0.499032	0.759389	0.509853	0.901936	0.762559	0.702915	0.540639	0.837030	0.656081	0.571696	0.661886	0.478597	0.614162	0.621979	0.555294	0.637014	0.399639	0.954140	0.327581	0.719330	0.605488	0.715205	0.602729	0.949932	0.361838
2	133	clst	1.000000	0.000000	0.914308	0.489902	0.919662	0.527992	0.908558	0.511329	0.908637	0.497941	0.904126	0.500116	0.901337	0.494292	0.902458	0.505005	0.891082	0.479610	0.882108	0.476036	0.883058	0.495104	0.875938	0.484250	0.873305	0.479128	0.870450	0.484861	0.853116	0.475326	0.858716	0.486108	0.838336	0.482265
[class #1] <for of setCPON>
[class #1] <getLBGClusterSize>
centroid size : 4
ctrd no.	datasize	worktype	data[0]	data[1]	data[2]	data[3]	data[4]	data[5]	data[6]	data[7]	data[8]	data[9]	data[10]	data[11]	data[12]	data[13]	data[14]	data[15]	data[16]	data[17]	data[18]	data[19]	data[20]	data[21]	data[22]	data[23]	data[24]	data[25]	data[26]	data[27]	data[28]	data[29]	data[30]	data[31]	data[32]	data[33]
		seed	1.000000	0.000000	0.982210	0.421621	0.906264	0.700108	0.896676	0.666912	0.748141	0.501798	0.600158	0.756174	0.876294	0.428238	0.605306	0.609773	0.739611	0.344724	0.590690	0.423845	0.446068	0.652483	0.725130	0.547599	0.670820	0.425948	0.750587	0.310922	0.755511	0.480688	0.726353	0.548603	0.837543	0.604947
0	43	clst	1.000000	0.000000	0.907535	0.700995	0.809502	0.801256	0.664821	0.916426	0.487851	0.926395	0.335872	0.860088	0.195944	0.766109	0.125049	0.633767	0.186284	0.454372	0.218372	0.344253	0.286284	0.248786	0.414665	0.258084	0.544595	0.256144	0.630330	0.305935	0.655314	0.387640	0.677070	0.457047	0.648970	0.552463
		seed	1.000000	0.000000	1.010542	0.432742	0.993339	0.491651	0.943748	0.539057	0.710618	0.456304	0.653496	0.687292	0.871980	0.451341	0.882076	0.502367	0.660504	0.597592	0.922477	0.602530	0.548059	0.490720	0.958223	0.496492	0.573466	0.400106	0.748831	0.309556	0.630441	0.328160	0.549571	0.673618	0.907075	0.538436
1	80	clst	1.000000	0.000000	0.963709	0.497117	0.960235	0.530765	0.952625	0.512256	0.954379	0.488975	0.956007	0.490345	0.952410	0.476731	0.951593	0.490095	0.955084	0.465071	0.938576	0.469065	0.944491	0.466987	0.948449	0.460124	0.942840	0.459679	0.941865	0.461958	0.934734	0.452742	0.934639	0.471950	0.918491	0.459541
		seed	1.000000	0.000000	0.829478	0.597262	0.902360	0.539674	0.880288	0.589085	0.845464	0.542698	0.689326	0.725952	0.956903	0.508327	0.950009	0.504988	0.565183	0.349040	0.611661	0.396206	0.667736	0.383716	0.564268	0.259950	0.765648	0.396287	0.664520	0.423426	0.935775	0.539126	0.650709	0.648776	0.675016	0.593381
2	45	clst	1.000000	0.000000	0.814191	0.474747	0.835456	0.516489	0.816313	0.497980	0.816213	0.500502	0.794993	0.485491	0.796924	0.485698	0.803424	0.487278	0.813787	0.441062	0.772456	0.455629	0.764378	0.478138	0.738236	0.454504	0.739773	0.438311	0.742036	0.450880	0.710756	0.457611	0.727647	0.435838	0.701513	0.445847
		seed	1.000000	0.000000	0.885433	0.638482	0.909267	0.470042	0.858103	0.674082	1.007383	0.586598	1.010151	0.430893	0.886725	0.773952	0.967033	0.446047	0.477169	0.512133	0.595956	0.413790	0.847825	0.685933	0.678483	0.412374	0.726118	0.674915	0.762967	0.456731	0.642846	0.479489	0.804735	0.618103	0.785969	0.498073
3	35	clst	1.000000	0.000000	0.953511	0.564220	0.956657	0.621869	0.932917	0.660789	0.889020	0.715543	0.870323	0.770083	0.801300	0.806529	0.777920	0.816003	0.662311	0.853557	0.669146	0.799751	0.630714	0.849983	0.598340	0.843351	0.553274	0.819923	0.519154	0.802611	0.482303	0.755711	0.465034	0.749720	0.447766	0.724369
[class #1] <for of setCPON>
[class #1] <getLBGClusterSize>
centroid size : 5
ctrd no.	datasize	worktype	data[0]	data[1]	data[2]	data[3]	data[4]	data[5]	data[6]	data[7]	data[8]	data[9]	data[10]	data[11]	data[12]	data[13]	data[14]	data[15]	data[16]	data[17]	data[18]	data[19]	data[20]	data[21]	data[22]	data[23]	data[24]	data[25]	data[26]	data[27]	data[28]	data[29]	data[30]	data[31]	data[32]	data[33]
		seed	1.000000	0.000000	0.891887	0.610083	0.973158	0.735237	0.923803	0.634379	0.947619	0.813762	0.597858	0.756693	0.678648	0.608799	0.392239	0.454815	0.626111	0.569986	0.624521	0.309951	0.643999	0.415300	0.966552	0.642961	0.889067	0.573643	0.588269	0.519333	0.895110	0.315774	0.768067	0.404269	0.569694	0.518494
0	36	clst	1.000000	0.000000	0.899939	0.710842	0.792003	0.815750	0.636486	0.932208	0.452003	0.936756	0.291725	0.845219	0.150086	0.737353	0.081628	0.585306	0.175092	0.386111	0.230069	0.273014	0.316989	0.177961	0.474847	0.212608	0.622586	0.230289	0.715253	0.305522	0.730878	0.417800	0.739983	0.508203	0.691333	0.625642
		seed	1.000000	0.000000	0.824418	0.539892	0.810532	0.572423	0.936521	0.727267	0.748068	0.602172	0.948349	0.499409	0.926463	0.553570	0.638426	0.729029	1.002300	0.576075	0.693643	0.435983	0.472615	0.507322	0.900255	0.531379	0.950059	0.590831	0.610027	0.583630	0.564253	0.338015	0.708088	0.536307	0.689563	0.708350
1	24	clst	1.000000	0.000000	0.928796	0.612692	0.921633	0.678113	0.859629	0.743029	0.783283	0.804954	0.713721	0.865875	0.617113	0.885692	0.547567	0.875783	0.457775	0.864679	0.381412	0.828058	0.331388	0.783925	0.288396	0.724463	0.251412	0.659425	0.250937	0.601821	0.251742	0.543425	0.270658	0.491675	0.299208	0.439862
		seed	1.000000	0.000000	0.910377	0.423571	0.975038	0.743630	0.959708	0.582505	0.993563	0.586351	0.619262	0.555358	1.011870	0.611680	0.536949	0.469336	0.918387	0.442629	0.651608	0.534314	0.856859	0.602870	0.506542	0.410131	0.894268	0.392921	0.839076	0.519270	0.694478	0.472764	0.586198	0.694824	0.866038	0.423026
2	125	clst	1.000000	0.000000	0.909882	0.489064	0.915314	0.525626	0.903553	0.507117	0.904639	0.493125	0.898042	0.488598	0.896435	0.479959	0.898252	0.489081	0.904217	0.456428	0.878773	0.464228	0.879650	0.471002	0.872772	0.458101	0.869736	0.451986	0.869926	0.457970	0.854102	0.454495	0.860122	0.458950	0.840379	0.454611
		seed	1.000000	0.000000	0.928364	0.514759	0.917548	0.566240	0.718484	0.669769	0.985758	0.782108	0.862936	0.745365	1.001122	0.632982	0.981659	0.734482	0.887885	0.641043	0.715353	0.533464	0.745764	0.591318	0.805465	0.351124	0.683150	0.453754	0.822702	0.603679	0.861932	0.542855	0.667500	0.361435	0.504741	0.543097
3	18	clst	1.000000	0.000000	0.983778	0.533089	0.981128	0.587650	0.983044	0.618983	0.945689	0.657606	0.959578	0.707100	0.903183	0.742772	0.918006	0.762350	0.772289	0.820011	0.854094	0.727350	0.834461	0.845911	0.819806	0.865217	0.796400	0.866383	0.750167	0.878006	0.705872	0.835300	0.680833	0.877650	0.639361	0.890500
		seed	1.000000	0.000000	0.923219	0.572959	0.936362	0.501887	0.850633	0.441178	0.622851	0.668690	0.532644	0.561411	0.787410	0.774105	0.824679	0.719358	0.999611	0.662255	0.677679	0.656218	0.469823	0.520727	0.973032	0.569611	0.800306	0.462101	0.882238	0.550830	0.939882	0.301484	0.586462	0.335812	0.646606	0.448549
4	0	clst	0.000000	0.000000	0.000000	0.000000	0.000000	0.000000	0.000000	0.000000	0.000000	0.000000	0.000000	0.000000	0.000000	0.000000	0.000000	0.000000	0.000000	0.000000	0.000000	0.000000	0.000000	0.000000	0.000000	0.000000	0.000000	0.000000	0.000000	0.000000	0.000000	0.000000	0.000000	0.000000	0.000000	0.000000
[class #1] <for of setCPON>
