[class #0] <getLBGClusterSize>
centroid size : 1
ctrd no.	datasize	worktype	data[0]	data[1]	data[2]	data[3]	data[4]	data[5]	data[6]	data[7]	data[8]	data[9]	data[10]	data[11]	data[12]	data[13]	data[14]	data[15]	data[16]	data[17]	data[18]	data[19]	data[20]	data[21]	data[22]	data[23]	data[24]	data[25]	data[26]	data[27]	data[28]	data[29]	data[30]	data[31]	data[32]	data[33]
		seed	0.295657	0.000000	0.427502	0.722948	0.658720	0.474516	0.561000	0.726543	0.811559	0.711255	0.441863	0.785610	0.763476	0.500121	0.455460	0.212836	0.390842	0.347145	0.343347	0.292277	0.882397	0.543799	0.307707	0.160162	0.250293	0.352057	0.792232	0.479796	0.606906	0.578347	0.377882	0.586517	0.554035	0.459698
0	114	clst	0.736842	0.000000	0.635704	0.512865	0.599091	0.487704	0.650112	0.462507	0.605480	0.550530	0.651674	0.554037	0.631181	0.491884	0.583380	0.502875	0.641119	0.431783	0.587798	0.520254	0.568063	0.578659	0.565146	0.493708	0.584629	0.432838	0.773132	0.425692	0.534872	0.510852	0.593586	0.479350	0.579870	0.541742
[class #0] <for of setCPON>
[class #0] <getLBGClusterSize>
centroid size : 2
ctrd no.	datasize	worktype	data[0]	data[1]	data[2]	data[3]	data[4]	data[5]	data[6]	data[7]	data[8]	data[9]	data[10]	data[11]	data[12]	data[13]	data[14]	data[15]	data[16]	data[17]	data[18]	data[19]	data[20]	data[21]	data[22]	data[23]	data[24]	data[25]	data[26]	data[27]	data[28]	data[29]	data[30]	data[31]	data[32]	data[33]
		seed	0.295765	0.000000	0.797601	0.542177	0.879532	0.553022	0.617532	0.666977	0.494857	0.588968	0.438955	0.786477	0.559610	0.198855	0.897469	0.529256	0.892163	0.698255	0.382077	0.782176	0.463115	0.847064	0.617402	0.304303	0.553702	0.575291	0.581274	0.101894	0.822781	0.340331	0.437071	0.353206	0.777236	0.340344
0	25	clst	0.240000	0.000000	0.793744	0.800000	0.798396	0.164784	0.736356	0.480868	0.675216	0.742140	0.797356	0.794748	0.814012	0.554828	0.815184	0.547400	0.731196	0.294984	0.534148	0.763744	0.572976	0.724916	0.612040	0.684372	0.700000	0.269232	0.957852	0.444444	0.534216	0.843892	0.560000	0.318696	0.591304	0.464784
		seed	0.823648	0.000000	0.870631	0.322406	0.711060	0.538445	0.858845	0.291411	0.318535	0.423797	0.403431	0.655012	0.663547	0.504801	0.578908	0.741121	0.534838	0.612826	0.670156	0.579740	0.554367	0.533319	0.332788	0.409933	0.658918	0.406099	0.517853	0.618644	0.557954	0.245552	0.501054	0.532638	0.742148	0.650319
1	89	clst	0.876404	0.000000	0.591310	0.432209	0.543107	0.578411	0.625887	0.457349	0.585891	0.496707	0.610752	0.486421	0.579824	0.474203	0.518266	0.490369	0.615817	0.470210	0.602869	0.451858	0.566683	0.537575	0.551974	0.440151	0.552221	0.478794	0.721244	0.420425	0.535056	0.417301	0.603020	0.524478	0.576658	0.563360
[class #0] <for of setCPON>
[class #0] <getLBGClusterSize>
centroid size : 3
ctrd no.	datasize	worktype	data[0]	data[1]	data[2]	data[3]	data[4]	data[5]	data[6]	data[7]	data[8]	data[9]	data[10]	data[11]	data[12]	data[13]	data[14]	data[15]	data[16]	data[17]	data[18]	data[19]	data[20]	data[21]	data[22]	data[23]	data[24]	data[25]	data[26]	data[27]	data[28]	data[29]	data[30]	data[31]	data[32]	data[33]
		seed	0.295846	0.000000	0.488826	0.361426	0.398884	0.631549	0.674064	0.607391	0.816527	0.466681	0.436047	0.787343	0.355744	0.506157	0.686841	0.247657	0.780937	0.424952	0.420808	0.589694	0.687268	0.508421	0.251234	0.448466	0.857111	0.137040	0.973568	0.484040	0.330781	0.732154	0.496261	0.777202	0.475431	0.775819
0	24	clst	0.000000	0.000000	0.520833	0.729167	0.520833	0.270833	0.604167	0.645833	0.458333	0.679688	0.625000	0.625000	0.479167	0.371096	0.541667	0.611983	0.533854	0.302083	0.333333	0.541667	0.437500	0.604167	0.416667	0.750000	0.666667	0.208333	0.833333	0.520833	0.354167	0.604167	0.500000	0.479167	0.416667	0.500000
		seed	0.417680	0.000000	0.913227	0.606511	0.809082	0.718954	0.843786	0.635984	0.378926	0.671375	0.773698	0.341562	0.719726	0.678790	0.338026	0.555007	0.869787	0.579307	0.408180	0.298274	0.468927	0.557022	0.258433	0.462666	0.501634	0.694417	0.940706	0.361127	0.455601	0.259776	0.725979	0.310660	0.497061	0.330066
1	25	clst	0.800000	0.000000	0.864048	0.495472	0.964852	0.465596	0.892140	0.367824	0.834400	0.455572	0.961504	0.585688	0.964540	0.548872	0.955448	0.478380	0.904148	0.494308	0.860724	0.614708	0.889452	0.660104	0.877660	0.406920	0.795264	0.480604	0.930000	0.430444	0.813352	0.592648	0.875628	0.413692	0.883880	0.581336
		seed	0.667880	0.000000	0.739136	0.426404	0.366880	0.551003	0.530954	0.417380	0.417946	0.339700	0.633097	0.377238	0.806823	0.773863	0.572694	0.438444	0.765178	0.636932	0.437772	0.799481	0.304824	0.756972	0.428615	0.604260	0.432696	0.320525	1.027140	0.136688	0.490705	0.674260	0.539633	0.631390	0.825270	0.320838
2	65	clst	0.984615	0.000000	0.590292	0.439689	0.487309	0.576282	0.573989	0.431234	0.571765	0.539363	0.542357	0.515662	0.559094	0.514565	0.455678	0.472011	0.579560	0.455625	0.576783	0.476020	0.492660	0.537915	0.499772	0.432457	0.473325	0.497360	0.690569	0.388735	0.494486	0.444937	0.519663	0.504671	0.523203	0.541926
[class #0] <for of setCPON>
[class #0] <getLBGClusterSize>
centroid size : 4
ctrd no.	datasize	worktype	data[0]	data[1]	data[2]	data[3]	data[4]	data[5]	data[6]	data[7]	data[8]	data[9]	data[10]	data[11]	data[12]	data[13]	data[14]	data[15]	data[16]	data[17]	data[18]	data[19]	data[20]	data[21]	data[22]	data[23]	data[24]	data[25]	data[26]	data[27]	data[28]	data[29]	data[30]	data[31]	data[32]	data[33]
		seed	0.295927	0.000000	0.858946	0.180654	0.619674	0.710076	0.730614	0.547826	0.499825	0.344394	0.433139	0.788209	0.780373	0.204872	0.476194	0.564077	0.669711	0.151629	0.459517	0.397191	0.267985	0.811685	0.560929	0.592628	0.479694	0.360294	0.762592	0.106139	0.546656	0.494139	0.555451	0.543891	0.698633	0.656465
0	25	clst	0.000000	0.000000	0.540000	0.700000	0.540000	0.300000	0.580000	0.620000	0.480000	0.652500	0.620000	0.620000	0.480000	0.376252	0.520000	0.627504	0.552500	0.290000	0.360000	0.520000	0.425000	0.620000	0.440000	0.720000	0.680000	0.200000	0.840000	0.500000	0.340000	0.580000	0.500000	0.480000	0.440000	0.480000
		seed	0.896322	0.000000	0.955801	0.210142	0.907104	0.244215	0.828708	0.313736	0.439317	0.267179	0.500119	0.673284	0.775924	0.244190	0.749821	0.368892	0.592189	0.545768	0.839357	0.699169	0.383488	0.580725	0.859918	0.515378	0.344351	0.321231	0.760309	0.103634	0.353248	0.273999	0.304609	0.745990	0.776980	0.564643
1	26	clst	0.807692	0.000000	0.862408	0.514877	0.889281	0.489446	0.896288	0.430600	0.686923	0.346396	0.924523	0.563900	0.965904	0.473038	0.880238	0.536904	0.869373	0.414942	0.789158	0.667988	0.855242	0.654600	0.917804	0.275885	0.696646	0.387942	0.932692	0.394658	0.743608	0.646777	0.765027	0.513165	0.849885	0.674362
		seed	1.036810	0.000000	0.336821	0.646362	0.606787	0.351537	0.696462	0.405333	0.656764	0.413812	0.545113	0.737785	0.863519	0.341177	0.816982	0.373656	0.498778	0.158356	0.483526	0.350482	0.519021	0.427947	0.354590	0.157839	0.611525	0.315458	0.650734	0.312440	0.825417	0.578481	0.448116	0.705831	0.515502	0.640498
2	44	clst	1.000000	0.000000	0.464718	0.414384	0.405445	0.585600	0.532161	0.523830	0.559809	0.604245	0.460957	0.524539	0.551461	0.517259	0.525130	0.483995	0.522832	0.449166	0.583927	0.474664	0.507202	0.456341	0.439595	0.434391	0.455630	0.472830	0.642707	0.317284	0.461286	0.382455	0.551261	0.480000	0.507486	0.543323
		seed	0.918513	0.000000	0.528107	0.755655	0.629585	0.195923	0.650230	0.560952	0.917867	0.488322	0.947995	0.245499	0.791133	0.793253	0.833813	0.266546	0.412527	0.412565	0.465546	0.380198	0.722967	0.859444	0.501094	0.388232	0.556569	0.736629	0.778682	0.373514	0.372431	0.492409	0.666671	0.656244	0.640521	0.508919
3	19	clst	1.000000	0.000000	0.847368	0.491942	0.728184	0.505589	0.678642	0.156932	0.764900	0.571305	0.761637	0.522058	0.556674	0.611058	0.395442	0.336047	0.719305	0.601132	0.620953	0.424005	0.504263	0.703605	0.537979	0.631395	0.604589	0.708026	0.768837	0.621437	0.676053	0.531205	0.580137	0.430716	0.562042	0.437842
[class #0] <for of setCPON>
[class #0] <getLBGClusterSize>
centroid size : 5
ctrd no.	datasize	worktype	data[0]	data[1]	data[2]	data[3]	data[4]	data[5]	data[6]	data[7]	data[8]	data[9]	data[10]	data[11]	data[12]	data[13]	data[14]	data[15]	data[16]	data[17]	data[18]	data[19]	data[20]	data[21]	data[22]	data[23]	data[24]	data[25]	data[26]	data[27]	data[28]	data[29]	data[30]	data[31]	data[32]	data[33]
		seed	0.296008	0.000000	0.550171	0.680356	0.840486	0.788582	0.787145	0.488260	0.821495	0.873881	0.430251	0.789076	0.576508	0.512175	0.265546	0.282478	0.558485	0.502739	0.498248	0.204709	0.492138	0.473042	0.870602	0.736770	0.783103	0.583547	0.551635	0.488308	0.762532	0.256124	0.614641	0.310560	0.396828	0.537111
0	6	clst	0.000000	0.000000	0.250000	0.416667	0.416667	0.583333	0.500000	0.833333	0.500000	0.385417	0.666667	0.666667	0.250000	0.317717	0.500000	0.447933	0.302083	0.083333	0.500000	0.000000	0.666667	0.166667	0.666667	0.666667	0.833333	0.000000	0.333333	0.333333	0.416667	0.583333	0.750000	0.333333	0.333333	0.500000
		seed	0.490354	0.000000	0.319521	0.494248	0.303666	0.424724	0.813649	0.658328	0.499708	0.514757	0.870385	0.359814	0.832121	0.418179	0.508938	0.780797	0.927138	0.512229	0.577381	0.417703	0.298049	0.604429	0.785562	0.568111	0.867895	0.609529	0.579912	0.606211	0.250894	0.288223	0.529534	0.524012	0.531893	0.799219
1	47	clst	0.872340	0.000000	0.555764	0.544204	0.371743	0.466066	0.471574	0.540149	0.514838	0.662981	0.557187	0.505243	0.451585	0.513443	0.461568	0.492932	0.578519	0.536181	0.516917	0.466179	0.412785	0.525532	0.452736	0.509500	0.507298	0.457438	0.682404	0.442219	0.507683	0.450415	0.511170	0.504221	0.485021	0.497028
		seed	0.521129	0.000000	0.613380	0.185825	0.846694	0.807339	0.861970	0.393285	0.895581	0.487904	0.457129	0.453160	0.920216	0.517078	0.408614	0.308868	0.844906	0.304231	0.529258	0.583884	0.733198	0.740850	0.280543	0.384841	0.790334	0.310370	0.877598	0.488192	0.452274	0.482702	0.356580	0.780271	0.730740	0.405312
2	24	clst	0.958333	0.000000	0.587012	0.166758	0.758467	0.811146	0.756054	0.165417	0.782346	0.369879	0.586058	0.406350	0.671525	0.430613	0.496892	0.468621	0.610700	0.435171	0.716492	0.370142	0.650917	0.608337	0.511883	0.381800	0.549663	0.629625	0.783917	0.370737	0.593346	0.270546	0.739713	0.573242	0.633842	0.592179
		seed	1.084755	0.000000	0.674870	0.427608	0.656922	0.410907	0.359270	0.553056	0.882996	0.820156	0.763127	0.770174	0.909130	0.553332	0.848273	0.790707	0.815015	0.613493	0.602235	0.582447	0.607386	0.724355	0.663974	0.295652	0.496835	0.402324	0.856316	0.642976	0.711225	0.583863	0.471942	0.241315	0.323640	0.571077
3	26	clst	0.769231	0.000000	0.875423	0.630262	0.889281	0.374062	0.877058	0.437262	0.675038	0.419642	0.924523	0.679285	0.965904	0.565462	0.841777	0.470212	0.901073	0.387642	0.750696	0.712123	0.836012	0.641038	0.917804	0.352808	0.715877	0.374342	0.932692	0.417188	0.668231	0.656712	0.745796	0.430373	0.830654	0.603308
		seed	0.542051	0.000000	0.657281	0.581924	0.719023	0.267091	0.634662	0.134530	0.297787	0.627655	0.348358	0.463260	0.688692	0.793513	0.693076	0.763222	0.924502	0.646556	0.559105	0.789902	0.294887	0.623568	0.878914	0.625900	0.659707	0.414942	0.933692	0.546065	0.831768	0.235499	0.356955	0.199892	0.483490	0.440548
4	11	clst	0.000000	0.000000	0.727273	0.909091	0.636364	0.090909	0.727273	0.636364	0.500000	0.863636	0.545455	0.727273	0.727273	0.454545	0.727273	0.727273	0.545455	0.272727	0.272727	0.909091	0.363636	0.818182	0.272727	0.909091	0.545455	0.272727	1.000000	0.545455	0.272727	0.909091	0.181818	0.363636	0.409091	0.500000
[class #0] <for of setCPON>
