[class #0] <getLBGClusterSize>
centroid size : 1
ctrd no.	datasize	worktype	data[0]	data[1]	data[2]	data[3]	data[4]	data[5]	data[6]	data[7]	data[8]	data[9]	data[10]	data[11]	data[12]	data[13]	data[14]	data[15]	data[16]	data[17]	data[18]	data[19]	data[20]	data[21]	data[22]	data[23]	data[24]	data[25]	data[26]	data[27]	data[28]	data[29]	data[30]	data[31]	data[32]	data[33]
		seed	0.273357	0.000000	0.413490	0.731466	0.657675	0.465310	0.567142	0.744068	0.811514	0.709796	0.420187	0.789365	0.751475	0.478157	0.452730	0.187244	0.352611	0.358308	0.326005	0.269080	0.889388	0.541092	0.309106	0.189655	0.258397	0.359629	0.790047	0.500061	0.614372	0.571370	0.360147	0.576013	0.539542	0.455059
0	108	clst	0.722222	0.000000	0.625526	0.517295	0.596633	0.478998	0.656018	0.473159	0.604376	0.557093	0.626427	0.559778	0.616468	0.469972	0.581388	0.486219	0.607565	0.442246	0.570851	0.499301	0.566843	0.576481	0.564407	0.522769	0.587810	0.440886	0.770977	0.445101	0.542973	0.506233	0.580172	0.466471	0.564862	0.533306
[class #0] <for of setCPON>
[class #0] <getLBGClusterSize>
centroid size : 2
ctrd no.	datasize	worktype	data[0]	data[1]	data[2]	data[3]	data[4]	data[5]	data[6]	data[7]	data[8]	data[9]	data[10]	data[11]	data[12]	data[13]	data[14]	data[15]	data[16]	data[17]	data[18]	data[19]	data[20]	data[21]	data[22]	data[23]	data[24]	data[25]	data[26]	data[27]	data[28]	data[29]	data[30]	data[31]	data[32]	data[33]
		seed	0.273467	0.000000	0.790405	0.547177	0.883720	0.546793	0.623524	0.682952	0.493185	0.593612	0.417329	0.790224	0.543429	0.178806	0.897290	0.513413	0.863300	0.706516	0.364798	0.763800	0.459153	0.848960	0.616229	0.333610	0.557339	0.584180	0.579417	0.116175	0.828346	0.341671	0.420522	0.337533	0.758292	0.341230
0	26	clst	0.230769	0.000000	0.743985	0.788462	0.786919	0.139215	0.727265	0.481604	0.649246	0.713596	0.747458	0.783412	0.801935	0.514258	0.822292	0.526346	0.710285	0.341331	0.494373	0.715138	0.531708	0.716265	0.646192	0.754204	0.730769	0.278108	0.997935	0.465812	0.532900	0.792204	0.500000	0.325669	0.568562	0.446908
		seed	0.810540	0.000000	0.864779	0.323131	0.711255	0.531663	0.864197	0.297610	0.315956	0.436686	0.382410	0.659887	0.649498	0.482807	0.576891	0.731806	0.499297	0.621793	0.653342	0.559372	0.552788	0.530453	0.333978	0.439103	0.661005	0.413990	0.516093	0.641109	0.565852	0.250203	0.485787	0.520940	0.723903	0.636856
1	82	clst	0.878049	0.000000	0.587966	0.431316	0.536299	0.586734	0.633427	0.470482	0.590149	0.507470	0.588051	0.488870	0.557661	0.455930	0.505004	0.473496	0.574995	0.474244	0.595100	0.430865	0.577983	0.532159	0.538476	0.449387	0.542482	0.492499	0.699015	0.438534	0.546167	0.415560	0.605593	0.511116	0.563689	0.560700
[class #0] <for of setCPON>
[class #0] <getLBGClusterSize>
centroid size : 3
ctrd no.	datasize	worktype	data[0]	data[1]	data[2]	data[3]	data[4]	data[5]	data[6]	data[7]	data[8]	data[9]	data[10]	data[11]	data[12]	data[13]	data[14]	data[15]	data[16]	data[17]	data[18]	data[19]	data[20]	data[21]	data[22]	data[23]	data[24]	data[25]	data[26]	data[27]	data[28]	data[29]	data[30]	data[31]	data[32]	data[33]
		seed	0.273549	0.000000	0.475944	0.362910	0.391681	0.628297	0.679906	0.621815	0.816508	0.477429	0.414470	0.791083	0.335384	0.484155	0.685447	0.223138	0.749995	0.435471	0.403591	0.569424	0.689161	0.505176	0.253102	0.477585	0.856280	0.143344	0.971103	0.504373	0.340680	0.719804	0.480898	0.770923	0.462506	0.756547
0	26	clst	0.000000	0.000000	0.519231	0.711538	0.538462	0.307692	0.653846	0.653846	0.442308	0.646635	0.596154	0.596154	0.480769	0.342550	0.538462	0.578131	0.480769	0.283654	0.365385	0.519231	0.442308	0.596154	0.500000	0.769231	0.711538	0.211538	0.846154	0.557692	0.403846	0.596154	0.442308	0.442308	0.423077	0.500000
		seed	0.397504	0.000000	0.908159	0.612763	0.811600	0.719016	0.849177	0.651151	0.376658	0.671906	0.746374	0.349125	0.706828	0.655689	0.334618	0.539957	0.840506	0.588550	0.390943	0.275136	0.465117	0.554516	0.260240	0.491767	0.506038	0.704009	0.938292	0.379514	0.464401	0.263929	0.715217	0.294044	0.483704	0.331428
1	22	clst	0.818182	0.000000	0.830900	0.493736	0.960205	0.451873	0.881177	0.347009	0.851936	0.466923	0.960327	0.646536	0.964950	0.495418	0.957518	0.470218	0.901568	0.531041	0.864459	0.566259	0.889905	0.651900	0.837214	0.436414	0.800273	0.512714	0.943700	0.481859	0.836318	0.552809	0.886686	0.392573	0.870168	0.503691
		seed	0.652060	0.000000	0.730863	0.429152	0.358919	0.544697	0.537176	0.426858	0.415879	0.356786	0.608166	0.384496	0.795711	0.750158	0.570641	0.419802	0.733942	0.645700	0.420583	0.781276	0.296727	0.757500	0.429009	0.633177	0.438114	0.327910	1.024592	0.151520	0.499196	0.663933	0.525138	0.621880	0.805367	0.322628
2	60	clst	1.000000	0.000000	0.596283	0.441762	0.488532	0.563177	0.574400	0.441117	0.583833	0.551353	0.517115	0.512203	0.547493	0.515858	0.462075	0.452258	0.554708	0.478412	0.552230	0.466113	0.502352	0.540302	0.492288	0.447632	0.456292	0.513933	0.675068	0.382833	0.495702	0.450190	0.527525	0.504038	0.514357	0.558597
[class #0] <for of setCPON>
[class #0] <getLBGClusterSize>
centroid size : 4
ctrd no.	datasize	worktype	data[0]	data[1]	data[2]	data[3]	data[4]	data[5]	data[6]	data[7]	data[8]	data[9]	data[10]	data[11]	data[12]	data[13]	data[14]	data[15]	data[16]	data[17]	data[18]	data[19]	data[20]	data[21]	data[22]	data[23]	data[24]	data[25]	data[26]	data[27]	data[28]	data[29]	data[30]	data[31]	data[32]	data[33]
		seed	0.273632	0.000000	0.852879	0.178622	0.617704	0.709801	0.736305	0.560699	0.498178	0.361246	0.411612	0.791941	0.768719	0.184785	0.473583	0.549307	0.636691	0.164407	0.442363	0.375027	0.258926	0.813044	0.560224	0.621561	0.484420	0.367914	0.760454	0.120487	0.554654	0.490104	0.541273	0.532442	0.681256	0.642718
0	27	clst	0.000000	0.000000	0.537037	0.722222	0.555556	0.296296	0.666667	0.666667	0.462963	0.659722	0.611111	0.611111	0.500000	0.329863	0.555556	0.593756	0.500000	0.273148	0.388889	0.500000	0.462963	0.611111	0.518519	0.777778	0.722222	0.203704	0.851852	0.574074	0.425926	0.611111	0.462963	0.462963	0.444444	0.518519
		seed	0.884478	0.000000	0.951518	0.208684	0.911945	0.226278	0.834140	0.320515	0.437359	0.287885	0.477452	0.678002	0.764178	0.223854	0.748789	0.348108	0.557720	0.555289	0.822816	0.679976	0.377446	0.578579	0.856732	0.544411	0.351071	0.328621	0.758174	0.117942	0.362949	0.277656	0.285407	0.739019	0.758040	0.555146
1	22	clst	0.863636	0.000000	0.769209	0.448282	0.823523	0.527845	0.881177	0.392464	0.715573	0.365659	0.869418	0.557373	0.930386	0.416582	0.889336	0.583855	0.810659	0.479295	0.773550	0.702623	0.867177	0.676173	0.875523	0.254595	0.652418	0.473750	0.913400	0.322768	0.790864	0.552809	0.782050	0.438027	0.823605	0.662782
		seed	1.027412	0.000000	0.321140	0.653389	0.604511	0.337669	0.702244	0.414497	0.655923	0.427199	0.521680	0.741950	0.853570	0.320223	0.816339	0.353018	0.462564	0.171079	0.466410	0.327857	0.516519	0.423481	0.355599	0.187335	0.614310	0.322813	0.648769	0.330055	0.830958	0.571500	0.431789	0.697970	0.501778	0.627490
2	46	clst	1.000000	0.000000	0.565378	0.467622	0.450859	0.540113	0.522015	0.516298	0.569948	0.608902	0.470407	0.523146	0.532298	0.535304	0.487324	0.444963	0.525189	0.495726	0.541270	0.443126	0.488172	0.455209	0.463211	0.450102	0.416122	0.449072	0.637491	0.343450	0.424020	0.451843	0.510713	0.502689	0.495300	0.522589
		seed	0.907056	0.000000	0.515948	0.764809	0.627850	0.176156	0.656135	0.574167	0.918368	0.497990	0.917704	0.253886	0.779700	0.769424	0.833266	0.242609	0.374700	0.423187	0.448401	0.357867	0.725793	0.861528	0.500886	0.417429	0.560164	0.746470	0.776519	0.392096	0.381963	0.488435	0.654721	0.647285	0.624303	0.502002
3	13	clst	1.000000	0.000000	0.778985	0.384238	0.813800	0.559538	0.727023	0.055177	0.831723	0.484577	0.799092	0.586854	0.624946	0.620146	0.446738	0.243631	0.778754	0.541515	0.710415	0.352538	0.552708	0.764962	0.491292	0.704092	0.806823	0.848915	0.834315	0.743946	0.787477	0.402046	0.727746	0.393738	0.623231	0.382823
[class #0] <for of setCPON>
[class #0] <getLBGClusterSize>
centroid size : 5
ctrd no.	datasize	worktype	data[0]	data[1]	data[2]	data[3]	data[4]	data[5]	data[6]	data[7]	data[8]	data[9]	data[10]	data[11]	data[12]	data[13]	data[14]	data[15]	data[16]	data[17]	data[18]	data[19]	data[20]	data[21]	data[22]	data[23]	data[24]	data[25]	data[26]	data[27]	data[28]	data[29]	data[30]	data[31]	data[32]	data[33]
		seed	0.273714	0.000000	0.538418	0.688045	0.843749	0.791284	0.792687	0.499583	0.821501	0.864303	0.408773	0.792800	0.560674	0.490134	0.261720	0.259032	0.523386	0.512615	0.481156	0.180651	0.488934	0.469261	0.867327	0.765516	0.783362	0.592485	0.549823	0.508709	0.768627	0.260405	0.601649	0.293942	0.385470	0.528889
0	8	clst	0.000000	0.000000	0.250000	0.375000	0.437500	0.687500	0.625000	0.875000	0.375000	0.289063	0.562500	0.562500	0.187500	0.238287	0.500000	0.378925	0.250000	0.125000	0.562500	0.062500	0.687500	0.187500	0.750000	0.750000	0.937500	0.062500	0.500000	0.375000	0.500000	0.500000	0.625000	0.375000	0.375000	0.500000
		seed	0.471443	0.000000	0.303522	0.498316	0.294207	0.413631	0.819120	0.674078	0.498060	0.523105	0.841416	0.367221	0.821528	0.396735	0.506517	0.772704	0.898929	0.522027	0.560416	0.395741	0.289775	0.602642	0.782993	0.597075	0.866905	0.618620	0.578057	0.628479	0.261498	0.291383	0.514838	0.512123	0.517841	0.778864
1	52	clst	0.807692	0.000000	0.539298	0.576167	0.373365	0.466606	0.507585	0.567688	0.458192	0.636935	0.533658	0.560108	0.486637	0.458912	0.483406	0.531254	0.547606	0.498033	0.438165	0.529475	0.477752	0.559950	0.503040	0.487002	0.434615	0.472540	0.736329	0.368787	0.480404	0.521100	0.459317	0.510325	0.520162	0.502235
		seed	0.502754	0.000000	0.602792	0.183894	0.850104	0.810752	0.867313	0.402136	0.895968	0.497593	0.435194	0.459766	0.911429	0.495006	0.405613	0.286234	0.815160	0.315748	0.512216	0.563557	0.736291	0.741133	0.282167	0.414043	0.790486	0.317696	0.875281	0.508591	0.461103	0.479067	0.338419	0.774060	0.712723	0.403191
2	19	clst	1.000000	0.000000	0.562553	0.089179	0.811758	0.828105	0.845700	0.114463	0.817574	0.410242	0.565053	0.373847	0.741263	0.422274	0.558200	0.375474	0.580305	0.455405	0.730926	0.311395	0.726526	0.571874	0.424658	0.428558	0.545374	0.680532	0.726353	0.473432	0.672074	0.201274	0.811421	0.569558	0.650132	0.631111
		seed	1.076192	0.000000	0.665414	0.430380	0.655834	0.399290	0.365947	0.566065	0.883318	0.813261	0.735983	0.774061	0.900115	0.531029	0.847810	0.782919	0.784710	0.622455	0.585311	0.562106	0.607192	0.724389	0.662415	0.324969	0.501309	0.410193	0.854032	0.665826	0.717772	0.576694	0.456092	0.223162	0.313742	0.561282
3	21	clst	0.809524	0.000000	0.896419	0.629181	0.861810	0.296871	0.804152	0.376505	0.781557	0.497062	0.936567	0.701300	0.889971	0.569719	0.859381	0.462910	0.910271	0.438676	0.832367	0.617871	0.789138	0.632233	0.844257	0.475824	0.762924	0.410167	0.913129	0.423752	0.756700	0.654848	0.755100	0.358114	0.766867	0.475700
		seed	0.524040	0.000000	0.647501	0.587697	0.719408	0.250022	0.640609	0.136646	0.295102	0.630369	0.328274	0.469780	0.675158	0.769683	0.691717	0.754587	0.896244	0.655244	0.542111	0.771602	0.286531	0.622071	0.875570	0.654789	0.661783	0.422884	0.931289	0.567380	0.837253	0.240501	0.338801	0.180822	0.470404	0.436796
4	8	clst	0.000000	0.000000	1.000000	1.000000	1.000000	0.000000	0.812500	0.562500	0.812500	0.812500	0.625000	0.625000	0.875000	0.625000	0.625000	0.625000	0.625000	0.375000	0.375000	0.875000	0.062500	0.937500	0.375000	0.875000	0.875000	0.125000	1.000000	1.000000	0.125000	0.750000	0.312500	0.312500	0.312500	0.687500
[class #0] <for of setCPON>
