[class #0] <getLBGClusterSize>
centroid size : 1
ctrd no.	datasize	worktype	data[0]	data[1]	data[2]	data[3]	data[4]	data[5]	data[6]	data[7]	data[8]	data[9]	data[10]	data[11]	data[12]	data[13]	data[14]	data[15]	data[16]	data[17]	data[18]	data[19]	data[20]	data[21]	data[22]	data[23]	data[24]	data[25]	data[26]	data[27]	data[28]	data[29]	data[30]	data[31]	data[32]	data[33]
		seed	0.256146	0.000000	0.423198	0.727851	0.663945	0.472139	0.574448	0.749362	0.827552	0.705949	0.447472	0.774307	0.767497	0.477808	0.459485	0.195700	0.379800	0.340284	0.359622	0.283897	0.897928	0.545057	0.319762	0.146439	0.261088	0.341327	0.796171	0.478117	0.618398	0.579585	0.363371	0.576573	0.564506	0.454161
0	114	clst	0.710526	0.000000	0.633771	0.515436	0.602964	0.485332	0.664713	0.472849	0.615033	0.543051	0.656005	0.548621	0.630366	0.469382	0.589701	0.495912	0.636604	0.424751	0.605884	0.516817	0.575855	0.580198	0.581831	0.492482	0.596346	0.421220	0.776359	0.422776	0.546154	0.511977	0.583999	0.467857	0.590804	0.537552
[class #0] <for of setCPON>
[class #0] <getLBGClusterSize>
centroid size : 2
ctrd no.	datasize	worktype	data[0]	data[1]	data[2]	data[3]	data[4]	data[5]	data[6]	data[7]	data[8]	data[9]	data[10]	data[11]	data[12]	data[13]	data[14]	data[15]	data[16]	data[17]	data[18]	data[19]	data[20]	data[21]	data[22]	data[23]	data[24]	data[25]	data[26]	data[27]	data[28]	data[29]	data[30]	data[31]	data[32]	data[33]
		seed	0.256257	0.000000	0.797513	0.545073	0.889765	0.550680	0.631711	0.686982	0.500954	0.582009	0.444582	0.775151	0.556179	0.169631	0.909428	0.523218	0.894196	0.690683	0.398639	0.784416	0.468323	0.850770	0.635025	0.295982	0.565334	0.562109	0.577352	0.091574	0.834904	0.341172	0.423912	0.339890	0.791703	0.332847
0	27	clst	0.185185	0.000000	0.753467	0.759259	0.776293	0.189615	0.737367	0.463767	0.680756	0.742722	0.756811	0.754396	0.790752	0.536941	0.810356	0.502541	0.695552	0.328689	0.494581	0.707170	0.549052	0.726774	0.640778	0.707752	0.722222	0.249289	0.960974	0.448559	0.531681	0.818419	0.518519	0.332126	0.584541	0.467393
		seed	0.799929	0.000000	0.871374	0.322863	0.717472	0.536096	0.876147	0.293668	0.319122	0.414605	0.409274	0.647029	0.663915	0.482596	0.585149	0.742514	0.527551	0.605427	0.688852	0.577592	0.561821	0.534492	0.345294	0.405569	0.670840	0.394776	0.511567	0.620141	0.569303	0.246234	0.489355	0.521915	0.755987	0.647911
1	87	clst	0.873563	0.000000	0.596624	0.439767	0.549172	0.577107	0.642166	0.475668	0.594637	0.481084	0.624721	0.484760	0.580591	0.448416	0.521222	0.493855	0.618310	0.454563	0.640426	0.457741	0.584174	0.534709	0.563537	0.425675	0.557282	0.474578	0.719064	0.414775	0.550645	0.416875	0.604321	0.509980	0.592747	0.559325
[class #0] <for of setCPON>
[class #0] <getLBGClusterSize>
centroid size : 3
ctrd no.	datasize	worktype	data[0]	data[1]	data[2]	data[3]	data[4]	data[5]	data[6]	data[7]	data[8]	data[9]	data[10]	data[11]	data[12]	data[13]	data[14]	data[15]	data[16]	data[17]	data[18]	data[19]	data[20]	data[21]	data[22]	data[23]	data[24]	data[25]	data[26]	data[27]	data[28]	data[29]	data[30]	data[31]	data[32]	data[33]
		seed	0.256340	0.000000	0.485221	0.362316	0.398215	0.629242	0.688975	0.624580	0.832675	0.458069	0.441692	0.775996	0.344861	0.483983	0.695019	0.231742	0.780069	0.417933	0.437657	0.587762	0.697994	0.509393	0.262274	0.445545	0.869581	0.128672	0.984265	0.482459	0.341466	0.733649	0.484453	0.770014	0.484495	0.775471
0	27	clst	0.000000	0.000000	0.518519	0.703704	0.537037	0.314815	0.648148	0.648148	0.462963	0.659722	0.611111	0.611111	0.462963	0.329863	0.537037	0.575237	0.493056	0.287037	0.351852	0.500000	0.444444	0.592593	0.481481	0.777778	0.685185	0.203704	0.814815	0.518519	0.370370	0.592593	0.481481	0.462963	0.425926	0.500000
		seed	0.381818	0.000000	0.914454	0.610121	0.817717	0.716686	0.860893	0.654523	0.381400	0.665529	0.777286	0.341548	0.722147	0.660576	0.339943	0.549872	0.871236	0.571975	0.424935	0.290025	0.474279	0.558387	0.269601	0.460278	0.513123	0.679927	0.950178	0.356735	0.466651	0.260482	0.719414	0.296729	0.506512	0.322401
1	26	clst	0.807692	0.000000	0.854085	0.477458	0.966204	0.503635	0.915519	0.372908	0.858362	0.452631	0.959854	0.582400	0.965904	0.549842	0.957162	0.474735	0.904258	0.517315	0.883523	0.593300	0.912935	0.663038	0.846927	0.391269	0.809750	0.498581	0.932692	0.485354	0.836781	0.571196	0.880412	0.433804	0.907577	0.578208
		seed	0.639502	0.000000	0.738382	0.428015	0.365486	0.548660	0.544013	0.425590	0.421640	0.329371	0.637541	0.376318	0.812428	0.757830	0.578823	0.429220	0.763899	0.629484	0.454747	0.802097	0.306135	0.759951	0.442844	0.607176	0.443994	0.310141	1.039833	0.127163	0.501858	0.675659	0.528814	0.622095	0.840596	0.313021
2	61	clst	0.983607	0.000000	0.590880	0.448292	0.477321	0.553007	0.565144	0.437856	0.578630	0.529949	0.546367	0.506564	0.561446	0.496843	0.456389	0.469828	0.586061	0.446252	0.599987	0.491661	0.490348	0.539403	0.513256	0.409344	0.466066	0.484525	0.692703	0.353726	0.500085	0.451054	0.503036	0.484538	0.528764	0.536844
[class #0] <for of setCPON>
[class #0] <getLBGClusterSize>
centroid size : 4
ctrd no.	datasize	worktype	data[0]	data[1]	data[2]	data[3]	data[4]	data[5]	data[6]	data[7]	data[8]	data[9]	data[10]	data[11]	data[12]	data[13]	data[14]	data[15]	data[16]	data[17]	data[18]	data[19]	data[20]	data[21]	data[22]	data[23]	data[24]	data[25]	data[26]	data[27]	data[28]	data[29]	data[30]	data[31]	data[32]	data[33]
		seed	0.256424	0.000000	0.859556	0.179538	0.624014	0.707804	0.746256	0.562200	0.506077	0.334129	0.438801	0.776840	0.785012	0.175786	0.480591	0.559261	0.665942	0.145165	0.476653	0.391086	0.268390	0.815106	0.577537	0.595109	0.491122	0.349473	0.765426	0.095916	0.557972	0.495237	0.544994	0.533331	0.711692	0.654158
0	29	clst	0.000000	0.000000	0.551724	0.689655	0.568966	0.327586	0.637931	0.637931	0.500000	0.648707	0.620690	0.620690	0.482759	0.324355	0.534483	0.604531	0.528017	0.267241	0.396552	0.465517	0.452586	0.620690	0.517241	0.758621	0.706897	0.189655	0.827586	0.517241	0.379310	0.586207	0.500000	0.482759	0.465517	0.500000
		seed	0.874776	0.000000	0.957514	0.209354	0.917963	0.241735	0.845621	0.317048	0.443678	0.255870	0.505373	0.664836	0.780399	0.216006	0.759129	0.357230	0.586398	0.538504	0.859307	0.699610	0.386736	0.582282	0.881903	0.514965	0.355406	0.310839	0.763059	0.093353	0.363999	0.274729	0.288427	0.738351	0.791442	0.560828
1	19	clst	0.842105	0.000000	0.862000	0.394332	0.891368	0.612963	0.962463	0.434332	0.674189	0.292974	0.912426	0.443668	0.978768	0.531979	0.861032	0.519605	0.841805	0.476568	0.819416	0.739358	0.911774	0.728742	0.968174	0.147311	0.687626	0.427889	0.935774	0.460774	0.701700	0.599774	0.734700	0.606689	0.912832	0.773074
		seed	1.019466	0.000000	0.331485	0.650414	0.610834	0.349105	0.711663	0.412973	0.667919	0.404485	0.550093	0.727698	0.871197	0.315218	0.827496	0.362160	0.490551	0.151878	0.500839	0.343364	0.525605	0.428270	0.367487	0.144030	0.623317	0.305129	0.649400	0.306934	0.837547	0.579720	0.435209	0.697611	0.525283	0.637929
2	48	clst	1.000000	0.000000	0.528438	0.450823	0.424004	0.553144	0.528044	0.498883	0.593567	0.590381	0.502121	0.498550	0.530583	0.508587	0.482840	0.474675	0.542596	0.477250	0.598550	0.490456	0.488092	0.477175	0.458992	0.416604	0.422365	0.478592	0.644169	0.310148	0.486473	0.440694	0.509029	0.467431	0.509842	0.534106
		seed	0.897631	0.000000	0.524949	0.760921	0.634150	0.193422	0.664833	0.575946	0.937181	0.480002	0.950522	0.247927	0.796165	0.777665	0.844629	0.251294	0.402050	0.405572	0.482726	0.373725	0.734573	0.863250	0.516626	0.383055	0.568209	0.721675	0.782116	0.369405	0.383238	0.493504	0.658752	0.647308	0.652540	0.504190
3	18	clst	0.944444	0.000000	0.805939	0.534883	0.830539	0.423928	0.758022	0.178117	0.795167	0.510583	0.852594	0.676817	0.766506	0.532417	0.677222	0.352539	0.845639	0.483822	0.737306	0.434856	0.653911	0.632894	0.605656	0.630394	0.785839	0.634267	0.878061	0.530817	0.809917	0.489800	0.760178	0.298439	0.668633	0.358633
[class #0] <for of setCPON>
[class #0] <getLBGClusterSize>
centroid size : 5
ctrd no.	datasize	worktype	data[0]	data[1]	data[2]	data[3]	data[4]	data[5]	data[6]	data[7]	data[8]	data[9]	data[10]	data[11]	data[12]	data[13]	data[14]	data[15]	data[16]	data[17]	data[18]	data[19]	data[20]	data[21]	data[22]	data[23]	data[24]	data[25]	data[26]	data[27]	data[28]	data[29]	data[30]	data[31]	data[32]	data[33]
		seed	0.256507	0.000000	0.547264	0.684786	0.849834	0.786345	0.803520	0.499819	0.837798	0.870772	0.435931	0.777684	0.573694	0.490139	0.266162	0.267785	0.551815	0.495563	0.515671	0.194431	0.498061	0.473729	0.892779	0.744651	0.795368	0.570275	0.546607	0.486825	0.774478	0.256824	0.605534	0.296627	0.404484	0.532845
0	9	clst	0.000000	0.000000	0.277778	0.388889	0.444444	0.666667	0.611111	0.833333	0.444444	0.368056	0.611111	0.611111	0.222222	0.267367	0.500000	0.392378	0.256944	0.111111	0.500000	0.055556	0.666667	0.222222	0.722222	0.722222	0.833333	0.055556	0.444444	0.333333	0.444444	0.555556	0.666667	0.388889	0.388889	0.500000
		seed	0.456665	0.000000	0.313989	0.496612	0.300838	0.422325	0.830366	0.677924	0.505956	0.506794	0.873385	0.359336	0.838651	0.393986	0.513923	0.783582	0.930083	0.505033	0.595389	0.412043	0.299194	0.606176	0.806210	0.569674	0.880394	0.595971	0.575939	0.607424	0.261346	0.288977	0.518486	0.513165	0.541967	0.799256
1	48	clst	0.791667	0.000000	0.532298	0.567540	0.342671	0.421581	0.483777	0.551294	0.474460	0.686481	0.546396	0.540990	0.467904	0.475854	0.484631	0.513492	0.575040	0.486573	0.487435	0.507758	0.448023	0.538867	0.446356	0.527233	0.468308	0.448971	0.718752	0.371215	0.527498	0.485677	0.461325	0.491644	0.498942	0.466558
		seed	0.488362	0.000000	0.611194	0.184767	0.856182	0.805110	0.879312	0.400356	0.914199	0.479579	0.462645	0.450309	0.929966	0.495154	0.411798	0.295100	0.845706	0.297457	0.546910	0.581826	0.745055	0.743698	0.292110	0.379537	0.802619	0.300098	0.884718	0.486706	0.463315	0.483781	0.341584	0.773128	0.744375	0.398882
2	21	clst	0.952381	0.000000	0.540505	0.219233	0.722305	0.753624	0.702500	0.178433	0.786776	0.387705	0.576257	0.471167	0.632800	0.414324	0.456067	0.429138	0.626086	0.369252	0.723919	0.362805	0.614576	0.547810	0.454319	0.436324	0.499467	0.612505	0.750229	0.321857	0.532633	0.295324	0.668648	0.450376	0.609781	0.516795
		seed	1.068845	0.000000	0.673384	0.429233	0.662106	0.408501	0.370107	0.567677	0.901221	0.816322	0.766780	0.759263	0.918475	0.532240	0.859348	0.793839	0.815036	0.606093	0.620428	0.580358	0.616146	0.727071	0.682436	0.287006	0.508310	0.391042	0.862643	0.645029	0.723022	0.585111	0.459579	0.226381	0.329986	0.567368
3	28	clst	0.821429	0.000000	0.887464	0.550496	0.897189	0.473782	0.921554	0.417700	0.725621	0.392943	0.927007	0.577886	0.968339	0.520054	0.888793	0.512254	0.875382	0.475421	0.820414	0.693779	0.883439	0.688321	0.923675	0.291893	0.732711	0.432354	0.937500	0.450686	0.741296	0.637539	0.781811	0.509961	0.878464	0.644050
		seed	0.509909	0.000000	0.655594	0.585261	0.725616	0.264622	0.649063	0.129374	0.297727	0.621219	0.354537	0.460152	0.689980	0.777931	0.701365	0.765390	0.927379	0.639088	0.576978	0.792310	0.295954	0.625470	0.901241	0.629627	0.671632	0.403521	0.942903	0.545902	0.843917	0.236165	0.341967	0.184360	0.492698	0.434696
4	8	clst	0.000000	0.000000	1.000000	1.000000	1.000000	0.000000	0.812500	0.562500	0.812500	0.812500	0.625000	0.625000	0.875000	0.625000	0.625000	0.625000	0.625000	0.375000	0.375000	0.875000	0.062500	0.937500	0.375000	0.875000	0.875000	0.125000	1.000000	1.000000	0.125000	0.750000	0.312500	0.312500	0.312500	0.687500
[class #0] <for of setCPON>
