[class #0] <getLBGClusterSize>
centroid size : 1
ctrd no.	datasize	worktype	data[0]	data[1]	data[2]	data[3]	data[4]	data[5]	data[6]	data[7]	data[8]	data[9]	data[10]	data[11]	data[12]	data[13]	data[14]	data[15]	data[16]	data[17]	data[18]	data[19]	data[20]	data[21]	data[22]	data[23]	data[24]	data[25]	data[26]	data[27]	data[28]	data[29]	data[30]	data[31]	data[32]	data[33]
		seed	0.282270	0.000000	0.425887	0.717513	0.676600	0.477101	0.568044	0.738213	0.803506	0.689512	0.439336	0.764091	0.763057	0.492174	0.450201	0.201531	0.371454	0.355041	0.340568	0.271302	0.877052	0.536482	0.319278	0.174460	0.253374	0.352932	0.789234	0.486905	0.601968	0.558362	0.361141	0.599786	0.557800	0.448501
0	114	clst	0.728070	0.000000	0.632543	0.516992	0.618377	0.489672	0.655495	0.472269	0.599666	0.530661	0.640182	0.544911	0.634262	0.484230	0.576242	0.482582	0.621184	0.437802	0.582002	0.500262	0.565496	0.570543	0.573325	0.512044	0.576734	0.430499	0.770189	0.432648	0.531646	0.493005	0.577117	0.493197	0.582925	0.529078
[class #0] <for of setCPON>
[class #0] <getLBGClusterSize>
centroid size : 2
ctrd no.	datasize	worktype	data[0]	data[1]	data[2]	data[3]	data[4]	data[5]	data[6]	data[7]	data[8]	data[9]	data[10]	data[11]	data[12]	data[13]	data[14]	data[15]	data[16]	data[17]	data[18]	data[19]	data[20]	data[21]	data[22]	data[23]	data[24]	data[25]	data[26]	data[27]	data[28]	data[29]	data[30]	data[31]	data[32]	data[33]
		seed	0.282379	0.000000	0.793239	0.544970	0.892204	0.551937	0.623522	0.678217	0.490245	0.568651	0.436552	0.764911	0.564585	0.201611	0.885716	0.508145	0.871679	0.698363	0.378821	0.763313	0.461476	0.832803	0.624892	0.320346	0.546823	0.567285	0.578884	0.107935	0.812712	0.327887	0.420405	0.367736	0.774861	0.331282
0	29	clst	0.137931	0.000000	0.637931	0.741379	0.689655	0.206897	0.689655	0.482759	0.586207	0.724138	0.724138	0.689655	0.672414	0.457917	0.706897	0.521255	0.614224	0.362069	0.448276	0.620690	0.500000	0.706897	0.637931	0.719348	0.689655	0.275862	0.965517	0.517241	0.534483	0.700969	0.517241	0.431034	0.568966	0.431034
		seed	0.815784	0.000000	0.865726	0.335203	0.727705	0.538041	0.860336	0.299937	0.315839	0.405406	0.402546	0.640483	0.665773	0.496688	0.571836	0.713444	0.515135	0.614829	0.663343	0.560004	0.551921	0.526241	0.344028	0.427255	0.648584	0.404824	0.515645	0.626146	0.554179	0.236110	0.484468	0.546197	0.740739	0.635713
1	85	clst	0.929412	0.000000	0.630705	0.440436	0.594059	0.586148	0.643840	0.468691	0.604258	0.464651	0.611538	0.495528	0.621246	0.493207	0.531666	0.469387	0.623559	0.463640	0.627626	0.459175	0.587842	0.524022	0.551284	0.441316	0.538208	0.483258	0.703547	0.403787	0.530678	0.422053	0.597545	0.514406	0.587687	0.562528
[class #0] <for of setCPON>
[class #0] <getLBGClusterSize>
centroid size : 3
ctrd no.	datasize	worktype	data[0]	data[1]	data[2]	data[3]	data[4]	data[5]	data[6]	data[7]	data[8]	data[9]	data[10]	data[11]	data[12]	data[13]	data[14]	data[15]	data[16]	data[17]	data[18]	data[19]	data[20]	data[21]	data[22]	data[23]	data[24]	data[25]	data[26]	data[27]	data[28]	data[29]	data[30]	data[31]	data[32]	data[33]
		seed	0.282461	0.000000	0.486756	0.372447	0.422891	0.626792	0.679000	0.618201	0.808419	0.447790	0.433768	0.765731	0.366112	0.497996	0.678183	0.235273	0.760696	0.431122	0.417073	0.570001	0.683647	0.501913	0.263549	0.466254	0.840272	0.146469	0.970048	0.491162	0.332405	0.707297	0.479669	0.789440	0.481359	0.758969
0	26	clst	0.000000	0.000000	0.500000	0.692308	0.538462	0.307692	0.615385	0.615385	0.461538	0.665865	0.596154	0.596154	0.461538	0.323319	0.538462	0.564908	0.492788	0.317308	0.346154	0.500000	0.442308	0.596154	0.500000	0.769231	0.653846	0.230769	0.846154	0.519231	0.384615	0.576923	0.480769	0.500000	0.442308	0.480769
		seed	0.405569	0.000000	0.908005	0.606375	0.823415	0.710111	0.845558	0.647000	0.375574	0.650096	0.756991	0.343808	0.720465	0.664495	0.334493	0.533097	0.849352	0.582053	0.404601	0.277325	0.467237	0.549402	0.270652	0.480626	0.496464	0.681673	0.937281	0.367901	0.454259	0.249883	0.709676	0.325419	0.502393	0.321188
1	34	clst	0.852941	0.000000	0.842262	0.413068	0.920250	0.523262	0.803641	0.301003	0.823471	0.407874	0.867306	0.548609	0.829485	0.570206	0.735103	0.448568	0.844753	0.484609	0.795171	0.468079	0.745262	0.679147	0.759688	0.464124	0.786265	0.561394	0.878159	0.525579	0.774397	0.488506	0.791329	0.469524	0.784412	0.535682
		seed	0.658387	0.000000	0.735208	0.434467	0.391643	0.550012	0.538558	0.426816	0.414170	0.322289	0.622398	0.377575	0.805258	0.756191	0.565713	0.420146	0.744972	0.638400	0.433828	0.780693	0.304584	0.744774	0.438593	0.623934	0.429789	0.322654	1.023466	0.142826	0.488529	0.651237	0.523096	0.644416	0.821574	0.312125
2	54	clst	1.000000	0.000000	0.564315	0.498015	0.466787	0.556143	0.581530	0.511196	0.525257	0.542872	0.518376	0.517911	0.594507	0.507572	0.494409	0.464359	0.542239	0.466346	0.561341	0.520652	0.511624	0.489831	0.491291	0.418385	0.407680	0.444250	0.665631	0.332448	0.449594	0.455433	0.488631	0.504828	0.523767	0.548180
[class #0] <for of setCPON>
[class #0] <getLBGClusterSize>
centroid size : 4
ctrd no.	datasize	worktype	data[0]	data[1]	data[2]	data[3]	data[4]	data[5]	data[6]	data[7]	data[8]	data[9]	data[10]	data[11]	data[12]	data[13]	data[14]	data[15]	data[16]	data[17]	data[18]	data[19]	data[20]	data[21]	data[22]	data[23]	data[24]	data[25]	data[26]	data[27]	data[28]	data[29]	data[30]	data[31]	data[32]	data[33]
		seed	0.282543	0.000000	0.854128	0.199904	0.638474	0.701647	0.734495	0.558205	0.495159	0.326928	0.430985	0.766551	0.779508	0.207415	0.470631	0.541887	0.649713	0.163862	0.455305	0.376669	0.268071	0.798234	0.569163	0.612162	0.475244	0.360841	0.759679	0.112191	0.543150	0.476822	0.538934	0.557390	0.698420	0.641749
0	25	clst	0.000000	0.000000	0.520000	0.680000	0.600000	0.280000	0.560000	0.560000	0.520000	0.692500	0.600000	0.600000	0.500000	0.356252	0.560000	0.600000	0.552500	0.330000	0.320000	0.520000	0.385000	0.660000	0.520000	0.760000	0.640000	0.240000	0.920000	0.540000	0.360000	0.560000	0.440000	0.540000	0.460000	0.460000
		seed	0.889218	0.000000	0.950264	0.228050	0.919125	0.257568	0.830761	0.322423	0.435309	0.250614	0.495103	0.657776	0.775176	0.245336	0.740237	0.352751	0.572361	0.549258	0.830455	0.679949	0.382553	0.572562	0.864214	0.533977	0.344344	0.323332	0.757403	0.109679	0.354338	0.263656	0.287777	0.758396	0.774612	0.551569
1	24	clst	0.833333	0.000000	0.853679	0.515613	0.876004	0.485262	0.904104	0.477971	0.681092	0.316346	0.911058	0.573054	0.962354	0.488417	0.867921	0.540621	0.863746	0.438479	0.787183	0.638925	0.862750	0.630242	0.912300	0.262800	0.676725	0.388371	0.919404	0.434487	0.716888	0.608596	0.733600	0.557392	0.856237	0.670950
		seed	1.031176	0.000000	0.335880	0.644412	0.625891	0.359872	0.700980	0.414682	0.650392	0.395537	0.538174	0.718826	0.860454	0.338877	0.806412	0.357367	0.479154	0.170440	0.479017	0.329757	0.516887	0.423282	0.365542	0.172109	0.602747	0.317788	0.648144	0.319076	0.815285	0.558492	0.431464	0.718454	0.520327	0.626068
2	46	clst	0.956522	0.000000	0.511726	0.479815	0.419046	0.595507	0.556628	0.564604	0.517737	0.540898	0.462563	0.495293	0.533172	0.521280	0.477776	0.469774	0.499065	0.457257	0.592739	0.471074	0.520876	0.448376	0.461291	0.440433	0.467667	0.415411	0.629767	0.260828	0.490278	0.429517	0.555074	0.471320	0.511300	0.545539
		seed	0.911641	0.000000	0.525745	0.748731	0.648152	0.211534	0.655611	0.571426	0.908658	0.469178	0.923841	0.252886	0.789984	0.774891	0.822995	0.253576	0.393091	0.419010	0.461259	0.359602	0.719031	0.844900	0.510116	0.405291	0.549596	0.722205	0.775723	0.380322	0.373065	0.475147	0.650293	0.669135	0.641907	0.496842
3	19	clst	1.000000	0.000000	0.793800	0.394258	0.799726	0.514895	0.706474	0.126084	0.799989	0.563642	0.780916	0.557005	0.641237	0.557632	0.467568	0.285779	0.700821	0.531689	0.641568	0.369805	0.535542	0.673200	0.486553	0.673995	0.631242	0.770900	0.724553	0.705058	0.623658	0.412553	0.613237	0.403495	0.572837	0.400911
[class #0] <for of setCPON>
[class #0] <getLBGClusterSize>
centroid size : 5
ctrd no.	datasize	worktype	data[0]	data[1]	data[2]	data[3]	data[4]	data[5]	data[6]	data[7]	data[8]	data[9]	data[10]	data[11]	data[12]	data[13]	data[14]	data[15]	data[16]	data[17]	data[18]	data[19]	data[20]	data[21]	data[22]	data[23]	data[24]	data[25]	data[26]	data[27]	data[28]	data[29]	data[30]	data[31]	data[32]	data[33]
		seed	0.282625	0.000000	0.547645	0.676859	0.854078	0.776483	0.789973	0.498209	0.813333	0.850241	0.428220	0.767371	0.581036	0.503800	0.263078	0.269015	0.538731	0.507183	0.493557	0.183357	0.490242	0.467344	0.874757	0.758048	0.768693	0.575213	0.549329	0.495442	0.753894	0.246347	0.598198	0.325320	0.404917	0.524530
0	8	clst	0.000000	0.000000	0.250000	0.375000	0.500000	0.625000	0.562500	0.812500	0.500000	0.414063	0.625000	0.625000	0.250000	0.300787	0.562500	0.398450	0.289063	0.125000	0.437500	0.062500	0.625000	0.250000	0.750000	0.750000	0.812500	0.062500	0.500000	0.375000	0.437500	0.562500	0.625000	0.437500	0.375000	0.500000
		seed	0.479003	0.000000	0.318709	0.499222	0.329919	0.429637	0.815983	0.669506	0.495043	0.495305	0.849548	0.361083	0.829887	0.413143	0.502894	0.751890	0.906578	0.516463	0.571713	0.397269	0.297869	0.595723	0.790838	0.587348	0.850701	0.600161	0.577525	0.613678	0.254417	0.277429	0.512985	0.537618	0.536267	0.781951
1	45	clst	0.866667	0.000000	0.567029	0.570096	0.389978	0.460371	0.487487	0.559827	0.499853	0.649284	0.551011	0.488269	0.478676	0.519402	0.482100	0.498636	0.567616	0.551336	0.504662	0.485536	0.415653	0.542491	0.453849	0.520067	0.505360	0.443971	0.670907	0.422282	0.527044	0.433222	0.508087	0.506073	0.488844	0.507987
		seed	0.510101	0.000000	0.610386	0.204839	0.860140	0.794363	0.863402	0.402547	0.886614	0.468765	0.453950	0.449433	0.915651	0.508529	0.404044	0.294587	0.824525	0.313079	0.524184	0.564166	0.729171	0.729021	0.292472	0.401859	0.775686	0.312904	0.874354	0.495325	0.451011	0.465748	0.339813	0.792492	0.729645	0.395088
2	23	clst	0.956522	0.000000	0.569796	0.213396	0.779213	0.759113	0.699609	0.181530	0.761839	0.364030	0.557383	0.473674	0.637783	0.465252	0.398565	0.387530	0.596952	0.351122	0.684609	0.297678	0.589400	0.521913	0.436552	0.463600	0.511526	0.599013	0.762826	0.364848	0.508057	0.308752	0.687870	0.524948	0.582857	0.515335
		seed	1.079623	0.000000	0.671419	0.435616	0.674844	0.416466	0.370075	0.563473	0.874166	0.797143	0.746872	0.749481	0.904858	0.543494	0.837243	0.761493	0.794700	0.615481	0.596260	0.562723	0.604471	0.712904	0.670851	0.311590	0.491822	0.401200	0.853134	0.650547	0.703807	0.563704	0.455320	0.256449	0.333742	0.557888
3	26	clst	0.846154	0.000000	0.864935	0.552873	0.885542	0.447935	0.911481	0.441204	0.705623	0.368935	0.917900	0.605896	0.965250	0.527769	0.878081	0.499035	0.874227	0.481673	0.803554	0.666700	0.873308	0.658685	0.919046	0.319508	0.701592	0.435419	0.925604	0.458758	0.700204	0.600242	0.754092	0.514515	0.867296	0.619338
		seed	0.531242	0.000000	0.653960	0.582907	0.735481	0.279374	0.640333	0.141922	0.295317	0.606887	0.349826	0.458993	0.690252	0.775142	0.684326	0.734860	0.903948	0.647810	0.553662	0.771073	0.294736	0.614424	0.882959	0.645836	0.649348	0.413315	0.930287	0.553362	0.821485	0.226376	0.340188	0.215250	0.489196	0.429693
4	12	clst	0.000000	0.000000	0.750000	0.916667	0.666667	0.083333	0.708333	0.541667	0.500000	0.833333	0.541667	0.708333	0.750000	0.416667	0.625000	0.625000	0.541667	0.291667	0.291667	0.875000	0.375000	0.791667	0.416667	0.833333	0.541667	0.291667	1.000000	0.583333	0.291667	0.791667	0.208333	0.375000	0.458333	0.458333
[class #0] <for of setCPON>
