[class #1] <getLBGClusterSize>
centroid size : 1
ctrd no.	datasize	worktype	data[0]	data[1]	data[2]	data[3]	data[4]	data[5]	data[6]	data[7]	data[8]	data[9]	data[10]	data[11]	data[12]	data[13]	data[14]	data[15]	data[16]	data[17]	data[18]	data[19]	data[20]	data[21]	data[22]	data[23]	data[24]	data[25]	data[26]	data[27]	data[28]	data[29]	data[30]	data[31]	data[32]	data[33]
		seed	1.000000	0.000000	0.859415	0.629770	0.917002	0.597490	0.818893	0.764494	0.942651	0.716688	0.610793	0.756784	0.862143	0.598507	0.590462	0.405739	0.456462	0.460215	0.488606	0.355351	0.992297	0.467900	0.522098	0.258044	0.501765	0.413842	0.772740	0.507555	0.795910	0.531379	0.594750	0.566576	0.707548	0.452714
0	203	clst	1.000000	0.000000	0.918212	0.546760	0.899371	0.603549	0.860110	0.615177	0.817205	0.621076	0.776402	0.613744	0.735345	0.593465	0.718491	0.572184	0.711865	0.516285	0.703072	0.493210	0.711848	0.492278	0.726668	0.477092	0.746818	0.466632	0.757606	0.478301	0.748163	0.484718	0.749194	0.499514	0.730818	0.512800
[class #1] <for of setCPON>
[class #1] <getLBGClusterSize>
centroid size : 2
ctrd no.	datasize	worktype	data[0]	data[1]	data[2]	data[3]	data[4]	data[5]	data[6]	data[7]	data[8]	data[9]	data[10]	data[11]	data[12]	data[13]	data[14]	data[15]	data[16]	data[17]	data[18]	data[19]	data[20]	data[21]	data[22]	data[23]	data[24]	data[25]	data[26]	data[27]	data[28]	data[29]	data[30]	data[31]	data[32]	data[33]
		seed	1.000000	0.000000	0.963932	0.558342	0.982292	0.633562	0.845041	0.730808	0.749867	0.643943	0.608497	0.757319	0.666748	0.414063	1.032847	0.587323	0.968050	0.692814	0.522585	0.651596	0.618213	0.679980	0.768192	0.352706	0.724150	0.559724	0.605590	0.303224	0.939002	0.366831	0.637130	0.420577	0.908585	0.365303
0	145	clst	1.000000	0.000000	0.917899	0.491854	0.917925	0.536667	0.912911	0.514028	0.910161	0.513983	0.905422	0.512397	0.896273	0.507634	0.902010	0.515982	0.886566	0.489524	0.873731	0.490170	0.874113	0.519843	0.864449	0.502372	0.860981	0.496990	0.854457	0.504121	0.836130	0.496830	0.831874	0.504974	0.812626	0.504331
		seed	1.000000	0.000000	0.984556	0.471504	0.932478	0.626864	0.956655	0.518420	0.642535	0.545686	0.580458	0.676115	0.766366	0.601373	0.714015	0.708906	0.603407	0.636221	0.775328	0.529182	0.699628	0.460571	0.542028	0.422075	0.801268	0.449158	0.555338	0.582631	0.763463	0.301307	0.682941	0.532860	0.876981	0.592318
1	58	clst	1.000000	0.000000	0.918993	0.684024	0.852986	0.770755	0.728107	0.868050	0.584816	0.888809	0.453853	0.867112	0.333024	0.808041	0.259691	0.712690	0.275112	0.583188	0.276426	0.500810	0.306184	0.423364	0.382216	0.413891	0.461409	0.390736	0.515479	0.413752	0.528245	0.454436	0.542493	0.485864	0.526297	0.533974
[class #1] <for of setCPON>
[class #1] <getLBGClusterSize>
centroid size : 3
ctrd no.	datasize	worktype	data[0]	data[1]	data[2]	data[3]	data[4]	data[5]	data[6]	data[7]	data[8]	data[9]	data[10]	data[11]	data[12]	data[13]	data[14]	data[15]	data[16]	data[17]	data[18]	data[19]	data[20]	data[21]	data[22]	data[23]	data[24]	data[25]	data[26]	data[27]	data[28]	data[29]	data[30]	data[31]	data[32]	data[33]
		seed	1.000000	0.000000	0.876733	0.486922	0.840173	0.669644	0.871188	0.697112	0.945675	0.571197	0.606202	0.757854	0.471354	0.602203	0.822040	0.425722	0.854546	0.511759	0.556565	0.535201	0.818202	0.443159	0.477222	0.447381	0.946534	0.273329	0.916420	0.509850	0.612882	0.637712	0.679510	0.685900	0.636750	0.684231
0	30	clst	1.000000	0.000000	0.943260	0.607217	0.948113	0.654927	0.904370	0.717073	0.836897	0.768900	0.795257	0.821670	0.709523	0.847187	0.669377	0.849273	0.600823	0.855393	0.528677	0.831097	0.480970	0.819533	0.435580	0.788703	0.394503	0.744880	0.370173	0.712810	0.349743	0.670907	0.335677	0.628513	0.334167	0.594997
		seed	1.000000	0.000000	0.996585	0.583762	0.961461	0.709805	0.949689	0.713281	0.679297	0.692964	0.872719	0.482501	0.820211	0.707894	0.472928	0.602101	0.945216	0.614015	0.545486	0.358978	0.623399	0.477147	0.482942	0.456706	0.685987	0.637573	0.890382	0.443391	0.695619	0.311140	0.843987	0.393953	0.656232	0.357776
1	38	clst	1.000000	0.000000	0.916953	0.711276	0.810245	0.818789	0.655258	0.930508	0.475421	0.940400	0.309071	0.866566	0.170095	0.765126	0.098934	0.619724	0.167005	0.426018	0.212429	0.313739	0.285776	0.216366	0.433008	0.230945	0.574455	0.228566	0.664908	0.294134	0.688155	0.391026	0.709350	0.469442	0.672563	0.574597
		seed	1.000000	0.000000	0.947422	0.512597	0.830711	0.632634	0.804996	0.589657	0.703049	0.495659	0.761739	0.504538	0.903689	0.766100	0.707796	0.535209	0.838465	0.652190	0.571449	0.662061	0.476985	0.616977	0.618175	0.549694	0.635458	0.393235	0.958867	0.322036	0.718887	0.597688	0.710564	0.594656	0.951849	0.351018
2	135	clst	1.000000	0.000000	0.913000	0.487017	0.913627	0.531546	0.907936	0.503774	0.909036	0.498343	0.903758	0.496373	0.900190	0.488762	0.903799	0.497227	0.889909	0.466336	0.879934	0.468642	0.883085	0.497219	0.874014	0.477131	0.873627	0.471810	0.869795	0.478028	0.853592	0.469715	0.852302	0.479312	0.835360	0.477140
[class #1] <for of setCPON>
[class #1] <getLBGClusterSize>
centroid size : 4
ctrd no.	datasize	worktype	data[0]	data[1]	data[2]	data[3]	data[4]	data[5]	data[6]	data[7]	data[8]	data[9]	data[10]	data[11]	data[12]	data[13]	data[14]	data[15]	data[16]	data[17]	data[18]	data[19]	data[20]	data[21]	data[22]	data[23]	data[24]	data[25]	data[26]	data[27]	data[28]	data[29]	data[30]	data[31]	data[32]	data[33]
		seed	1.000000	0.000000	0.981256	0.415495	0.905457	0.705726	0.897344	0.663426	0.752891	0.498451	0.603907	0.758389	0.878338	0.417747	0.611213	0.607306	0.741042	0.330692	0.590527	0.418793	0.444118	0.655239	0.723316	0.542055	0.669905	0.419224	0.749255	0.305519	0.755974	0.473164	0.721889	0.539902	0.837787	0.596820
0	48	clst	1.000000	0.000000	0.910065	0.708810	0.835027	0.795604	0.694292	0.903442	0.529040	0.911735	0.380717	0.876967	0.249471	0.795271	0.174515	0.680958	0.208279	0.519096	0.224137	0.421925	0.276025	0.328892	0.376712	0.321483	0.485002	0.302621	0.557608	0.338648	0.579173	0.398087	0.602946	0.445677	0.584154	0.514079
		seed	1.000000	0.000000	1.008609	0.427146	0.990444	0.491670	0.942716	0.531045	0.716058	0.452518	0.656776	0.687401	0.874073	0.441819	0.885073	0.495295	0.661933	0.591796	0.923775	0.601401	0.547170	0.493723	0.960904	0.491324	0.570706	0.393697	0.747446	0.304164	0.627774	0.320973	0.542287	0.666368	0.908354	0.529572
1	80	clst	1.000000	0.000000	0.963471	0.492792	0.952981	0.535233	0.952692	0.507024	0.954606	0.486939	0.954485	0.494277	0.950893	0.478699	0.950202	0.484529	0.954060	0.453339	0.939568	0.467255	0.944331	0.474970	0.942495	0.462119	0.942916	0.455611	0.942175	0.460273	0.935888	0.450036	0.928659	0.468674	0.916537	0.458309
		seed	1.000000	0.000000	0.833806	0.599508	0.901646	0.540983	0.881548	0.582844	0.848423	0.539746	0.692291	0.727243	0.958029	0.501197	0.952292	0.498029	0.566609	0.335148	0.611590	0.390548	0.668092	0.386881	0.559352	0.256519	0.766531	0.389924	0.660626	0.417066	0.940749	0.531472	0.645038	0.641238	0.672842	0.585126
2	47	clst	1.000000	0.000000	0.816345	0.477345	0.834049	0.516864	0.820211	0.485787	0.822491	0.507413	0.802174	0.472832	0.802232	0.468243	0.815630	0.477034	0.817568	0.423745	0.769709	0.440440	0.770572	0.474791	0.746530	0.434894	0.747302	0.427217	0.743983	0.437291	0.712881	0.448353	0.725406	0.424115	0.700094	0.437013
		seed	1.000000	0.000000	0.887826	0.642693	0.908387	0.469481	0.860164	0.670849	1.007363	0.584070	1.010297	0.423164	0.888651	0.777971	0.969137	0.436562	0.478591	0.503554	0.595816	0.408518	0.850053	0.688639	0.675769	0.407824	0.726251	0.665158	0.762004	0.450089	0.640490	0.471968	0.801523	0.610208	0.785446	0.488762
3	28	clst	1.000000	0.000000	0.973857	0.539671	0.966150	0.615011	0.946821	0.647211	0.909757	0.696846	0.902654	0.740368	0.840146	0.785607	0.825932	0.795875	0.705739	0.846650	0.736550	0.778150	0.696161	0.851171	0.676604	0.857464	0.634550	0.845439	0.595986	0.838057	0.560729	0.793357	0.527079	0.806482	0.503186	0.793514
[class #1] <for of setCPON>
[class #1] <getLBGClusterSize>
centroid size : 5
ctrd no.	datasize	worktype	data[0]	data[1]	data[2]	data[3]	data[4]	data[5]	data[6]	data[7]	data[8]	data[9]	data[10]	data[11]	data[12]	data[13]	data[14]	data[15]	data[16]	data[17]	data[18]	data[19]	data[20]	data[21]	data[22]	data[23]	data[24]	data[25]	data[26]	data[27]	data[28]	data[29]	data[30]	data[31]	data[32]	data[33]
		seed	1.000000	0.000000	0.894057	0.612941	0.970747	0.741798	0.923491	0.629741	0.948699	0.813430	0.601627	0.758924	0.682944	0.605887	0.400386	0.445705	0.627538	0.563291	0.624507	0.302398	0.644107	0.418417	0.969394	0.636717	0.892290	0.565120	0.582105	0.512158	0.899066	0.308615	0.764269	0.393891	0.565952	0.509409
0	34	clst	1.000000	0.000000	0.911709	0.719526	0.800715	0.826253	0.638547	0.939747	0.452685	0.941594	0.281303	0.854741	0.143544	0.742932	0.076918	0.586332	0.165494	0.380506	0.226003	0.267935	0.310079	0.173747	0.475156	0.204656	0.629112	0.215312	0.722426	0.300497	0.738056	0.417832	0.748226	0.510309	0.696865	0.629400
		seed	1.000000	0.000000	0.828921	0.539404	0.812019	0.574611	0.935750	0.725917	0.752820	0.599796	0.949038	0.493775	0.927936	0.548340	0.643986	0.731675	1.003742	0.569578	0.693933	0.431197	0.470941	0.510299	0.901818	0.525955	0.954438	0.582098	0.604510	0.575908	0.559930	0.330807	0.703333	0.527462	0.687604	0.701368
1	21	clst	1.000000	0.000000	0.925833	0.646824	0.924962	0.700505	0.848262	0.780248	0.757748	0.826205	0.676186	0.901029	0.573510	0.910795	0.487190	0.900448	0.395038	0.870595	0.306243	0.825967	0.264848	0.762410	0.212795	0.685024	0.192133	0.608510	0.194414	0.537362	0.208676	0.463552	0.238990	0.406110	0.279667	0.352005
		seed	1.000000	0.000000	0.911908	0.417538	0.972582	0.750416	0.958100	0.576031	0.993797	0.583822	0.622843	0.551433	1.012370	0.608889	0.543576	0.460849	0.919825	0.431786	0.651713	0.531688	0.859181	0.605702	0.500512	0.405597	0.897589	0.386600	0.840379	0.512095	0.693414	0.465257	0.579498	0.687821	0.866706	0.412884
2	125	clst	1.000000	0.000000	0.910852	0.491742	0.908675	0.524466	0.903633	0.498569	0.907675	0.493130	0.901866	0.484188	0.898183	0.473446	0.901694	0.479874	0.904255	0.438047	0.878390	0.455537	0.880888	0.472277	0.870382	0.450694	0.872302	0.442092	0.870808	0.448782	0.855314	0.446318	0.855616	0.449073	0.838554	0.447239
		seed	1.000000	0.000000	0.929273	0.513073	0.916470	0.568262	0.725587	0.666384	0.986136	0.781471	0.864376	0.747249	1.001744	0.631084	0.983609	0.737362	0.889322	0.636662	0.715738	0.530819	0.746931	0.594167	0.805200	0.347024	0.682469	0.446691	0.823516	0.595787	0.865058	0.535193	0.662097	0.350559	0.500031	0.534284
3	23	clst	1.000000	0.000000	0.960865	0.499013	0.971278	0.615613	0.961917	0.618404	0.918665	0.655335	0.917926	0.699291	0.872952	0.735052	0.882417	0.753235	0.763222	0.818709	0.817817	0.727152	0.795200	0.825209	0.786604	0.833443	0.745291	0.841974	0.708600	0.847652	0.673339	0.811613	0.638083	0.842974	0.607409	0.843561
		seed	1.000000	0.000000	0.924305	0.574047	0.934833	0.502182	0.852964	0.429702	0.629906	0.666957	0.536987	0.557672	0.790467	0.778130	0.828280	0.721589	1.001052	0.658565	0.677898	0.656268	0.468120	0.523684	0.975999	0.563906	0.801847	0.454936	0.884825	0.543387	0.944959	0.294357	0.579766	0.324638	0.644009	0.438689
4	0	clst	0.000000	0.000000	0.000000	0.000000	0.000000	0.000000	0.000000	0.000000	0.000000	0.000000	0.000000	0.000000	0.000000	0.000000	0.000000	0.000000	0.000000	0.000000	0.000000	0.000000	0.000000	0.000000	0.000000	0.000000	0.000000	0.000000	0.000000	0.000000	0.000000	0.000000	0.000000	0.000000	0.000000	0.000000
[class #1] <for of setCPON>
