[class #1] <getLBGClusterSize>
centroid size : 1
ctrd no.	datasize	worktype	data[0]	data[1]	data[2]	data[3]	data[4]	data[5]	data[6]	data[7]	data[8]	data[9]	data[10]	data[11]	data[12]	data[13]	data[14]	data[15]	data[16]	data[17]	data[18]	data[19]	data[20]	data[21]	data[22]	data[23]	data[24]	data[25]	data[26]	data[27]	data[28]	data[29]	data[30]	data[31]	data[32]	data[33]
		seed	1.000000	0.000000	0.848952	0.630031	0.917734	0.596949	0.812320	0.768969	0.937760	0.717553	0.600325	0.758455	0.856759	0.601404	0.578029	0.406165	0.446622	0.457244	0.481157	0.354625	0.980376	0.461331	0.517253	0.249026	0.497813	0.411031	0.765447	0.507631	0.785791	0.528395	0.585900	0.570201	0.696494	0.454176
0	198	clst	1.000000	0.000000	0.912246	0.546815	0.899317	0.603053	0.854194	0.619971	0.810609	0.621044	0.768974	0.616294	0.728915	0.596348	0.707171	0.574330	0.701774	0.514094	0.693473	0.495300	0.702115	0.486502	0.719249	0.474850	0.738064	0.465758	0.750614	0.477653	0.738421	0.481735	0.740578	0.503236	0.719904	0.513780
[class #1] <for of setCPON>
[class #1] <getLBGClusterSize>
centroid size : 2
ctrd no.	datasize	worktype	data[0]	data[1]	data[2]	data[3]	data[4]	data[5]	data[6]	data[7]	data[8]	data[9]	data[10]	data[11]	data[12]	data[13]	data[14]	data[15]	data[16]	data[17]	data[18]	data[19]	data[20]	data[21]	data[22]	data[23]	data[24]	data[25]	data[26]	data[27]	data[28]	data[29]	data[30]	data[31]	data[32]	data[33]
		seed	1.000000	0.000000	0.961463	0.558426	0.985932	0.633288	0.838884	0.735356	0.742355	0.644125	0.597988	0.758986	0.659752	0.416463	1.024261	0.589625	0.957707	0.693082	0.514796	0.656920	0.609210	0.680310	0.760251	0.346616	0.715840	0.562267	0.601618	0.298242	0.927755	0.363854	0.628344	0.424414	0.898741	0.367468
0	138	clst	1.000000	0.000000	0.914022	0.490479	0.919699	0.531507	0.905419	0.517161	0.906449	0.506628	0.902067	0.510300	0.895715	0.505802	0.895883	0.514159	0.880888	0.484831	0.867146	0.490428	0.868159	0.511496	0.860418	0.498155	0.852754	0.490705	0.847749	0.499694	0.827679	0.490929	0.824191	0.501876	0.802011	0.497467
		seed	1.000000	0.000000	0.983664	0.471373	0.933899	0.626540	0.952279	0.523419	0.633564	0.544947	0.569434	0.678282	0.760193	0.604278	0.702657	0.712465	0.593422	0.635700	0.765004	0.532006	0.689990	0.453763	0.536933	0.418131	0.791447	0.447643	0.552364	0.584565	0.753600	0.298333	0.674225	0.536534	0.866947	0.592658
1	60	clst	1.000000	0.000000	0.908160	0.676388	0.852438	0.767608	0.736377	0.856433	0.590177	0.884202	0.462860	0.860082	0.345275	0.804603	0.273133	0.712723	0.289812	0.581400	0.294025	0.506507	0.320212	0.429017	0.394562	0.421248	0.474277	0.408380	0.527203	0.426958	0.533127	0.460590	0.548268	0.506365	0.531058	0.551300
[class #1] <for of setCPON>
[class #1] <getLBGClusterSize>
centroid size : 3
ctrd no.	datasize	worktype	data[0]	data[1]	data[2]	data[3]	data[4]	data[5]	data[6]	data[7]	data[8]	data[9]	data[10]	data[11]	data[12]	data[13]	data[14]	data[15]	data[16]	data[17]	data[18]	data[19]	data[20]	data[21]	data[22]	data[23]	data[24]	data[25]	data[26]	data[27]	data[28]	data[29]	data[30]	data[31]	data[32]	data[33]
		seed	1.000000	0.000000	0.867595	0.486829	0.837483	0.669636	0.865449	0.701731	0.940825	0.570697	0.595651	0.759518	0.462746	0.605110	0.811621	0.426354	0.844315	0.509506	0.548435	0.538148	0.807639	0.435785	0.472943	0.444219	0.933868	0.265362	0.906273	0.509983	0.604207	0.634722	0.670788	0.689352	0.625270	0.683832
0	36	clst	1.000000	0.000000	0.899939	0.710842	0.800794	0.828783	0.647319	0.933219	0.452089	0.937644	0.284553	0.853875	0.148308	0.746111	0.080636	0.596608	0.166608	0.382842	0.222647	0.278633	0.303853	0.177072	0.463950	0.201558	0.624839	0.222783	0.717269	0.292583	0.730878	0.390022	0.748500	0.503353	0.702756	0.619400
		seed	1.000000	0.000000	0.996613	0.583909	0.964173	0.710094	0.945203	0.717866	0.670825	0.693606	0.867059	0.485859	0.814481	0.711086	0.459473	0.604556	0.934895	0.613185	0.537467	0.358326	0.614356	0.470879	0.478591	0.453834	0.678425	0.642972	0.880753	0.441879	0.686291	0.308166	0.835515	0.397829	0.644869	0.360002
1	26	clst	1.000000	0.000000	0.926119	0.622277	0.934165	0.675519	0.877808	0.742931	0.810785	0.806173	0.748285	0.868904	0.663035	0.891446	0.589800	0.883277	0.507058	0.882162	0.437327	0.854292	0.379519	0.815662	0.330619	0.765265	0.285373	0.706292	0.272535	0.652969	0.260292	0.596031	0.263404	0.544219	0.273308	0.486569
		seed	1.000000	0.000000	0.943690	0.512567	0.827598	0.632353	0.798201	0.594505	0.694901	0.494451	0.754042	0.507760	0.898648	0.769449	0.696383	0.536972	0.828249	0.651892	0.563169	0.667599	0.469084	0.615257	0.612122	0.549698	0.628886	0.389669	0.947877	0.317520	0.709376	0.594700	0.701889	0.598240	0.942265	0.353298
2	136	clst	1.000000	0.000000	0.912851	0.488970	0.918735	0.529447	0.904440	0.513545	0.905478	0.501846	0.901159	0.505112	0.895200	0.500289	0.895457	0.509369	0.880660	0.478472	0.867072	0.484022	0.869210	0.505482	0.861126	0.491671	0.854579	0.484090	0.850838	0.493126	0.831824	0.484162	0.829705	0.495371	0.809822	0.491024
[class #1] <for of setCPON>
[class #1] <getLBGClusterSize>
centroid size : 4
ctrd no.	datasize	worktype	data[0]	data[1]	data[2]	data[3]	data[4]	data[5]	data[6]	data[7]	data[8]	data[9]	data[10]	data[11]	data[12]	data[13]	data[14]	data[15]	data[16]	data[17]	data[18]	data[19]	data[20]	data[21]	data[22]	data[23]	data[24]	data[25]	data[26]	data[27]	data[28]	data[29]	data[30]	data[31]	data[32]	data[33]
		seed	1.000000	0.000000	0.980112	0.415223	0.905674	0.705985	0.892022	0.668117	0.745420	0.497269	0.593313	0.760050	0.873088	0.420157	0.598961	0.609815	0.730922	0.325916	0.582056	0.419363	0.436473	0.654764	0.715940	0.541823	0.662659	0.416611	0.742429	0.300594	0.746170	0.470182	0.713232	0.543566	0.827517	0.597124
0	37	clst	1.000000	0.000000	0.901716	0.709100	0.803465	0.827432	0.651441	0.931186	0.456924	0.938338	0.291003	0.857384	0.154673	0.752316	0.084414	0.604946	0.165711	0.394438	0.217846	0.289508	0.296686	0.186616	0.452273	0.206943	0.610222	0.223938	0.702592	0.288789	0.719068	0.381411	0.739946	0.490565	0.698627	0.603359
		seed	1.000000	0.000000	1.009556	0.426904	0.994448	0.490347	0.938118	0.536017	0.708086	0.450905	0.647153	0.689499	0.868788	0.444293	0.875202	0.496646	0.651891	0.590657	0.911962	0.605700	0.538721	0.487994	0.950538	0.489522	0.565403	0.390147	0.740656	0.299206	0.618982	0.317999	0.533357	0.669849	0.898509	0.530417
1	82	clst	1.000000	0.000000	0.963895	0.495499	0.962490	0.539535	0.950440	0.529745	0.950833	0.497526	0.957835	0.528413	0.949426	0.516716	0.947701	0.526766	0.920507	0.507751	0.929802	0.507578	0.935537	0.526665	0.938217	0.525166	0.928961	0.522045	0.926329	0.529502	0.917520	0.509323	0.907523	0.542482	0.892783	0.530110
		seed	1.000000	0.000000	0.821385	0.599694	0.901694	0.540024	0.875974	0.587707	0.842251	0.538952	0.683319	0.729095	0.953437	0.503831	0.943006	0.499408	0.556660	0.330435	0.602908	0.390541	0.658700	0.377677	0.554039	0.247454	0.757391	0.386236	0.655560	0.414902	0.929488	0.528488	0.636264	0.644755	0.661579	0.585524
2	51	clst	1.000000	0.000000	0.826375	0.476131	0.844655	0.509347	0.826222	0.481200	0.829955	0.499004	0.808710	0.456353	0.808988	0.460098	0.812592	0.466949	0.820159	0.413141	0.771271	0.427739	0.770163	0.453267	0.746294	0.418371	0.745833	0.402576	0.742018	0.414725	0.707588	0.423676	0.720345	0.400284	0.692151	0.409076
		seed	1.000000	0.000000	0.879536	0.642987	0.908735	0.467994	0.854249	0.675524	1.003352	0.583692	1.007161	0.426887	0.883486	0.781352	0.959997	0.437306	0.468729	0.501186	0.587292	0.408878	0.839242	0.689250	0.668991	0.403439	0.717901	0.671570	0.754925	0.448742	0.631597	0.468986	0.792986	0.613770	0.774861	0.489935
3	28	clst	1.000000	0.000000	0.931311	0.611396	0.940536	0.663246	0.891204	0.725714	0.832086	0.785786	0.775111	0.846400	0.696107	0.871625	0.633675	0.868754	0.553936	0.874668	0.488168	0.854339	0.430321	0.825696	0.381518	0.784389	0.333793	0.735546	0.315136	0.689996	0.295650	0.639264	0.289354	0.592568	0.292282	0.538293
[class #1] <for of setCPON>
[class #1] <getLBGClusterSize>
centroid size : 5
ctrd no.	datasize	worktype	data[0]	data[1]	data[2]	data[3]	data[4]	data[5]	data[6]	data[7]	data[8]	data[9]	data[10]	data[11]	data[12]	data[13]	data[14]	data[15]	data[16]	data[17]	data[18]	data[19]	data[20]	data[21]	data[22]	data[23]	data[24]	data[25]	data[26]	data[27]	data[28]	data[29]	data[30]	data[31]	data[32]	data[33]
		seed	1.000000	0.000000	0.886244	0.613160	0.973872	0.742324	0.918587	0.634504	0.943891	0.815202	0.590992	0.760582	0.676082	0.608804	0.386301	0.446543	0.617530	0.561755	0.615695	0.300591	0.634903	0.410239	0.958921	0.639412	0.880686	0.567860	0.578600	0.512348	0.888133	0.305641	0.755676	0.397766	0.554046	0.510416
0	36	clst	1.000000	0.000000	0.899939	0.710842	0.800794	0.828783	0.647319	0.933219	0.452089	0.937644	0.284553	0.853875	0.148308	0.746111	0.080636	0.596608	0.166608	0.382842	0.222647	0.278633	0.303853	0.177072	0.463950	0.201558	0.624839	0.222783	0.717269	0.292583	0.730878	0.390022	0.748500	0.503353	0.702756	0.619400
		seed	1.000000	0.000000	0.816126	0.539441	0.808074	0.573901	0.931041	0.730475	0.745348	0.599564	0.944778	0.497063	0.923095	0.551102	0.632018	0.735469	0.993364	0.568129	0.684425	0.432020	0.463087	0.505110	0.892196	0.525224	0.941616	0.585462	0.600560	0.577676	0.551672	0.327832	0.694647	0.531144	0.676431	0.700831
1	24	clst	1.000000	0.000000	0.920492	0.624708	0.929904	0.675846	0.869962	0.741254	0.797308	0.804037	0.730321	0.869392	0.640725	0.892342	0.561879	0.886896	0.474617	0.879238	0.401092	0.848317	0.344750	0.806933	0.290479	0.750783	0.248433	0.686775	0.242104	0.628521	0.236500	0.566442	0.247921	0.510883	0.273512	0.449150
		seed	1.000000	0.000000	0.905460	0.417272	0.975790	0.751006	0.953747	0.580908	0.989602	0.583441	0.612597	0.554367	1.008226	0.611814	0.530735	0.461844	0.909530	0.428418	0.642628	0.534563	0.848299	0.603616	0.495939	0.401143	0.885882	0.382789	0.831743	0.512283	0.684103	0.462276	0.570625	0.691270	0.856610	0.414666
2	121	clst	1.000000	0.000000	0.903929	0.485907	0.909977	0.523442	0.895216	0.503815	0.898217	0.490590	0.891954	0.485251	0.888591	0.474332	0.890154	0.481784	0.894150	0.439219	0.864452	0.456622	0.868350	0.466008	0.859799	0.448161	0.855478	0.439674	0.855293	0.447841	0.837873	0.443537	0.838068	0.449826	0.818792	0.444014
		seed	1.000000	0.000000	0.924153	0.513044	0.917178	0.567505	0.717525	0.671068	0.981837	0.782943	0.858562	0.748978	0.997513	0.634069	0.974595	0.741215	0.879057	0.636148	0.706012	0.533676	0.736924	0.591706	0.796793	0.340758	0.674976	0.445086	0.815215	0.598047	0.854394	0.532208	0.653349	0.354498	0.487729	0.535091
3	17	clst	1.000000	0.000000	0.985865	0.523024	0.988900	0.588912	0.978041	0.612153	0.965047	0.620782	0.974053	0.688588	0.946424	0.729794	0.936665	0.744588	0.786494	0.809482	0.886318	0.731041	0.866800	0.835259	0.864824	0.853994	0.833371	0.853924	0.794053	0.868765	0.755124	0.828247	0.725418	0.872353	0.682571	0.877924
		seed	1.000000	0.000000	0.918806	0.574170	0.936358	0.500936	0.846934	0.434890	0.620763	0.667355	0.525165	0.560568	0.784492	0.781512	0.817915	0.725279	0.990677	0.658356	0.668551	0.661688	0.460288	0.518929	0.965443	0.564349	0.792015	0.453634	0.875306	0.544350	0.933665	0.291384	0.570894	0.328614	0.632573	0.440264
4	0	clst	0.000000	0.000000	0.000000	0.000000	0.000000	0.000000	0.000000	0.000000	0.000000	0.000000	0.000000	0.000000	0.000000	0.000000	0.000000	0.000000	0.000000	0.000000	0.000000	0.000000	0.000000	0.000000	0.000000	0.000000	0.000000	0.000000	0.000000	0.000000	0.000000	0.000000	0.000000	0.000000	0.000000	0.000000
[class #1] <for of setCPON>
