d:\document\visual studio 2013\projects\oneclass_lk_ver0.1\oneclass_lk_ver0.1\debug\vc120.pdb
d:\document\visual studio 2013\projects\oneclass_lk_ver0.1\oneclass_lk_ver0.1\debug\vc120.idb
d:\document\visual studio 2013\projects\oneclass_lk_ver0.1\oneclass_lk_ver0.1\debug\main.nativecodeanalysis.xml
d:\document\visual studio 2013\projects\oneclass_lk_ver0.1\oneclass_lk_ver0.1\debug\oneclass.nativecodeanalysis.xml
d:\document\visual studio 2013\projects\oneclass_lk_ver0.1\oneclass_lk_ver0.1\debug\utility.nativecodeanalysis.xml
d:\document\visual studio 2013\projects\oneclass_lk_ver0.1\oneclass_lk_ver0.1\debug\main.obj
d:\document\visual studio 2013\projects\oneclass_lk_ver0.1\oneclass_lk_ver0.1\debug\oneclass.obj
d:\document\visual studio 2013\projects\oneclass_lk_ver0.1\oneclass_lk_ver0.1\debug\utility.obj
d:\document\visual studio 2013\projects\oneclass_lk_ver0.1\debug\oneclass_lk_ver0.1.ilk
d:\document\visual studio 2013\projects\oneclass_lk_ver0.1\debug\oneclass_lk_ver0.1.exe
d:\document\visual studio 2013\projects\oneclass_lk_ver0.1\debug\oneclass_lk_ver0.1.pdb
d:\document\visual studio 2013\projects\oneclass_lk_ver0.1\oneclass_lk_ver0.1\debug\nativecodeanalysis.read.1.tlog
d:\document\visual studio 2013\projects\oneclass_lk_ver0.1\oneclass_lk_ver0.1\debug\vc.nativecodeanalysis.all.xml
d:\document\visual studio 2013\projects\oneclass_lk_ver0.1\debug\oneclass_lk_ver0.1.exe.lastcodeanalysissucceeded
d:\document\visual studio 2013\projects\oneclass_lk_ver0.1\oneclass_lk_ver0.1\debug\oneclass.f481f814.tlog\cl.command.1.tlog
d:\document\visual studio 2013\projects\oneclass_lk_ver0.1\oneclass_lk_ver0.1\debug\oneclass.f481f814.tlog\cl.read.1.tlog
d:\document\visual studio 2013\projects\oneclass_lk_ver0.1\oneclass_lk_ver0.1\debug\oneclass.f481f814.tlog\cl.write.1.tlog
d:\document\visual studio 2013\projects\oneclass_lk_ver0.1\oneclass_lk_ver0.1\debug\oneclass.f481f814.tlog\link.command.1.tlog
d:\document\visual studio 2013\projects\oneclass_lk_ver0.1\oneclass_lk_ver0.1\debug\oneclass.f481f814.tlog\link.read.1.tlog
d:\document\visual studio 2013\projects\oneclass_lk_ver0.1\oneclass_lk_ver0.1\debug\oneclass.f481f814.tlog\link.write.1.tlog
