total mean
0.645399	0.268488	0.180204	0.407151	0.407151	0.484454	0.209705	0.085545	0.716388	0.777729	0.040873	0.726743	0.360282	0.086773	0.009447
mean of class
0.642857	0.241510	0.142489	0.428557	0.428557	0.540598	0.214266	0.039707	0.899068	0.894410	0.008623	0.689441	0.362291	0.092542	0.001998
0.647940	0.295466	0.217919	0.385744	0.385744	0.428309	0.205145	0.131383	0.533708	0.661049	0.073124	0.764045	0.358273	0.081004	0.016896
SW
30.334938	-0.792132	0.816210	0.381276	0.381276	3.393966	1.149897	-1.336298	-1.188604	0.245720	-0.165225	-3.894061	-0.819750	-0.835827	0.224048
-0.792132	19.220001	4.673176	-1.705240	-1.705240	4.398181	2.639700	5.527823	-3.389927	-1.349891	1.400656	1.316692	-0.306131	-0.548354	0.034746
0.816210	4.673176	19.618564	-0.382975	-0.382975	3.352284	1.169018	4.762435	-2.394522	-1.736325	1.766464	-1.236757	-0.215657	-1.668270	0.721114
0.381276	-1.705240	-0.382975	11.683042	11.683042	1.949773	0.889711	-0.050130	0.623359	2.483842	-0.213454	0.993999	0.317074	-0.025865	0.510825
0.381276	-1.705240	-0.382975	11.683042	11.683042	1.949773	0.889711	-0.050130	0.623359	2.483842	-0.213454	0.993999	0.317074	-0.025865	0.510825
3.393966	4.398181	3.352284	1.949773	1.949773	40.662977	8.142017	-0.742709	-0.356795	3.177234	0.018011	-5.242896	-0.543904	-1.002654	0.754043
1.149897	2.639700	1.169018	0.889711	0.889711	8.142017	14.691497	0.324068	0.673599	-0.480617	0.129520	-0.646127	0.187866	-0.432562	0.706505
-1.336298	5.527823	4.762435	-0.050130	-0.050130	-0.742709	0.324068	8.233662	-1.448463	-1.270066	1.531734	2.102279	-0.040247	-0.441399	0.006895
-1.188604	-3.389927	-2.394522	0.623359	0.623359	-0.356795	0.673599	-1.448463	17.166350	3.118885	-0.713776	-2.219572	1.050807	-0.446671	0.365213
0.245720	-1.349891	-1.736325	2.483842	2.483842	3.177234	-0.480617	-1.270066	3.118885	27.984844	-4.239394	0.587061	2.912398	0.690514	0.119587
-0.165225	1.400656	1.766464	-0.213454	-0.213454	0.018011	0.129520	1.531734	-0.713776	-4.239394	2.996588	-0.105946	-0.493427	-0.359189	0.011003
-3.894061	1.316692	-1.236757	0.993999	0.993999	-5.242896	-0.646127	2.102279	-2.219572	0.587061	-0.105946	35.578931	0.138255	1.899929	-0.117953
-0.819750	-0.306131	-0.215657	0.317074	0.317074	-0.543904	0.187866	-0.040247	1.050807	2.912398	-0.493427	0.138255	5.120485	0.182939	0.535487
-0.835827	-0.548354	-1.668270	-0.025865	-0.025865	-1.002654	-0.432562	-0.441399	-0.446671	0.690514	-0.359189	1.899929	0.182939	3.679433	0.116592
0.224048	0.034746	0.721114	0.510825	0.510825	0.754043	0.706505	0.006895	0.365213	0.119587	0.011003	-0.117953	0.535487	0.116592	1.365472
SB
0.000026	0.120681	0.180573	0.066107	0.066107	0.046031	0.191592	0.261606	0.011914	0.000331	0.324596	0.014686	0.080988	0.315679	0.391827
0.120681	0.002911	0.000557	0.020804	0.020804	0.034894	0.001322	0.012128	0.085380	0.176013	0.028354	0.273043	0.013634	0.025762	0.050451
0.180573	0.000557	0.005690	0.059173	0.059173	0.081693	0.003926	0.000123	0.153052	0.268904	0.004812	0.386332	0.046563	0.003780	0.015774
0.066107	0.020804	0.059173	0.001833	0.001833	0.000000	0.049913	0.088313	0.011057	0.054052	0.126333	0.112552	0.004940	0.120793	0.169465
0.066107	0.020804	0.059173	0.001833	0.001833	0.000000	0.049913	0.088313	0.011057	0.054052	0.126333	0.112552	0.004940	0.120793	0.169465
0.046031	0.034894	0.081693	0.000000	0.000000	0.012609	0.112529	0.167457	0.000047	0.014508	0.218532	0.049928	0.033242	0.211227	0.274264
0.191592	0.001322	0.003926	0.049913	0.049913	0.112529	0.000083	0.006870	0.102043	0.199615	0.019921	0.302257	0.020738	0.017759	0.038955
0.261606	0.012128	0.000123	0.088313	0.088313	0.167457	0.006870	0.008404	0.244037	0.386065	0.001117	0.524665	0.101484	0.001705	0.000520
0.011914	0.085380	0.153052	0.011057	0.011057	0.000047	0.102043	0.244037	0.133488	0.056653	0.682185	0.018231	0.292459	0.669230	0.778228
0.000331	0.176013	0.268904	0.054052	0.054052	0.014508	0.199615	0.386065	0.056653	0.054457	0.674511	0.016995	0.287442	0.661630	0.770030
0.324596	0.028354	0.004812	0.126333	0.126333	0.218532	0.019921	0.001117	0.682185	0.674511	0.004160	0.570663	0.122256	0.005239	0.000068
0.014686	0.273043	0.386332	0.112552	0.112552	0.049928	0.302257	0.524665	0.018231	0.016995	0.570663	0.005566	0.109672	0.370196	0.452316
0.080988	0.013634	0.046563	0.004940	0.004940	0.033242	0.020738	0.101484	0.292459	0.287442	0.122256	0.109672	0.000016	0.079123	0.119298
0.315679	0.025762	0.003780	0.120793	0.120793	0.211227	0.017759	0.001705	0.669230	0.661630	0.005239	0.370196	0.079123	0.000133	0.005722
0.391827	0.050451	0.015774	0.169465	0.169465	0.274264	0.038955	0.000520	0.778228	0.770030	0.000068	0.452316	0.119298	0.005722	0.000222

wegight[fold=7]
-0.000299	-0.001885	-0.003165	0.000331	-0.000331	0.002599	-0.000740	-0.007516	0.019426	0.002799	-0.013010	-0.002138	0.000718	0.003441	-0.011211
J(w) : 0.011361
