[class #1] <getLBGClusterSize>
centroid size : 1
ctrd no.	datasize	worktype	data[0]	data[1]	data[2]	data[3]	data[4]	data[5]	data[6]	data[7]	data[8]	data[9]	data[10]	data[11]	data[12]	data[13]	data[14]
		seed	0.416842	0.318556	0.087543	0.465024	0.406668	0.416465	0.155771	0.262646	0.626396	0.780932	0.006494	0.938134	0.403094	0.082499	-0.015015
0	267	clst	0.642322	0.293696	0.217940	0.384495	0.384495	0.426437	0.200983	0.136398	0.539326	0.664794	0.073180	0.758427	0.360770	0.080208	0.023608
[class #1] <for of setCPON>
[class #1] <getLBGClusterSize>
centroid size : 2
ctrd no.	datasize	worktype	data[0]	data[1]	data[2]	data[3]	data[4]	data[5]	data[6]	data[7]	data[8]	data[9]	data[10]	data[11]	data[12]	data[13]	data[14]
		seed	0.416897	0.446812	0.319337	0.395731	0.488777	0.475829	0.184453	0.234165	0.492587	0.692569	0.005569	0.938806	0.337874	-0.001305	0.118440
0	138	clst	0.590580	0.310463	0.209581	0.393696	0.393696	0.423403	0.213351	0.139095	0.539855	0.684783	0.067171	1.000000	0.369538	0.096543	0.022832
		seed	0.662266	0.453935	0.399383	0.307079	0.484614	0.345624	0.327264	0.161050	0.463466	0.643400	0.117247	0.599195	0.275114	0.149063	-0.029742
1	129	clst	0.697674	0.275758	0.226882	0.374652	0.374652	0.429683	0.187753	0.133513	0.538760	0.643411	0.079608	0.500000	0.351391	0.062733	0.024438
[class #1] <for of setCPON>
[class #1] <getLBGClusterSize>
centroid size : 3
ctrd no.	datasize	worktype	data[0]	data[1]	data[2]	data[3]	data[4]	data[5]	data[6]	data[7]	data[8]	data[9]	data[10]	data[11]	data[12]	data[13]	data[14]
		seed	0.416938	0.184071	0.125950	0.326446	0.310048	0.535209	0.213135	0.205674	0.628495	0.604206	0.004645	0.939478	0.272653	0.084178	0.054846
0	124	clst	0.608871	0.253531	0.132823	0.381697	0.381697	0.350235	0.147835	0.086395	0.500000	0.500000	0.094501	0.786290	0.335989	0.095681	0.009681
		seed	0.449375	0.382940	0.213288	0.321654	0.411038	0.518228	0.167937	-0.011694	0.521206	0.853283	-0.018324	0.924780	0.376206	0.031398	0.092846
1	85	clst	0.629412	0.225329	0.176867	0.403899	0.403899	0.443704	0.228745	0.096571	0.623529	1.000000	0.000000	0.782353	0.415667	0.095259	0.031219
		seed	0.574240	0.470867	0.133359	0.494540	0.290387	0.439736	0.324444	0.180278	0.620066	0.831006	0.139760	0.888675	0.289411	0.111596	0.060956
2	58	clst	0.732759	0.479755	0.460109	0.362041	0.362041	0.564047	0.273926	0.301669	0.500000	0.525862	0.134843	0.663793	0.333300	0.025069	0.042228
[class #1] <for of setCPON>
[class #1] <getLBGClusterSize>
centroid size : 4
ctrd no.	datasize	worktype	data[0]	data[1]	data[2]	data[3]	data[4]	data[5]	data[6]	data[7]	data[8]	data[9]	data[10]	data[11]	data[12]	data[13]	data[14]
		seed	0.416980	0.312327	0.357758	0.257153	0.392149	0.594588	0.241826	0.177193	0.494686	0.515844	0.003721	0.940150	0.408500	0.000369	-0.008755
0	33	clst	0.590909	0.567048	0.490579	0.353506	0.353506	0.482685	0.289545	0.338782	0.500000	0.560606	0.175039	0.969697	0.333300	0.031288	0.010967
		seed	0.688591	0.311945	0.027180	0.336221	0.337455	0.195368	0.310619	0.134408	0.578945	0.592205	0.050739	0.749680	0.276237	0.083026	0.018379
1	71	clst	0.626761	0.221221	0.106469	0.347387	0.347387	0.291754	0.172130	0.070728	0.549296	0.690141	0.054665	0.500000	0.356779	0.075113	0.011765
		seed	0.615645	0.332086	0.314121	0.438429	0.431520	0.419716	0.343384	-0.005447	0.657755	0.489786	0.134577	0.646728	0.308433	0.006610	-0.022778
2	58	clst	0.784483	0.322336	0.366895	0.419521	0.419521	0.613307	0.229867	0.175888	0.543103	0.603448	0.089555	0.517241	0.367786	0.055336	0.074428
		seed	0.725885	0.383740	0.044892	0.451014	0.326056	0.386858	0.256112	0.252117	0.610041	0.529699	0.073839	0.976790	0.367241	0.020461	-0.009639
3	105	clst	0.590476	0.240970	0.125350	0.399979	0.399979	0.396608	0.176705	0.095384	0.542857	0.714286	0.044641	1.000000	0.368228	0.112767	0.007517
[class #1] <for of setCPON>
[class #1] <getLBGClusterSize>
centroid size : 5
ctrd no.	datasize	worktype	data[0]	data[1]	data[2]	data[3]	data[4]	data[5]	data[6]	data[7]	data[8]	data[9]	data[10]	data[11]	data[12]	data[13]	data[14]
		seed	0.417021	0.440571	0.164371	0.448697	0.474257	0.653953	0.270509	0.148712	0.630593	0.898442	0.002803	0.940823	0.343280	0.085852	-0.072355
0	50	clst	0.610000	0.270290	0.198386	0.413310	0.413310	0.444294	0.239986	0.126072	0.610000	1.000000	0.000000	1.000000	0.433316	0.101020	0.049592
		seed	0.475700	0.240950	0.266254	0.350796	0.263879	0.367972	0.151292	0.280501	0.636676	0.802088	0.119801	0.574595	0.377335	0.134654	-0.056088
1	63	clst	0.849206	0.175319	0.205971	0.375637	0.375637	0.370763	0.199279	0.076395	0.579365	0.753968	0.037437	0.500000	0.359760	0.058198	0.011410
		seed	0.657051	0.193294	0.069701	0.382318	0.311815	0.399696	0.060324	0.127675	0.425736	0.619528	0.129400	0.905451	0.327455	0.070916	0.090549
2	73	clst	0.589041	0.276837	0.147074	0.392673	0.392673	0.359108	0.146104	0.104177	0.500000	0.500000	0.096314	1.000000	0.333300	0.108568	0.006747
		seed	0.506220	0.418700	0.166447	0.354744	0.505716	0.657794	0.239891	0.131606	0.498793	0.467164	0.081395	0.921708	0.382986	0.150644	0.076242
3	24	clst	0.625000	0.619212	0.612292	0.361083	0.361083	0.648813	0.365721	0.383288	0.500000	0.520833	0.189046	0.812500	0.333300	0.014438	0.021692
		seed	0.497514	0.386556	0.047370	0.292297	0.358645	0.460104	0.173384	0.284364	0.473557	0.632707	0.066451	0.517802	0.431743	0.162790	0.093742
4	57	clst	0.517544	0.329595	0.173037	0.368395	0.368395	0.464904	0.169574	0.149088	0.500000	0.543860	0.098465	0.500000	0.344998	0.077649	0.036698
[class #1] <for of setCPON>
