[class #0] <getLBGClusterSize>
centroid size : 1
ctrd no.	datasize	worktype	data[0]	data[1]	data[2]	data[3]	data[4]	data[5]	data[6]	data[7]	data[8]	data[9]	data[10]	data[11]	data[12]	data[13]	data[14]
		seed	0.417187	0.259717	0.045922	0.516186	0.449617	0.528189	0.159935	0.089845	1.026833	0.991575	-0.007551	0.872469	0.401233	0.100485	-0.000575
0	315	clst	0.642857	0.239003	0.149773	0.424323	0.424323	0.539232	0.202803	0.038502	0.895238	0.888889	0.009573	0.696825	0.361877	0.097997	0.002216
[class #0] <for of setCPON>
[class #0] <getLBGClusterSize>
centroid size : 2
ctrd no.	datasize	worktype	data[0]	data[1]	data[2]	data[3]	data[4]	data[5]	data[6]	data[7]	data[8]	data[9]	data[10]	data[11]	data[12]	data[13]	data[14]
		seed	0.417242	0.366584	0.230527	0.437141	0.543281	0.593930	0.187130	0.078262	0.824598	0.913447	-0.007788	0.873127	0.340586	0.009495	0.009069
0	124	clst	0.645161	0.241309	0.133380	0.424716	0.424716	0.471203	0.179195	0.054931	0.858871	0.883065	0.011198	1.000000	0.360187	0.103718	0.002049
		seed	0.662818	0.372520	0.294277	0.336012	0.538532	0.449739	0.322535	0.048528	0.780586	0.869973	0.020889	0.541193	0.282227	0.172756	-0.001639
1	191	clst	0.641361	0.237506	0.160415	0.424069	0.424069	0.583398	0.218129	0.027837	0.918848	0.892670	0.008518	0.500000	0.362974	0.094283	0.002325
[class #0] <for of setCPON>
[class #0] <getLBGClusterSize>
centroid size : 3
ctrd no.	datasize	worktype	data[0]	data[1]	data[2]	data[3]	data[4]	data[5]	data[6]	data[7]	data[8]	data[9]	data[10]	data[11]	data[12]	data[13]	data[14]
		seed	0.417284	0.147660	0.076510	0.358105	0.339399	0.659687	0.214324	0.066675	1.030005	0.835319	-0.008025	0.873784	0.279939	0.102308	0.004474
0	68	clst	0.727941	0.192659	0.180838	0.348009	0.348009	0.293076	0.158482	0.046993	0.838235	0.610294	0.033372	0.808824	0.348009	0.118603	0.004203
		seed	0.449748	0.313364	0.146068	0.352638	0.454602	0.640882	0.171470	-0.021724	0.867852	1.055547	-0.013924	0.859417	0.376230	0.045002	0.007220
1	174	clst	0.511494	0.229621	0.142180	0.446349	0.446349	0.515597	0.162820	0.040432	0.919540	0.994253	0.000257	0.712644	0.373538	0.095517	0.001703
		seed	0.574718	0.386627	0.082411	0.549856	0.316970	0.553960	0.319861	0.056347	1.017267	1.035850	0.026670	0.824129	0.295521	0.132077	0.004915
2	73	clst	0.876712	0.304536	0.138933	0.442911	0.442911	0.824866	0.339389	0.025993	0.890411	0.897260	0.009610	0.554795	0.347001	0.084712	0.001588
[class #0] <for of setCPON>
[class #0] <getLBGClusterSize>
centroid size : 4
ctrd no.	datasize	worktype	data[0]	data[1]	data[2]	data[3]	data[4]	data[5]	data[6]	data[7]	data[8]	data[9]	data[10]	data[11]	data[12]	data[13]	data[14]
		seed	0.417325	0.254527	0.261126	0.279060	0.433054	0.725444	0.241528	0.055093	0.827771	0.757190	-0.008263	0.874441	0.406260	0.011312	-0.000122
0	49	clst	0.530612	0.292831	0.165159	0.455773	0.455773	0.708453	0.217665	0.051292	0.673469	0.948980	0.003353	0.897959	0.353712	0.115459	0.002349
		seed	0.689165	0.254209	-0.002152	0.369255	0.370663	0.283345	0.306753	0.037693	0.955117	0.824707	0.003811	0.688276	0.283271	0.101057	0.001838
1	92	clst	0.532609	0.201807	0.164150	0.405778	0.405778	0.343945	0.144913	0.025380	0.934783	0.864130	0.009898	0.500000	0.384035	0.091473	0.003465
		seed	0.616158	0.270991	0.226373	0.485848	0.477966	0.531789	0.337818	-0.019184	1.074229	0.734151	0.025339	0.587652	0.313209	0.018088	-0.001136
2	90	clst	0.772222	0.260681	0.142923	0.433320	0.433320	0.811116	0.288861	0.028648	0.950000	0.916667	0.007794	0.505556	0.344413	0.098394	0.001353
		seed	0.726490	0.314031	0.011954	0.500204	0.357660	0.495403	0.255073	0.085563	1.002115	0.769441	0.009743	0.910252	0.367894	0.033127	-0.000186
3	84	clst	0.690476	0.225115	0.132389	0.416650	0.416650	0.363104	0.165330	0.055971	0.922619	0.851190	0.014752	1.000000	0.361083	0.094530	0.001695
[class #0] <for of setCPON>
[class #0] <getLBGClusterSize>
centroid size : 5
ctrd no.	datasize	worktype	data[0]	data[1]	data[2]	data[3]	data[4]	data[5]	data[6]	data[7]	data[8]	data[9]	data[10]	data[11]	data[12]	data[13]	data[14]
		seed	0.417366	0.361385	0.107109	0.497562	0.526719	0.791185	0.268722	0.043510	1.033177	1.095476	-0.008499	0.875098	0.345613	0.104125	-0.004719
0	65	clst	0.569231	0.223909	0.139271	0.666700	0.666700	0.493409	0.176052	0.047695	0.884615	0.976923	0.001378	0.761538	0.358946	0.075708	0.002180
		seed	0.476095	0.195054	0.188251	0.385882	0.286732	0.474488	0.155688	0.097106	1.042370	1.010282	0.021545	0.517149	0.377280	0.157111	-0.003543
1	72	clst	0.541667	0.197954	0.191185	0.333300	0.333300	0.323414	0.143504	0.026543	0.916667	0.840278	0.012025	0.500000	0.379606	0.091854	0.004032
		seed	0.657598	0.155345	0.031713	0.421840	0.341415	0.509619	0.069438	0.034955	0.723562	0.848865	0.024010	0.840526	0.330897	0.087908	0.007054
2	74	clst	0.655405	0.231353	0.121261	0.333300	0.333300	0.395762	0.157643	0.052832	0.898649	0.810811	0.018159	1.000000	0.364838	0.101851	0.000828
		seed	0.506640	0.343161	0.108762	0.390385	0.562605	0.795438	0.239693	0.036553	0.833978	0.714148	0.011683	0.856416	0.382535	0.174472	0.006020
3	52	clst	0.500000	0.275525	0.175713	0.371769	0.371769	0.839281	0.279888	0.026560	0.884615	0.894231	0.008323	0.615385	0.346123	0.115019	0.002079
		seed	0.497927	0.316377	0.013928	0.319150	0.394835	0.576515	0.176635	0.098677	0.795838	0.860518	0.007845	0.461640	0.427873	0.187660	0.007284
4	52	clst	1.000000	0.289071	0.120194	0.429473	0.429473	0.799458	0.305525	0.035119	0.884615	0.951923	0.005454	0.538462	0.352535	0.111856	0.001860
[class #0] <for of setCPON>
