[class #0] <getLBGClusterSize>
centroid size : 1
ctrd no.	datasize	worktype	data[0]	data[1]	data[2]	data[3]	data[4]	data[5]	data[6]	data[7]	data[8]	data[9]	data[10]	data[11]	data[12]	data[13]	data[14]
		seed	0.418855	0.263871	0.043115	0.514939	0.448590	0.534255	0.165749	0.094098	1.027217	0.986868	-0.007639	0.869299	0.395072	0.101970	-0.000491
0	322	clst	0.645963	0.242880	0.144473	0.423380	0.423380	0.545478	0.214611	0.038591	0.895963	0.881988	0.009829	0.694099	0.358150	0.099511	0.002007
[class #0] <for of setCPON>
[class #0] <getLBGClusterSize>
centroid size : 2
ctrd no.	datasize	worktype	data[0]	data[1]	data[2]	data[3]	data[4]	data[5]	data[6]	data[7]	data[8]	data[9]	data[10]	data[11]	data[12]	data[13]	data[14]
		seed	0.418910	0.372167	0.223288	0.436155	0.541946	0.601065	0.196747	0.081576	0.825506	0.907070	-0.007881	0.869955	0.338175	0.012013	0.008140
0	125	clst	0.632000	0.243478	0.133538	0.426652	0.426652	0.474862	0.191094	0.058748	0.860000	0.880000	0.010870	1.000000	0.357305	0.110068	0.002071
		seed	0.666051	0.378182	0.285508	0.335360	0.537213	0.454530	0.351088	0.049430	0.781607	0.862668	0.021372	0.538860	0.283425	0.173422	-0.001444
1	197	clst	0.654822	0.242501	0.151411	0.421304	0.421304	0.590285	0.229534	0.025801	0.918782	0.883249	0.009168	0.500000	0.358686	0.092812	0.001965
[class #0] <for of setCPON>
[class #0] <getLBGClusterSize>
centroid size : 3
ctrd no.	datasize	worktype	data[0]	data[1]	data[2]	data[3]	data[4]	data[5]	data[6]	data[7]	data[8]	data[9]	data[10]	data[11]	data[12]	data[13]	data[14]
		seed	0.418952	0.150316	0.072969	0.357379	0.338735	0.667892	0.227745	0.069049	1.030381	0.827273	-0.008123	0.870610	0.281279	0.103773	0.004027
0	67	clst	0.634328	0.197706	0.167351	0.363157	0.363157	0.413655	0.228839	0.043039	0.873134	0.500000	0.038324	0.723881	0.338276	0.114910	0.003415
		seed	0.451623	0.318236	0.140857	0.351931	0.453559	0.648781	0.178898	-0.026522	0.868647	1.052207	-0.014140	0.856280	0.371615	0.047118	0.006485
1	180	clst	0.536111	0.228720	0.139928	0.433320	0.433320	0.488093	0.163564	0.042416	0.905556	1.000000	0.000000	0.741667	0.368492	0.100192	0.001666
		seed	0.577389	0.392478	0.078728	0.548499	0.316381	0.560445	0.348040	0.057883	1.017676	1.032089	0.027269	0.821081	0.295898	0.133204	0.004422
2	75	clst	0.920000	0.317219	0.134941	0.453324	0.453324	0.800964	0.324415	0.025437	0.893333	0.940000	0.007963	0.553333	0.351081	0.084120	0.001565
[class #0] <for of setCPON>
[class #0] <getLBGClusterSize>
centroid size : 4
ctrd no.	datasize	worktype	data[0]	data[1]	data[2]	data[3]	data[4]	data[5]	data[6]	data[7]	data[8]	data[9]	data[10]	data[11]	data[12]	data[13]	data[14]
		seed	0.418994	0.258612	0.253153	0.278595	0.432082	0.734719	0.258752	0.056527	0.828670	0.747475	-0.008365	0.871265	0.399788	0.013810	-0.000087
0	49	clst	0.571429	0.243927	0.151812	0.496598	0.496598	0.701165	0.208596	0.044104	0.775510	0.989796	0.000914	0.979592	0.346908	0.117122	0.002378
		seed	0.692566	0.258289	-0.003804	0.368493	0.369896	0.285429	0.333099	0.037716	0.955687	0.816435	0.003951	0.685571	0.284405	0.102536	0.001668
1	96	clst	0.526042	0.206856	0.160006	0.406231	0.406231	0.355655	0.145819	0.029361	0.927083	0.869792	0.008863	0.500000	0.374975	0.088359	0.002546
		seed	0.619093	0.275296	0.219234	0.484702	0.476846	0.537914	0.368509	-0.023775	1.074491	0.723943	0.025911	0.585202	0.312492	0.020509	-0.000994
2	100	clst	0.785000	0.283003	0.140789	0.429986	0.429986	0.813577	0.314417	0.022552	0.920000	0.895000	0.009553	0.505000	0.346636	0.096825	0.001394
		seed	0.730129	0.318911	0.009963	0.499011	0.356936	0.500936	0.274191	0.089469	1.002563	0.759987	0.010001	0.906986	0.363794	0.035377	-0.000144
3	77	clst	0.662338	0.235018	0.125219	0.389588	0.389588	0.334887	0.174590	0.067418	0.902597	0.811688	0.017065	1.000000	0.359279	0.105695	0.001894
[class #0] <for of setCPON>
[class #0] <getLBGClusterSize>
centroid size : 5
ctrd no.	datasize	worktype	data[0]	data[1]	data[2]	data[3]	data[4]	data[5]	data[6]	data[7]	data[8]	data[9]	data[10]	data[11]	data[12]	data[13]	data[14]
		seed	0.419035	0.366898	0.102833	0.496377	0.525438	0.801528	0.289750	0.044005	1.033545	1.092988	-0.008606	0.871921	0.342891	0.105570	-0.004200
0	51	clst	0.578431	0.227233	0.150641	0.516343	0.516343	0.679271	0.213488	0.045814	0.803922	0.990196	0.000878	0.980392	0.346375	0.111627	0.001422
		seed	0.478138	0.198343	0.182027	0.385065	0.286243	0.479681	0.160909	0.101949	1.042714	1.005974	0.022041	0.514878	0.372600	0.157955	-0.003148
1	109	clst	0.504587	0.199094	0.139730	0.412827	0.412827	0.448882	0.149832	0.027450	0.958716	0.917431	0.005340	0.500000	0.370005	0.083628	0.002396
		seed	0.660798	0.158104	0.029247	0.420905	0.340745	0.515383	0.062597	0.034755	0.724731	0.841109	0.024555	0.837437	0.329086	0.089537	0.006336
2	78	clst	0.666667	0.242369	0.162058	0.371769	0.371769	0.307703	0.143860	0.065224	0.865385	0.782051	0.019524	0.955128	0.358946	0.118109	0.001879
		seed	0.508878	0.348430	0.104447	0.389554	0.561205	0.805851	0.256660	0.036484	0.834861	0.703513	0.011981	0.853286	0.377530	0.175119	0.005411
3	30	clst	0.583333	0.355187	0.145207	0.399980	0.399980	0.878590	0.522190	0.013540	0.933333	0.633333	0.033340	0.533333	0.333300	0.063750	0.002063
		seed	0.500109	0.321288	0.011889	0.318553	0.393989	0.583367	0.184784	0.103647	0.796819	0.853011	0.008066	0.459509	0.420064	0.188157	0.006542
4	54	clst	1.000000	0.284383	0.122411	0.444433	0.444433	0.772493	0.277750	0.029704	0.879630	0.990741	0.000276	0.527778	0.357996	0.113130	0.001924
[class #0] <for of setCPON>
