[class #0] <getLBGClusterSize>
centroid size : 1
ctrd no.	datasize	worktype	data[0]	data[1]	data[2]	data[3]	data[4]	data[5]	data[6]	data[7]	data[8]	data[9]	data[10]	data[11]	data[12]	data[13]	data[14]
		seed	0.420566	0.270427	0.041736	0.523040	0.455323	0.532046	0.170772	0.095906	1.028042	0.986868	-0.007162	0.869299	0.396805	0.098537	-0.000537
0	322	clst	0.649068	0.249129	0.145525	0.429593	0.429593	0.543260	0.219787	0.040022	0.897516	0.881988	0.009875	0.694099	0.359185	0.096158	0.002221
[class #0] <for of setCPON>
[class #0] <getLBGClusterSize>
centroid size : 2
ctrd no.	datasize	worktype	data[0]	data[1]	data[2]	data[3]	data[4]	data[5]	data[6]	data[7]	data[8]	data[9]	data[10]	data[11]	data[12]	data[13]	data[14]
		seed	0.420622	0.380305	0.226232	0.442631	0.550604	0.598804	0.201866	0.083299	0.827449	0.907070	-0.007398	0.869955	0.338833	0.011545	0.008994
0	125	clst	0.640000	0.242225	0.129871	0.437321	0.437321	0.464006	0.192872	0.060665	0.860000	0.876000	0.011706	1.000000	0.357305	0.102504	0.002226
		seed	0.669279	0.386408	0.289944	0.339757	0.545773	0.452382	0.356691	0.050934	0.783794	0.862668	0.021134	0.538860	0.283048	0.167632	-0.001589
1	197	clst	0.654822	0.253510	0.155458	0.424689	0.424689	0.593549	0.236865	0.026923	0.921320	0.885787	0.008714	0.500000	0.360378	0.092132	0.002219
[class #0] <for of setCPON>
[class #0] <getLBGClusterSize>
centroid size : 3
ctrd no.	datasize	worktype	data[0]	data[1]	data[2]	data[3]	data[4]	data[5]	data[6]	data[7]	data[8]	data[9]	data[10]	data[11]	data[12]	data[13]	data[14]
		seed	0.420664	0.155213	0.072306	0.362231	0.343202	0.665579	0.232961	0.070687	1.031189	0.827273	-0.007634	0.870610	0.280861	0.100280	0.004452
0	67	clst	0.634328	0.202361	0.175391	0.363157	0.363157	0.412588	0.223864	0.043522	0.865672	0.500000	0.038548	0.731343	0.338276	0.112403	0.003990
		seed	0.453536	0.325586	0.141823	0.356670	0.460394	0.646484	0.183961	-0.025532	0.870352	1.052207	-0.013503	0.856280	0.372905	0.045493	0.007166
1	169	clst	0.532544	0.238849	0.142756	0.433912	0.433912	0.464918	0.167637	0.046821	0.911243	1.000000	0.000000	0.733728	0.372756	0.097189	0.001798
		seed	0.580074	0.400913	0.078203	0.557291	0.320386	0.558215	0.353633	0.059445	1.018554	1.032089	0.026886	0.821081	0.295756	0.128741	0.004889
2	86	clst	0.889535	0.305767	0.127699	0.472863	0.472863	0.799014	0.319092	0.023934	0.895349	0.947674	0.006944	0.587209	0.348807	0.081477	0.001676
[class #0] <for of setCPON>
[class #0] <getLBGClusterSize>
centroid size : 4
ctrd no.	datasize	worktype	data[0]	data[1]	data[2]	data[3]	data[4]	data[5]	data[6]	data[7]	data[8]	data[9]	data[10]	data[11]	data[12]	data[13]	data[14]
		seed	0.420706	0.265091	0.256813	0.281821	0.438474	0.732354	0.264066	0.058080	0.830596	0.747475	-0.007871	0.871265	0.401610	0.013283	-0.000090
0	46	clst	0.543478	0.316302	0.166643	0.463761	0.463761	0.745341	0.246352	0.053876	0.684783	0.967391	0.001622	0.880435	0.347796	0.118250	0.002904
		seed	0.695957	0.264764	-0.006310	0.373574	0.375006	0.283412	0.338646	0.039141	0.956909	0.816435	0.004142	0.685571	0.284046	0.099084	0.001848
1	92	clst	0.527174	0.213398	0.168984	0.405778	0.405778	0.354037	0.152159	0.028005	0.940217	0.864130	0.008437	0.500000	0.376787	0.087538	0.003018
		seed	0.622034	0.282019	0.222080	0.492179	0.484161	0.535702	0.374167	-0.022767	1.075053	0.723943	0.025562	0.585202	0.312664	0.019761	-0.001091
2	95	clst	0.800000	0.278253	0.123428	0.435075	0.435075	0.806773	0.314593	0.024462	0.952632	0.905263	0.009585	0.505263	0.347338	0.098026	0.001642
		seed	0.733751	0.326271	0.007788	0.506783	0.361778	0.498752	0.279554	0.091246	1.003525	0.759987	0.010044	0.906986	0.364936	0.034139	-0.000153
3	89	clst	0.668539	0.220260	0.133947	0.430698	0.430698	0.353138	0.174767	0.061891	0.904494	0.831461	0.015938	1.000000	0.359522	0.091657	0.001663
[class #0] <for of setCPON>
[class #0] <getLBGClusterSize>
centroid size : 5
ctrd no.	datasize	worktype	data[0]	data[1]	data[2]	data[3]	data[4]	data[5]	data[6]	data[7]	data[8]	data[9]	data[10]	data[11]	data[12]	data[13]	data[14]
		seed	0.420747	0.374959	0.102887	0.504095	0.533755	0.799112	0.295161	0.045473	1.034335	1.092988	-0.008105	0.871921	0.343638	0.102017	-0.004632
0	49	clst	0.591837	0.220063	0.145524	0.544227	0.544227	0.670553	0.215400	0.054720	0.816327	0.989796	0.000914	0.979592	0.340104	0.105378	0.001449
		seed	0.480213	0.203942	0.183981	0.390487	0.289627	0.477514	0.165916	0.103810	1.043453	1.005974	0.021787	0.514878	0.373909	0.152675	-0.003470
1	113	clst	0.508850	0.225637	0.171776	0.412962	0.412962	0.442475	0.161242	0.030573	0.942478	0.902655	0.006208	0.500000	0.371656	0.089482	0.002866
		seed	0.663994	0.163115	0.027535	0.427066	0.345253	0.513189	0.067296	0.036160	0.727233	0.841109	0.024239	0.837437	0.329572	0.086513	0.007002
2	75	clst	0.666667	0.232533	0.129564	0.377753	0.377753	0.308580	0.142208	0.064848	0.880000	0.793333	0.019112	0.980000	0.364417	0.099873	0.001771
		seed	0.511142	0.356222	0.104539	0.395069	0.570260	0.803431	0.261968	0.037900	0.836753	0.703513	0.011974	0.853286	0.378932	0.169273	0.005981
3	30	clst	0.583333	0.360033	0.144860	0.399980	0.399980	0.878590	0.522190	0.013540	0.916667	0.650000	0.032843	0.533333	0.333300	0.064317	0.002057
		seed	0.502319	0.328683	0.009761	0.322603	0.399595	0.581120	0.189866	0.105520	0.798922	0.853011	0.008156	0.459509	0.422270	0.181881	0.007230
4	55	clst	1.000000	0.285427	0.113720	0.448475	0.448475	0.774033	0.284820	0.026931	0.890909	0.990909	0.000271	0.536364	0.357547	0.113964	0.002289
[class #0] <for of setCPON>
