[class #1] <getLBGClusterSize>
centroid size : 1
ctrd no.	datasize	worktype	data[0]	data[1]	data[2]	data[3]	data[4]	data[5]	data[6]	data[7]	data[8]	data[9]	data[10]	data[11]	data[12]	data[13]	data[14]
		seed	0.419865	0.319874	0.087721	0.463083	0.405229	0.422734	0.159115	0.261194	0.618737	0.774269	0.007133	0.930744	0.403094	0.080393	-0.015148
0	267	clst	0.647940	0.294674	0.218803	0.383246	0.383246	0.432856	0.208058	0.133409	0.535581	0.659176	0.074577	0.750936	0.360770	0.078169	0.023456
[class #1] <for of setCPON>
[class #1] <getLBGClusterSize>
centroid size : 2
ctrd no.	datasize	worktype	data[0]	data[1]	data[2]	data[3]	data[4]	data[5]	data[6]	data[7]	data[8]	data[9]	data[10]	data[11]	data[12]	data[13]	data[14]
		seed	0.419921	0.449882	0.320732	0.394386	0.486632	0.482994	0.190164	0.232366	0.490943	0.686701	0.006198	0.931416	0.337874	-0.000973	0.118241
0	134	clst	0.589552	0.306984	0.217512	0.397987	0.397987	0.430709	0.223037	0.143868	0.537313	0.675373	0.070512	1.000000	0.368131	0.092866	0.021961
		seed	0.668113	0.457103	0.401198	0.306496	0.482504	0.350824	0.344759	0.158361	0.463131	0.637975	0.119145	0.591614	0.275114	0.145021	-0.029868
1	133	clst	0.706767	0.282271	0.220103	0.368395	0.368395	0.435020	0.192966	0.122871	0.533835	0.642857	0.078673	0.500000	0.353354	0.063361	0.024962
[class #1] <for of setCPON>
[class #1] <getLBGClusterSize>
centroid size : 3
ctrd no.	datasize	worktype	data[0]	data[1]	data[2]	data[3]	data[4]	data[5]	data[6]	data[7]	data[8]	data[9]	data[10]	data[11]	data[12]	data[13]	data[14]
		seed	0.419963	0.183552	0.126330	0.325696	0.309439	0.543269	0.221213	0.203528	0.620741	0.599133	0.005264	0.932089	0.272653	0.082023	0.054678
0	125	clst	0.628000	0.255254	0.133187	0.381310	0.381310	0.337721	0.150207	0.085190	0.500000	0.500000	0.093387	0.768000	0.335967	0.094920	0.010482
		seed	0.452773	0.385138	0.214126	0.320945	0.409561	0.526032	0.172285	-0.016487	0.518275	0.845970	-0.017966	0.917382	0.376206	0.030779	0.092660
1	84	clst	0.654762	0.218683	0.186058	0.404739	0.404739	0.437929	0.226177	0.095945	0.613095	1.000000	0.000000	0.773810	0.416648	0.088071	0.032187
		seed	0.579074	0.474266	0.133778	0.492345	0.289947	0.446356	0.341706	0.177823	0.612692	0.823893	0.141914	0.881257	0.289411	0.108644	0.060785
2	58	clst	0.681034	0.489688	0.450741	0.356293	0.356293	0.630543	0.306495	0.291588	0.500000	0.508621	0.142047	0.681034	0.333300	0.027724	0.038771
[class #1] <for of setCPON>
[class #1] <getLBGClusterSize>
centroid size : 4
ctrd no.	datasize	worktype	data[0]	data[1]	data[2]	data[3]	data[4]	data[5]	data[6]	data[7]	data[8]	data[9]	data[10]	data[11]	data[12]	data[13]	data[14]
		seed	0.420005	0.313560	0.359354	0.256999	0.390834	0.603544	0.252272	0.174701	0.492947	0.511565	0.004329	0.932762	0.408500	0.000652	-0.008891
0	38	clst	0.539474	0.550516	0.470045	0.350847	0.350847	0.499997	0.309924	0.370876	0.500000	0.552632	0.175174	0.907895	0.333300	0.032974	0.015021
		seed	0.694741	0.313173	0.027042	0.335387	0.336610	0.198301	0.326741	0.131395	0.573419	0.587240	0.051881	0.742184	0.276237	0.080905	0.018230
1	81	clst	0.666667	0.232231	0.128251	0.341532	0.341532	0.285720	0.171453	0.081075	0.537037	0.666667	0.062474	0.500000	0.357996	0.069012	0.015288
		seed	0.620956	0.333590	0.315488	0.436717	0.429867	0.426034	0.362209	-0.010164	0.648686	0.485742	0.136672	0.639175	0.308433	0.006712	-0.022908
2	52	clst	0.817308	0.308569	0.364952	0.429469	0.429469	0.719779	0.247848	0.113442	0.548077	0.653846	0.065735	0.567308	0.371765	0.061231	0.072846
		seed	0.732464	0.385948	0.044847	0.449193	0.325310	0.392680	0.267736	0.250537	0.603117	0.525296	0.075243	0.969422	0.367241	0.020160	-0.009774
3	96	clst	0.583333	0.238564	0.116592	0.406230	0.406230	0.375009	0.177069	0.094383	0.541667	0.697917	0.049759	1.000000	0.368029	0.112958	0.006933
[class #1] <for of setCPON>
[class #1] <getLBGClusterSize>
centroid size : 5
ctrd no.	datasize	worktype	data[0]	data[1]	data[2]	data[3]	data[4]	data[5]	data[6]	data[7]	data[8]	data[9]	data[10]	data[11]	data[12]	data[13]	data[14]
		seed	0.420046	0.443557	0.164952	0.446897	0.472237	0.663804	0.283320	0.145873	0.622746	0.890723	0.003401	0.933434	0.343280	0.083649	-0.072460
0	46	clst	0.608696	0.251211	0.199072	0.420267	0.420267	0.450315	0.241533	0.119013	0.608696	1.000000	0.000000	1.000000	0.434765	0.085902	0.050335
		seed	0.479401	0.241209	0.267370	0.349837	0.263667	0.373509	0.154267	0.279267	0.628555	0.795236	0.121728	0.567001	0.377335	0.131031	-0.056201
1	38	clst	0.710526	0.179308	0.170305	0.385942	0.385942	0.422934	0.207589	0.068021	0.618421	1.000000	0.000000	0.500000	0.394716	0.090697	0.010218
		seed	0.662838	0.192901	0.069786	0.381088	0.311191	0.405712	0.055793	0.124579	0.427097	0.614317	0.131436	0.898043	0.327455	0.069147	0.090364
2	70	clst	0.585714	0.279610	0.140069	0.395217	0.395217	0.356130	0.149191	0.111483	0.500000	0.500000	0.098949	1.000000	0.333300	0.115171	0.006963
		seed	0.510272	0.421387	0.167039	0.353751	0.503425	0.667703	0.250176	0.128558	0.496870	0.463323	0.082886	0.914309	0.382986	0.146556	0.076064
3	32	clst	0.593750	0.589575	0.558503	0.364556	0.364556	0.671875	0.371513	0.352328	0.500000	0.515625	0.161369	0.781250	0.333300	0.019109	0.017138
		seed	0.501465	0.388803	0.047338	0.291841	0.357618	0.467031	0.178182	0.283177	0.472768	0.627378	0.067772	0.510176	0.431743	0.158349	0.093555
4	81	clst	0.716049	0.269994	0.186599	0.357996	0.357996	0.399475	0.175565	0.104722	0.500000	0.500000	0.096567	0.500000	0.337416	0.059253	0.031151
[class #1] <for of setCPON>
