[class #0] <getLBGClusterSize>
centroid size : 1
ctrd no.	datasize	worktype	data[0]	data[1]	data[2]	data[3]	data[4]	data[5]	data[6]	data[7]	data[8]	data[9]	data[10]	data[11]	data[12]	data[13]	data[14]
		seed	0.418855	0.268238	0.045673	0.517662	0.450840	0.537156	0.164228	0.098904	1.027217	0.993180	-0.007876	0.869299	0.400220	0.099610	-0.000567
0	322	clst	0.645963	0.246544	0.146615	0.425451	0.425451	0.548141	0.212886	0.040794	0.895963	0.891304	0.009459	0.694099	0.361256	0.097161	0.002133
[class #0] <for of setCPON>
[class #0] <getLBGClusterSize>
centroid size : 2
ctrd no.	datasize	worktype	data[0]	data[1]	data[2]	data[3]	data[4]	data[5]	data[6]	data[7]	data[8]	data[9]	data[10]	data[11]	data[12]	data[13]	data[14]
		seed	0.418910	0.380160	0.225107	0.438317	0.544861	0.602546	0.195096	0.085795	0.825506	0.915669	-0.008117	0.869955	0.340177	0.010055	0.008763
0	125	clst	0.628000	0.255655	0.126158	0.426652	0.426652	0.480577	0.186650	0.062573	0.856000	0.884000	0.011349	1.000000	0.357305	0.106892	0.002176
		seed	0.666051	0.386376	0.287071	0.336804	0.540093	0.459126	0.348794	0.052141	0.781607	0.872538	0.020914	0.538860	0.282399	0.170741	-0.001597
1	197	clst	0.657360	0.240763	0.159594	0.424689	0.424689	0.591011	0.229534	0.026975	0.921320	0.895939	0.008259	0.500000	0.363763	0.090987	0.002106
[class #0] <for of setCPON>
[class #0] <getLBGClusterSize>
centroid size : 3
ctrd no.	datasize	worktype	data[0]	data[1]	data[2]	data[3]	data[4]	data[5]	data[6]	data[7]	data[8]	data[9]	data[10]	data[11]	data[12]	data[13]	data[14]
		seed	0.418952	0.150882	0.075404	0.358981	0.340204	0.667952	0.225965	0.072681	1.030381	0.838157	-0.008357	0.870610	0.280133	0.101404	0.004317
0	63	clst	0.634921	0.200235	0.183557	0.354468	0.354468	0.426314	0.225733	0.044849	0.865079	0.500000	0.041235	0.730159	0.338592	0.112333	0.003916
		seed	0.451623	0.324423	0.143014	0.353493	0.455845	0.649248	0.177321	-0.027372	0.868647	1.056647	-0.014328	0.856280	0.375466	0.045003	0.006974
1	185	clst	0.537838	0.233198	0.140451	0.439628	0.439628	0.486099	0.162146	0.045797	0.908108	1.000000	0.000000	0.737838	0.372948	0.097624	0.001638
		seed	0.577389	0.401151	0.081140	0.551460	0.317690	0.562789	0.345758	0.060991	1.017676	1.037105	0.026766	0.821081	0.295561	0.130704	0.004744
2	74	clst	0.925676	0.319335	0.130572	0.450441	0.450441	0.806961	0.328799	0.024832	0.891892	0.952703	0.006053	0.554054	0.351322	0.083088	0.001853
[class #0] <for of setCPON>
[class #0] <getLBGClusterSize>
centroid size : 4
ctrd no.	datasize	worktype	data[0]	data[1]	data[2]	data[3]	data[4]	data[5]	data[6]	data[7]	data[8]	data[9]	data[10]	data[11]	data[12]	data[13]	data[14]
		seed	0.418994	0.262803	0.254849	0.279635	0.434215	0.733358	0.256843	0.059571	0.828670	0.760646	-0.008597	0.871265	0.405197	0.011844	-0.000129
0	46	clst	0.554348	0.311074	0.120315	0.471009	0.471009	0.731363	0.222200	0.054415	0.695652	0.989130	0.000974	0.923913	0.355043	0.120283	0.002957
		seed	0.692566	0.262470	-0.001054	0.370174	0.371586	0.293621	0.330880	0.039878	0.955687	0.827630	0.003625	0.685571	0.283432	0.100173	0.001768
1	95	clst	0.531579	0.202227	0.175075	0.403489	0.403489	0.360152	0.142676	0.029074	0.931579	0.878947	0.008800	0.500000	0.382433	0.084563	0.002823
		seed	0.619093	0.280046	0.221069	0.487209	0.479297	0.540737	0.366142	-0.024496	1.074491	0.737788	0.025419	0.585202	0.313073	0.018513	-0.001110
2	96	clst	0.796875	0.272431	0.139909	0.437488	0.437488	0.810274	0.315945	0.023843	0.942708	0.906250	0.008241	0.505208	0.347192	0.096938	0.001493
		seed	0.730129	0.325120	0.012657	0.501620	0.358534	0.504545	0.272218	0.094058	1.002563	0.772799	0.009630	0.906986	0.367213	0.033315	-0.000191
3	85	clst	0.652941	0.231916	0.136612	0.411747	0.411747	0.363034	0.169921	0.065666	0.911765	0.835294	0.016162	1.000000	0.356834	0.098982	0.001640
[class #0] <for of setCPON>
[class #0] <getLBGClusterSize>
centroid size : 5
ctrd no.	datasize	worktype	data[0]	data[1]	data[2]	data[3]	data[4]	data[5]	data[6]	data[7]	data[8]	data[9]	data[10]	data[11]	data[12]	data[13]	data[14]
		seed	0.419035	0.374714	0.105146	0.498967	0.528235	0.798747	0.287711	0.046462	1.033545	1.096260	-0.008836	0.871921	0.345153	0.103193	-0.004576
0	68	clst	0.588235	0.222691	0.123625	0.666700	0.666700	0.510507	0.179722	0.047803	0.897059	0.977941	0.000878	0.750000	0.352912	0.092000	0.002101
		seed	0.478138	0.200517	0.184015	0.386863	0.287338	0.483742	0.159407	0.107123	1.042714	1.011738	0.021578	0.514878	0.376505	0.155344	-0.003438
1	72	clst	0.541667	0.202235	0.192740	0.333300	0.333300	0.324406	0.140418	0.031743	0.916667	0.847222	0.011196	0.500000	0.384236	0.085715	0.003300
		seed	0.660798	0.158931	0.031862	0.422958	0.342227	0.518686	0.061505	0.036779	0.724731	0.851597	0.024073	0.837437	0.330585	0.087232	0.006813
2	70	clst	0.621429	0.253757	0.119430	0.338063	0.338063	0.381644	0.144430	0.063911	0.892857	0.828571	0.014933	1.000000	0.361877	0.109814	0.000657
		seed	0.508878	0.355628	0.106753	0.391384	0.564257	0.802977	0.254760	0.038588	0.834861	0.717944	0.011594	0.853286	0.381708	0.172431	0.005813
3	53	clst	0.500000	0.281466	0.173553	0.364753	0.364753	0.824794	0.341696	0.023966	0.886792	0.858491	0.009577	0.632075	0.345881	0.112906	0.002468
		seed	0.500109	0.327578	0.014575	0.319878	0.395850	0.585224	0.183183	0.108901	0.796819	0.863158	0.007710	0.459509	0.426595	0.185410	0.007036
4	59	clst	1.000000	0.288181	0.124876	0.418063	0.418063	0.813566	0.305054	0.031449	0.881356	0.949153	0.010627	0.559322	0.355903	0.087924	0.002197
[class #0] <for of setCPON>
