[class #1] <getLBGClusterSize>
centroid size : 1
ctrd no.	datasize	worktype	data[0]	data[1]	data[2]	data[3]	data[4]	data[5]	data[6]	data[7]	data[8]	data[9]	data[10]	data[11]	data[12]	data[13]	data[14]
		seed	0.424153	0.319804	0.092239	0.461063	0.404673	0.415200	0.159677	0.257555	0.622597	0.772032	0.007712	0.928871	0.401308	0.080297	-0.010077
0	267	clst	0.655431	0.294751	0.220085	0.383247	0.383247	0.425366	0.206809	0.134367	0.537453	0.657303	0.074968	0.749064	0.360771	0.078073	0.020665
[class #1] <for of setCPON>
[class #1] <getLBGClusterSize>
centroid size : 2
ctrd no.	datasize	worktype	data[0]	data[1]	data[2]	data[3]	data[4]	data[5]	data[6]	data[7]	data[8]	data[9]	data[10]	data[11]	data[12]	data[13]	data[14]
		seed	0.424210	0.449058	0.319498	0.394104	0.484016	0.475719	0.189577	0.229764	0.491748	0.684741	0.006780	0.929544	0.338841	-0.001050	0.096149
0	133	clst	0.601504	0.303546	0.212983	0.393461	0.393461	0.419985	0.217195	0.137444	0.537594	0.672932	0.072164	1.000000	0.368394	0.094902	0.015637
		seed	0.675887	0.456237	0.397978	0.308438	0.479993	0.342981	0.338453	0.158422	0.463272	0.636169	0.119412	0.589742	0.278730	0.144910	-0.021800
1	134	clst	0.708955	0.286022	0.227134	0.373109	0.373109	0.430707	0.196501	0.131313	0.537313	0.641791	0.077751	0.500000	0.353204	0.061369	0.025656
[class #1] <for of setCPON>
[class #1] <getLBGClusterSize>
centroid size : 3
ctrd no.	datasize	worktype	data[0]	data[1]	data[2]	data[3]	data[4]	data[5]	data[6]	data[7]	data[8]	data[9]	data[10]	data[11]	data[12]	data[13]	data[14]
		seed	0.424252	0.184274	0.129895	0.327153	0.311307	0.536254	0.219477	0.201964	0.624650	0.597451	0.005848	0.930216	0.276374	0.081927	0.045530
0	121	clst	0.615702	0.263092	0.130890	0.380141	0.380141	0.318187	0.148745	0.093227	0.500000	0.500000	0.094376	0.789256	0.333300	0.094789	0.010492
		seed	0.457523	0.384690	0.215524	0.322522	0.408896	0.518943	0.172359	-0.010135	0.519734	0.843505	-0.017317	0.915510	0.375554	0.030694	0.075777
1	81	clst	0.648148	0.217965	0.172849	0.399154	0.399154	0.434749	0.218093	0.098579	0.623457	1.000000	0.000000	0.771605	0.419736	0.093722	0.019110
		seed	0.585598	0.473300	0.137159	0.489585	0.292308	0.438924	0.335513	0.177183	0.616408	0.821498	0.142117	0.879385	0.292424	0.108541	0.050393
2	65	clst	0.738462	0.449372	0.444988	0.369205	0.369205	0.613192	0.300835	0.255549	0.500000	0.523077	0.132262	0.646154	0.338429	0.027454	0.041542
[class #1] <for of setCPON>
[class #1] <getLBGClusterSize>
centroid size : 4
ctrd no.	datasize	worktype	data[0]	data[1]	data[2]	data[3]	data[4]	data[5]	data[6]	data[7]	data[8]	data[9]	data[10]	data[11]	data[12]	data[13]	data[14]
		seed	0.424295	0.313527	0.357167	0.260194	0.390643	0.596788	0.249387	0.174173	0.493801	0.510161	0.004916	0.930889	0.406485	0.000575	-0.005095
0	33	clst	0.560606	0.501061	0.519524	0.373709	0.373709	0.560600	0.313115	0.311315	0.515152	0.606061	0.158297	0.969697	0.383812	0.035091	0.041215
		seed	0.702889	0.313143	0.033057	0.336599	0.337791	0.189803	0.321101	0.132426	0.576196	0.585596	0.052335	0.740311	0.279806	0.080809	0.016503
1	76	clst	0.631579	0.228497	0.112289	0.346461	0.346461	0.287596	0.172500	0.073193	0.546053	0.677632	0.058336	0.500000	0.359621	0.072849	0.013474
		seed	0.628068	0.333440	0.314384	0.435364	0.428687	0.418514	0.355258	-0.004040	0.653263	0.484419	0.136889	0.637302	0.310643	0.006633	-0.016257
2	57	clst	0.824561	0.347312	0.356361	0.403489	0.403489	0.629079	0.237798	0.176023	0.526316	0.596491	0.086937	0.508772	0.344998	0.047140	0.042342
		seed	0.741142	0.385495	0.050422	0.447525	0.326776	0.385018	0.264279	0.247282	0.606604	0.523848	0.075633	0.967549	0.366968	0.020078	-0.005798
3	101	clst	0.608911	0.247534	0.126453	0.402620	0.402620	0.369883	0.180403	0.099076	0.544554	0.693069	0.053503	1.000000	0.363009	0.113505	0.007129
[class #1] <for of setCPON>
[class #1] <getLBGClusterSize>
centroid size : 5
ctrd no.	datasize	worktype	data[0]	data[1]	data[2]	data[3]	data[4]	data[5]	data[6]	data[7]	data[8]	data[9]	data[10]	data[11]	data[12]	data[13]	data[14]
		seed	0.424337	0.442769	0.167564	0.445287	0.469986	0.657307	0.279287	0.146383	0.626702	0.888116	0.003990	0.931562	0.344018	0.083552	-0.055719
0	46	clst	0.608696	0.265078	0.191178	0.405774	0.405774	0.456528	0.229454	0.127376	0.608696	1.000000	0.000000	0.989130	0.442015	0.096424	0.030439
		seed	0.484525	0.241596	0.267454	0.350683	0.266694	0.365764	0.155007	0.274977	0.632650	0.792931	0.121988	0.565128	0.376636	0.130923	-0.042771
1	62	clst	0.862903	0.149850	0.210395	0.381697	0.381697	0.376742	0.202494	0.072418	0.580645	0.766129	0.032984	0.500000	0.360187	0.064274	0.013379
		seed	0.670538	0.193569	0.074746	0.381143	0.313015	0.398105	0.060176	0.125856	0.426376	0.612586	0.131668	0.896171	0.328861	0.069054	0.073948
2	71	clst	0.605634	0.277244	0.145203	0.394345	0.394345	0.343066	0.150220	0.106949	0.500000	0.500000	0.099866	1.000000	0.333300	0.111014	0.007035
		seed	0.515829	0.420728	0.169599	0.354498	0.500385	0.661223	0.247369	0.129691	0.497817	0.462072	0.083254	0.912437	0.382049	0.146444	0.062561
3	35	clst	0.657143	0.584300	0.532440	0.361877	0.361877	0.693877	0.358711	0.304334	0.500000	0.514286	0.158629	0.742857	0.333300	0.026014	0.047634
		seed	0.506899	0.388333	0.052852	0.294154	0.358267	0.459688	0.178038	0.278747	0.473139	0.625606	0.068182	0.508304	0.428748	0.158234	0.076490
4	53	clst	0.518868	0.322253	0.150551	0.364753	0.364753	0.388134	0.167698	0.137392	0.500000	0.537736	0.100547	0.500000	0.345881	0.068538	0.021155
[class #1] <for of setCPON>
