[class #1] <getLBGClusterSize>
centroid size : 1
ctrd no.	datasize	worktype	data[0]	data[1]	data[2]	data[3]	data[4]	data[5]	data[6]	data[7]	data[8]	data[9]	data[10]	data[11]	data[12]	data[13]	data[14]
		seed	0.421766	0.322743	0.086317	0.468938	0.409524	0.429139	0.157077	0.263859	0.632011	0.769480	0.006713	0.936457	0.404174	0.082596	-0.015485
0	261	clst	0.651341	0.297119	0.219943	0.386949	0.386949	0.439250	0.205604	0.135355	0.542146	0.655172	0.074289	0.756705	0.361402	0.080238	0.023472
[class #1] <for of setCPON>
[class #1] <getLBGClusterSize>
centroid size : 2
ctrd no.	datasize	worktype	data[0]	data[1]	data[2]	data[3]	data[4]	data[5]	data[6]	data[7]	data[8]	data[9]	data[10]	data[11]	data[12]	data[13]	data[14]
		seed	0.421822	0.454940	0.323851	0.398389	0.493121	0.489329	0.187862	0.234869	0.493906	0.682510	0.005777	0.937129	0.338262	-0.003674	0.119124
0	134	clst	0.593284	0.304983	0.219911	0.400475	0.400475	0.436040	0.221379	0.143060	0.544776	0.675373	0.068952	1.000000	0.373107	0.098362	0.022616
		seed	0.671647	0.462282	0.405880	0.308130	0.488883	0.357312	0.341145	0.160448	0.463851	0.634116	0.118945	0.597432	0.274837	0.151119	-0.030340
1	127	clst	0.712598	0.288821	0.219977	0.372678	0.372678	0.442636	0.188960	0.127225	0.539370	0.633858	0.079920	0.500000	0.349051	0.061114	0.024375
[class #1] <for of setCPON>
[class #1] <getLBGClusterSize>
centroid size : 3
ctrd no.	datasize	worktype	data[0]	data[1]	data[2]	data[3]	data[4]	data[5]	data[6]	data[7]	data[8]	data[9]	data[10]	data[11]	data[12]	data[13]	data[14]
		seed	0.421865	0.184126	0.125675	0.327848	0.311153	0.549534	0.218647	0.205869	0.634177	0.595540	0.004840	0.937802	0.272351	0.084325	0.054980
0	125	clst	0.632000	0.254642	0.132414	0.378642	0.378642	0.350865	0.149318	0.084276	0.500000	0.500000	0.090879	0.772000	0.335967	0.097676	0.009626
		seed	0.454891	0.389106	0.215176	0.322969	0.413974	0.532318	0.170135	-0.015384	0.523444	0.840691	-0.018435	0.923099	0.377001	0.029991	0.093308
1	77	clst	0.636364	0.209614	0.164509	0.415564	0.415564	0.458257	0.223652	0.086975	0.642857	1.000000	0.000000	0.779221	0.424225	0.096097	0.033326
		seed	0.582023	0.479734	0.133268	0.498989	0.291135	0.452734	0.338118	0.180019	0.625478	0.818764	0.141758	0.886986	0.289286	0.112550	0.061142
2	59	clst	0.711864	0.501314	0.477734	0.367205	0.367205	0.601700	0.301300	0.306714	0.500000	0.533898	0.136095	0.694915	0.333300	0.022593	0.039946
[class #1] <for of setCPON>
[class #1] <getLBGClusterSize>
centroid size : 4
ctrd no.	datasize	worktype	data[0]	data[1]	data[2]	data[3]	data[4]	data[5]	data[6]	data[7]	data[8]	data[9]	data[10]	data[11]	data[12]	data[13]	data[14]
		seed	0.421907	0.316323	0.363223	0.257299	0.394742	0.609740	0.249442	0.176879	0.496073	0.508570	0.003903	0.938474	0.409637	-0.001951	-0.009171
0	30	clst	0.550000	0.562190	0.543653	0.355527	0.355527	0.492857	0.329613	0.381330	0.500000	0.583333	0.167657	0.966667	0.333300	0.029433	0.010833
		seed	0.698450	0.315929	0.024460	0.337800	0.339056	0.204967	0.323279	0.133330	0.583037	0.583728	0.051549	0.747955	0.275972	0.083139	0.018198
1	69	clst	0.652174	0.219223	0.102912	0.342964	0.342964	0.295035	0.169068	0.061423	0.550725	0.681159	0.049759	0.500000	0.352628	0.072841	0.013339
		seed	0.624180	0.336689	0.318506	0.441861	0.434826	0.432435	0.358447	-0.009025	0.664377	0.482923	0.136505	0.644978	0.308509	0.004473	-0.023316
2	60	clst	0.791667	0.350812	0.354437	0.422203	0.422203	0.642862	0.238872	0.166663	0.541667	0.591667	0.095525	0.533333	0.366637	0.054392	0.069580
		seed	0.736421	0.389930	0.042610	0.454674	0.327451	0.399121	0.264776	0.253142	0.615131	0.522207	0.074957	0.975123	0.367941	0.018732	-0.010062
3	102	clst	0.598039	0.240267	0.124789	0.405209	0.405209	0.401269	0.174277	0.094606	0.549020	0.696078	0.050930	1.000000	0.372524	0.115387	0.006921
[class #1] <for of setCPON>
[class #1] <getLBGClusterSize>
centroid size : 5
ctrd no.	datasize	worktype	data[0]	data[1]	data[2]	data[3]	data[4]	data[5]	data[6]	data[7]	data[8]	data[9]	data[10]	data[11]	data[12]	data[13]	data[14]
		seed	0.421949	0.448508	0.165047	0.452316	0.478339	0.669930	0.280227	0.147889	0.636343	0.885138	0.002973	0.939147	0.343726	0.086048	-0.073321
0	47	clst	0.595745	0.265785	0.189834	0.432604	0.432604	0.490883	0.243485	0.123853	0.627660	1.000000	0.000000	0.978723	0.453887	0.099543	0.049194
		seed	0.481694	0.242753	0.269454	0.352639	0.264147	0.379972	0.152269	0.282033	0.642621	0.790303	0.121533	0.572827	0.378142	0.136286	-0.056913
1	52	clst	0.846154	0.135496	0.172958	0.384592	0.384592	0.365396	0.188019	0.044119	0.596154	0.788462	0.026410	0.500000	0.365358	0.065288	0.007879
		seed	0.666337	0.193633	0.068033	0.384733	0.312952	0.412137	0.054632	0.126476	0.424909	0.610619	0.131259	0.903766	0.327733	0.070672	0.090991
2	70	clst	0.592857	0.268476	0.141643	0.395217	0.395217	0.348990	0.144430	0.103211	0.500000	0.500000	0.095963	1.000000	0.333300	0.118086	0.006799
		seed	0.512767	0.425965	0.167175	0.356659	0.510367	0.673824	0.247365	0.130477	0.500312	0.460657	0.082614	0.920028	0.383853	0.152747	0.076561
3	27	clst	0.648148	0.597104	0.617281	0.370344	0.370344	0.650796	0.403278	0.363222	0.500000	0.537037	0.173567	0.851852	0.333300	0.016333	0.022196
		seed	0.503903	0.392832	0.045150	0.293080	0.360630	0.473385	0.175981	0.285965	0.474266	0.623591	0.067471	0.516020	0.433127	0.165250	0.094212
4	65	clst	0.600000	0.355311	0.198578	0.353817	0.353817	0.470328	0.176051	0.156625	0.500000	0.515385	0.101731	0.500000	0.333300	0.064023	0.035832
[class #1] <for of setCPON>
