[class #0] <getLBGClusterSize>
centroid size : 1
ctrd no.	datasize	worktype	data[0]	data[1]	data[2]	data[3]	data[4]	data[5]	data[6]	data[7]	data[8]	data[9]	data[10]	data[11]	data[12]	data[13]	data[14]
		seed	0.416384	0.261602	0.039867	0.523040	0.455323	0.532957	0.167584	0.098659	1.026381	0.986868	-0.007643	0.876475	0.400220	0.100463	-0.000518
0	322	clst	0.641304	0.240583	0.142505	0.429593	0.429593	0.544148	0.216682	0.040289	0.894410	0.881988	0.009968	0.700311	0.361256	0.098033	0.002175
[class #0] <for of setCPON>
[class #0] <getLBGClusterSize>
centroid size : 2
ctrd no.	datasize	worktype	data[0]	data[1]	data[2]	data[3]	data[4]	data[5]	data[6]	data[7]	data[8]	data[9]	data[10]	data[11]	data[12]	data[13]	data[14]
		seed	0.416439	0.370041	0.222316	0.442631	0.550604	0.599572	0.198731	0.085491	0.823568	0.907070	-0.007887	0.877134	0.340177	0.011583	0.008788
0	129	clst	0.631783	0.244350	0.124067	0.426342	0.426342	0.482840	0.186891	0.060350	0.864341	0.875969	0.011227	1.000000	0.359145	0.105729	0.001831
		seed	0.661199	0.376064	0.285321	0.339757	0.545773	0.453464	0.353817	0.051687	0.779430	0.862668	0.021605	0.544216	0.282399	0.171058	-0.001544
1	193	clst	0.647668	0.238066	0.154828	0.431765	0.431765	0.585125	0.236593	0.026880	0.914508	0.886010	0.009126	0.500000	0.362667	0.092889	0.002406
[class #0] <for of setCPON>
[class #0] <getLBGClusterSize>
centroid size : 3
ctrd no.	datasize	worktype	data[0]	data[1]	data[2]	data[3]	data[4]	data[5]	data[6]	data[7]	data[8]	data[9]	data[10]	data[11]	data[12]	data[13]	data[14]
		seed	0.416481	0.147897	0.070098	0.362231	0.343202	0.666204	0.229878	0.072318	1.029562	0.827273	-0.008131	0.877793	0.280133	0.102243	0.004354
0	56	clst	0.660714	0.181618	0.172080	0.369021	0.369021	0.321436	0.174589	0.045677	0.866071	0.500000	0.040521	0.785714	0.339254	0.119545	0.004680
		seed	0.448837	0.316038	0.138843	0.356670	0.460394	0.647150	0.180795	-0.028180	0.866945	1.052207	-0.014197	0.863384	0.375466	0.046267	0.007003
1	161	clst	0.540373	0.242442	0.133873	0.438911	0.438911	0.441437	0.157335	0.050111	0.903727	1.000000	0.000000	0.763975	0.380929	0.096441	0.001385
		seed	0.573391	0.390379	0.075930	0.557291	0.320386	0.559071	0.350754	0.060576	1.016787	1.032089	0.027551	0.827991	0.295561	0.131322	0.004780
2	105	clst	0.785714	0.269182	0.139966	0.447609	0.447609	0.820416	0.330130	0.022355	0.895238	0.904762	0.008956	0.557143	0.342826	0.089000	0.002051
[class #0] <for of setCPON>
[class #0] <getLBGClusterSize>
centroid size : 4
ctrd no.	datasize	worktype	data[0]	data[1]	data[2]	data[3]	data[4]	data[5]	data[6]	data[7]	data[8]	data[9]	data[10]	data[11]	data[12]	data[13]	data[14]
		seed	0.416522	0.256336	0.252557	0.281821	0.438474	0.732836	0.261036	0.059150	0.826750	0.747475	-0.008375	0.878452	0.405197	0.013358	-0.000081
0	53	clst	0.537736	0.300634	0.174226	0.459111	0.459111	0.719675	0.220104	0.054594	0.679245	0.943396	0.003381	0.905660	0.352172	0.112642	0.001775
		seed	0.687458	0.256013	-0.007645	0.373574	0.375006	0.284856	0.335741	0.039369	0.954460	0.816435	0.004041	0.691736	0.283432	0.101022	0.001811
1	96	clst	0.526042	0.205208	0.160846	0.416650	0.416650	0.353423	0.150448	0.026848	0.937500	0.880208	0.008396	0.500000	0.381921	0.089187	0.003293
		seed	0.614694	0.273042	0.218210	0.492179	0.484161	0.536605	0.371322	-0.025292	1.073912	0.723943	0.026182	0.590813	0.313073	0.019977	-0.001059
2	88	clst	0.801136	0.258868	0.126334	0.439382	0.439382	0.820623	0.328255	0.025080	0.937500	0.892045	0.010517	0.505682	0.344666	0.098256	0.001645
		seed	0.724659	0.316714	0.006296	0.506783	0.361778	0.499735	0.276549	0.093791	1.001592	0.759987	0.010142	0.914370	0.367213	0.034667	-0.000143
3	85	clst	0.670588	0.224162	0.118752	0.415669	0.415669	0.363874	0.173842	0.062296	0.935294	0.835294	0.015281	1.000000	0.360756	0.098682	0.001712
[class #0] <for of setCPON>
[class #0] <getLBGClusterSize>
centroid size : 5
ctrd no.	datasize	worktype	data[0]	data[1]	data[2]	data[3]	data[4]	data[5]	data[6]	data[7]	data[8]	data[9]	data[10]	data[11]	data[12]	data[13]	data[14]
		seed	0.416563	0.364765	0.100339	0.504095	0.533755	0.799451	0.292183	0.045982	1.032743	1.092988	-0.008618	0.879111	0.345153	0.104019	-0.004516
0	51	clst	0.568627	0.226106	0.148192	0.529418	0.529418	0.680671	0.202596	0.053237	0.813725	0.990196	0.000878	0.980392	0.346375	0.106539	0.000573
		seed	0.475097	0.195988	0.180534	0.390487	0.289627	0.478542	0.162719	0.106914	1.041963	1.005974	0.022280	0.520102	0.376505	0.155776	-0.003381
1	114	clst	0.508772	0.215225	0.167976	0.421037	0.421037	0.432954	0.157879	0.030736	0.938596	0.912281	0.005368	0.500000	0.377168	0.092737	0.003122
		seed	0.655996	0.155695	0.025824	0.427066	0.345253	0.514140	0.063933	0.036256	0.722243	0.841109	0.024815	0.844437	0.330585	0.088178	0.006843
2	76	clst	0.664474	0.232471	0.121026	0.368395	0.368395	0.327076	0.138875	0.066191	0.894737	0.789474	0.020234	0.980263	0.364008	0.103961	0.001875
		seed	0.505540	0.346273	0.101973	0.395069	0.570260	0.803761	0.258934	0.038073	0.832975	0.703513	0.012137	0.860374	0.381708	0.172735	0.005845
3	29	clst	0.586207	0.347690	0.147700	0.390783	0.390783	0.876866	0.524872	0.012193	0.931034	0.620690	0.034490	0.534483	0.333300	0.063879	0.002134
		seed	0.496856	0.319095	0.008247	0.322603	0.399595	0.581926	0.186710	0.108700	0.794725	0.853011	0.008191	0.464428	0.426595	0.185616	0.007066
4	52	clst	1.000000	0.262498	0.109579	0.461531	0.461531	0.785723	0.301252	0.026346	0.855769	0.990385	0.000287	0.548077	0.352535	0.111683	0.002135
[class #0] <for of setCPON>
