[class #0] <getLBGClusterSize>
centroid size : 1
ctrd no.	datasize	worktype	data[0]	data[1]	data[2]	data[3]	data[4]	data[5]	data[6]	data[7]	data[8]	data[9]	data[10]	data[11]	data[12]	data[13]	data[14]
		seed	0.418018	0.268508	0.046883	0.517662	0.450840	0.540564	0.168399	0.097088	1.026381	0.985788	-0.006593	0.867487	0.396805	0.101221	-0.000531
0	322	clst	0.644410	0.246818	0.147467	0.425451	0.425451	0.551690	0.215991	0.040480	0.894410	0.880435	0.009505	0.692547	0.359185	0.098783	0.002287
[class #0] <for of setCPON>
[class #0] <getLBGClusterSize>
centroid size : 2
ctrd no.	datasize	worktype	data[0]	data[1]	data[2]	data[3]	data[4]	data[5]	data[6]	data[7]	data[8]	data[9]	data[10]	data[11]	data[12]	data[13]	data[14]
		seed	0.418074	0.380412	0.225681	0.438317	0.544861	0.606797	0.198591	0.084318	0.823568	0.905631	-0.006816	0.868141	0.338833	0.012031	0.009205
0	124	clst	0.629032	0.252424	0.133137	0.424716	0.424716	0.477540	0.183675	0.060437	0.854839	0.866935	0.011078	1.000000	0.354810	0.109597	0.002191
		seed	0.664434	0.386627	0.287426	0.336804	0.540093	0.461527	0.348922	0.051533	0.779430	0.861028	0.020142	0.537538	0.283048	0.172063	-0.001605
1	198	clst	0.654040	0.243307	0.156441	0.425911	0.425911	0.598127	0.236230	0.027981	0.919192	0.888889	0.008519	0.500000	0.361925	0.092010	0.002347
[class #0] <for of setCPON>
[class #0] <getLBGClusterSize>
centroid size : 3
ctrd no.	datasize	worktype	data[0]	data[1]	data[2]	data[3]	data[4]	data[5]	data[6]	data[7]	data[8]	data[9]	data[10]	data[11]	data[12]	data[13]	data[14]
		seed	0.418115	0.151170	0.076509	0.358981	0.340204	0.673047	0.228783	0.071542	1.029562	0.825473	-0.007039	0.868795	0.280861	0.103008	0.004566
0	70	clst	0.692857	0.187710	0.164040	0.366640	0.366640	0.289804	0.169827	0.052897	0.842857	0.585714	0.030500	0.807143	0.338063	0.118114	0.004006
		seed	0.450683	0.324684	0.143879	0.353493	0.455845	0.654101	0.181205	-0.025924	0.866945	1.051422	-0.012584	0.854487	0.372905	0.046836	0.007338
1	166	clst	0.512048	0.237129	0.148502	0.441755	0.441755	0.521083	0.162634	0.044301	0.924699	1.000000	0.000000	0.719880	0.373469	0.096452	0.001702
		seed	0.576053	0.401399	0.082224	0.551460	0.317690	0.566528	0.345953	0.060155	1.016787	1.031213	0.025577	0.819340	0.295756	0.132188	0.005011
2	86	clst	0.860465	0.313630	0.131980	0.441849	0.441849	0.823933	0.356558	0.022997	0.877907	0.889535	0.010762	0.546512	0.348807	0.087547	0.002017
[class #0] <for of setCPON>
[class #0] <getLBGClusterSize>
centroid size : 4
ctrd no.	datasize	worktype	data[0]	data[1]	data[2]	data[3]	data[4]	data[5]	data[6]	data[7]	data[8]	data[9]	data[10]	data[11]	data[12]	data[13]	data[14]
		seed	0.418157	0.263074	0.255318	0.279635	0.434215	0.739296	0.258985	0.058772	0.826750	0.745315	-0.007262	0.869450	0.401610	0.013812	-0.000074
0	47	clst	0.542553	0.311040	0.173164	0.453891	0.453891	0.752279	0.243474	0.046974	0.691489	0.978723	0.000634	0.882979	0.354581	0.124660	0.002843
		seed	0.690866	0.262741	0.000322	0.370174	0.371586	0.293886	0.331400	0.039587	0.954460	0.814586	0.004087	0.684031	0.284046	0.101782	0.001906
1	92	clst	0.532609	0.198017	0.164974	0.398530	0.398530	0.354814	0.147328	0.028017	0.945652	0.869565	0.008113	0.500000	0.380411	0.085103	0.003383
		seed	0.617625	0.280314	0.221658	0.487209	0.479297	0.544191	0.365891	-0.023123	1.073912	0.721677	0.024326	0.583811	0.312664	0.020454	-0.001097
2	97	clst	0.793814	0.272157	0.128757	0.446725	0.446725	0.812230	0.316124	0.026563	0.943299	0.907216	0.009388	0.510309	0.347048	0.099840	0.001547
		seed	0.728310	0.325381	0.013984	0.501620	0.358534	0.507532	0.274023	0.092367	1.001592	0.757884	0.009664	0.905118	0.364936	0.035196	-0.000138
3	86	clst	0.651163	0.235344	0.135799	0.414712	0.414712	0.358813	0.161485	0.065958	0.895349	0.808140	0.015973	1.000000	0.352684	0.098081	0.001645
[class #0] <for of setCPON>
[class #0] <getLBGClusterSize>
centroid size : 5
ctrd no.	datasize	worktype	data[0]	data[1]	data[2]	data[3]	data[4]	data[5]	data[6]	data[7]	data[8]	data[9]	data[10]	data[11]	data[12]	data[13]	data[14]
		seed	0.418198	0.374967	0.106146	0.498967	0.528235	0.805529	0.289178	0.046001	1.032743	1.092387	-0.007484	0.870104	0.343638	0.104790	-0.004714
0	50	clst	0.560000	0.248722	0.169400	0.533340	0.533340	0.678568	0.191092	0.054240	0.790000	0.990000	0.000896	0.950000	0.353304	0.108010	0.001414
		seed	0.477115	0.200798	0.184735	0.386863	0.287338	0.486461	0.163683	0.105095	1.041963	1.004980	0.020759	0.513591	0.373909	0.156728	-0.003527
1	107	clst	0.509346	0.197847	0.149644	0.408081	0.408081	0.454603	0.156786	0.028742	0.981308	0.920561	0.004324	0.500000	0.373807	0.085154	0.003199
		seed	0.659198	0.159218	0.033121	0.422958	0.342227	0.521855	0.067926	0.036568	0.722243	0.839372	0.023076	0.835671	0.329572	0.088894	0.007170
2	79	clst	0.658228	0.242966	0.155029	0.371282	0.371282	0.312851	0.140633	0.065624	0.860759	0.765823	0.019656	0.955696	0.354401	0.111911	0.001756
		seed	0.507758	0.355884	0.107747	0.391384	0.564257	0.809814	0.256948	0.038331	0.832975	0.701156	0.011488	0.851497	0.378932	0.173746	0.006127
3	31	clst	0.580645	0.362690	0.142781	0.397829	0.397829	0.873290	0.516097	0.013952	0.903226	0.661290	0.031784	0.532258	0.333300	0.071274	0.001990
		seed	0.499016	0.327838	0.015896	0.319878	0.395850	0.589252	0.186939	0.106827	0.794725	0.851327	0.007880	0.458304	0.422270	0.186673	0.007403
4	55	clst	1.000000	0.280580	0.115073	0.454536	0.454536	0.787020	0.292900	0.029640	0.863636	0.990909	0.000271	0.545455	0.357547	0.113555	0.002236
[class #0] <for of setCPON>
