[class #1] <getLBGClusterSize>
centroid size : 1
ctrd no.	datasize	worktype	data[0]	data[1]	data[2]	data[3]	data[4]	data[5]	data[6]	data[7]	data[8]	data[9]	data[10]	data[11]	data[12]	data[13]	data[14]
		seed	0.423054	0.326605	0.093806	0.463083	0.405229	0.429965	0.159077	0.261498	0.618737	0.780932	0.007879	0.932606	0.403094	0.082812	-0.014725
0	267	clst	0.653558	0.301237	0.222522	0.383246	0.383246	0.440080	0.207225	0.135188	0.535581	0.664794	0.075248	0.752809	0.360770	0.080494	0.023846
[class #1] <for of setCPON>
[class #1] <getLBGClusterSize>
centroid size : 2
ctrd no.	datasize	worktype	data[0]	data[1]	data[2]	data[3]	data[4]	data[5]	data[6]	data[7]	data[8]	data[9]	data[10]	data[11]	data[12]	data[13]	data[14]
		seed	0.423111	0.457484	0.322612	0.394386	0.486632	0.490180	0.189622	0.233003	0.490943	0.692569	0.006945	0.933279	0.337874	-0.001958	0.118552
0	135	clst	0.603704	0.321920	0.222979	0.395039	0.395039	0.440747	0.219738	0.144536	0.537037	0.685185	0.073306	1.000000	0.367873	0.097989	0.023272
		seed	0.673946	0.464753	0.401625	0.306496	0.482504	0.358109	0.341708	0.159853	0.463131	0.643400	0.119766	0.593496	0.275114	0.150143	-0.029433
1	132	clst	0.704545	0.280083	0.222055	0.371186	0.371186	0.439398	0.194428	0.125629	0.534091	0.643939	0.077233	0.500000	0.353506	0.062602	0.024434
[class #1] <for of setCPON>
[class #1] <getLBGClusterSize>
centroid size : 3
ctrd no.	datasize	worktype	data[0]	data[1]	data[2]	data[3]	data[4]	data[5]	data[6]	data[7]	data[8]	data[9]	data[10]	data[11]	data[12]	data[13]	data[14]
		seed	0.423153	0.189370	0.131719	0.325696	0.309439	0.550410	0.220166	0.204498	0.620741	0.604206	0.006011	0.933952	0.272653	0.084511	0.055043
0	127	clst	0.633858	0.263765	0.142071	0.375303	0.375303	0.359961	0.153091	0.087520	0.500000	0.500000	0.098380	0.759843	0.335925	0.095843	0.010376
		seed	0.456313	0.392307	0.217930	0.320945	0.409561	0.533186	0.172033	-0.012977	0.518275	0.853283	-0.017193	0.919246	0.376206	0.031122	0.092992
1	83	clst	0.638554	0.223782	0.173078	0.405600	0.405600	0.433740	0.212836	0.093863	0.614458	1.000000	0.000000	0.777108	0.417652	0.099139	0.031727
		seed	0.583959	0.482031	0.139032	0.492345	0.289947	0.453569	0.338705	0.179089	0.612692	0.831006	0.142509	0.883123	0.289411	0.112244	0.061145
2	57	clst	0.719298	0.497512	0.473770	0.368395	0.368395	0.627825	0.319670	0.301574	0.500000	0.543860	0.133277	0.701754	0.333300	0.019149	0.042384
[class #1] <for of setCPON>
[class #1] <getLBGClusterSize>
centroid size : 4
ctrd no.	datasize	worktype	data[0]	data[1]	data[2]	data[3]	data[4]	data[5]	data[6]	data[7]	data[8]	data[9]	data[10]	data[11]	data[12]	data[13]	data[14]
		seed	0.423195	0.320249	0.360537	0.256999	0.390834	0.610640	0.250721	0.176003	0.492947	0.515844	0.005078	0.934624	0.408500	-0.000264	-0.008473
0	35	clst	0.557143	0.565151	0.484700	0.352351	0.352351	0.495917	0.314269	0.367040	0.500000	0.571429	0.174840	0.942857	0.333300	0.027486	0.011469
		seed	0.700858	0.319860	0.034223	0.335387	0.336610	0.205701	0.323982	0.133198	0.573419	0.592205	0.052577	0.744057	0.276237	0.083345	0.018625
1	84	clst	0.660714	0.234980	0.131732	0.345207	0.345207	0.295924	0.174588	0.095495	0.535714	0.666667	0.064686	0.500000	0.357114	0.070196	0.016882
		seed	0.626287	0.340413	0.317463	0.436717	0.429867	0.433263	0.358875	-0.006727	0.648686	0.489786	0.137273	0.641054	0.308433	0.006049	-0.022478
2	48	clst	0.802083	0.326560	0.376427	0.437483	0.437483	0.726194	0.261558	0.120096	0.552083	0.625000	0.073075	0.541667	0.374971	0.056542	0.078617
		seed	0.738982	0.393122	0.051706	0.449193	0.325310	0.399934	0.265935	0.250964	0.603117	0.529699	0.075913	0.971282	0.367241	0.020059	-0.009356
3	100	clst	0.610000	0.252367	0.133149	0.399979	0.399979	0.404294	0.171095	0.094627	0.540000	0.715000	0.050305	1.000000	0.366640	0.119195	0.007739
[class #1] <for of setCPON>
[class #1] <getLBGClusterSize>
centroid size : 5
ctrd no.	datasize	worktype	data[0]	data[1]	data[2]	data[3]	data[4]	data[5]	data[6]	data[7]	data[8]	data[9]	data[10]	data[11]	data[12]	data[13]	data[14]
		seed	0.423238	0.451116	0.169644	0.446897	0.472237	0.670855	0.281266	0.147508	0.622746	0.898442	0.004150	0.935297	0.343280	0.086204	-0.071989
0	49	clst	0.622449	0.272888	0.212580	0.414943	0.414943	0.444614	0.224473	0.127841	0.602041	1.000000	0.000000	1.000000	0.428553	0.100459	0.050604
		seed	0.483224	0.247413	0.270213	0.349837	0.263667	0.380778	0.154306	0.279362	0.628555	0.802088	0.122346	0.568884	0.377335	0.135568	-0.055743
1	38	clst	0.697368	0.189666	0.159066	0.394716	0.394716	0.421055	0.207589	0.066021	0.618421	1.000000	0.000000	0.500000	0.394716	0.087276	0.010300
		seed	0.668615	0.198782	0.076195	0.381088	0.311191	0.412956	0.057430	0.126461	0.427097	0.619528	0.132043	0.899908	0.327455	0.071096	0.090698
2	68	clst	0.602941	0.292128	0.148937	0.392135	0.392135	0.376057	0.150312	0.103516	0.500000	0.500000	0.105369	1.000000	0.333300	0.119603	0.007016
		seed	0.514424	0.428798	0.171693	0.353751	0.503425	0.674751	0.248660	0.130394	0.496870	0.467164	0.083547	0.916173	0.382986	0.151742	0.076411
3	30	clst	0.600000	0.602820	0.550007	0.366640	0.366640	0.702380	0.392577	0.359003	0.500000	0.516667	0.171133	0.800000	0.333300	0.005767	0.019907
		seed	0.505524	0.395996	0.054152	0.291841	0.357618	0.474229	0.177833	0.283227	0.472768	0.632707	0.068450	0.512063	0.431743	0.164028	0.093887
4	82	clst	0.713415	0.267099	0.199080	0.357695	0.357695	0.403316	0.176134	0.116013	0.500000	0.500000	0.095024	0.500000	0.337366	0.060329	0.029533
[class #1] <for of setCPON>
