[class #0] <getLBGClusterSize>
centroid size : 1
ctrd no.	datasize	worktype	data[0]	data[1]	data[2]	data[3]	data[4]	data[5]	data[6]	data[7]	data[8]	data[9]	data[10]	data[11]	data[12]	data[13]	data[14]
		seed	0.418018	0.266848	0.039632	0.520362	0.453085	0.532852	0.167042	0.097537	1.027217	0.983606	-0.007331	0.872902	0.401903	0.101524	-0.000559
0	322	clst	0.644410	0.245495	0.141713	0.427522	0.427522	0.543927	0.215992	0.039545	0.895963	0.877329	0.010293	0.697205	0.362291	0.099059	0.002104
[class #0] <for of setCPON>
[class #0] <getLBGClusterSize>
centroid size : 2
ctrd no.	datasize	worktype	data[0]	data[1]	data[2]	data[3]	data[4]	data[5]	data[6]	data[7]	data[8]	data[9]	data[10]	data[11]	data[12]	data[13]	data[14]
		seed	0.418074	0.377009	0.221091	0.440475	0.547746	0.598780	0.198095	0.084454	0.825506	0.902746	-0.007575	0.873559	0.340862	0.011370	0.008643
0	127	clst	0.637795	0.240167	0.124544	0.430432	0.430432	0.474698	0.189835	0.061231	0.866142	0.866142	0.011992	1.000000	0.356927	0.109602	0.001665
		seed	0.664434	0.383127	0.283754	0.338270	0.542947	0.454179	0.352713	0.050869	0.781607	0.857752	0.021939	0.541525	0.282123	0.173131	-0.001575
1	195	clst	0.648718	0.248966	0.152894	0.425626	0.425626	0.589014	0.233027	0.025421	0.915385	0.884615	0.009186	0.500000	0.365785	0.092192	0.002390
[class #0] <for of setCPON>
[class #0] <getLBGClusterSize>
centroid size : 3
ctrd no.	datasize	worktype	data[0]	data[1]	data[2]	data[3]	data[4]	data[5]	data[6]	data[7]	data[8]	data[9]	data[10]	data[11]	data[12]	data[13]	data[14]
		seed	0.418115	0.151337	0.069699	0.360598	0.341693	0.664724	0.229148	0.071367	1.030381	0.821886	-0.007820	0.874217	0.279820	0.103330	0.004258
0	72	clst	0.708333	0.186115	0.165437	0.365714	0.365714	0.301597	0.162024	0.052749	0.861111	0.576389	0.034214	0.798611	0.342561	0.119042	0.004082
		seed	0.450683	0.322149	0.138071	0.355073	0.458123	0.645866	0.180213	-0.028482	0.868647	1.049814	-0.013890	0.859846	0.376738	0.046551	0.006878
1	166	clst	0.512048	0.233538	0.133342	0.449789	0.449789	0.510326	0.172674	0.045183	0.915663	1.000000	0.000000	0.728916	0.377486	0.097988	0.001457
		seed	0.576053	0.397670	0.075499	0.554390	0.319026	0.558696	0.349660	0.059701	1.017676	1.029428	0.027889	0.824547	0.295504	0.132826	0.004679
2	84	clst	0.851190	0.320023	0.137919	0.436495	0.436495	0.818039	0.347854	0.017087	0.886905	0.892857	0.010130	0.547619	0.349176	0.084048	0.001687
[class #0] <for of setCPON>
[class #0] <getLBGClusterSize>
centroid size : 4
ctrd no.	datasize	worktype	data[0]	data[1]	data[2]	data[3]	data[4]	data[5]	data[6]	data[7]	data[8]	data[9]	data[10]	data[11]	data[12]	data[13]	data[14]
		seed	0.418157	0.261498	0.251168	0.280711	0.436346	0.730669	0.260212	0.058284	0.828670	0.741026	-0.008064	0.874874	0.406962	0.013171	-0.000128
0	48	clst	0.531250	0.314325	0.166302	0.451379	0.451379	0.742560	0.236088	0.053735	0.708333	0.968750	0.001554	0.895833	0.354137	0.121437	0.002210
		seed	0.690866	0.261170	-0.007622	0.371867	0.373290	0.287311	0.334692	0.038631	0.955687	0.810904	0.004362	0.688653	0.283174	0.102091	0.001743
1	94	clst	0.531915	0.202565	0.157791	0.411330	0.411330	0.356384	0.148921	0.026691	0.930851	0.861702	0.009846	0.500000	0.386502	0.086309	0.003413
		seed	0.617625	0.278470	0.217007	0.489701	0.481735	0.536462	0.370166	-0.025612	1.074491	0.717181	0.026519	0.587998	0.313307	0.019885	-0.001095
2	92	clst	0.788043	0.279375	0.130446	0.434770	0.434770	0.809788	0.312775	0.022272	0.945652	0.907609	0.009087	0.505435	0.347796	0.099353	0.001582
		seed	0.728310	0.322836	0.006244	0.504210	0.360148	0.499972	0.275679	0.092701	1.002563	0.753705	0.010467	0.910696	0.368347	0.034785	-0.000189
3	88	clst	0.676136	0.218390	0.122905	0.424227	0.424227	0.357965	0.175491	0.063593	0.909091	0.812500	0.016798	1.000000	0.356032	0.100165	0.001193
[class #0] <for of setCPON>
[class #0] <getLBGClusterSize>
centroid size : 5
ctrd no.	datasize	worktype	data[0]	data[1]	data[2]	data[3]	data[4]	data[5]	data[6]	data[7]	data[8]	data[9]	data[10]	data[11]	data[12]	data[13]	data[14]
		seed	0.418198	0.371649	0.099776	0.501540	0.531007	0.796597	0.291265	0.045201	1.033545	1.091138	-0.008306	0.875531	0.345921	0.105131	-0.004513
0	76	clst	0.552632	0.254396	0.122711	0.478066	0.478066	0.548878	0.181270	0.057897	0.907895	1.000000	0.000000	1.000000	0.359621	0.111533	0.001461
		seed	0.477115	0.200192	0.179535	0.388671	0.288466	0.478998	0.162192	0.105739	1.042714	1.002966	0.022614	0.517474	0.377794	0.157630	-0.003391
1	111	clst	0.509009	0.205396	0.144652	0.426412	0.426412	0.460742	0.156141	0.030368	0.954955	0.918919	0.005648	0.500000	0.381358	0.082982	0.003221
		seed	0.659198	0.159259	0.025665	0.425012	0.343730	0.514229	0.063703	0.035538	0.724731	0.835906	0.025151	0.840949	0.331110	0.089063	0.006719
2	53	clst	0.754717	0.205053	0.184526	0.358462	0.358462	0.293813	0.153025	0.064974	0.773585	0.622642	0.033242	0.924528	0.345881	0.119896	0.001081
		seed	0.507758	0.352864	0.101402	0.393222	0.567275	0.800862	0.258116	0.037344	0.834861	0.696479	0.012464	0.856843	0.383083	0.174832	0.005733
3	30	clst	0.566667	0.368053	0.144017	0.399980	0.399980	0.871447	0.518487	0.014417	0.900000	0.666667	0.030357	0.533333	0.333300	0.070783	0.001913
		seed	0.499016	0.325254	0.008184	0.321228	0.397719	0.581315	0.186111	0.107513	0.796819	0.847967	0.008515	0.461949	0.428717	0.187898	0.006940
4	52	clst	1.000000	0.288596	0.118244	0.442296	0.442296	0.780227	0.284160	0.020892	0.875000	0.990385	0.000287	0.538462	0.358946	0.110221	0.001812
[class #0] <for of setCPON>
