[class #0] <getLBGClusterSize>
centroid size : 1
ctrd no.	datasize	worktype	data[0]	data[1]	data[2]	data[3]	data[4]	data[5]	data[6]	data[7]	data[8]	data[9]	data[10]	data[11]	data[12]	data[13]	data[14]
		seed	0.417195	0.262572	0.044991	0.521704	0.454204	0.529490	0.166733	0.097764	1.028855	0.995217	-0.007456	0.863839	0.401903	0.094520	-0.000457
0	322	clst	0.642857	0.241510	0.142489	0.428557	0.428557	0.540598	0.214266	0.039707	0.899068	0.894410	0.008623	0.689441	0.362291	0.092542	0.001998
[class #0] <for of setCPON>
[class #0] <getLBGClusterSize>
centroid size : 2
ctrd no.	datasize	worktype	data[0]	data[1]	data[2]	data[3]	data[4]	data[5]	data[6]	data[7]	data[8]	data[9]	data[10]	data[11]	data[12]	data[13]	data[14]
		seed	0.417250	0.371235	0.218304	0.441553	0.549178	0.595617	0.196887	0.084667	0.829399	0.918519	-0.007679	0.864491	0.340862	0.022175	0.008025
0	122	clst	0.635246	0.243927	0.128867	0.434413	0.434413	0.457266	0.191240	0.060829	0.860656	0.889344	0.009790	1.000000	0.360628	0.104217	0.002227
		seed	0.662817	0.377270	0.278154	0.339011	0.544363	0.450579	0.347031	0.051044	0.785992	0.875840	0.019248	0.534913	0.282123	0.151982	-0.001393
1	200	clst	0.647500	0.240035	0.150799	0.424985	0.424985	0.591431	0.228312	0.026823	0.922500	0.897500	0.007911	0.500000	0.363306	0.085420	0.001858
[class #0] <for of setCPON>
[class #0] <getLBGClusterSize>
centroid size : 3
ctrd no.	datasize	worktype	data[0]	data[1]	data[2]	data[3]	data[4]	data[5]	data[6]	data[7]	data[8]	data[9]	data[10]	data[11]	data[12]	data[13]	data[14]
		seed	0.417291	0.148632	0.073708	0.361412	0.342445	0.661760	0.227042	0.071565	1.031984	0.841820	-0.007902	0.865143	0.279820	0.095969	0.003983
0	68	clst	0.698529	0.190372	0.150526	0.352912	0.352912	0.260513	0.169921	0.054988	0.852941	0.639706	0.029637	0.823529	0.357815	0.107897	0.003541
		seed	0.449755	0.317121	0.139011	0.355869	0.459259	0.642845	0.179523	-0.028395	0.872058	1.058018	-0.013440	0.850879	0.376738	0.050406	0.006398
1	171	clst	0.511696	0.229911	0.142332	0.456132	0.456132	0.518794	0.168275	0.041961	0.926901	0.994152	0.000262	0.704678	0.370344	0.090611	0.001409
		seed	0.574720	0.391615	0.079248	0.555845	0.319703	0.555412	0.344066	0.059886	1.019420	1.038682	0.024676	0.815841	0.295504	0.119638	0.004371
2	83	clst	0.867470	0.307302	0.136229	0.433722	0.433722	0.814987	0.345351	0.022543	0.879518	0.897590	0.008631	0.548193	0.349367	0.083940	0.001947
[class #0] <for of setCPON>
[class #0] <getLBGClusterSize>
centroid size : 4
ctrd no.	datasize	worktype	data[0]	data[1]	data[2]	data[3]	data[4]	data[5]	data[6]	data[7]	data[8]	data[9]	data[10]	data[11]	data[12]	data[13]	data[14]
		seed	0.417333	0.257295	0.247031	0.281262	0.437410	0.727904	0.257207	0.058467	0.832528	0.765121	-0.008125	0.865796	0.406962	0.023620	-0.000059
0	49	clst	0.540816	0.311159	0.173751	0.462578	0.462578	0.718659	0.240339	0.045445	0.663265	0.959184	0.002437	0.877551	0.353712	0.110796	0.002573
		seed	0.689163	0.256972	-0.000142	0.372719	0.374146	0.283207	0.329532	0.038792	0.958125	0.831403	0.003212	0.680952	0.283174	0.094975	0.001666
1	93	clst	0.532258	0.200647	0.140383	0.412169	0.412169	0.349461	0.150523	0.026614	0.951613	0.870968	0.009309	0.500000	0.383489	0.086608	0.002396
		seed	0.616159	0.274036	0.214404	0.490942	0.482950	0.533111	0.363979	-0.025523	1.075600	0.742503	0.023426	0.581042	0.313307	0.029007	-0.000950
2	96	clst	0.781250	0.262565	0.137474	0.430542	0.430542	0.808041	0.299742	0.025714	0.947917	0.921875	0.007152	0.505208	0.347192	0.085266	0.001515
		seed	0.726487	0.317798	0.013101	0.505499	0.360961	0.496511	0.272226	0.092922	1.004477	0.777147	0.008782	0.901353	0.368347	0.040965	-0.000115
3	84	clst	0.666667	0.222058	0.132317	0.424588	0.424588	0.342696	0.171944	0.066849	0.922619	0.851190	0.013152	1.000000	0.361083	0.096780	0.001774
[class #0] <for of setCPON>
[class #0] <getLBGClusterSize>
centroid size : 5
ctrd no.	datasize	worktype	data[0]	data[1]	data[2]	data[3]	data[4]	data[5]	data[6]	data[7]	data[8]	data[9]	data[10]	data[11]	data[12]	data[13]	data[14]
		seed	0.417374	0.365948	0.102435	0.502819	0.532384	0.794031	0.287361	0.045370	1.035112	1.097216	-0.008346	0.866448	0.345921	0.097414	-0.004101
0	70	clst	0.557143	0.224067	0.136547	0.666700	0.666700	0.480617	0.187284	0.051431	0.885714	0.964286	0.001920	0.764286	0.357114	0.078250	0.001859
		seed	0.476101	0.196822	0.178614	0.389578	0.289042	0.475474	0.162023	0.105975	1.044179	1.013581	0.019864	0.511040	0.377794	0.139543	-0.003067
1	72	clst	0.541667	0.197115	0.169069	0.333300	0.333300	0.330356	0.146590	0.030053	0.930556	0.847222	0.011401	0.500000	0.379606	0.084451	0.002746
		seed	0.657598	0.156446	0.031651	0.426039	0.344489	0.510811	0.066385	0.035696	0.729751	0.855119	0.022178	0.832122	0.331110	0.084521	0.006252
2	69	clst	0.644928	0.235328	0.112445	0.333300	0.333300	0.384068	0.146523	0.061171	0.905797	0.840580	0.015145	1.000000	0.367123	0.106899	0.001381
		seed	0.506645	0.347418	0.103988	0.394145	0.568772	0.798309	0.255172	0.037503	0.838650	0.722867	0.010603	0.847899	0.383083	0.153347	0.005343
3	53	clst	0.500000	0.280664	0.178994	0.358462	0.358462	0.832879	0.333309	0.020102	0.886792	0.858491	0.009575	0.603774	0.345881	0.108585	0.001753
		seed	0.497932	0.320184	0.014954	0.321913	0.398656	0.578100	0.185250	0.107751	0.801034	0.866559	0.007000	0.455925	0.428717	0.163832	0.006455
4	58	clst	1.000000	0.289247	0.119048	0.436769	0.436769	0.793112	0.302652	0.029922	0.879310	0.965517	0.004633	0.543103	0.356293	0.088095	0.002195
[class #0] <for of setCPON>
