[class #1] <getLBGClusterSize>
centroid size : 1
ctrd no.	datasize	worktype	data[0]	data[1]	data[2]	data[3]	data[4]	data[5]	data[6]	data[7]	data[8]	data[9]	data[10]	data[11]	data[12]	data[13]	data[14]
		seed	0.425270	0.322083	0.086341	0.472658	0.412390	0.425431	0.159473	0.254075	0.626396	0.772032	0.008636	0.936301	0.407016	0.082688	-0.014023
0	267	clst	0.657303	0.297312	0.213925	0.389490	0.389490	0.435533	0.203480	0.133945	0.539326	0.657303	0.072509	0.756554	0.363268	0.080346	0.024661
[class #1] <for of setCPON>
[class #1] <getLBGClusterSize>
centroid size : 2
ctrd no.	datasize	worktype	data[0]	data[1]	data[2]	data[3]	data[4]	data[5]	data[6]	data[7]	data[8]	data[9]	data[10]	data[11]	data[12]	data[13]	data[14]
		seed	0.425327	0.449880	0.313135	0.401094	0.497189	0.485567	0.187391	0.226974	0.492587	0.684741	0.007751	0.936974	0.339600	-0.002949	0.119643
0	137	clst	0.605839	0.305073	0.210142	0.403872	0.403872	0.429620	0.215720	0.144686	0.543796	0.689781	0.067442	1.000000	0.372236	0.099336	0.022921
		seed	0.677827	0.456978	0.391454	0.309536	0.492890	0.353669	0.326396	0.157402	0.463466	0.636169	0.114716	0.597286	0.274728	0.150707	-0.028774
1	130	clst	0.711538	0.289134	0.217912	0.374334	0.374334	0.441763	0.190582	0.122625	0.534615	0.623077	0.077848	0.500000	0.353817	0.060335	0.026494
[class #1] <for of setCPON>
[class #1] <getLBGClusterSize>
centroid size : 3
ctrd no.	datasize	worktype	data[0]	data[1]	data[2]	data[3]	data[4]	data[5]	data[6]	data[7]	data[8]	data[9]	data[10]	data[11]	data[12]	data[13]	data[14]
		seed	0.425369	0.188081	0.123920	0.329538	0.312603	0.545718	0.215308	0.199864	0.628495	0.597451	0.006866	0.937646	0.272185	0.084404	0.055948
0	123	clst	0.617886	0.259472	0.129908	0.387511	0.387511	0.343790	0.149940	0.094823	0.500000	0.500000	0.095389	0.780488	0.333300	0.096183	0.010740
		seed	0.458749	0.386237	0.209374	0.324589	0.416903	0.528517	0.171315	-0.006971	0.521206	0.843505	-0.015134	0.922944	0.379223	0.030470	0.094008
1	80	clst	0.625000	0.235888	0.157021	0.412479	0.412479	0.444649	0.218041	0.101749	0.631250	1.000000	0.000000	0.806250	0.429150	0.100513	0.032364
		seed	0.587243	0.473849	0.131169	0.503141	0.292297	0.449004	0.323651	0.175698	0.620066	0.821498	0.136279	0.886831	0.289506	0.112421	0.062068
2	64	clst	0.773438	0.446817	0.446525	0.364556	0.364556	0.600455	0.288177	0.249378	0.500000	0.531250	0.119172	0.648438	0.338509	0.024703	0.041786
[class #1] <for of setCPON>
[class #1] <getLBGClusterSize>
centroid size : 4
ctrd no.	datasize	worktype	data[0]	data[1]	data[2]	data[3]	data[4]	data[5]	data[6]	data[7]	data[8]	data[9]	data[10]	data[11]	data[12]	data[13]	data[14]
		seed	0.425412	0.315877	0.350726	0.257974	0.397394	0.605869	0.243235	0.172763	0.494686	0.510161	0.005980	0.938319	0.412604	-0.001238	-0.007753
0	35	clst	0.600000	0.526440	0.450091	0.342826	0.342826	0.475509	0.269826	0.326643	0.500000	0.557143	0.150114	0.985714	0.333300	0.030300	0.010049
		seed	0.704917	0.315497	0.027281	0.339634	0.340908	0.201460	0.310194	0.132051	0.578945	0.585596	0.051014	0.747805	0.275889	0.083226	0.019424
1	93	clst	0.607527	0.254253	0.110035	0.344055	0.344055	0.230425	0.161275	0.092878	0.532258	0.698925	0.048635	0.655914	0.354810	0.089312	0.012132
		seed	0.629851	0.335566	0.308031	0.445191	0.438056	0.428724	0.342086	-0.001027	0.657755	0.484419	0.131315	0.644830	0.309169	0.005139	-0.021799
2	65	clst	0.784615	0.334757	0.329189	0.394851	0.394851	0.605502	0.215366	0.158923	0.523077	0.569231	0.093232	0.500000	0.343558	0.045508	0.039392
		seed	0.743295	0.387034	0.044610	0.458189	0.329135	0.395439	0.257140	0.244057	0.610041	0.523848	0.073140	0.974966	0.369956	0.019293	-0.008638
3	74	clst	0.635135	0.210166	0.131543	0.463953	0.463953	0.525099	0.214701	0.072474	0.581081	0.729730	0.047603	1.000000	0.405384	0.123351	0.034377
[class #1] <for of setCPON>
[class #1] <getLBGClusterSize>
centroid size : 5
ctrd no.	datasize	worktype	data[0]	data[1]	data[2]	data[3]	data[4]	data[5]	data[6]	data[7]	data[8]	data[9]	data[10]	data[11]	data[12]	data[13]	data[14]
		seed	0.425455	0.443662	0.161511	0.455796	0.482194	0.666006	0.271153	0.145662	0.630593	0.888116	0.005101	0.938991	0.345188	0.086114	-0.071454
0	53	clst	0.613208	0.269649	0.194370	0.415072	0.415072	0.440709	0.253655	0.127791	0.622642	1.000000	0.000000	0.990566	0.433945	0.099340	0.046792
		seed	0.485839	0.244756	0.261197	0.354686	0.264921	0.376308	0.155113	0.271065	0.636676	0.792931	0.117163	0.572681	0.380390	0.135983	-0.055161
1	45	clst	1.000000	0.198680	0.235193	0.399980	0.399980	0.366689	0.187638	0.093378	0.544444	0.633333	0.056391	0.500000	0.348118	0.057800	0.017058
		seed	0.672460	0.197271	0.068884	0.387241	0.314428	0.408444	0.066570	0.125644	0.425736	0.612586	0.126356	0.903612	0.328831	0.070852	0.091708
2	70	clst	0.607143	0.277389	0.144850	0.404743	0.404743	0.362251	0.150779	0.111021	0.500000	0.500000	0.101506	1.000000	0.333300	0.114479	0.007456
		seed	0.517246	0.421869	0.163543	0.358764	0.514684	0.669896	0.241351	0.129385	0.498793	0.462072	0.080377	0.919872	0.386231	0.152323	0.077378
3	33	clst	0.681818	0.589627	0.519300	0.353506	0.353506	0.694806	0.346785	0.312548	0.500000	0.500000	0.146988	0.727273	0.333300	0.030667	0.050433
		seed	0.508287	0.389840	0.047035	0.294270	0.362792	0.469637	0.176617	0.274741	0.473557	0.625606	0.066064	0.515875	0.436630	0.164734	0.094906
4	66	clst	0.500000	0.261750	0.135702	0.363609	0.363609	0.426400	0.158233	0.101558	0.530303	0.643939	0.073730	0.500000	0.363609	0.069106	0.017433
[class #1] <for of setCPON>
