[class #1] <getLBGClusterSize>
centroid size : 1
ctrd no.	datasize	worktype	data[0]	data[1]	data[2]	data[3]	data[4]	data[5]	data[6]	data[7]	data[8]	data[9]	data[10]	data[11]	data[12]	data[13]	data[14]
		seed	0.419865	0.328038	0.089516	0.463022	0.406117	0.425643	0.158152	0.264684	0.622597	0.769785	0.015463	0.936301	0.392933	0.083657	-0.014113
0	267	clst	0.647940	0.302715	0.221090	0.384496	0.384496	0.435534	0.204313	0.137650	0.537453	0.655431	0.071335	0.756554	0.354527	0.081303	0.022761
[class #1] <for of setCPON>
[class #1] <getLBGClusterSize>
centroid size : 2
ctrd no.	datasize	worktype	data[0]	data[1]	data[2]	data[3]	data[4]	data[5]	data[6]	data[7]	data[8]	data[9]	data[10]	data[11]	data[12]	data[13]	data[14]
		seed	0.419921	0.458681	0.323402	0.395452	0.486184	0.484521	0.187436	0.236026	0.491748	0.682779	0.014689	0.936974	0.333749	-0.002412	0.113300
0	137	clst	0.587591	0.312785	0.210818	0.394138	0.394138	0.422323	0.215720	0.143791	0.536496	0.671533	0.064719	1.000000	0.362501	0.101361	0.023052
		seed	0.668113	0.465937	0.404170	0.309004	0.482124	0.355383	0.333243	0.162456	0.463272	0.634366	0.108256	0.597286	0.276798	0.152019	-0.028174
1	130	clst	0.711538	0.292104	0.231915	0.374334	0.374334	0.449455	0.192292	0.131179	0.538462	0.638462	0.078307	0.500000	0.346123	0.060165	0.022455
[class #1] <for of setCPON>
[class #1] <getLBGClusterSize>
centroid size : 3
ctrd no.	datasize	worktype	data[0]	data[1]	data[2]	data[3]	data[4]	data[5]	data[6]	data[7]	data[8]	data[9]	data[10]	data[11]	data[12]	data[13]	data[14]
		seed	0.419963	0.191051	0.128270	0.327890	0.311900	0.543413	0.216720	0.207358	0.624650	0.595773	0.013914	0.937646	0.274565	0.085381	0.052585
0	125	clst	0.604000	0.262680	0.129488	0.383977	0.383977	0.357149	0.149318	0.094252	0.500000	0.500000	0.085864	0.796000	0.333300	0.100968	0.010293
		seed	0.452773	0.393621	0.216396	0.323217	0.410379	0.526572	0.170574	-0.011365	0.519734	0.841026	-0.005330	0.922944	0.368534	0.031175	0.088865
1	78	clst	0.634615	0.227878	0.170800	0.397413	0.397413	0.431326	0.225058	0.097908	0.628205	1.000000	0.000000	0.775641	0.405962	0.099628	0.033247
		seed	0.579074	0.483183	0.135746	0.491804	0.292727	0.448723	0.330363	0.181803	0.616408	0.819090	0.127118	0.886831	0.289772	0.113540	0.058418
2	64	clst	0.750000	0.472117	0.461291	0.369766	0.369766	0.593758	0.286441	0.270848	0.500000	0.539063	0.129897	0.656250	0.333300	0.020563	0.034333
[class #1] <for of setCPON>
[class #1] <getLBGClusterSize>
centroid size : 4
ctrd no.	datasize	worktype	data[0]	data[1]	data[2]	data[3]	data[4]	data[5]	data[6]	data[7]	data[8]	data[9]	data[10]	data[11]	data[12]	data[13]	data[14]
		seed	0.420005	0.321694	0.362169	0.260320	0.391959	0.602306	0.246013	0.178699	0.493801	0.508767	0.013140	0.938319	0.397839	-0.000692	-0.008136
0	36	clst	0.583333	0.570267	0.492814	0.351822	0.351822	0.478178	0.277761	0.356389	0.500000	0.569444	0.136814	0.930556	0.333300	0.027611	0.011458
		seed	0.694741	0.321305	0.028610	0.337422	0.338625	0.206360	0.316248	0.135648	0.576196	0.583957	0.052533	0.747805	0.277817	0.084198	0.017769
1	81	clst	0.672840	0.244673	0.134442	0.345648	0.345648	0.306002	0.176940	0.102278	0.543210	0.660494	0.066530	0.500000	0.349764	0.068296	0.019784
		seed	0.620956	0.341821	0.318138	0.437088	0.430351	0.428868	0.349701	-0.005079	0.653263	0.483110	0.122775	0.644830	0.307033	0.005717	-0.021525
2	49	clst	0.806122	0.318310	0.382471	0.442161	0.442161	0.728865	0.249418	0.116118	0.551020	0.642857	0.068537	0.551020	0.367316	0.052214	0.067000
		seed	0.732464	0.394435	0.046481	0.449360	0.327509	0.396280	0.260598	0.254090	0.606604	0.522410	0.071887	0.974966	0.360399	0.019942	-0.008980
3	101	clst	0.574257	0.246334	0.115434	0.399320	0.399320	0.381906	0.178203	0.098498	0.539604	0.688119	0.053207	1.000000	0.359708	0.124985	0.007715
[class #1] <for of setCPON>
[class #1] <getLBGClusterSize>
centroid size : 5
ctrd no.	datasize	worktype	data[0]	data[1]	data[2]	data[3]	data[4]	data[5]	data[6]	data[7]	data[8]	data[9]	data[10]	data[11]	data[12]	data[13]	data[14]
		seed	0.420046	0.452324	0.167037	0.447101	0.472026	0.661183	0.275296	0.150041	0.626702	0.885491	0.012371	0.938991	0.338655	0.087100	-0.068857
0	46	clst	0.608696	0.276057	0.206904	0.405774	0.405774	0.433241	0.241533	0.132743	0.608696	1.000000	0.000000	1.000000	0.420270	0.100326	0.053035
		seed	0.479401	0.248989	0.269840	0.351634	0.266879	0.377549	0.153579	0.282651	0.632650	0.790617	0.110396	0.572681	0.369558	0.137220	-0.053327
1	60	clst	0.875000	0.173808	0.216393	0.377753	0.377753	0.354778	0.201837	0.077922	0.583333	0.750000	0.036075	0.500000	0.349970	0.061442	0.012965
		seed	0.662838	0.200446	0.071514	0.382373	0.313623	0.409012	0.060703	0.128873	0.426376	0.610859	0.118438	0.903612	0.324295	0.071761	0.086671
2	75	clst	0.586667	0.282221	0.138808	0.395535	0.395535	0.362865	0.151096	0.109703	0.500000	0.500000	0.086979	1.000000	0.333300	0.118920	0.007197
		seed	0.510272	0.430046	0.169132	0.355484	0.502702	0.664992	0.244037	0.132828	0.497817	0.460835	0.078218	0.919872	0.374686	0.153642	0.073013
3	29	clst	0.655172	0.595900	0.591386	0.367790	0.367790	0.665028	0.367800	0.340490	0.500000	0.517241	0.180128	0.775862	0.333300	0.018621	0.040548
		seed	0.501465	0.397303	0.048982	0.294590	0.359288	0.468924	0.176135	0.286538	0.473139	0.623837	0.065697	0.515875	0.418931	0.166117	0.089720
4	57	clst	0.517544	0.337723	0.157351	0.368395	0.368395	0.501246	0.163726	0.138056	0.500000	0.552632	0.090084	0.500000	0.344998	0.069254	0.020070
[class #1] <for of setCPON>
