[class #1] <getLBGClusterSize>
centroid size : 1
ctrd no.	datasize	worktype	data[0]	data[1]	data[2]	data[3]	data[4]	data[5]	data[6]	data[7]	data[8]	data[9]	data[10]	data[11]	data[12]	data[13]	data[14]
		seed	0.421973	0.327322	0.092594	0.461128	0.403786	0.421398	0.157977	0.255371	0.618737	0.767530	0.011039	0.930744	0.405064	0.080809	-0.014469
0	267	clst	0.651685	0.302432	0.219751	0.381998	0.381998	0.431519	0.203896	0.135095	0.535581	0.653558	0.075695	0.750936	0.362019	0.078567	0.024194
[class #1] <for of setCPON>
[class #1] <getLBGClusterSize>
centroid size : 2
ctrd no.	datasize	worktype	data[0]	data[1]	data[2]	data[3]	data[4]	data[5]	data[6]	data[7]	data[8]	data[9]	data[10]	data[11]	data[12]	data[13]	data[14]
		seed	0.422029	0.455731	0.318628	0.393038	0.484469	0.481653	0.187108	0.228237	0.490943	0.680815	0.010143	0.931416	0.338732	-0.001185	0.119127
0	134	clst	0.593284	0.317315	0.217513	0.395499	0.395499	0.425913	0.218891	0.145506	0.541045	0.671642	0.074744	1.000000	0.370619	0.093537	0.023179
		seed	0.672004	0.462863	0.396685	0.305925	0.480378	0.349493	0.332153	0.158581	0.463131	0.632563	0.118420	0.591614	0.274903	0.145936	-0.029212
1	133	clst	0.710526	0.287437	0.222006	0.368395	0.368395	0.437168	0.188789	0.124605	0.530075	0.635338	0.076653	0.500000	0.353354	0.063485	0.025217
[class #1] <for of setCPON>
[class #1] <getLBGClusterSize>
centroid size : 3
ctrd no.	datasize	worktype	data[0]	data[1]	data[2]	data[3]	data[4]	data[5]	data[6]	data[7]	data[8]	data[9]	data[10]	data[11]	data[12]	data[13]	data[14]
		seed	0.422071	0.192676	0.130047	0.324956	0.308843	0.541924	0.216238	0.201094	0.620741	0.594100	0.009247	0.932089	0.272400	0.082452	0.055465
0	122	clst	0.610656	0.260499	0.130548	0.379757	0.379757	0.336070	0.146616	0.089084	0.500000	0.500000	0.096048	0.786885	0.333300	0.093836	0.010159
		seed	0.455117	0.391783	0.215215	0.320247	0.408080	0.524688	0.170333	-0.005993	0.518275	0.838532	-0.013022	0.917382	0.377717	0.030812	0.093505
1	77	clst	0.636364	0.227806	0.171412	0.402574	0.402574	0.434142	0.210665	0.102464	0.623377	1.000000	0.000000	0.772727	0.428555	0.100981	0.032251
		seed	0.582325	0.479815	0.137272	0.490132	0.289523	0.445018	0.329289	0.176899	0.612692	0.816670	0.140248	0.881257	0.289443	0.109278	0.061581
2	68	clst	0.742647	0.462166	0.434529	0.362718	0.362718	0.599797	0.299000	0.254594	0.500000	0.536765	0.124893	0.661765	0.338203	0.025794	0.040251
[class #1] <for of setCPON>
[class #1] <getLBGClusterSize>
centroid size : 4
ctrd no.	datasize	worktype	data[0]	data[1]	data[2]	data[3]	data[4]	data[5]	data[6]	data[7]	data[8]	data[9]	data[10]	data[11]	data[12]	data[13]	data[14]
		seed	0.422114	0.321086	0.356094	0.256866	0.389519	0.602194	0.245379	0.173960	0.492947	0.507385	0.008351	0.932762	0.410562	0.000452	-0.008203
0	37	clst	0.567568	0.503781	0.472335	0.342311	0.342311	0.538605	0.291273	0.303738	0.500000	0.608108	0.143608	0.986486	0.360332	0.027311	0.010503
		seed	0.698823	0.320704	0.033732	0.334562	0.335774	0.196982	0.315248	0.133199	0.573419	0.582323	0.053937	0.742184	0.276045	0.081325	0.018960
1	79	clst	0.683544	0.236066	0.140200	0.341741	0.341741	0.273061	0.161729	0.090435	0.537975	0.664557	0.060089	0.500000	0.358622	0.072443	0.015134
		seed	0.624508	0.340869	0.313542	0.434995	0.428206	0.424697	0.348525	-0.000042	0.648686	0.481814	0.135222	0.639175	0.308789	0.006559	-0.022241
2	56	clst	0.750000	0.342323	0.347020	0.428554	0.428554	0.695155	0.255936	0.150502	0.535714	0.607143	0.089555	0.526786	0.369018	0.056616	0.074250
		seed	0.736816	0.392584	0.051003	0.447362	0.324573	0.391347	0.259888	0.245341	0.603117	0.520982	0.076334	0.969422	0.368600	0.020111	-0.009088
3	95	clst	0.600000	0.255685	0.112507	0.403488	0.403488	0.366177	0.174255	0.097468	0.547368	0.689474	0.054053	1.000000	0.361376	0.116563	0.007554
[class #1] <for of setCPON>
[class #1] <getLBGClusterSize>
centroid size : 5
ctrd no.	datasize	worktype	data[0]	data[1]	data[2]	data[3]	data[4]	data[5]	data[6]	data[7]	data[8]	data[9]	data[10]	data[11]	data[12]	data[13]	data[14]
		seed	0.422156	0.449483	0.167513	0.445086	0.470202	0.662450	0.274509	0.146826	0.622746	0.882849	0.007461	0.933434	0.344230	0.084090	-0.071870
0	48	clst	0.604167	0.306062	0.202590	0.416644	0.416644	0.453879	0.233783	0.148106	0.614583	1.000000	0.000000	0.968750	0.451375	0.097740	0.050335
		seed	0.481937	0.249624	0.266865	0.348884	0.263476	0.372177	0.153428	0.272382	0.628555	0.788292	0.120897	0.567001	0.378866	0.131838	-0.055586
1	56	clst	0.848214	0.143589	0.190873	0.380929	0.380929	0.364807	0.186493	0.052055	0.571429	0.785714	0.027989	0.500000	0.369021	0.069071	0.009993
		seed	0.666690	0.201911	0.075196	0.379858	0.310580	0.404377	0.061037	0.126784	0.427097	0.609136	0.130203	0.898043	0.328135	0.069476	0.091206
2	65	clst	0.592308	0.255369	0.134129	0.399980	0.399980	0.339569	0.143575	0.090126	0.500000	0.500000	0.102654	1.000000	0.333300	0.116677	0.006817
		seed	0.513029	0.427586	0.169537	0.352763	0.501114	0.666348	0.243413	0.130529	0.496870	0.459613	0.083660	0.914309	0.384613	0.147483	0.076884
3	32	clst	0.625000	0.571309	0.518094	0.354137	0.354137	0.640625	0.374981	0.310941	0.500000	0.515625	0.155778	0.875000	0.333300	0.016203	0.021622
		seed	0.504159	0.395403	0.053420	0.291400	0.356596	0.465691	0.175865	0.276062	0.472768	0.622070	0.069171	0.510176	0.434202	0.159367	0.094402
4	66	clst	0.590909	0.350552	0.196408	0.353506	0.353506	0.461035	0.173383	0.155118	0.500000	0.507576	0.105845	0.500000	0.333300	0.065386	0.035592
[class #1] <for of setCPON>
