[class #1] <getLBGClusterSize>
centroid size : 1
ctrd no.	datasize	worktype	data[0]	data[1]	data[2]	data[3]	data[4]	data[5]	data[6]	data[7]	data[8]	data[9]	data[10]	data[11]	data[12]	data[13]	data[14]
		seed	0.419865	0.320629	0.090331	0.464966	0.407557	0.418370	0.157976	0.255257	0.614809	0.776499	0.006237	0.943570	0.397240	0.083331	-0.011061
0	267	clst	0.647940	0.295466	0.217919	0.385744	0.385744	0.428309	0.205145	0.131383	0.533708	0.661049	0.073124	0.764045	0.358273	0.081004	0.016896
[class #1] <for of setCPON>
[class #1] <getLBGClusterSize>
centroid size : 2
ctrd no.	datasize	worktype	data[0]	data[1]	data[2]	data[3]	data[4]	data[5]	data[6]	data[7]	data[8]	data[9]	data[10]	data[11]	data[12]	data[13]	data[14]
		seed	0.419921	0.450449	0.317131	0.396798	0.488334	0.477541	0.187899	0.227312	0.490173	0.688659	0.005310	0.944241	0.337193	-0.001777	0.085540
0	141	clst	0.599291	0.312050	0.212162	0.394777	0.394777	0.426045	0.215903	0.142927	0.535461	0.673759	0.070611	1.000000	0.361674	0.097851	0.015025
		seed	0.668113	0.457660	0.395452	0.309584	0.484239	0.347758	0.336891	0.155571	0.463049	0.639782	0.117323	0.604974	0.279411	0.150930	-0.021721
1	126	clst	0.702381	0.276906	0.224360	0.375637	0.375637	0.430844	0.193106	0.118464	0.531746	0.646825	0.075936	0.500000	0.354468	0.062151	0.018990
[class #1] <for of setCPON>
[class #1] <getLBGClusterSize>
centroid size : 3
ctrd no.	datasize	worktype	data[0]	data[1]	data[2]	data[3]	data[4]	data[5]	data[6]	data[7]	data[8]	data[9]	data[10]	data[11]	data[12]	data[13]	data[14]
		seed	0.419963	0.184504	0.127911	0.328637	0.312505	0.536728	0.217823	0.199356	0.616764	0.600820	0.004383	0.944913	0.277145	0.085036	0.039508
0	110	clst	0.518182	0.271783	0.146227	0.387856	0.387856	0.391559	0.156550	0.112384	0.500000	0.500000	0.102321	0.813636	0.333300	0.097623	0.011507
		seed	0.452773	0.385799	0.213367	0.323922	0.411857	0.519803	0.170668	-0.013926	0.516830	0.848422	-0.018654	0.930229	0.372484	0.031435	0.067014
1	82	clst	0.640244	0.235678	0.170361	0.398351	0.398351	0.437288	0.218141	0.097822	0.609756	1.000000	0.000000	0.780488	0.410550	0.099061	0.019133
		seed	0.579074	0.474797	0.135161	0.494004	0.293162	0.441565	0.333949	0.174437	0.608913	0.826276	0.139903	0.894161	0.292574	0.112881	0.043930
2	75	clst	0.846667	0.395568	0.375063	0.368863	0.368863	0.472393	0.262207	0.195941	0.500000	0.526667	0.110249	0.673333	0.337745	0.036887	0.022355
[class #1] <for of setCPON>
[class #1] <getLBGClusterSize>
centroid size : 4
ctrd no.	datasize	worktype	data[0]	data[1]	data[2]	data[3]	data[4]	data[5]	data[6]	data[7]	data[8]	data[9]	data[10]	data[11]	data[12]	data[13]	data[14]
		seed	0.420005	0.314324	0.354723	0.260468	0.393274	0.595915	0.247756	0.171411	0.492128	0.512980	0.003456	0.945585	0.402217	-0.000078	-0.006529
0	36	clst	0.583333	0.552897	0.492233	0.351822	0.351822	0.494047	0.302453	0.340192	0.500000	0.569444	0.160450	0.972222	0.333300	0.032236	0.010922
		seed	0.694741	0.313938	0.031270	0.338253	0.339467	0.197990	0.319526	0.129430	0.570611	0.588890	0.050615	0.755306	0.280444	0.083866	0.013111
1	67	clst	0.649254	0.226061	0.108631	0.348228	0.348228	0.276122	0.175773	0.065790	0.544776	0.701493	0.050575	0.500000	0.363157	0.076410	0.010855
		seed	0.620956	0.334325	0.312027	0.438803	0.432006	0.421610	0.353709	-0.007796	0.644019	0.487077	0.134705	0.652459	0.310087	0.006261	-0.016680
2	58	clst	0.775862	0.320341	0.334514	0.402279	0.402279	0.617002	0.222205	0.146872	0.517241	0.586207	0.088786	0.508621	0.344797	0.046750	0.028709
		seed	0.732464	0.386608	0.048600	0.451184	0.328253	0.388859	0.262660	0.244927	0.599575	0.526754	0.073784	0.982187	0.364231	0.020327	-0.007169
3	106	clst	0.599057	0.238293	0.130036	0.411930	0.411930	0.398930	0.181326	0.093451	0.547170	0.707547	0.049148	1.000000	0.371042	0.119212	0.016280
[class #1] <for of setCPON>
[class #1] <getLBGClusterSize>
centroid size : 5
ctrd no.	datasize	worktype	data[0]	data[1]	data[2]	data[3]	data[4]	data[5]	data[6]	data[7]	data[8]	data[9]	data[10]	data[11]	data[12]	data[13]	data[14]
		seed	0.420046	0.444133	0.165504	0.448905	0.474050	0.655087	0.277679	0.143465	0.618719	0.893313	0.002535	0.946256	0.342170	0.086736	-0.052566
0	50	clst	0.620000	0.288256	0.193804	0.413312	0.413312	0.437152	0.222206	0.141394	0.600000	1.000000	0.000000	0.980000	0.419982	0.096480	0.028366
		seed	0.479401	0.242077	0.265192	0.352592	0.267085	0.370034	0.153303	0.272777	0.624385	0.797530	0.119885	0.580399	0.373524	0.136297	-0.040791
1	61	clst	0.860656	0.175246	0.205530	0.377025	0.377025	0.353646	0.205813	0.070823	0.565574	0.762295	0.036951	0.500000	0.366093	0.064107	0.012374
		seed	0.662838	0.193840	0.072875	0.383602	0.314243	0.401655	0.058397	0.122823	0.427905	0.616050	0.129512	0.910921	0.327600	0.071567	0.065351
2	75	clst	0.593333	0.277559	0.145020	0.395535	0.395535	0.355244	0.151096	0.107248	0.500000	0.500000	0.099516	1.000000	0.333300	0.115833	0.006844
		seed	0.510272	0.421995	0.167535	0.356476	0.504998	0.658915	0.245736	0.126681	0.495954	0.464589	0.081363	0.927161	0.378727	0.152536	0.054995
3	25	clst	0.600000	0.584072	0.583928	0.373308	0.373308	0.682860	0.422208	0.345376	0.500000	0.520000	0.173724	0.860000	0.333300	0.017220	0.019928
		seed	0.501465	0.389458	0.051025	0.295042	0.360313	0.461867	0.176351	0.276567	0.472448	0.629152	0.066375	0.523664	0.423617	0.164871	0.067662
4	56	clst	0.535714	0.327996	0.187180	0.363068	0.363068	0.485961	0.164666	0.125202	0.500000	0.526786	0.097557	0.500000	0.339254	0.067420	0.023691
[class #1] <for of setCPON>
