[class #0] <getLBGClusterSize>
centroid size : 1
ctrd no.	datasize	worktype	data[0]	data[1]	data[2]	data[3]	data[4]	data[5]	data[6]	data[7]	data[8]	data[9]	data[10]	data[11]	data[12]	data[13]	data[14]
		seed	0.417195	0.263332	0.043488	0.523040	0.455323	0.534723	0.162955	0.095883	1.028855	0.990061	-0.007025	0.860160	0.393319	0.100414	-0.000446
0	322	clst	0.642857	0.241890	0.145957	0.429593	0.429593	0.545700	0.209781	0.039567	0.899068	0.886646	0.008809	0.686335	0.357114	0.097975	0.002373
[class #0] <for of setCPON>
[class #0] <getLBGClusterSize>
centroid size : 2
ctrd no.	datasize	worktype	data[0]	data[1]	data[2]	data[3]	data[4]	data[5]	data[6]	data[7]	data[8]	data[9]	data[10]	data[11]	data[12]	data[13]	data[14]
		seed	0.417250	0.373953	0.225638	0.442631	0.550604	0.600067	0.192661	0.083178	0.829399	0.911378	-0.007245	0.860811	0.337528	0.011211	0.009293
0	120	clst	0.629167	0.247607	0.127175	0.430542	0.430542	0.466078	0.174058	0.063084	0.858333	0.879167	0.009083	1.000000	0.349970	0.105679	0.002311
		seed	0.662817	0.380097	0.288540	0.339757	0.545773	0.456747	0.340568	0.050564	0.785992	0.867596	0.019272	0.532315	0.283841	0.171266	-0.001521
1	202	clst	0.650990	0.238494	0.157115	0.429029	0.429029	0.593000	0.231002	0.025597	0.923267	0.891089	0.008646	0.500000	0.361358	0.093399	0.002409
[class #0] <for of setCPON>
[class #0] <getLBGClusterSize>
centroid size : 3
ctrd no.	datasize	worktype	data[0]	data[1]	data[2]	data[3]	data[4]	data[5]	data[6]	data[7]	data[8]	data[9]	data[10]	data[11]	data[12]	data[13]	data[14]
		seed	0.417291	0.147339	0.073669	0.362231	0.343202	0.665427	0.222366	0.070470	1.031984	0.832696	-0.007464	0.861461	0.281736	0.102201	0.004652
0	67	clst	0.694030	0.183767	0.176361	0.368133	0.368133	0.293185	0.152557	0.049373	0.850746	0.589552	0.029634	0.791045	0.343252	0.118478	0.004278
		seed	0.449755	0.318864	0.142302	0.356670	0.460394	0.646736	0.175555	-0.026493	0.872058	1.054486	-0.012918	0.847243	0.370318	0.046021	0.007425
1	172	clst	0.511628	0.236457	0.135555	0.443787	0.443787	0.516194	0.166651	0.045187	0.918605	1.000000	0.000000	0.715116	0.368191	0.096308	0.001758
		seed	0.574720	0.394700	0.079492	0.557291	0.320386	0.560338	0.337647	0.059141	1.019420	1.034649	0.024617	0.812320	0.296071	0.131386	0.005098
2	83	clst	0.873494	0.300067	0.142971	0.449789	0.449789	0.810683	0.345352	0.020007	0.897590	0.891566	0.010252	0.542169	0.345351	0.084880	0.002108
[class #0] <for of setCPON>
[class #0] <getLBGClusterSize>
centroid size : 4
ctrd no.	datasize	worktype	data[0]	data[1]	data[2]	data[3]	data[4]	data[5]	data[6]	data[7]	data[8]	data[9]	data[10]	data[11]	data[12]	data[13]	data[14]
		seed	0.417333	0.257960	0.255830	0.281821	0.438474	0.730788	0.252082	0.057765	0.832528	0.754013	-0.007684	0.862111	0.397944	0.012992	0.000011
0	49	clst	0.540816	0.315561	0.138890	0.469382	0.469382	0.724490	0.226735	0.052098	0.693878	0.959184	0.002437	0.897959	0.346908	0.110000	0.002818
		seed	0.689163	0.257631	-0.003947	0.373574	0.375006	0.291357	0.323329	0.038680	0.958125	0.822009	0.003480	0.677874	0.284801	0.100975	0.001991
1	96	clst	0.526042	0.200601	0.165064	0.409704	0.409704	0.360863	0.150448	0.027264	0.937500	0.869792	0.009173	0.500000	0.378448	0.088984	0.003377
		seed	0.616159	0.275002	0.221539	0.492179	0.484161	0.538302	0.357263	-0.023706	1.075600	0.730810	0.023387	0.578292	0.312343	0.019636	-0.001012
2	96	clst	0.791667	0.258033	0.136683	0.444433	0.444433	0.802088	0.303215	0.023856	0.953125	0.911458	0.008708	0.500000	0.343719	0.099469	0.001654
		seed	0.726487	0.319553	0.009972	0.506783	0.361778	0.502135	0.266877	0.091187	1.004477	0.766351	0.008965	0.897551	0.362649	0.034379	-0.000053
3	81	clst	0.666667	0.227126	0.138580	0.411505	0.411505	0.352743	0.159109	0.065190	0.913580	0.833333	0.012351	1.000000	0.353880	0.099586	0.001764
[class #0] <for of setCPON>
[class #0] <getLBGClusterSize>
centroid size : 5
ctrd no.	datasize	worktype	data[0]	data[1]	data[2]	data[3]	data[4]	data[5]	data[6]	data[7]	data[8]	data[9]	data[10]	data[11]	data[12]	data[13]	data[14]
		seed	0.417374	0.368570	0.103861	0.504095	0.533755	0.796131	0.281787	0.045060	1.035112	1.094698	-0.007902	0.862761	0.342152	0.103983	-0.004630
0	51	clst	0.617647	0.244973	0.136065	0.509806	0.509806	0.683473	0.209131	0.053782	0.794118	0.970588	0.006733	0.980392	0.339837	0.101804	0.002733
		seed	0.476101	0.196398	0.183924	0.390487	0.289627	0.481347	0.158316	0.103848	1.044179	1.008899	0.019878	0.508520	0.371284	0.155929	-0.003443
1	121	clst	0.512397	0.208584	0.167888	0.415961	0.415961	0.452771	0.159764	0.028779	0.946281	0.904959	0.005797	0.500000	0.371875	0.092731	0.003017
		seed	0.657598	0.155294	0.029467	0.427066	0.345253	0.516265	0.064103	0.035676	0.729751	0.846338	0.022157	0.828548	0.328615	0.088085	0.007258
2	72	clst	0.645833	0.245406	0.124610	0.379606	0.379606	0.313503	0.134246	0.068181	0.881944	0.812500	0.012443	0.986111	0.356453	0.106937	0.002022
		seed	0.506645	0.349706	0.105493	0.395069	0.570260	0.800359	0.250077	0.037430	0.838650	0.710666	0.010759	0.844273	0.376118	0.172949	0.006214
3	26	clst	0.576923	0.345631	0.154719	0.410238	0.410238	0.887381	0.512788	0.005162	0.903846	0.634615	0.033877	0.519231	0.333300	0.062962	0.002092
		seed	0.497932	0.321982	0.011919	0.322603	0.399595	0.582757	0.181197	0.105571	0.801034	0.858074	0.007211	0.453586	0.417827	0.185878	0.007491
4	52	clst	1.000000	0.259629	0.129806	0.461531	0.461531	0.777479	0.279887	0.028315	0.913462	0.990385	0.000287	0.500000	0.352535	0.111519	0.001146
[class #0] <for of setCPON>
