[class #1] <getLBGClusterSize>
centroid size : 1
ctrd no.	datasize	worktype	data[0]	data[1]	data[2]	data[3]	data[4]	data[5]	data[6]	data[7]	data[8]	data[9]	data[10]	data[11]	data[12]	data[13]	data[14]
		seed	0.419865	0.322200	0.094991	0.470768	0.410964	0.426949	0.162538	0.264460	0.618737	0.774269	0.007210	0.934459	0.403094	0.081344	-0.014111
0	267	clst	0.647940	0.296881	0.226511	0.388241	0.388241	0.436870	0.211387	0.137581	0.535581	0.659176	0.074857	0.754682	0.360770	0.079007	0.024557
[class #1] <for of setCPON>
[class #1] <getLBGClusterSize>
centroid size : 2
ctrd no.	datasize	worktype	data[0]	data[1]	data[2]	data[3]	data[4]	data[5]	data[6]	data[7]	data[8]	data[9]	data[10]	data[11]	data[12]	data[13]	data[14]
		seed	0.419921	0.452822	0.328781	0.399756	0.495110	0.486012	0.193527	0.235837	0.490943	0.686701	0.006272	0.935131	0.337874	-0.004099	0.119502
0	136	clst	0.595588	0.310063	0.224009	0.404390	0.404390	0.431205	0.224659	0.145333	0.544118	0.687500	0.067499	1.000000	0.372522	0.095559	0.022986
		seed	0.668113	0.460077	0.409515	0.308904	0.490844	0.356467	0.347826	0.162357	0.463131	0.637975	0.119558	0.595387	0.275114	0.149209	-0.028856
1	131	clst	0.702290	0.283196	0.229108	0.371476	0.371476	0.442752	0.197608	0.129534	0.526718	0.629771	0.082495	0.500000	0.348570	0.061824	0.026189
[class #1] <for of setCPON>
[class #1] <getLBGClusterSize>
centroid size : 3
ctrd no.	datasize	worktype	data[0]	data[1]	data[2]	data[3]	data[4]	data[5]	data[6]	data[7]	data[8]	data[9]	data[10]	data[11]	data[12]	data[13]	data[14]
		seed	0.419963	0.185235	0.133729	0.328752	0.311947	0.545091	0.224517	0.207204	0.620741	0.599133	0.005335	0.935804	0.272653	0.083055	0.055832
0	121	clst	0.611570	0.251472	0.131419	0.385652	0.385652	0.350655	0.150582	0.087693	0.500000	0.500000	0.096967	0.768595	0.336055	0.096554	0.010106
		seed	0.452773	0.387772	0.221819	0.323841	0.415443	0.528196	0.175682	-0.011252	0.518275	0.845970	-0.017965	0.921100	0.376206	0.029244	0.093878
1	80	clst	0.625000	0.221710	0.175103	0.408311	0.408311	0.433041	0.229153	0.099847	0.618750	1.000000	0.000000	0.793750	0.420815	0.097425	0.032809
		seed	0.579074	0.477321	0.141202	0.501017	0.291797	0.450102	0.344779	0.181680	0.612692	0.823893	0.142396	0.884981	0.289411	0.111010	0.061949
2	66	clst	0.742424	0.471248	0.463159	0.368661	0.368661	0.599573	0.301329	0.274782	0.500000	0.537879	0.125056	0.681818	0.333300	0.024515	0.041050
[class #1] <for of setCPON>
[class #1] <getLBGClusterSize>
centroid size : 4
ctrd no.	datasize	worktype	data[0]	data[1]	data[2]	data[3]	data[4]	data[5]	data[6]	data[7]	data[8]	data[9]	data[10]	data[11]	data[12]	data[13]	data[14]
		seed	0.420005	0.315857	0.367532	0.257739	0.396085	0.604170	0.255516	0.178580	0.492947	0.511565	0.004397	0.936477	0.408500	-0.002392	-0.007844
0	35	clst	0.585714	0.555771	0.490014	0.352351	0.352351	0.485717	0.307920	0.343980	0.500000	0.571429	0.164180	0.971429	0.333300	0.029929	0.011234
		seed	0.694741	0.315468	0.034110	0.338769	0.340034	0.206972	0.329842	0.135581	0.573419	0.587240	0.052092	0.745931	0.276237	0.081881	0.019322
1	75	clst	0.606667	0.232531	0.103628	0.346636	0.346636	0.316193	0.176281	0.087013	0.533333	0.660000	0.069261	0.500000	0.355527	0.073987	0.017651
		seed	0.620956	0.335980	0.323520	0.443513	0.436432	0.430183	0.365243	-0.004974	0.648686	0.485742	0.137138	0.642939	0.308433	0.003971	-0.021884
2	56	clst	0.848214	0.340016	0.376780	0.398789	0.398789	0.627555	0.234109	0.152202	0.517857	0.589286	0.082629	0.517857	0.339254	0.046929	0.037616
		seed	0.732464	0.388587	0.051974	0.456411	0.328352	0.397492	0.270951	0.253879	0.603117	0.525296	0.075525	0.973131	0.367241	0.018093	-0.008729
3	101	clst	0.589109	0.231036	0.143130	0.425725	0.425725	0.403829	0.191405	0.095501	0.559406	0.727723	0.043749	1.000000	0.386114	0.117530	0.027062
[class #1] <for of setCPON>
[class #1] <getLBGClusterSize>
centroid size : 5
ctrd no.	datasize	worktype	data[0]	data[1]	data[2]	data[3]	data[4]	data[5]	data[6]	data[7]	data[8]	data[9]	data[10]	data[11]	data[12]	data[13]	data[14]
		seed	0.420046	0.446467	0.172480	0.454037	0.480231	0.663233	0.286505	0.149957	0.622746	0.890723	0.003466	0.937149	0.343280	0.084762	-0.071519
0	50	clst	0.610000	0.272796	0.205914	0.419978	0.419978	0.440008	0.242208	0.131716	0.620000	1.000000	0.000000	1.000000	0.439984	0.097300	0.049592
		seed	0.479401	0.243163	0.275241	0.353706	0.264633	0.378702	0.157698	0.282405	0.628555	0.795236	0.122149	0.570777	0.377335	0.134518	-0.055233
1	34	clst	0.691176	0.179468	0.170821	0.392135	0.392135	0.424374	0.218941	0.070129	0.602941	1.000000	0.000000	0.500000	0.382329	0.086456	0.011259
		seed	0.662838	0.194628	0.076996	0.386010	0.313758	0.410265	0.059413	0.128814	0.427097	0.614317	0.131886	0.901764	0.327455	0.069534	0.091578
2	68	clst	0.595588	0.273938	0.152571	0.406844	0.406844	0.359253	0.148678	0.109409	0.500000	0.500000	0.098346	1.000000	0.333300	0.113243	0.006713
		seed	0.510272	0.424192	0.174574	0.357752	0.512470	0.667054	0.253425	0.132765	0.496870	0.463323	0.083190	0.918027	0.382986	0.150821	0.077254
3	33	clst	0.606061	0.588836	0.552494	0.363609	0.363609	0.677491	0.370355	0.344400	0.500000	0.515152	0.161455	0.772727	0.333300	0.018530	0.020164
		seed	0.501465	0.391454	0.054473	0.293755	0.361749	0.470366	0.181568	0.286287	0.472768	0.627378	0.068031	0.513962	0.431743	0.163204	0.094775
4	82	clst	0.713415	0.261783	0.192289	0.361761	0.361761	0.407670	0.177489	0.109256	0.500000	0.500000	0.097210	0.500000	0.337366	0.060713	0.031372
[class #1] <for of setCPON>
