[class #0] <getLBGClusterSize>
centroid size : 1
ctrd no.	datasize	worktype	data[0]	data[1]	data[2]	data[3]	data[4]	data[5]	data[6]	data[7]	data[8]	data[9]	data[10]	data[11]	data[12]	data[13]	data[14]
		seed	0.410388	0.267298	0.043492	0.514939	0.448590	0.531009	0.163532	0.100493	1.027217	0.990061	-0.007790	0.878251	0.400220	0.101099	-0.000539
0	322	clst	0.628882	0.246674	0.142240	0.423380	0.423380	0.541929	0.211851	0.041739	0.895963	0.886646	0.009829	0.701863	0.361256	0.098686	0.002148
[class #0] <for of setCPON>
[class #0] <getLBGClusterSize>
centroid size : 2
ctrd no.	datasize	worktype	data[0]	data[1]	data[2]	data[3]	data[4]	data[5]	data[6]	data[7]	data[8]	data[9]	data[10]	data[11]	data[12]	data[13]	data[14]
		seed	0.410442	0.373703	0.219027	0.436155	0.541946	0.596015	0.194185	0.087239	0.825506	0.911378	-0.008034	0.878911	0.340177	0.012865	0.008747
0	130	clst	0.623077	0.252648	0.129318	0.430755	0.430755	0.482422	0.186308	0.063045	0.857692	0.876923	0.011141	1.000000	0.358946	0.108392	0.001789
		seed	0.648208	0.379612	0.279645	0.335360	0.537213	0.453435	0.346812	0.053211	0.781607	0.867596	0.021472	0.545572	0.282399	0.171181	-0.001564
1	192	clst	0.632813	0.242629	0.150990	0.418386	0.418386	0.582220	0.229146	0.027312	0.921875	0.893229	0.008941	0.500000	0.362820	0.092115	0.002391
[class #0] <for of setCPON>
[class #0] <getLBGClusterSize>
centroid size : 3
ctrd no.	datasize	worktype	data[0]	data[1]	data[2]	data[3]	data[4]	data[5]	data[6]	data[7]	data[8]	data[9]	data[10]	data[11]	data[12]	data[13]	data[14]
		seed	0.410482	0.155726	0.072578	0.357379	0.338735	0.661038	0.224839	0.073979	1.030381	0.832696	-0.008279	0.879571	0.280133	0.102867	0.004322
0	56	clst	0.651786	0.186229	0.161979	0.363068	0.363068	0.322713	0.170621	0.050586	0.866071	0.500000	0.041589	0.785714	0.339254	0.114589	0.004723
		seed	0.441914	0.320713	0.138718	0.351931	0.453559	0.642444	0.176534	-0.027183	0.868647	1.054486	-0.014347	0.865143	0.375466	0.047297	0.006966
1	164	clst	0.542683	0.245663	0.137232	0.447144	0.447144	0.446429	0.161231	0.049329	0.899390	1.000000	0.000000	0.771341	0.380057	0.099003	0.001318
		seed	0.562909	0.393659	0.078188	0.548499	0.316381	0.556492	0.343798	0.062160	1.017676	1.034649	0.027420	0.829706	0.295561	0.131734	0.004747
2	102	clst	0.754902	0.281484	0.139456	0.418284	0.418284	0.815832	0.315876	0.024677	0.906863	0.916667	0.008195	0.544118	0.343106	0.089446	0.002070
[class #0] <for of setCPON>
[class #0] <getLBGClusterSize>
centroid size : 4
ctrd no.	datasize	worktype	data[0]	data[1]	data[2]	data[3]	data[4]	data[5]	data[6]	data[7]	data[8]	data[9]	data[10]	data[11]	data[12]	data[13]	data[14]
		seed	0.410522	0.262131	0.248122	0.278595	0.432082	0.726061	0.255502	0.060724	0.828670	0.754013	-0.008523	0.880230	0.405197	0.014627	-0.000104
0	58	clst	0.594828	0.272316	0.152531	0.522993	0.522993	0.666255	0.212624	0.056919	0.775862	0.991379	0.000772	0.965517	0.350545	0.106345	0.002395
		seed	0.673717	0.261814	-0.002219	0.368493	0.369896	0.288899	0.329023	0.040812	0.955687	0.822009	0.003900	0.693278	0.283432	0.101654	0.001784
1	93	clst	0.521505	0.205443	0.147855	0.408584	0.408584	0.349462	0.151717	0.026460	0.935484	0.876344	0.009310	0.500000	0.383489	0.087989	0.003380
		seed	0.603032	0.278524	0.215077	0.484702	0.476846	0.534569	0.364040	-0.024276	1.074491	0.730810	0.026050	0.592228	0.313073	0.021198	-0.001080
2	96	clst	0.750000	0.275922	0.139956	0.416650	0.416650	0.810274	0.310158	0.025107	0.927083	0.906250	0.008863	0.505208	0.343719	0.097688	0.001473
		seed	0.709855	0.321376	0.011194	0.499011	0.356936	0.498588	0.270770	0.095594	1.002563	0.766351	0.010003	0.916193	0.367213	0.035781	-0.000165
3	75	clst	0.633333	0.240532	0.130244	0.373308	0.373308	0.340960	0.159987	0.070232	0.900000	0.793333	0.018713	1.000000	0.364417	0.107307	0.001295
[class #0] <for of setCPON>
[class #0] <getLBGClusterSize>
centroid size : 5
ctrd no.	datasize	worktype	data[0]	data[1]	data[2]	data[3]	data[4]	data[5]	data[6]	data[7]	data[8]	data[9]	data[10]	data[11]	data[12]	data[13]	data[14]
		seed	0.410562	0.368525	0.101673	0.496377	0.525438	0.791068	0.286155	0.047469	1.033545	1.094698	-0.008765	0.880890	0.345153	0.104629	-0.004529
0	82	clst	0.548780	0.266222	0.122299	0.471539	0.471539	0.544428	0.176135	0.059490	0.896341	1.000000	0.000000	1.000000	0.361761	0.108896	0.001490
		seed	0.467423	0.202915	0.178828	0.385065	0.286243	0.477908	0.158744	0.108803	1.042714	1.008899	0.022147	0.521427	0.376505	0.156010	-0.003397
1	118	clst	0.504237	0.205922	0.152390	0.420888	0.420888	0.464886	0.157235	0.028852	0.957627	0.927966	0.005059	0.500000	0.375681	0.083907	0.003023
		seed	0.643154	0.163378	0.029981	0.420905	0.340745	0.512646	0.061524	0.037679	0.724731	0.846338	0.024683	0.846172	0.330585	0.088903	0.006806
2	47	clst	0.734043	0.203230	0.187281	0.361674	0.361674	0.300923	0.146557	0.070372	0.765957	0.617021	0.035262	0.936170	0.347487	0.117170	0.000945
		seed	0.496997	0.350381	0.103245	0.389554	0.561205	0.795274	0.253433	0.039508	0.834861	0.710666	0.011999	0.862129	0.381708	0.172846	0.005811
3	28	clst	0.589286	0.358143	0.128900	0.380929	0.380929	0.877571	0.539650	0.013625	0.910714	0.660714	0.031989	0.535714	0.333300	0.068393	0.002079
		seed	0.488561	0.323713	0.013070	0.318553	0.393989	0.578795	0.182355	0.110601	0.796819	0.858074	0.008051	0.465683	0.426595	0.185634	0.007028
4	47	clst	1.000000	0.291917	0.114457	0.432611	0.432611	0.772043	0.281296	0.031236	0.861702	0.989362	0.000317	0.553191	0.354581	0.117543	0.002345
[class #0] <for of setCPON>
