total mean
0.645399	0.268282	0.182380	0.406419	0.406419	0.489278	0.208919	0.086488	0.717324	0.772911	0.041693	0.718636	0.358942	0.088072	0.012914
mean of class
0.642857	0.241890	0.145957	0.429593	0.429593	0.545700	0.209781	0.039567	0.899068	0.886646	0.008809	0.686335	0.357114	0.097975	0.002373
0.647940	0.294674	0.218803	0.383246	0.383246	0.432856	0.208058	0.133409	0.535581	0.659176	0.074577	0.750936	0.360770	0.078169	0.023456
SW
30.334938	-0.939422	0.447654	0.599008	0.599008	3.836681	1.185593	-1.501155	-0.512574	0.176833	-0.096848	-4.733414	-0.846938	-0.346514	0.130753
-0.939422	19.570299	5.325630	-1.880820	-1.880820	4.461828	2.590306	5.703368	-3.562377	-2.066414	1.626696	1.167828	-0.779076	-0.672387	-0.097351
0.447654	5.325630	21.105810	-0.360381	-0.360381	3.843951	1.604462	4.785639	-2.344258	-2.337064	1.859053	-1.213423	0.279583	-1.567630	1.259291
0.599008	-1.880820	-0.360381	11.798486	11.798486	2.669760	1.685022	-0.104192	1.154567	2.725404	-0.282266	1.044586	0.895772	0.433740	1.091595
0.599008	-1.880820	-0.360381	11.798486	11.798486	2.669760	1.685022	-0.104192	1.154567	2.725404	-0.282266	1.044586	0.895772	0.433740	1.091595
3.836681	4.461828	3.843951	2.669760	2.669760	40.689537	8.246468	-0.397428	0.230166	3.200012	0.226406	-4.921214	-0.215221	-1.365626	1.399692
1.185593	2.590306	1.604462	1.685022	1.685022	8.246468	14.958075	0.386367	1.175373	-0.018670	0.142704	-1.139734	0.606529	-0.532968	1.319898
-1.501155	5.703368	4.785639	-0.104192	-0.104192	-0.397428	0.386367	8.549146	-1.546095	-1.475522	1.745816	2.111754	-0.202163	-0.483883	-0.073397
-0.512574	-3.562377	-2.344258	1.154567	1.154567	0.230166	1.175373	-1.546095	17.381706	3.803822	-0.765600	-2.327995	1.012995	-0.545159	0.805982
0.176833	-2.066414	-2.337064	2.725404	2.725404	3.200012	-0.018670	-1.475522	3.803822	28.597596	-4.266212	0.636448	3.035629	0.225680	0.286231
-0.096848	1.626696	1.859053	-0.282266	-0.282266	0.226406	0.142704	1.745816	-0.765600	-4.266212	3.037575	-0.255891	-0.539892	-0.404929	-0.020717
-4.733414	1.167828	-1.213423	1.044586	1.044586	-4.921214	-1.139734	2.111754	-2.327995	0.636448	-0.255891	35.507142	0.064525	1.446949	-0.103849
-0.846938	-0.779076	0.279583	0.895772	0.895772	-0.215221	0.606529	-0.202163	1.012995	3.035629	-0.539892	0.064525	5.062259	0.045601	1.143167
-0.346514	-0.672387	-1.567630	0.433740	0.433740	-1.365626	-0.532968	-0.483883	-0.545159	0.225680	-0.404929	1.446949	0.045601	4.402219	0.335360
0.130753	-0.097351	1.259291	1.091595	1.091595	1.399692	1.319898	-0.073397	0.805982	0.286231	-0.020717	-0.103849	1.143167	0.335360	2.596127
SB
0.000026	0.121231	0.179822	0.067398	0.067398	0.044100	0.189050	0.259537	0.011508	0.000266	0.322942	0.011681	0.079573	0.318873	0.383658
0.121231	0.002786	0.000533	0.019982	0.019982	0.036468	0.001145	0.011768	0.086254	0.174128	0.027994	0.259128	0.014133	0.026805	0.047714
0.179822	0.000533	0.005306	0.056306	0.056306	0.082311	0.003856	0.000157	0.151806	0.263393	0.005095	0.365999	0.046145	0.004595	0.015007
0.067398	0.019982	0.056306	0.002148	0.002148	0.000011	0.049078	0.087725	0.011233	0.052709	0.126036	0.103262	0.004736	0.123499	0.164947
0.067398	0.019982	0.056306	0.002148	0.002148	0.000011	0.049078	0.087725	0.011233	0.052709	0.126036	0.103262	0.004736	0.123499	0.164947
0.044100	0.036468	0.082311	0.000011	0.000011	0.012734	0.114002	0.169984	0.000102	0.012877	0.221957	0.042122	0.034199	0.218586	0.272739
0.189050	0.001145	0.003856	0.049078	0.049078	0.114002	0.000003	0.005833	0.106145	0.201956	0.018280	0.292849	0.022798	0.017322	0.034717
0.259537	0.011768	0.000157	0.087725	0.087725	0.169984	0.005833	0.008806	0.246029	0.383915	0.001226	0.506046	0.103171	0.001490	0.000260
0.011508	0.086254	0.151806	0.011233	0.011233	0.000102	0.106145	0.246029	0.132123	0.057548	0.679786	0.021943	0.289765	0.673876	0.766697
0.000266	0.174128	0.263393	0.052709	0.052709	0.012877	0.201956	0.383915	0.057548	0.051743	0.659456	0.018417	0.276545	0.653636	0.745097
0.322942	0.027994	0.005095	0.126036	0.126036	0.221957	0.018280	0.001226	0.679786	0.659456	0.004325	0.550753	0.123877	0.004811	0.000215
0.011681	0.259128	0.365999	0.103262	0.103262	0.042122	0.292849	0.506046	0.021943	0.018417	0.550753	0.004173	0.105993	0.369867	0.439409
0.079573	0.014133	0.046145	0.004736	0.004736	0.034199	0.022798	0.103171	0.289765	0.276545	0.123877	0.105993	0.000013	0.077811	0.111328
0.318873	0.026805	0.004595	0.123499	0.123499	0.218586	0.017322	0.001490	0.673876	0.653636	0.004811	0.369867	0.077811	0.000392	0.005553
0.383658	0.047714	0.015007	0.164947	0.164947	0.272739	0.034717	0.000260	0.766697	0.745097	0.000215	0.439409	0.111328	0.005553	0.000444

wegight[fold=5]
-0.000260	-0.001771	-0.002758	0.000529	-0.000529	0.002706	-0.001220	-0.007317	0.018913	0.002049	-0.014359	-0.001920	-0.000744	0.005126	-0.008714
J(w) : 0.011667
