[class #0] <getLBGClusterSize>
centroid size : 1
ctrd no.	datasize	worktype	data[0]	data[1]	data[2]	data[3]	data[4]	data[5]	data[6]	data[7]	data[8]	data[9]	data[10]	data[11]	data[12]	data[13]	data[14]	data[15]	data[16]	data[17]	data[18]
		seed	0.472296	0.000000	0.267480	1.073687	0.417045	0.478978	1.000000	1.000000	0.651244	0.973062	0.159617	0.952994	0.633453	0.162187	0.356534	0.018329	0.123158	0.427471	0.713043
0	12	clst	0.536383	0.000000	0.583333	0.833333	0.333333	0.500000	1.000000	1.000000	0.333333	0.750000	0.500000	0.583333	0.416667	0.159100	0.463742	0.058092	0.271317	0.490000	0.916667
[class #0] <for of setCPON>
[class #0] <getLBGClusterSize>
centroid size : 2
ctrd no.	datasize	worktype	data[0]	data[1]	data[2]	data[3]	data[4]	data[5]	data[6]	data[7]	data[8]	data[9]	data[10]	data[11]	data[12]	data[13]	data[14]	data[15]	data[16]	data[17]	data[18]
		seed	0.472311	0.000000	0.828941	0.866869	0.727037	0.604121	1.000000	1.000000	0.162680	0.803347	0.154899	0.954377	0.299387	0.049274	0.726975	0.061708	0.419929	0.686863	0.745305
0	7	clst	0.505029	0.000000	0.285714	0.714286	0.571429	0.571429	1.000000	1.000000	0.571429	0.857143	0.428571	1.000000	0.714286	0.128029	0.477414	0.063543	0.411943	0.594286	0.857143
		seed	0.585706	0.000000	1.013968	0.893526	0.056354	0.452553	1.000000	1.000000	-0.086185	1.117906	0.217216	0.333923	0.219021	0.244848	0.265192	0.066137	0.295712	0.649640	0.755066
1	5	clst	0.580280	0.000000	1.000000	1.000000	0.000000	0.400000	1.000000	1.000000	0.000000	0.600000	0.600000	0.000000	0.000000	0.202600	0.444600	0.050460	0.074440	0.344000	1.000000
[class #0] <for of setCPON>
[class #0] <getLBGClusterSize>
centroid size : 3
ctrd no.	datasize	worktype	data[0]	data[1]	data[2]	data[3]	data[4]	data[5]	data[6]	data[7]	data[8]	data[9]	data[10]	data[11]	data[12]	data[13]	data[14]	data[15]	data[16]	data[17]	data[18]
		seed	0.472323	0.000000	0.360512	0.660074	0.052267	0.729297	1.000000	1.000000	0.658908	0.633631	0.150182	0.955760	-0.034680	0.164449	0.550451	0.023103	0.354086	0.484953	0.777567
0	4	clst	0.552825	0.000000	0.500000	0.750000	0.500000	0.500000	1.000000	1.000000	1.000000	0.750000	0.000000	1.000000	0.500000	0.152625	0.196075	0.050475	0.424425	0.490000	1.000000
		seed	0.549460	0.000000	0.470642	0.471739	0.267173	0.918032	1.000000	1.000000	0.408931	0.489201	0.866999	0.428243	0.883351	0.113725	0.694508	0.028512	0.281049	0.678585	0.996123
1	5	clst	0.507020	0.000000	0.400000	0.800000	0.400000	0.800000	1.000000	1.000000	0.000000	0.600000	1.000000	0.600000	0.600000	0.187020	0.703360	0.087060	0.265100	0.568000	0.800000
		seed	0.574852	0.000000	0.918421	1.035864	-0.016163	0.693660	1.000000	1.000000	0.472071	1.027803	0.107341	0.673112	0.801131	0.212988	0.321997	0.031422	0.215449	0.474451	0.654650
2	3	clst	0.563400	0.000000	1.000000	1.000000	0.000000	0.000000	1.000000	1.000000	0.000000	1.000000	0.333333	0.000000	0.000000	0.121200	0.421267	0.019967	0.077533	0.360000	1.000000
[class #0] <for of setCPON>
[class #0] <getLBGClusterSize>
centroid size : 4
ctrd no.	datasize	worktype	data[0]	data[1]	data[2]	data[3]	data[4]	data[5]	data[6]	data[7]	data[8]	data[9]	data[10]	data[11]	data[12]	data[13]	data[14]	data[15]	data[16]	data[17]	data[18]
		seed	0.472335	0.000000	0.922004	0.453255	0.362229	0.854472	1.000000	1.000000	0.170343	0.463915	0.145464	0.957143	0.661143	0.051529	0.373910	0.066482	0.288242	0.283028	0.809811
0	0	clst	0.000000	0.000000	0.000000	0.000000	0.000000	0.000000	0.000000	0.000000	0.000000	0.000000	0.000000	0.000000	0.000000	0.000000	0.000000	0.000000	0.000000	0.000000	0.000000
		seed	0.513209	0.000000	0.957205	0.828475	0.477991	0.339013	1.000000	1.000000	-0.080686	0.765059	0.472284	0.522564	0.517792	0.210698	0.576842	0.072872	0.266398	0.707516	0.659813
1	6	clst	0.521133	0.000000	0.666667	1.000000	0.666667	0.666667	1.000000	1.000000	0.333333	1.000000	0.333333	0.666667	0.333333	0.108233	0.514233	0.031533	0.333333	0.623333	1.000000
		seed	0.592808	0.000000	0.892335	0.659646	0.077000	0.045917	1.000000	1.000000	0.560125	0.381846	0.766368	0.352592	0.334399	0.200737	0.662258	0.079587	0.167300	0.491485	1.168481
2	3	clst	0.591533	0.000000	1.000000	1.000000	0.000000	0.666667	1.000000	1.000000	0.000000	0.333333	1.000000	0.000000	0.000000	0.277067	0.394067	0.067300	0.046533	0.366667	1.000000
		seed	0.540519	0.000000	0.409574	0.816785	-0.083931	0.232006	1.000000	1.000000	0.732807	1.089611	0.543112	0.932565	0.413257	0.058678	0.571050	0.058991	0.195962	0.525921	0.867164
3	3	clst	0.511733	0.000000	0.000000	0.333333	0.000000	0.000000	1.000000	1.000000	0.666667	0.666667	0.333333	1.000000	1.000000	0.142867	0.432433	0.102000	0.372067	0.346667	0.666667
[class #0] <for of setCPON>
[class #0] <getLBGClusterSize>
centroid size : 5
ctrd no.	datasize	worktype	data[0]	data[1]	data[2]	data[3]	data[4]	data[5]	data[6]	data[7]	data[8]	data[9]	data[10]	data[11]	data[12]	data[13]	data[14]	data[15]	data[16]	data[17]	data[18]
		seed	0.472347	0.000000	0.453576	1.024959	0.672221	0.979615	1.000000	1.000000	0.666571	1.198761	0.140779	0.958525	0.327076	0.166705	0.197370	0.027877	0.222399	0.542420	0.842073
0	0	clst	0.000000	0.000000	0.000000	0.000000	0.000000	0.000000	0.000000	0.000000	0.000000	0.000000	0.000000	0.000000	0.000000	0.000000	0.000000	0.000000	0.000000	0.000000	0.000000
		seed	0.476962	0.000000	0.413880	1.185187	0.688780	0.804491	1.000000	1.000000	0.414460	1.040916	0.077569	0.616885	0.152201	0.079575	0.459176	0.035247	0.251746	0.275145	0.900870
1	0	clst	0.000000	0.000000	0.000000	0.000000	0.000000	0.000000	0.000000	0.000000	0.000000	0.000000	0.000000	0.000000	0.000000	0.000000	0.000000	0.000000	0.000000	0.000000	0.000000
		seed	0.482264	0.000000	0.866279	1.061951	0.170163	0.442672	1.000000	1.000000	0.648179	0.640449	0.380865	1.061961	0.897557	0.188486	0.455521	0.045771	0.119152	0.508520	1.104961
2	0	clst	0.000000	0.000000	0.000000	0.000000	0.000000	0.000000	0.000000	0.000000	0.000000	0.000000	0.000000	0.000000	0.000000	0.000000	0.000000	0.000000	0.000000	0.000000	0.000000
		seed	0.550581	0.000000	0.858422	0.583975	0.567217	0.080980	1.000000	1.000000	0.400245	0.667337	0.984715	0.332194	0.346500	0.151600	0.200858	0.087031	0.448204	0.654188	0.856733
3	5	clst	0.580280	0.000000	1.000000	1.000000	0.000000	0.400000	1.000000	1.000000	0.000000	0.600000	0.600000	0.000000	0.000000	0.202600	0.444600	0.050460	0.074440	0.344000	1.000000
		seed	0.594781	0.000000	0.272132	0.711606	0.786210	0.543239	1.000000	1.000000	0.660951	0.565226	0.411784	0.679367	0.680975	0.216733	0.233409	0.044837	0.380877	0.404594	1.016651
4	7	clst	0.505029	0.000000	0.285714	0.714286	0.571429	0.571429	1.000000	1.000000	0.571429	0.857143	0.428571	1.000000	0.714286	0.128029	0.477414	0.063543	0.411943	0.594286	0.857143
[class #0] <for of setCPON>
