total mean
0.513302	0.064815	0.685185	0.787037	0.268519	0.537037	0.925926	0.916667	0.481481	0.740741	0.592593	0.685185	0.611111	0.143695	0.337006	0.078674	0.326019	0.521944	0.629630
mean of class
0.555556	0.000000	0.666667	0.777778	0.111111	0.333333	1.000000	1.000000	0.333333	0.666667	0.444444	0.444444	0.333333	0.184711	0.415100	0.063611	0.219644	0.380000	0.888889
0.471048	0.129630	0.703704	0.796296	0.425926	0.740741	0.851852	0.833333	0.629630	0.814815	0.740741	0.925926	0.888889	0.102680	0.258911	0.093737	0.432393	0.663889	0.370370
SW
1.413430	0.167563	0.259637	-0.341259	0.018737	-0.578993	0.599385	-0.422567	-1.245704	-1.495952	-1.134548	-0.309830	-0.474178	-0.032667	0.232085	-0.092689	-0.130431	-0.363494	1.275393
0.167563	6.092593	-0.925926	-0.574074	-2.981481	0.814815	0.037037	0.166667	0.592593	-1.703704	-3.185185	0.518519	-2.222222	0.099243	-0.317778	-0.532959	-0.050048	-0.567222	1.407407
0.259637	-0.925926	13.259259	2.074074	3.148148	2.851852	2.629630	2.333333	3.074074	2.037037	1.185185	-1.851852	0.222222	-0.568993	-0.842622	-0.902474	0.181915	1.482222	-3.407407
-0.341259	-0.574074	2.074074	10.314815	0.907407	1.814815	0.370370	3.166667	1.592593	-2.703704	-1.962963	-1.925926	-2.555556	0.304198	0.336322	0.136030	-0.804393	0.072778	1.851852
0.018737	-2.981481	3.148148	0.907407	14.092593	6.629630	3.407407	0.833333	4.185185	1.592593	3.518519	2.259259	2.222222	-0.546643	-0.719656	-0.135863	1.045126	1.530556	-1.407407
-0.578993	0.814815	2.851852	1.814815	6.629630	12.370370	5.925926	2.666667	3.814815	-0.592593	4.037037	1.629630	-0.555556	0.026481	-1.274544	0.042585	0.580863	0.064444	-1.481481
0.599385	0.037037	2.629630	0.370370	3.407407	5.925926	6.814815	1.666667	2.037037	-0.481481	2.925926	0.407407	1.111111	-0.594063	-0.668411	-0.240604	0.133541	0.541111	-2.037037
-0.422567	0.166667	2.333333	3.166667	0.833333	2.666667	1.666667	7.500000	5.666667	0.333333	-0.333333	0.333333	0.000000	0.209817	-0.234800	-0.009767	-0.294467	-0.515000	-1.666667
-1.245704	0.592593	3.074074	1.592593	4.185185	3.814815	2.037037	5.666667	14.592593	3.296296	1.481481	3.185185	0.777778	-0.539341	-2.364478	-0.920293	1.477319	0.227778	-4.259259
-1.495952	-1.703704	2.037037	-2.703704	1.592593	-0.592593	-0.481481	0.333333	3.296296	10.148148	5.740741	2.592593	3.888889	-0.600770	-1.332989	-0.204496	0.657259	0.938889	-5.629630
-1.134548	-3.185185	1.185185	-1.962963	3.518519	4.037037	2.925926	-0.333333	1.481481	5.740741	12.592593	2.185185	4.111111	-0.301130	-1.671344	-0.000426	0.500719	1.184444	-6.370370
-0.309830	0.518519	-1.851852	-1.925926	2.259259	1.629630	0.407407	0.333333	3.185185	2.592593	2.185185	5.925926	2.222222	0.100474	-1.331156	-0.109696	1.339493	0.555556	-3.074074
-0.474178	-2.222222	0.222222	-2.555556	2.222222	-0.555556	1.111111	0.000000	0.777778	3.888889	4.111111	2.222222	7.333333	-1.080756	-0.989433	-0.074811	0.377322	1.073333	-3.444444
-0.032667	0.099243	-0.568993	0.304198	-0.546643	0.026481	-0.594063	0.209817	-0.539341	-0.600770	-0.301130	0.100474	-1.080756	0.545789	0.519515	0.226733	-0.141933	-0.297429	0.429619
0.232085	-0.317778	-0.842622	0.336322	-0.719656	-1.274544	-0.668411	-0.234800	-2.364478	-1.332989	-1.671344	-1.331156	-0.989433	0.519515	2.240089	0.480126	-0.730718	-0.549942	1.162678
-0.092689	-0.532959	-0.902474	0.136030	-0.135863	0.042585	-0.240604	-0.009767	-0.920293	-0.204496	-0.000426	-0.109696	-0.074811	0.226733	0.480126	0.576753	-0.094777	-0.076685	0.561170
-0.130431	-0.050048	0.181915	-0.804393	1.045126	0.580863	0.133541	-0.294467	1.477319	0.657259	0.500719	1.339493	0.377322	-0.141933	-0.730718	-0.094777	0.887705	0.341815	-0.823707
-0.363494	-0.567222	1.482222	0.072778	1.530556	0.064444	0.541111	-0.515000	0.227778	0.938889	1.184444	0.555556	1.073333	-0.297429	-0.549942	-0.076685	0.341815	2.592683	-0.807778
1.275393	1.407407	-3.407407	1.851852	-1.407407	-1.481481	-2.037037	-1.666667	-4.259259	-5.629630	-6.370370	-3.074074	-3.444444	0.429619	1.162678	0.561170	-0.823707	-0.807778	13.481481
SB
0.007142	0.181413	0.021948	0.057956	0.016804	0.034294	0.087791	0.077160	0.005487	0.067215	0.034294	0.137174	0.111111	0.205097	0.087998	0.213276	0.015169	0.011736	0.034294
0.181413	0.016804	0.495199	0.634088	0.181413	0.548697	0.725652	0.694444	0.396433	0.663923	0.548697	0.857339	0.790123	0.010543	0.067035	0.008787	0.186963	0.440748	0.137174
0.021948	0.495199	0.001372	0.016804	0.057956	0.005487	0.034294	0.027778	0.001372	0.021948	0.005487	0.067215	0.049383	0.318081	0.166265	0.328248	0.054884	0.000008	0.087791
0.057956	0.634088	0.016804	0.000343	0.123800	0.001372	0.005487	0.003086	0.021948	0.001372	0.001372	0.021948	0.012346	0.455758	0.269223	0.467912	0.119291	0.012971	0.165981
0.016804	0.181413	0.057956	0.123800	0.099108	0.396433	0.548697	0.521605	0.268861	0.495199	0.396433	0.663923	0.604938	0.000071	0.021845	0.000302	0.103222	0.305563	0.067215
0.034294	0.548697	0.005487	0.001372	0.396433	0.165981	0.268861	0.250000	0.087791	0.231824	0.165981	0.351166	0.308642	0.053201	0.005539	0.057406	0.009813	0.109267	0.001372
0.087791	0.725652	0.034294	0.005487	0.548697	0.268861	0.021948	0.027778	0.137174	0.034294	0.067215	0.005487	0.012346	0.805184	0.549213	0.821313	0.322178	0.112971	0.396433
0.077160	0.694444	0.027778	0.003086	0.521605	0.250000	0.027778	0.027778	0.137174	0.034294	0.067215	0.005487	0.012346	0.805184	0.549213	0.821313	0.322178	0.112971	0.396433
0.005487	0.396433	0.001372	0.021948	0.268861	0.087791	0.137174	0.137174	0.087791	0.231824	0.165981	0.351166	0.308642	0.053201	0.005539	0.057406	0.009813	0.109267	0.001372
0.067215	0.663923	0.021948	0.001372	0.495199	0.231824	0.034294	0.034294	0.231824	0.021948	0.005487	0.067215	0.049383	0.318081	0.166265	0.328248	0.054884	0.000008	0.087791
0.034294	0.548697	0.005487	0.001372	0.396433	0.165981	0.067215	0.067215	0.165981	0.005487	0.087791	0.231824	0.197531	0.116803	0.034423	0.122996	0.000145	0.048156	0.005487
0.137174	0.857339	0.067215	0.021948	0.663923	0.351166	0.005487	0.005487	0.351166	0.067215	0.231824	0.231824	0.197531	0.116803	0.034423	0.122996	0.000145	0.048156	0.005487
0.111111	0.790123	0.049383	0.012346	0.604938	0.308642	0.012346	0.012346	0.308642	0.049383	0.197531	0.197531	0.308642	0.053201	0.005539	0.057406	0.009813	0.109267	0.001372
0.205097	0.010543	0.318081	0.455758	0.000071	0.053201	0.805184	0.805184	0.053201	0.318081	0.116803	0.116803	0.053201	0.006729	0.005506	0.008276	0.061346	0.229611	0.034469
0.087998	0.067035	0.166265	0.269223	0.021845	0.005539	0.549213	0.549213	0.005539	0.166265	0.034423	0.034423	0.005539	0.005506	0.024395	0.103274	0.000299	0.061896	0.002001
0.213276	0.008787	0.328248	0.467912	0.000302	0.057406	0.821313	0.821313	0.057406	0.328248	0.122996	0.122996	0.057406	0.008276	0.103274	0.000908	0.136000	0.360333	0.094101
0.015169	0.186963	0.054884	0.119291	0.103222	0.009813	0.322178	0.322178	0.009813	0.054884	0.000145	0.000145	0.009813	0.061346	0.000299	0.136000	0.045262	0.197353	0.022718
0.011736	0.440748	0.000008	0.012971	0.305563	0.109267	0.112971	0.112971	0.109267	0.000008	0.048156	0.048156	0.109267	0.229611	0.061896	0.360333	0.197353	0.080593	0.000093
0.034294	0.137174	0.087791	0.165981	0.067215	0.001372	0.396433	0.396433	0.001372	0.087791	0.005487	0.005487	0.001372	0.034469	0.002001	0.094101	0.022718	0.000093	0.268861

wegight[fold=9]
0.092929	-0.024152	-0.004226	-0.000552	-0.003895	-0.027143	0.031093	0.027509	-0.023939	0.001441	-0.010841	-0.048901	-0.043647	-0.039352	0.077750	-0.135020	-0.213678	-0.062647	0.039779
J(w) : 0.000543
