[class #0] <getLBGClusterSize>
centroid size : 1
ctrd no.	datasize	worktype	data[0]	data[1]	data[2]	data[3]	data[4]	data[5]	data[6]	data[7]	data[8]	data[9]	data[10]	data[11]	data[12]	data[13]	data[14]	data[15]	data[16]	data[17]	data[18]
		seed	0.473074	0.000000	0.179667	1.073687	0.417045	0.478978	1.000000	1.000000	0.749146	0.909506	0.081045	1.020130	0.719862	0.158941	0.356108	0.027070	0.167589	0.417367	0.713043
0	12	clst	0.538725	0.000000	0.500000	0.833333	0.333333	0.500000	1.000000	1.000000	0.416667	0.666667	0.416667	0.666667	0.500000	0.155858	0.463433	0.064658	0.298450	0.480833	0.916667
[class #0] <for of setCPON>
[class #0] <getLBGClusterSize>
centroid size : 2
ctrd no.	datasize	worktype	data[0]	data[1]	data[2]	data[3]	data[4]	data[5]	data[6]	data[7]	data[8]	data[9]	data[10]	data[11]	data[12]	data[13]	data[14]	data[15]	data[16]	data[17]	data[18]
		seed	0.473090	0.000000	0.749091	0.866869	0.727037	0.604121	1.000000	1.000000	0.238193	0.724743	0.076393	1.021452	0.381056	0.046178	0.726954	0.068077	0.429712	0.680650	0.745305
0	8	clst	0.515837	0.000000	0.250000	0.750000	0.500000	0.500000	1.000000	1.000000	0.625000	0.750000	0.375000	1.000000	0.750000	0.129887	0.445150	0.066637	0.401150	0.563750	0.875000
		seed	0.589251	0.000000	0.936743	0.893526	0.056354	0.452553	1.000000	1.000000	-0.022076	1.067192	0.137838	0.428185	0.299551	0.241493	0.264667	0.072264	0.319997	0.642869	0.755066
1	4	clst	0.584500	0.000000	1.000000	1.000000	0.000000	0.500000	1.000000	1.000000	0.000000	0.500000	0.500000	0.000000	0.000000	0.207800	0.500000	0.060700	0.093050	0.315000	1.000000
[class #0] <for of setCPON>
[class #0] <getLBGClusterSize>
centroid size : 3
ctrd no.	datasize	worktype	data[0]	data[1]	data[2]	data[3]	data[4]	data[5]	data[6]	data[7]	data[8]	data[9]	data[10]	data[11]	data[12]	data[13]	data[14]	data[15]	data[16]	data[17]	data[18]
		seed	0.473102	0.000000	0.274018	0.660074	0.052267	0.729297	1.000000	1.000000	0.757160	0.539980	0.071741	1.022774	0.042251	0.161201	0.550237	0.031583	0.371556	0.475711	0.777567
0	5	clst	0.560560	0.000000	0.400000	0.800000	0.400000	0.400000	1.000000	1.000000	1.000000	0.600000	0.000000	1.000000	0.600000	0.150680	0.200720	0.058040	0.404660	0.462000	1.000000
		seed	0.552120	0.000000	0.385710	0.471739	0.267173	0.918032	1.000000	1.000000	0.495728	0.382745	0.778533	0.518372	0.973304	0.110544	0.694452	0.036696	0.307046	0.672248	0.996123
1	7	clst	0.523129	0.000000	0.571429	0.857143	0.285714	0.571429	1.000000	1.000000	0.000000	0.714286	0.714286	0.428571	0.428571	0.159557	0.651086	0.069386	0.222586	0.494286	0.857143
		seed	0.578132	0.000000	0.839841	1.035864	-0.016163	0.693660	1.000000	1.000000	0.561762	0.969101	0.029500	0.752512	0.889918	0.209675	0.321534	0.039447	0.249105	0.465051	0.654650
2	0	clst	0.000000	0.000000	0.000000	0.000000	0.000000	0.000000	0.000000	0.000000	0.000000	0.000000	0.000000	0.000000	0.000000	0.000000	0.000000	0.000000	0.000000	0.000000	0.000000
[class #0] <for of setCPON>
[class #0] <getLBGClusterSize>
centroid size : 4
ctrd no.	datasize	worktype	data[0]	data[1]	data[2]	data[3]	data[4]	data[5]	data[6]	data[7]	data[8]	data[9]	data[10]	data[11]	data[12]	data[13]	data[14]	data[15]	data[16]	data[17]	data[18]
		seed	0.473114	0.000000	0.843475	0.453255	0.362229	0.854472	1.000000	1.000000	0.246208	0.355217	0.067090	1.024097	0.747944	0.048430	0.373504	0.072590	0.313400	0.270756	0.809811
0	0	clst	0.000000	0.000000	0.000000	0.000000	0.000000	0.000000	0.000000	0.000000	0.000000	0.000000	0.000000	0.000000	0.000000	0.000000	0.000000	0.000000	0.000000	0.000000	0.000000
		seed	0.514985	0.000000	0.879176	0.828475	0.477991	0.339013	1.000000	1.000000	-0.016325	0.683060	0.389339	0.608560	0.602560	0.207388	0.576657	0.078631	0.294105	0.701613	0.659813
1	8	clst	0.542250	0.000000	0.750000	1.000000	0.500000	0.750000	1.000000	1.000000	0.250000	0.750000	0.500000	0.500000	0.250000	0.162350	0.505575	0.047700	0.267450	0.547500	1.000000
		seed	0.596526	0.000000	0.813384	0.659646	0.077000	0.045917	1.000000	1.000000	0.653851	0.265871	0.679309	0.446036	0.416566	0.197440	0.662166	0.084979	0.206578	0.482341	1.168481
2	0	clst	0.000000	0.000000	0.000000	0.000000	0.000000	0.000000	0.000000	0.000000	0.000000	0.000000	0.000000	0.000000	0.000000	0.000000	0.000000	0.000000	0.000000	0.000000	0.000000
		seed	0.542961	0.000000	0.323776	0.816785	-0.083931	0.232006	1.000000	1.000000	0.834446	1.036388	0.459175	1.000596	0.496542	0.055570	0.570859	0.065509	0.231893	0.517293	0.867164
3	4	clst	0.531675	0.000000	0.000000	0.500000	0.000000	0.000000	1.000000	1.000000	0.750000	0.500000	0.250000	1.000000	1.000000	0.142875	0.379150	0.098575	0.360450	0.347500	0.750000
[class #0] <for of setCPON>
[class #0] <getLBGClusterSize>
centroid size : 5
ctrd no.	datasize	worktype	data[0]	data[1]	data[2]	data[3]	data[4]	data[5]	data[6]	data[7]	data[8]	data[9]	data[10]	data[11]	data[12]	data[13]	data[14]	data[15]	data[16]	data[17]	data[18]
		seed	0.473126	0.000000	0.368402	1.024959	0.672221	0.979615	1.000000	1.000000	0.765175	1.155216	0.062470	1.025419	0.409139	0.163453	0.196771	0.036095	0.255243	0.534040	0.842073
0	0	clst	0.000000	0.000000	0.000000	0.000000	0.000000	0.000000	0.000000	0.000000	0.000000	0.000000	0.000000	0.000000	0.000000	0.000000	0.000000	0.000000	0.000000	0.000000	0.000000
		seed	0.477855	0.000000	0.328143	1.185187	0.688780	0.804491	1.000000	1.000000	0.501511	0.983375	0.000144	0.698748	0.231783	0.076439	0.458863	0.043063	0.281164	0.262754	0.900870
1	0	clst	0.000000	0.000000	0.000000	0.000000	0.000000	0.000000	0.000000	0.000000	0.000000	0.000000	0.000000	0.000000	0.000000	0.000000	0.000000	0.000000	0.000000	0.000000	0.000000
		seed	0.483286	0.000000	0.786960	1.061951	0.170163	0.442672	1.000000	1.000000	0.745940	0.547403	0.299198	1.124322	0.987712	0.185205	0.455203	0.053011	0.164051	0.499631	1.104961
2	0	clst	0.000000	0.000000	0.000000	0.000000	0.000000	0.000000	0.000000	0.000000	0.000000	0.000000	0.000000	0.000000	0.000000	0.000000	0.000000	0.000000	0.000000	0.000000	0.000000
		seed	0.553269	0.000000	0.778991	0.583975	0.567217	0.080980	1.000000	1.000000	0.486645	0.576674	0.894603	0.426532	0.428838	0.148368	0.200264	0.092015	0.454685	0.647484	0.856733
3	4	clst	0.584500	0.000000	1.000000	1.000000	0.000000	0.500000	1.000000	1.000000	0.000000	0.500000	0.500000	0.000000	0.000000	0.207800	0.500000	0.060700	0.093050	0.315000	1.000000
		seed	0.598547	0.000000	0.184384	0.711606	0.786210	0.543239	1.000000	1.000000	0.759298	0.465510	0.329685	0.758492	0.768057	0.213415	0.232850	0.052129	0.395219	0.394146	1.016651
4	8	clst	0.515837	0.000000	0.250000	0.750000	0.500000	0.500000	1.000000	1.000000	0.625000	0.750000	0.375000	1.000000	0.750000	0.129887	0.445150	0.066637	0.401150	0.563750	0.875000
[class #0] <for of setCPON>
