total mean
0.507529	0.057377	0.569672	0.801913	0.371585	0.618852	0.926230	0.918033	0.503415	0.759563	0.643443	0.792350	0.709016	0.130891	0.348155	0.079059	0.361500	0.573224	0.622268
mean of class
0.538725	0.000000	0.500000	0.833333	0.333333	0.500000	1.000000	1.000000	0.416667	0.666667	0.500000	0.666667	0.500000	0.163433	0.438650	0.063350	0.288758	0.493333	0.916667
0.476333	0.114754	0.639344	0.770492	0.409836	0.737705	0.852459	0.836066	0.590164	0.852459	0.786885	0.918033	0.918033	0.098349	0.257659	0.094769	0.434241	0.653115	0.327869
SW
1.744659	0.017870	0.951171	-1.183591	-0.584420	-0.526525	0.892595	-0.349372	-1.207905	-1.374805	-0.772424	-0.054936	-0.371886	-0.007017	0.017734	-0.145094	-0.086461	-0.305091	1.166969
0.017870	6.196721	-0.475410	-0.393443	-1.868852	-0.163934	-0.967213	0.147541	-0.131148	-0.967213	-2.508197	0.573770	-1.426230	-0.026244	0.014387	-0.472382	0.053213	-0.271803	0.704918
0.951171	-0.475410	17.065574	1.950820	2.016393	3.229508	2.754098	2.393443	3.483607	0.754098	0.311475	-1.803279	-1.803279	-0.115318	-1.424402	-0.873985	0.123152	0.548525	-2.286885
-1.183591	-0.393443	1.950820	12.453552	1.404372	2.327869	-0.065574	3.704918	3.095628	-2.732240	-2.983607	-1.814208	-2.147541	0.197355	0.465926	0.232464	-0.877910	0.420273	1.423497
-0.584420	-1.868852	2.016393	1.404372	17.420765	8.557377	3.688525	0.098361	3.579235	2.021858	3.327869	3.382514	2.049180	-0.710063	-0.088475	-0.272421	1.477742	2.538798	-1.863388
-0.526525	-0.163934	3.229508	2.327869	8.557377	14.803279	6.639344	2.377049	1.942623	0.639344	4.590164	2.688525	-0.311475	-0.198913	-0.862256	-0.032598	0.727206	1.139836	-2.254098
0.892595	-0.967213	2.754098	-0.065574	3.688525	6.639344	7.672131	1.524590	1.311475	-0.327869	3.081967	1.262295	1.262295	-0.621257	-0.755369	-0.282680	0.210569	0.908033	-3.049180
-0.349372	0.147541	2.393443	3.704918	0.098361	2.377049	1.524590	8.360656	5.901639	0.524590	-0.131148	0.180328	0.180328	0.139292	-0.181710	0.069089	-0.378490	-0.808852	-1.721311
-1.207905	-0.131148	3.483607	3.095628	3.579235	1.942623	1.311475	5.901639	17.670765	2.978142	0.172131	2.617486	0.450820	-0.397237	-2.881975	-0.870329	1.621633	-0.138798	-4.386612
-1.374805	-0.967213	0.754098	-2.732240	2.021858	0.639344	-0.327869	0.524590	2.978142	10.338798	6.081967	2.928962	3.262295	-0.629924	-1.108669	-0.306780	0.877102	1.141366	-5.382514
-0.772424	-2.508197	0.311475	-2.983607	3.327869	4.590164	3.081967	-0.131148	0.172131	6.081967	13.229508	2.934426	3.934426	-0.559061	-1.230233	-0.171705	0.796483	1.760492	-7.237705
-0.054936	0.573770	-1.803279	-1.814208	3.382514	2.688525	1.262295	0.180328	2.617486	2.928962	2.934426	7.256831	2.590164	-0.088321	-1.377105	-0.214256	1.768238	1.318907	-3.693989
-0.371886	-1.426230	-1.803279	-2.147541	2.049180	-0.311475	1.262295	0.180328	0.450820	3.262295	3.934426	2.590164	7.590164	-1.306854	-0.604005	-0.146056	0.461855	1.165574	-2.860656
-0.007017	-0.026244	-0.115318	0.197355	-0.710063	-0.198913	-0.621257	0.139292	-0.397237	-0.629924	-0.559061	-0.088321	-1.306854	0.603420	0.401990	0.226540	-0.195526	-0.428513	0.469050
0.017734	0.014387	-1.424402	0.465926	-0.088475	-0.862256	-0.755369	-0.181710	-2.881975	-1.108669	-1.230233	-1.377105	-0.604005	0.401990	2.743417	0.471511	-0.799040	-0.306069	1.735370
-0.145094	-0.472382	-0.873985	0.232464	-0.272421	-0.032598	-0.282680	0.069089	-0.870329	-0.306780	-0.171705	-0.214256	-0.146056	0.226540	0.471511	0.614580	-0.136451	-0.156735	0.712073
-0.086461	0.053213	0.123152	-0.877910	1.477742	0.727206	0.210569	-0.378490	1.621633	0.877102	0.796483	1.768238	0.461855	-0.195526	-0.799040	-0.136451	1.147922	0.666921	-1.233461
-0.305091	-0.271803	0.548525	0.420273	2.538798	1.139836	0.908033	-0.808852	-0.138798	1.141366	1.760492	1.318907	1.165574	-0.428513	-0.306069	-0.156735	0.666921	3.400975	-1.078962
1.166969	0.704918	-2.286885	1.423497	-1.863388	-2.254098	-3.049180	-1.721311	-4.386612	-5.382514	-7.237705	-3.693989	-2.860656	0.469050	1.735370	0.712073	-1.233461	-1.078962	14.359290
SB
0.003893	0.179751	0.010124	0.053716	0.016612	0.039593	0.098429	0.088411	0.002646	0.098429	0.061584	0.143874	0.143874	0.193931	0.078998	0.197097	0.010917	0.013085	0.044460
0.179751	0.013169	0.408761	0.593658	0.167966	0.544209	0.726686	0.699006	0.348293	0.726686	0.619188	0.842784	0.842784	0.009673	0.066388	0.008981	0.188565	0.426559	0.107498
0.010124	0.408761	0.019417	0.073166	0.008130	0.056504	0.124227	0.112940	0.008130	0.124227	0.082303	0.174751	0.174751	0.161323	0.058729	0.164212	0.004324	0.023444	0.029629
0.053716	0.593658	0.073166	0.003949	0.179350	0.009145	0.000366	0.000007	0.059131	0.000366	0.002157	0.007174	0.007174	0.540202	0.331401	0.545477	0.159275	0.032479	0.255494
0.016612	0.167966	0.008130	0.179350	0.005853	0.163516	0.269491	0.252740	0.065962	0.269491	0.205709	0.341873	0.341873	0.055218	0.005727	0.056913	0.010182	0.102260	0.000030
0.039593	0.544209	0.056504	0.009145	0.163516	0.056504	0.124227	0.112940	0.008130	0.124227	0.082303	0.174751	0.174751	0.161323	0.058729	0.164212	0.004324	0.023444	0.029629
0.098429	0.726686	0.124227	0.000366	0.269491	0.124227	0.021768	0.026874	0.167966	0.021768	0.045418	0.006719	0.006719	0.812974	0.551070	0.819443	0.320083	0.120329	0.451760
0.088411	0.699006	0.112940	0.000007	0.252740	0.112940	0.026874	0.026874	0.167966	0.021768	0.045418	0.006719	0.006719	0.812974	0.551070	0.819443	0.320083	0.120329	0.451760
0.002646	0.348293	0.008130	0.059131	0.065962	0.008130	0.167966	0.167966	0.030101	0.189915	0.137062	0.251368	0.251368	0.101326	0.025283	0.103618	0.000309	0.055908	0.007885
0.098429	0.726686	0.124227	0.000366	0.269491	0.124227	0.021768	0.021768	0.189915	0.034519	0.014453	0.063185	0.063185	0.322985	0.167287	0.327067	0.054022	0.000184	0.114784
0.061584	0.619188	0.082303	0.002157	0.205709	0.082303	0.045418	0.045418	0.137062	0.014453	0.082303	0.174751	0.174751	0.161323	0.058729	0.164212	0.004324	0.023444	0.029629
0.143874	0.842784	0.174751	0.007174	0.341873	0.174751	0.006719	0.006719	0.251368	0.063185	0.174751	0.063185	0.063185	0.322985	0.167287	0.327067	0.054022	0.000184	0.114784
0.143874	0.842784	0.174751	0.007174	0.341873	0.174751	0.006719	0.006719	0.251368	0.063185	0.174751	0.063185	0.174751	0.161323	0.058729	0.164212	0.004324	0.023444	0.029629
0.193931	0.009673	0.161323	0.540202	0.055218	0.161323	0.812974	0.812974	0.101326	0.322985	0.161323	0.322985	0.161323	0.004236	0.008878	0.004715	0.073337	0.239788	0.027039
0.078998	0.066388	0.058729	0.331401	0.005727	0.058729	0.551070	0.551070	0.025283	0.167287	0.058729	0.167287	0.058729	0.008878	0.032758	0.118254	0.000019	0.045995	0.012272
0.197097	0.008981	0.164212	0.545477	0.056913	0.164212	0.819443	0.819443	0.103618	0.327067	0.164212	0.327067	0.164212	0.004715	0.118254	0.000987	0.137560	0.347822	0.069970
0.010917	0.188565	0.004324	0.159275	0.010182	0.004324	0.320083	0.320083	0.000309	0.054022	0.004324	0.054022	0.004324	0.073337	0.000019	0.137560	0.021165	0.132756	0.001530
0.013085	0.426559	0.023444	0.032479	0.102260	0.023444	0.120329	0.120329	0.055908	0.000184	0.023444	0.000184	0.023444	0.239788	0.045995	0.347822	0.132756	0.025530	0.027378
0.044460	0.107498	0.029629	0.255494	0.000030	0.029629	0.451760	0.451760	0.007885	0.114784	0.029629	0.114784	0.029629	0.027039	0.012272	0.069970	0.001530	0.027378	0.346683

wegight[fold=3]
0.062391	-0.019362	-0.009178	0.005661	0.006094	-0.019561	0.025578	0.020040	-0.013216	-0.003436	-0.011267	-0.012176	-0.035847	-0.042944	0.077457	-0.124535	-0.119502	-0.005846	0.042441
J(w) : 0.008550
