[class #1] <getLBGClusterSize>
centroid size : 1
ctrd no.	datasize	worktype	data[0]	data[1]	data[2]	data[3]	data[4]	data[5]	data[6]	data[7]	data[8]	data[9]	data[10]	data[11]	data[12]	data[13]	data[14]	data[15]	data[16]	data[17]	data[18]
		seed	0.303692	0.174432	0.381793	1.022205	0.544443	0.770264	0.789022	1.139747	0.977753	1.028825	0.517759	1.116594	1.034478	0.090405	0.182095	-0.001192	0.345486	0.594177	-0.029295
0	61	clst	0.468713	0.131148	0.672131	0.754098	0.459016	0.786885	0.885246	0.885246	0.672131	0.852459	0.786885	0.918033	0.918033	0.088767	0.246689	0.082513	0.436531	0.653279	0.295082
[class #1] <for of setCPON>
[class #1] <getLBGClusterSize>
centroid size : 2
ctrd no.	datasize	worktype	data[0]	data[1]	data[2]	data[3]	data[4]	data[5]	data[6]	data[7]	data[8]	data[9]	data[10]	data[11]	data[12]	data[13]	data[14]	data[15]	data[16]	data[17]	data[18]
		seed	0.303732	0.397739	0.897898	0.791506	0.860786	0.869209	0.850066	1.082332	0.508075	0.894638	0.514029	1.117337	0.855036	0.030497	0.405287	0.090126	0.527855	0.839354	0.022099
0	31	clst	0.432526	0.064516	0.903226	0.870968	0.677419	0.967742	1.000000	1.000000	1.000000	1.000000	1.000000	1.000000	1.000000	0.074552	0.172913	0.062642	0.475642	0.711935	0.129032
		seed	0.595717	0.020117	1.067979	0.821241	0.176363	0.749371	1.023662	0.680823	0.268830	1.143346	0.563301	0.784063	0.811868	0.134262	0.127062	0.099449	0.451522	0.804171	0.037649
1	30	clst	0.506107	0.200000	0.433333	0.633333	0.233333	0.600000	0.766667	0.766667	0.333333	0.700000	0.566667	0.833333	0.833333	0.103457	0.322923	0.103047	0.396117	0.592667	0.466667
[class #1] <for of setCPON>
[class #1] <getLBGClusterSize>
centroid size : 3
ctrd no.	datasize	worktype	data[0]	data[1]	data[2]	data[3]	data[4]	data[5]	data[6]	data[7]	data[8]	data[9]	data[10]	data[11]	data[12]	data[13]	data[14]	data[15]	data[16]	data[17]	data[18]
		seed	0.303762	-0.059720	0.467310	0.560833	0.172192	0.968180	0.911109	1.024898	0.985120	0.760451	0.510299	1.118080	0.675594	0.091605	0.298931	0.008858	0.487393	0.648508	0.073493
0	13	clst	0.531954	0.307692	0.615385	0.923077	0.153846	0.538462	0.692308	0.923077	0.538462	0.384615	0.000000	0.615385	0.615385	0.120869	0.414923	0.087592	0.347031	0.523846	0.769231
		seed	0.502384	0.257261	0.568543	0.350752	0.391500	1.117405	0.597830	1.098809	0.744806	0.646257	1.077055	0.834727	1.168710	0.064693	0.385726	0.020245	0.442512	0.831530	0.421658
1	16	clst	0.508813	0.062500	0.250000	0.375000	0.375000	0.750000	0.875000	0.625000	0.125000	0.937500	1.000000	1.000000	1.000000	0.091719	0.250931	0.119088	0.421519	0.590000	0.250000
		seed	0.567766	0.371397	0.980151	0.980014	0.102360	0.940004	1.007068	0.673566	0.805506	1.072106	0.476427	0.966257	1.124546	0.117358	0.161287	0.026370	0.402200	0.638581	-0.122315
2	32	clst	0.422972	0.093750	0.906250	0.875000	0.625000	0.906250	0.968750	1.000000	1.000000	1.000000	1.000000	1.000000	1.000000	0.074250	0.176222	0.062163	0.480397	0.737500	0.125000
[class #1] <for of setCPON>
[class #1] <getLBGClusterSize>
centroid size : 4
ctrd no.	datasize	worktype	data[0]	data[1]	data[2]	data[3]	data[4]	data[5]	data[6]	data[7]	data[8]	data[9]	data[10]	data[11]	data[12]	data[13]	data[14]	data[15]	data[16]	data[17]	data[18]
		seed	0.303793	0.163587	0.983444	0.330134	0.488504	1.067151	0.972172	0.967484	0.515442	0.626264	0.506570	1.118823	1.049352	0.031694	0.192565	0.100176	0.446932	0.457649	0.124859
0	13	clst	0.501638	0.307692	0.538462	0.230769	0.384615	0.846154	0.923077	0.538462	0.153846	0.923077	0.923077	1.000000	1.000000	0.084915	0.268808	0.066746	0.407869	0.613077	0.230769
		seed	0.409041	-0.186322	1.015802	0.748679	0.606638	0.659600	0.814758	0.874016	0.274117	0.864365	0.764972	0.885391	0.972352	0.116143	0.314832	0.113628	0.433508	0.858875	-0.114090
1	21	clst	0.437286	0.000000	0.904762	0.904762	1.000000	1.000000	1.000000	1.000000	1.000000	1.000000	1.000000	1.000000	1.000000	0.073576	0.210295	0.078124	0.482857	0.738095	0.190476
		seed	0.614004	-0.121816	0.956171	0.560356	0.197432	0.427862	0.733942	1.004047	0.890156	0.561376	0.997491	0.794091	0.873843	0.110858	0.366295	0.127764	0.372612	0.654683	0.696227
2	8	clst	0.630275	0.375000	0.625000	1.000000	0.250000	0.750000	1.000000	0.875000	0.375000	0.000000	0.000000	0.625000	0.500000	0.097387	0.346662	0.075313	0.401150	0.616250	1.000000
		seed	0.479361	-0.109102	0.512408	0.735640	0.033203	0.574995	0.643534	0.597850	1.056162	1.120974	0.820972	1.105621	0.916201	0.035487	0.311342	0.084407	0.390225	0.687231	0.216223
3	19	clst	0.412895	0.052632	0.526316	0.842105	0.000000	0.526316	0.684211	1.000000	0.789474	1.000000	0.789474	0.894737	0.947368	0.104563	0.229684	0.101184	0.419837	0.602632	0.157895
[class #1] <for of setCPON>
[class #1] <getLBGClusterSize>
centroid size : 5
ctrd no.	datasize	worktype	data[0]	data[1]	data[2]	data[3]	data[4]	data[5]	data[6]	data[7]	data[8]	data[9]	data[10]	data[11]	data[12]	data[13]	data[14]	data[15]	data[16]	data[17]	data[18]
		seed	0.303823	0.386874	0.552855	0.967850	0.804847	1.166096	1.033215	0.910069	0.992487	1.207275	0.502865	1.119565	0.869910	0.092802	0.086199	0.018907	0.406471	0.702826	0.176253
0	20	clst	0.427460	0.000000	0.950000	0.950000	1.000000	1.000000	1.000000	1.000000	1.000000	1.000000	1.000000	1.000000	1.000000	0.074660	0.211700	0.078795	0.484905	0.764500	0.200000
		seed	0.315708	0.050822	0.516366	1.146579	0.821745	1.027633	1.031685	0.649242	0.750122	1.082473	0.452888	0.936055	0.775977	0.046574	0.243938	0.034423	0.424505	0.450197	0.269918
1	6	clst	0.422533	0.166667	0.500000	1.000000	0.000000	0.833333	0.833333	0.833333	0.166667	0.833333	0.500000	0.833333	0.666667	0.173183	0.438033	0.201100	0.348833	0.523333	0.333333
		seed	0.329360	0.065717	0.932221	1.009113	0.292503	0.741558	1.103595	0.691749	0.974806	0.765842	0.692691	1.175125	1.176341	0.104358	0.241735	0.056576	0.343025	0.670784	0.595039
2	13	clst	0.533031	0.000000	0.846154	1.000000	0.153846	0.692308	1.000000	1.000000	0.692308	0.692308	0.692308	0.846154	1.000000	0.065915	0.201585	0.049862	0.406092	0.708462	0.307692
		seed	0.505272	0.414380	0.924998	0.475947	0.697692	0.455585	0.658050	0.821545	0.736457	0.787101	1.170128	0.783135	0.880343	0.084788	0.088301	0.143433	0.545229	0.808469	0.199606
3	11	clst	0.490409	0.272727	0.727273	0.090909	0.000000	0.454545	0.636364	0.818182	0.454545	1.000000	0.909091	1.000000	1.000000	0.081445	0.180809	0.066545	0.482036	0.610909	0.181818
		seed	0.619083	0.065738	0.386069	0.618316	0.921171	0.821073	0.713130	0.676724	0.987084	0.706366	0.717137	0.969617	1.060005	0.119345	0.107913	0.054611	0.503857	0.572553	0.454358
4	11	clst	0.471200	0.363636	0.000000	0.636364	0.545455	0.818182	0.818182	0.636364	0.545455	0.636364	0.545455	0.818182	0.727273	0.102700	0.325118	0.079145	0.386882	0.499091	0.545455
[class #1] <for of setCPON>
