[class #1] <getLBGClusterSize>
centroid size : 1
ctrd no.	datasize	worktype	data[0]	data[1]	data[2]	data[3]	data[4]	data[5]	data[6]	data[7]	data[8]	data[9]	data[10]	data[11]	data[12]	data[13]	data[14]	data[15]	data[16]	data[17]	data[18]
		seed	0.309393	0.172747	0.420985	1.047323	0.510787	0.722935	0.744486	1.131238	0.944359	1.008200	0.452429	1.115700	1.022440	0.105188	0.187975	-0.006017	0.343436	0.605229	0.026544
0	54	clst	0.471048	0.129630	0.703704	0.796296	0.425926	0.740741	0.851852	0.833333	0.629630	0.814815	0.740741	0.925926	0.888889	0.102680	0.258911	0.093737	0.432393	0.663889	0.370370
[class #1] <for of setCPON>
[class #1] <getLBGClusterSize>
centroid size : 2
ctrd no.	datasize	worktype	data[0]	data[1]	data[2]	data[3]	data[4]	data[5]	data[6]	data[7]	data[8]	data[9]	data[10]	data[11]	data[12]	data[13]	data[14]	data[15]	data[16]	data[17]	data[18]
		seed	0.309433	0.395193	0.923546	0.831321	0.825035	0.828934	0.812598	1.064031	0.460684	0.861064	0.448433	1.116410	0.816639	0.013440	0.433085	0.102810	0.521621	0.848572	0.081019
0	28	clst	0.431086	0.071429	0.964286	0.821429	0.642857	0.964286	1.000000	1.000000	0.964286	1.000000	1.000000	1.000000	1.000000	0.075121	0.174318	0.070029	0.474271	0.693929	0.142857
		seed	0.595461	0.019027	1.089163	0.859161	0.145144	0.700552	1.006296	0.594048	0.214310	1.133773	0.501216	0.797885	0.767130	0.172355	0.127537	0.113920	0.447040	0.813652	0.097502
1	26	clst	0.514085	0.192308	0.423077	0.769231	0.192308	0.500000	0.692308	0.653846	0.269231	0.615385	0.461538	0.846154	0.769231	0.132358	0.350012	0.119269	0.387292	0.631538	0.615385
[class #1] <for of setCPON>
[class #1] <getLBGClusterSize>
centroid size : 3
ctrd no.	datasize	worktype	data[0]	data[1]	data[2]	data[3]	data[4]	data[5]	data[6]	data[7]	data[8]	data[9]	data[10]	data[11]	data[12]	data[13]	data[14]	data[15]	data[16]	data[17]	data[18]
		seed	0.309462	-0.060502	0.504257	0.615343	0.141001	0.934960	0.880710	0.996802	0.951946	0.713928	0.444437	1.117120	0.610838	0.107026	0.316284	0.005959	0.482088	0.659154	0.135495
0	11	clst	0.527527	0.363636	0.545455	0.909091	0.000000	0.363636	0.545455	0.818182	0.545455	0.363636	0.000000	0.636364	0.454545	0.160545	0.433600	0.103236	0.380527	0.571818	0.818182
		seed	0.504032	0.255256	0.602834	0.418646	0.358857	1.094823	0.531155	1.083318	0.704470	0.588714	1.051597	0.846307	1.176389	0.065810	0.411602	0.019530	0.438236	0.840806	0.504536
1	15	clst	0.517373	0.066667	0.400000	0.600000	0.333333	0.666667	0.800000	0.533333	0.000000	0.800000	0.800000	1.000000	1.000000	0.112553	0.285247	0.132500	0.393807	0.643333	0.466667
		seed	0.568081	0.368952	1.003640	1.007819	0.071632	0.904775	0.987780	0.585552	0.766979	1.055658	0.408150	0.972016	1.125737	0.146467	0.165123	0.026829	0.398849	0.649302	-0.072053
2	28	clst	0.424043	0.071429	0.928571	0.857143	0.642857	0.928571	1.000000	1.000000	1.000000	1.000000	1.000000	1.000000	1.000000	0.074657	0.176175	0.069239	0.473439	0.711071	0.142857
[class #1] <for of setCPON>
[class #1] <getLBGClusterSize>
centroid size : 4
ctrd no.	datasize	worktype	data[0]	data[1]	data[2]	data[3]	data[4]	data[5]	data[6]	data[7]	data[8]	data[9]	data[10]	data[11]	data[12]	data[13]	data[14]	data[15]	data[16]	data[17]	data[18]
		seed	0.309492	0.161944	1.006847	0.399341	0.455218	1.040986	0.948843	0.929596	0.468271	0.566792	0.440441	1.117830	1.039498	0.015273	0.199473	0.114786	0.442555	0.469723	0.189941
0	6	clst	0.514100	1.000000	0.500000	0.666667	0.000000	1.000000	1.000000	1.000000	0.833333	0.500000	0.333333	1.000000	0.500000	0.127683	0.221833	0.017900	0.418600	0.513333	0.500000
		seed	0.412593	-0.186614	1.038355	0.791222	0.572570	0.604381	0.773202	0.820188	0.219754	0.827870	0.717265	0.894729	0.951187	0.144606	0.333746	0.130817	0.429439	0.867947	-0.063336
1	25	clst	0.446756	0.000000	0.960000	0.920000	0.720000	0.960000	1.000000	1.000000	1.000000	1.000000	1.000000	1.000000	1.000000	0.074788	0.180512	0.074768	0.475368	0.705200	0.160000
		seed	0.613375	-0.122358	0.980290	0.614897	0.166073	0.356122	0.683028	0.972395	0.854151	0.495641	0.966360	0.807470	0.838208	0.136512	0.390263	0.147664	0.369940	0.665282	0.795568
2	6	clst	0.619700	0.000000	0.833333	1.000000	0.333333	0.500000	0.833333	0.833333	0.000000	0.000000	0.000000	0.500000	0.666667	0.145017	0.477067	0.163500	0.372083	0.666667	1.000000
		seed	0.481479	-0.109693	0.548172	0.779014	0.002933	0.513744	0.582152	0.496924	1.025105	1.109242	0.777257	1.105212	0.886788	0.021081	0.329914	0.095994	0.387149	0.697587	0.286783
3	17	clst	0.439112	0.058824	0.352941	0.588235	0.176471	0.411765	0.588235	0.529412	0.235294	0.941176	0.764706	0.941176	0.941176	0.119929	0.310294	0.123776	0.395347	0.655294	0.411765
[class #1] <for of setCPON>
[class #1] <getLBGClusterSize>
centroid size : 5
ctrd no.	datasize	worktype	data[0]	data[1]	data[2]	data[3]	data[4]	data[5]	data[6]	data[7]	data[8]	data[9]	data[10]	data[11]	data[12]	data[13]	data[14]	data[15]	data[16]	data[17]	data[18]
		seed	0.309522	0.384369	0.587558	0.996430	0.769466	1.146986	1.016955	0.862390	0.959532	1.203871	0.436472	1.118539	0.833697	0.108859	0.082661	0.017935	0.403022	0.713066	0.244416
0	18	clst	0.450700	0.000000	0.944444	0.888889	1.000000	1.000000	1.000000	1.000000	1.000000	1.000000	1.000000	1.000000	1.000000	0.073578	0.211683	0.081767	0.484517	0.730556	0.222222
		seed	0.321164	0.049614	0.552027	1.163773	0.786252	0.998652	1.015248	0.557081	0.709945	1.067026	0.382933	0.943150	0.725966	0.038061	0.255890	0.036427	0.420642	0.462327	0.343698
1	10	clst	0.570420	0.400000	0.500000	1.000000	0.000000	0.500000	0.700000	0.900000	0.500000	0.300000	0.000000	0.600000	0.400000	0.180510	0.479190	0.110410	0.337180	0.488000	0.800000
		seed	0.334538	0.064452	0.956968	1.035065	0.260515	0.692182	1.095485	0.606837	0.941324	0.719839	0.639831	1.171640	1.185140	0.126557	0.253471	0.062827	0.341031	0.681263	0.688313
2	12	clst	0.392025	0.166667	0.833333	0.750000	0.000000	0.833333	1.000000	1.000000	0.833333	1.000000	1.000000	1.000000	1.000000	0.073575	0.121742	0.064933	0.449625	0.659167	0.000000
		seed	0.506861	0.411769	0.949935	0.535866	0.663021	0.385821	0.598348	0.758768	0.695872	0.743149	1.151306	0.796998	0.845663	0.096585	0.084969	0.166338	0.538597	0.817918	0.269170
3	7	clst	0.517100	0.142857	0.571429	0.428571	0.000000	0.000000	0.285714	0.285714	0.142857	1.000000	0.714286	1.000000	1.000000	0.076057	0.176829	0.062429	0.491700	0.745714	0.428571
		seed	0.618350	0.064473	0.425148	0.669164	0.885020	0.777365	0.659806	0.589249	0.953969	0.654624	0.666020	0.975227	1.051715	0.149510	0.106507	0.060486	0.498174	0.583767	0.539197
4	7	clst	0.470829	0.000000	0.285714	0.714286	0.714286	1.000000	1.000000	0.571429	0.000000	0.571429	0.714286	1.000000	1.000000	0.142843	0.382900	0.181386	0.345529	0.670000	0.714286
[class #1] <for of setCPON>
