[class #1] <getLBGClusterSize>
centroid size : 1
ctrd no.	datasize	worktype	data[0]	data[1]	data[2]	data[3]	data[4]	data[5]	data[6]	data[7]	data[8]	data[9]	data[10]	data[11]	data[12]	data[13]	data[14]	data[15]	data[16]	data[17]	data[18]
		seed	0.309688	0.155623	0.323205	1.032308	0.494146	0.703114	0.724297	1.135641	0.938475	1.028825	0.517759	1.113603	1.034478	0.099659	0.178473	-0.008010	0.348239	0.601814	-0.006008
0	61	clst	0.474025	0.114754	0.622951	0.770492	0.409836	0.721311	0.836066	0.852459	0.622951	0.852459	0.786885	0.934426	0.918033	0.097280	0.244618	0.086625	0.436530	0.660820	0.327869
[class #1] <for of setCPON>
[class #1] <getLBGClusterSize>
centroid size : 2
ctrd no.	datasize	worktype	data[0]	data[1]	data[2]	data[3]	data[4]	data[5]	data[6]	data[7]	data[8]	data[9]	data[10]	data[11]	data[12]	data[13]	data[14]	data[15]	data[16]	data[17]	data[18]
		seed	0.309728	0.366470	0.856033	0.807022	0.806353	0.811445	0.795202	1.071757	0.453579	0.894638	0.514029	1.114274	0.855036	0.012655	0.407027	0.095232	0.525091	0.846592	0.046891
0	28	clst	0.470321	0.142857	0.642857	0.857143	0.892857	1.000000	1.000000	0.857143	0.750000	0.785714	0.821429	1.000000	0.892857	0.085789	0.229950	0.070646	0.464300	0.689643	0.321429
		seed	0.600501	0.009919	1.031624	0.836059	0.130877	0.680239	0.996844	0.624999	0.206582	1.143346	0.563301	0.813535	0.811868	0.163353	0.122118	0.105772	0.451067	0.811466	0.062897
1	33	clst	0.477167	0.090909	0.606061	0.696970	0.000000	0.484848	0.696970	0.848485	0.515152	0.909091	0.757576	0.878788	0.939394	0.107030	0.257064	0.100182	0.412967	0.636364	0.333333
[class #1] <for of setCPON>
[class #1] <getLBGClusterSize>
centroid size : 3
ctrd no.	datasize	worktype	data[0]	data[1]	data[2]	data[3]	data[4]	data[5]	data[6]	data[7]	data[8]	data[9]	data[10]	data[11]	data[12]	data[13]	data[14]	data[15]	data[16]	data[17]	data[18]
		seed	0.309758	-0.065463	0.411493	0.581761	0.126761	0.919804	0.866107	1.007850	0.946081	0.760451	0.510299	1.114944	0.675594	0.101402	0.298116	0.003351	0.485853	0.656057	0.099790
0	12	clst	0.517608	0.416667	0.500000	0.833333	0.000000	0.250000	0.416667	0.916667	0.666667	0.500000	0.083333	0.666667	0.583333	0.148242	0.408000	0.091475	0.374008	0.557500	0.750000
		seed	0.507556	0.233830	0.516006	0.376610	0.343203	1.083184	0.502217	1.090090	0.697980	0.646257	1.077055	0.859253	1.168710	0.062317	0.386995	0.016225	0.442329	0.838780	0.458152
1	20	clst	0.511975	0.050000	0.350000	0.500000	0.350000	0.700000	0.850000	0.600000	0.050000	0.850000	0.900000	1.000000	1.000000	0.100000	0.259290	0.120665	0.422100	0.645500	0.400000
		seed	0.572667	0.341597	0.940951	0.991107	0.057842	0.888955	0.977568	0.616923	0.760647	1.072106	0.476427	0.977943	1.124546	0.138803	0.157165	0.023151	0.403237	0.646146	-0.101752
2	29	clst	0.429817	0.034483	0.862069	0.931034	0.620690	0.931034	1.000000	1.000000	1.000000	1.000000	1.000000	1.000000	1.000000	0.074317	0.166893	0.061141	0.472352	0.714138	0.103448
[class #1] <for of setCPON>
[class #1] <getLBGClusterSize>
centroid size : 4
ctrd no.	datasize	worktype	data[0]	data[1]	data[2]	data[3]	data[4]	data[5]	data[6]	data[7]	data[8]	data[9]	data[10]	data[11]	data[12]	data[13]	data[14]	data[15]	data[16]	data[17]	data[18]
		seed	0.309789	0.145384	0.944351	0.356475	0.438938	1.028163	0.937035	0.943965	0.461184	0.626264	0.506570	1.115614	1.049352	0.014393	0.189194	0.106594	0.446616	0.465509	0.152661
0	16	clst	0.507050	0.062500	0.312500	0.437500	0.312500	0.750000	0.875000	0.500000	0.000000	0.937500	1.000000	1.000000	1.000000	0.097406	0.280438	0.123725	0.408431	0.655625	0.375000
		seed	0.414600	-0.185000	0.977757	0.765199	0.555528	0.581952	0.754190	0.839964	0.212040	0.864365	0.764972	0.904971	0.972352	0.137039	0.314398	0.121802	0.433598	0.866081	-0.093287
1	18	clst	0.431922	0.000000	0.888889	0.944444	1.000000	1.000000	1.000000	1.000000	1.000000	1.000000	1.000000	1.000000	1.000000	0.073572	0.200117	0.072656	0.481933	0.725000	0.166667
		seed	0.618712	-0.124094	0.916194	0.581295	0.151671	0.328231	0.660318	0.984649	0.848040	0.561376	0.997491	0.822584	0.873843	0.129363	0.367098	0.137784	0.374544	0.662221	0.740762
2	8	clst	0.676050	0.375000	0.500000	1.000000	0.250000	0.625000	0.875000	1.000000	0.375000	0.000000	0.000000	0.750000	0.500000	0.150950	0.362462	0.092662	0.383713	0.608750	1.000000
		seed	0.484628	-0.112089	0.458053	0.752466	-0.010411	0.489321	0.555305	0.532674	1.019425	1.120974	0.820972	1.103701	0.916201	0.019901	0.310825	0.088765	0.391624	0.694717	0.246700
3	19	clst	0.401037	0.157895	0.684211	0.789474	0.000000	0.473684	0.631579	0.947368	0.894737	1.000000	0.736842	0.894737	0.947368	0.097037	0.206995	0.066074	0.439416	0.626316	0.157895
[class #1] <for of setCPON>
[class #1] <getLBGClusterSize>
centroid size : 5
ctrd no.	datasize	worktype	data[0]	data[1]	data[2]	data[3]	data[4]	data[5]	data[6]	data[7]	data[8]	data[9]	data[10]	data[11]	data[12]	data[13]	data[14]	data[15]	data[16]	data[17]	data[18]
		seed	0.309819	0.356211	0.499810	0.979228	0.751146	1.136494	1.007940	0.880080	0.953687	1.207275	0.502865	1.116285	0.869910	0.103140	0.080273	0.014713	0.407378	0.710287	0.205560
0	24	clst	0.419012	0.000000	0.958333	1.000000	0.708333	1.000000	1.000000	1.000000	1.000000	1.000000	1.000000	1.000000	1.000000	0.076821	0.161079	0.066517	0.479671	0.716667	0.125000
		seed	0.321654	0.038911	0.462139	1.153763	0.767823	0.984896	1.006163	0.589859	0.703469	1.082473	0.452888	0.950689	0.775977	0.036003	0.241801	0.032255	0.424867	0.458069	0.301968
1	12	clst	0.444842	0.083333	0.000000	0.666667	0.500000	0.916667	1.000000	0.666667	0.250000	0.916667	1.000000	1.000000	1.000000	0.101725	0.309483	0.143925	0.393417	0.680833	0.250000
		seed	0.335250	0.052975	0.891468	1.019523	0.245500	0.671685	1.089690	0.637156	0.935433	0.765842	0.692691	1.166421	1.176341	0.119923	0.239546	0.057301	0.345851	0.678296	0.636610
2	7	clst	0.684100	0.428571	0.571429	1.000000	0.285714	0.714286	1.000000	1.000000	0.428571	0.000000	0.000000	0.714286	0.571429	0.092743	0.313871	0.048443	0.378729	0.622857	1.000000
		seed	0.510432	0.382182	0.884011	0.498867	0.645392	0.358584	0.572165	0.781579	0.689360	0.787101	1.170128	0.812697	0.880343	0.091501	0.082425	0.155500	0.541940	0.815757	0.229597
3	10	clst	0.581690	0.200000	0.900000	0.100000	0.000000	0.400000	0.800000	0.800000	0.500000	1.000000	0.900000	1.000000	1.000000	0.076600	0.227510	0.054740	0.472090	0.635000	0.100000
		seed	0.623770	0.052995	0.327620	0.637895	0.865950	0.758742	0.636144	0.620437	0.948109	0.706366	0.717137	0.980974	1.060005	0.141689	0.102508	0.055080	0.501819	0.580226	0.491810
4	8	clst	0.364438	0.125000	0.250000	0.875000	0.000000	0.000000	0.000000	0.625000	0.375000	0.875000	0.375000	0.750000	0.750000	0.181812	0.358725	0.134263	0.377900	0.528750	0.750000
[class #1] <for of setCPON>
