total mean
0.509339	0.073770	0.611339	0.835383	0.371585	0.627049	0.926230	0.926230	0.511612	0.751366	0.593579	0.750683	0.667350	0.121622	0.324677	0.070750	0.352162	0.576933	0.672131
mean of class
0.548117	0.000000	0.583333	0.916667	0.333333	0.500000	1.000000	1.000000	0.416667	0.666667	0.416667	0.583333	0.416667	0.149367	0.403333	0.054408	0.265508	0.485833	1.000000
0.470561	0.147541	0.639344	0.754098	0.409836	0.754098	0.852459	0.852459	0.606557	0.836066	0.770492	0.918033	0.918033	0.093877	0.246020	0.087092	0.438816	0.668033	0.344262
SW
1.769716	-0.023646	0.797218	-0.858373	-0.858083	-0.638790	0.756146	-0.215654	-1.207728	-1.566527	-1.068234	-0.061513	-0.655480	0.057584	0.096084	-0.160825	-0.073205	-0.431153	1.146326
-0.023646	7.672131	-0.754098	-0.786885	-2.688525	0.213115	-0.672131	0.327869	0.540984	-1.524590	-2.934426	0.737705	-2.262295	0.051007	-0.109877	-0.575426	0.097052	-0.592295	0.901639
0.797218	-0.754098	16.982240	0.173497	2.683060	3.090164	2.754098	1.754098	2.427596	1.726776	1.034153	-1.886612	-0.719945	-0.252672	-1.076401	-0.693539	0.097802	0.935888	-2.426230
-0.858373	-0.786885	0.173497	12.228142	2.480874	2.811475	0.786885	2.786885	1.515027	-2.792350	-2.025956	-1.646175	-1.812842	0.271922	1.049028	0.515185	-0.919746	0.456325	2.163934
-0.858083	-2.688525	2.683060	2.480874	17.420765	8.147541	3.688525	0.688525	4.169399	2.431694	4.071038	3.715847	2.382514	-0.567993	0.057475	-0.401128	1.409857	2.905847	-2.606557
-0.638790	0.213115	3.090164	2.811475	8.147541	14.311475	6.786885	2.786885	2.598361	0.540984	5.057377	3.270492	-0.729508	0.148656	-0.461805	-0.160473	0.640596	0.935492	-2.836066
0.756146	-0.672131	2.754098	0.786885	3.688525	6.786885	7.672131	1.672131	1.459016	-0.475410	2.934426	1.262295	0.262295	-0.297807	-0.525523	-0.369074	0.065648	0.562295	-2.901639
-0.215654	0.327869	1.754098	2.786885	0.688525	2.786885	1.672131	7.672131	5.459016	0.524590	-0.065574	0.262295	0.262295	0.091593	-0.064523	0.238026	-0.422752	-0.657705	-0.901639
-1.207728	0.540984	2.427596	1.515027	4.169399	2.598361	1.459016	5.459016	17.474044	2.732240	0.408470	3.116120	0.949454	-0.441684	-2.762795	-0.771838	1.762252	0.273620	-3.737705
-1.566527	-1.524590	1.726776	-2.792350	2.431694	0.540984	-0.475410	0.524590	2.732240	11.027322	6.371585	2.513661	3.846995	-0.788363	-1.313170	-0.332449	0.798997	1.433661	-5.557377
-1.068234	-2.934426	1.034153	-2.025956	4.071038	5.057377	2.934426	-0.065574	0.408470	6.371585	13.703552	2.935792	3.769126	-0.341355	-1.334391	-0.234056	0.653288	1.793292	-7.180328
-0.061513	0.737705	-1.886612	-1.646175	3.715847	3.270492	1.262295	0.262295	3.116120	2.513661	2.935792	7.506831	2.673497	-0.108481	-1.693635	-0.259199	1.847324	1.539331	-3.278689
-0.655480	-2.262295	-0.719945	-1.812842	2.382514	-0.729508	0.262295	0.262295	0.949454	3.846995	3.769126	2.673497	7.506831	-1.095348	-0.493068	-0.153683	0.331640	1.180997	-3.278689
0.057584	0.051007	-0.252672	0.271922	-0.567993	0.148656	-0.297807	0.091593	-0.441684	-0.788363	-0.341355	-0.108481	-1.095348	0.499510	0.192205	0.229558	-0.155701	-0.314416	0.677682
0.096084	-0.109877	-1.076401	1.049028	0.057475	-0.461805	-0.525523	-0.064523	-2.762795	-1.313170	-1.334391	-1.693635	-0.493068	0.192205	2.249765	0.414847	-0.771674	-0.138099	2.052987
-0.160825	-0.575426	-0.693539	0.515185	-0.401128	-0.160473	-0.369074	0.238026	-0.771838	-0.332449	-0.234056	-0.259199	-0.153683	0.229558	0.414847	0.571139	-0.134408	-0.181076	0.566972
-0.073205	0.097052	0.097802	-0.919746	1.409857	0.640596	0.065648	-0.422752	1.762252	0.798997	0.653288	1.847324	0.331640	-0.155701	-0.771674	-0.134408	1.097878	0.692025	-1.075844
-0.431153	-0.592295	0.935888	0.456325	2.905847	0.935492	0.562295	-0.657705	0.273620	1.433661	1.793292	1.539331	1.180997	-0.314416	-0.138099	-0.181076	0.692025	3.441256	-1.478689
1.146326	0.901639	-2.426230	2.163934	-2.606557	-2.836066	-2.901639	-0.901639	-3.737705	-5.557377	-7.180328	-3.278689	-3.278689	0.677682	2.052987	0.566972	-1.075844	-1.478689	13.770492
SB
0.006015	0.160461	0.008322	0.042428	0.019122	0.042428	0.092624	0.092624	0.003415	0.082915	0.049451	0.136838	0.136838	0.206334	0.091263	0.212544	0.011947	0.014380	0.041557
0.160461	0.021768	0.408761	0.568664	0.167966	0.568664	0.726686	0.726686	0.367912	0.699006	0.593658	0.842784	0.842784	0.008813	0.060526	0.007585	0.192560	0.446268	0.118517
0.008322	0.408761	0.003137	0.029161	0.030101	0.029161	0.072429	0.072429	0.000539	0.063874	0.035028	0.112024	0.112024	0.239567	0.113781	0.246256	0.020885	0.007174	0.057155
0.042428	0.568664	0.029161	0.026428	0.256877	0.026428	0.004123	0.004123	0.096168	0.006497	0.021367	0.000002	0.000002	0.676983	0.449767	0.688194	0.228341	0.061819	0.327647
0.019122	0.167966	0.030101	0.256877	0.005853	0.177043	0.269491	0.269491	0.074651	0.252740	0.191108	0.341873	0.341873	0.057339	0.007624	0.060635	0.011127	0.112024	0.000119
0.042428	0.568664	0.029161	0.026428	0.177043	0.064566	0.124227	0.124227	0.011354	0.112940	0.073166	0.174751	0.174751	0.164936	0.064506	0.170493	0.003743	0.028235	0.024254
0.092624	0.726686	0.072429	0.004123	0.269491	0.124227	0.021768	0.021768	0.154797	0.026874	0.052674	0.006719	0.006719	0.821059	0.568486	0.833401	0.314927	0.110202	0.429992
0.092624	0.726686	0.072429	0.004123	0.269491	0.124227	0.021768	0.021768	0.154797	0.026874	0.052674	0.006719	0.006719	0.821059	0.568486	0.833401	0.314927	0.110202	0.429992
0.003415	0.367912	0.000539	0.096168	0.074651	0.011354	0.154797	0.154797	0.036058	0.175895	0.125192	0.251368	0.251368	0.104193	0.029120	0.108620	0.000491	0.063185	0.005242
0.082915	0.699006	0.063874	0.006497	0.252740	0.112940	0.026874	0.026874	0.175895	0.028696	0.010780	0.063185	0.063185	0.328088	0.176944	0.335907	0.051916	0.000002	0.103945
0.049451	0.593658	0.035028	0.021367	0.191108	0.073166	0.052674	0.052674	0.125192	0.010780	0.125192	0.251368	0.251368	0.104193	0.029120	0.108620	0.000491	0.063185	0.005242
0.136838	0.842784	0.112024	0.000002	0.341873	0.174751	0.006719	0.006719	0.251368	0.063185	0.251368	0.112024	0.112024	0.239567	0.113781	0.246256	0.020885	0.007174	0.057155
0.136838	0.842784	0.112024	0.000002	0.341873	0.174751	0.006719	0.006719	0.251368	0.063185	0.251368	0.112024	0.251368	0.104193	0.029120	0.108620	0.000491	0.063185	0.005242
0.206334	0.008813	0.239567	0.676983	0.057339	0.164936	0.821059	0.821059	0.104193	0.328088	0.104193	0.239567	0.104193	0.003079	0.009342	0.003878	0.083781	0.269015	0.037984
0.091263	0.060526	0.113781	0.449767	0.007624	0.064506	0.568486	0.568486	0.029120	0.176944	0.029120	0.113781	0.029120	0.009342	0.024748	0.100009	0.001259	0.070066	0.003489
0.212544	0.007585	0.246256	0.688194	0.060635	0.170493	0.833401	0.833401	0.108620	0.335907	0.108620	0.246256	0.108620	0.003878	0.100009	0.001068	0.147770	0.376535	0.084015
0.011947	0.192560	0.020885	0.228341	0.011127	0.003743	0.314927	0.314927	0.000491	0.051916	0.000491	0.020885	0.000491	0.083781	0.001259	0.147770	0.030036	0.162026	0.006202
0.014380	0.446268	0.007174	0.061819	0.112024	0.028235	0.110202	0.110202	0.063185	0.000002	0.063185	0.007174	0.063185	0.269015	0.070066	0.376535	0.162026	0.033197	0.020042
0.041557	0.118517	0.057155	0.327647	0.000119	0.024254	0.429992	0.429992	0.005242	0.103945	0.005242	0.057155	0.005242	0.037984	0.003489	0.084015	0.006202	0.020042	0.429992

wegight[fold=0]
0.073119	-0.019341	-0.004264	0.011955	0.004991	-0.020546	0.025976	0.019648	-0.014162	0.000127	-0.015050	-0.016876	-0.042393	-0.040046	0.087059	-0.140997	-0.151639	0.003488	0.049255
J(w) : 0.014242
