[class #0] <getLBGClusterSize>
centroid size : 1
ctrd no.	datasize	worktype	data[0]	data[1]	data[2]	data[3]	data[4]	data[5]	data[6]	data[7]	data[8]	data[9]	data[10]	data[11]	data[12]	data[13]	data[14]	data[15]	data[16]	data[17]	data[18]
		seed	0.472382	0.000000	0.179667	1.073687	0.417045	0.395939	1.000000	1.000000	0.749146	0.973062	0.081045	1.020130	0.719862	0.146696	0.331389	0.018261	0.153588	0.430474	0.713043
0	12	clst	0.535208	0.000000	0.500000	0.833333	0.333333	0.416667	1.000000	1.000000	0.416667	0.750000	0.416667	0.666667	0.500000	0.143950	0.442050	0.057433	0.292633	0.492500	0.916667
[class #0] <for of setCPON>
[class #0] <getLBGClusterSize>
centroid size : 2
ctrd no.	datasize	worktype	data[0]	data[1]	data[2]	data[3]	data[4]	data[5]	data[6]	data[7]	data[8]	data[9]	data[10]	data[11]	data[12]	data[13]	data[14]	data[15]	data[16]	data[17]	data[18]
		seed	0.472397	0.000000	0.749091	0.866869	0.727037	0.519332	1.000000	1.000000	0.238193	0.803347	0.076393	1.021452	0.381056	0.046279	0.713763	0.060996	0.432105	0.687780	0.745305
0	8	clst	0.515837	0.000000	0.250000	0.750000	0.500000	0.500000	1.000000	1.000000	0.625000	0.750000	0.375000	1.000000	0.750000	0.129887	0.445150	0.066637	0.401150	0.563750	0.875000
		seed	0.583561	0.000000	0.936743	0.893526	0.056354	0.369884	1.000000	1.000000	-0.022076	1.117906	0.137838	0.428185	0.299551	0.220208	0.237105	0.065359	0.315528	0.650857	0.755066
1	4	clst	0.573950	0.000000	1.000000	1.000000	0.000000	0.250000	1.000000	1.000000	0.000000	0.750000	0.500000	0.000000	0.000000	0.172075	0.435850	0.039025	0.075600	0.350000	1.000000
[class #0] <for of setCPON>
[class #0] <getLBGClusterSize>
centroid size : 3
ctrd no.	datasize	worktype	data[0]	data[1]	data[2]	data[3]	data[4]	data[5]	data[6]	data[7]	data[8]	data[9]	data[10]	data[11]	data[12]	data[13]	data[14]	data[15]	data[16]	data[17]	data[18]
		seed	0.472409	0.000000	0.274018	0.660074	0.052267	0.642756	1.000000	1.000000	0.757160	0.633631	0.071741	1.022774	0.042251	0.148707	0.531553	0.022964	0.370311	0.487494	0.777567
0	5	clst	0.560560	0.000000	0.400000	0.800000	0.400000	0.400000	1.000000	1.000000	1.000000	0.600000	0.000000	1.000000	0.600000	0.150680	0.200720	0.058040	0.404660	0.462000	1.000000
		seed	0.548027	0.000000	0.385710	0.471739	0.267173	0.828852	1.000000	1.000000	0.495728	0.489201	0.778533	0.518372	0.973304	0.103597	0.680250	0.028293	0.301767	0.679569	0.996123
1	3	clst	0.441300	0.000000	0.000000	0.666667	0.666667	0.666667	1.000000	1.000000	0.000000	1.000000	1.000000	1.000000	1.000000	0.095233	0.852533	0.080967	0.395300	0.733333	0.666667
		seed	0.572920	0.000000	0.839841	1.035864	-0.016163	0.607618	1.000000	1.000000	0.561762	1.027803	0.029500	0.752512	0.889918	0.191874	0.295739	0.031160	0.240202	0.477076	0.654650
2	4	clst	0.573950	0.000000	1.000000	1.000000	0.000000	0.250000	1.000000	1.000000	0.000000	0.750000	0.500000	0.000000	0.000000	0.172075	0.435850	0.039025	0.075600	0.350000	1.000000
[class #0] <for of setCPON>
[class #0] <getLBGClusterSize>
centroid size : 4
ctrd no.	datasize	worktype	data[0]	data[1]	data[2]	data[3]	data[4]	data[5]	data[6]	data[7]	data[8]	data[9]	data[10]	data[11]	data[12]	data[13]	data[14]	data[15]	data[16]	data[17]	data[18]
		seed	0.472420	0.000000	0.843475	0.453255	0.362229	0.766181	1.000000	1.000000	0.246208	0.463915	0.067090	1.024097	0.747944	0.048285	0.349325	0.065699	0.308518	0.287193	0.809811
0	0	clst	0.000000	0.000000	0.000000	0.000000	0.000000	0.000000	0.000000	0.000000	0.000000	0.000000	0.000000	0.000000	0.000000	0.000000	0.000000	0.000000	0.000000	0.000000	0.000000
		seed	0.512490	0.000000	0.879176	0.828475	0.477991	0.257931	1.000000	1.000000	-0.016325	0.765059	0.389339	0.608560	0.602560	0.189837	0.558794	0.071994	0.288017	0.708267	0.659813
1	8	clst	0.536975	0.000000	0.750000	1.000000	0.500000	0.625000	1.000000	1.000000	0.250000	0.875000	0.500000	0.500000	0.250000	0.144487	0.473500	0.036862	0.258725	0.565000	1.000000
		seed	0.590523	0.000000	0.813384	0.659646	0.077000	-0.031065	1.000000	1.000000	0.653851	0.381846	0.679309	0.446036	0.416566	0.180979	0.646961	0.078610	0.195015	0.493973	1.168481
2	0	clst	0.000000	0.000000	0.000000	0.000000	0.000000	0.000000	0.000000	0.000000	0.000000	0.000000	0.000000	0.000000	0.000000	0.000000	0.000000	0.000000	0.000000	0.000000	0.000000
		seed	0.539262	0.000000	0.323776	0.816785	-0.083931	0.152421	1.000000	1.000000	0.834446	1.089611	0.459175	1.000596	0.496542	0.054642	0.552815	0.058319	0.221914	0.528132	0.867164
3	4	clst	0.531675	0.000000	0.000000	0.500000	0.000000	0.000000	1.000000	1.000000	0.750000	0.500000	0.250000	1.000000	1.000000	0.142875	0.379150	0.098575	0.360450	0.347500	0.750000
[class #0] <for of setCPON>
[class #0] <getLBGClusterSize>
centroid size : 5
ctrd no.	datasize	worktype	data[0]	data[1]	data[2]	data[3]	data[4]	data[5]	data[6]	data[7]	data[8]	data[9]	data[10]	data[11]	data[12]	data[13]	data[14]	data[15]	data[16]	data[17]	data[18]
		seed	0.472432	0.000000	0.368402	1.024959	0.672221	0.889574	1.000000	1.000000	0.765175	1.198761	0.062470	1.025419	0.409139	0.150713	0.167098	0.027667	0.246725	0.544499	0.842073
0	0	clst	0.000000	0.000000	0.000000	0.000000	0.000000	0.000000	0.000000	0.000000	0.000000	0.000000	0.000000	0.000000	0.000000	0.000000	0.000000	0.000000	0.000000	0.000000	0.000000
		seed	0.476957	0.000000	0.328143	1.185187	0.688780	0.716899	1.000000	1.000000	0.501511	1.040916	0.000144	0.698748	0.231783	0.073226	0.437338	0.034928	0.274267	0.279373	0.900870
1	0	clst	0.000000	0.000000	0.000000	0.000000	0.000000	0.000000	0.000000	0.000000	0.000000	0.000000	0.000000	0.000000	0.000000	0.000000	0.000000	0.000000	0.000000	0.000000	0.000000
		seed	0.482154	0.000000	0.786960	1.061951	0.170163	0.360140	1.000000	1.000000	0.745940	0.640449	0.299198	1.124322	0.987712	0.170083	0.433564	0.045295	0.149828	0.510871	1.104961
2	0	clst	0.000000	0.000000	0.000000	0.000000	0.000000	0.000000	0.000000	0.000000	0.000000	0.000000	0.000000	0.000000	0.000000	0.000000	0.000000	0.000000	0.000000	0.000000	0.000000
		seed	0.549127	0.000000	0.778991	0.583975	0.567217	0.003507	1.000000	1.000000	0.486645	0.667337	0.894603	0.426532	0.428838	0.137280	0.170699	0.085943	0.458639	0.655367	0.856733
3	5	clst	0.549300	0.000000	0.800000	0.800000	0.000000	0.200000	1.000000	1.000000	0.000000	0.800000	0.600000	0.200000	0.200000	0.189600	0.537520	0.057720	0.139540	0.360000	0.800000
		seed	0.592457	0.000000	0.184384	0.711606	0.786210	0.459301	1.000000	1.000000	0.759298	0.565226	0.329685	0.758492	0.768057	0.195205	0.204298	0.044376	0.395454	0.407781	1.016651
4	7	clst	0.525143	0.000000	0.285714	0.857143	0.571429	0.571429	1.000000	1.000000	0.714286	0.714286	0.285714	1.000000	0.714286	0.111343	0.373857	0.057229	0.401986	0.587143	1.000000
[class #0] <for of setCPON>
