[class #0] <getLBGClusterSize>
centroid size : 1
ctrd no.	datasize	worktype	data[0]	data[1]	data[2]	data[3]	data[4]	data[5]	data[6]	data[7]	data[8]	data[9]	data[10]	data[11]	data[12]	data[13]	data[14]	data[15]	data[16]	data[17]	data[18]
		seed	0.473074	0.000000	0.179667	1.073687	0.326894	0.395939	1.000000	1.000000	0.651244	0.909506	0.159617	0.952994	0.719862	0.155651	0.356961	0.026120	0.119421	0.402570	0.713043
0	12	clst	0.538725	0.000000	0.500000	0.833333	0.250000	0.416667	1.000000	1.000000	0.333333	0.666667	0.500000	0.583333	0.500000	0.152608	0.464050	0.064267	0.257750	0.464167	0.916667
[class #0] <for of setCPON>
[class #0] <getLBGClusterSize>
centroid size : 2
ctrd no.	datasize	worktype	data[0]	data[1]	data[2]	data[3]	data[4]	data[5]	data[6]	data[7]	data[8]	data[9]	data[10]	data[11]	data[12]	data[13]	data[14]	data[15]	data[16]	data[17]	data[18]
		seed	0.473090	0.000000	0.749091	0.866869	0.611640	0.519332	1.000000	1.000000	0.162680	0.724743	0.154899	0.954377	0.381056	0.044348	0.726992	0.067736	0.396503	0.658097	0.745305
0	7	clst	0.509043	0.000000	0.142857	0.714286	0.428571	0.428571	1.000000	1.000000	0.571429	0.714286	0.428571	1.000000	0.857143	0.116900	0.477943	0.074129	0.388686	0.550000	0.857143
		seed	0.589251	0.000000	0.936743	0.893526	-0.004422	0.369884	1.000000	1.000000	-0.086185	1.067192	0.217216	0.333923	0.299551	0.237134	0.265720	0.071985	0.280527	0.621429	0.755066
1	5	clst	0.580280	0.000000	1.000000	1.000000	0.000000	0.400000	1.000000	1.000000	0.000000	0.600000	0.600000	0.000000	0.000000	0.202600	0.444600	0.050460	0.074440	0.344000	1.000000
[class #0] <for of setCPON>
[class #0] <getLBGClusterSize>
centroid size : 3
ctrd no.	datasize	worktype	data[0]	data[1]	data[2]	data[3]	data[4]	data[5]	data[6]	data[7]	data[8]	data[9]	data[10]	data[11]	data[12]	data[13]	data[14]	data[15]	data[16]	data[17]	data[18]
		seed	0.473102	0.000000	0.274018	0.660074	-0.008176	0.642756	1.000000	1.000000	0.658908	0.539980	0.150182	0.955760	0.042251	0.157882	0.550663	0.030699	0.335028	0.459195	0.777567
0	4	clst	0.559850	0.000000	0.250000	0.750000	0.250000	0.250000	1.000000	1.000000	1.000000	0.500000	0.000000	1.000000	0.750000	0.133150	0.197000	0.069000	0.383725	0.412500	1.000000
		seed	0.552120	0.000000	0.385710	0.471739	0.189228	0.828852	1.000000	1.000000	0.408931	0.382745	0.866999	0.428243	0.973304	0.107880	0.694561	0.035889	0.266837	0.649942	0.996123
1	5	clst	0.507020	0.000000	0.400000	0.800000	0.400000	0.800000	1.000000	1.000000	0.000000	0.600000	1.000000	0.600000	0.600000	0.187020	0.703360	0.087060	0.265100	0.568000	0.800000
		seed	0.578132	0.000000	0.839841	1.035864	-0.071033	0.607618	1.000000	1.000000	0.472071	0.969101	0.107341	0.673112	0.889918	0.205728	0.322462	0.038680	0.205589	0.448849	0.654650
2	3	clst	0.563400	0.000000	1.000000	1.000000	0.000000	0.000000	1.000000	1.000000	0.000000	1.000000	0.333333	0.000000	0.000000	0.121200	0.421267	0.019967	0.077533	0.360000	1.000000
[class #0] <for of setCPON>
[class #0] <getLBGClusterSize>
centroid size : 4
ctrd no.	datasize	worktype	data[0]	data[1]	data[2]	data[3]	data[4]	data[5]	data[6]	data[7]	data[8]	data[9]	data[10]	data[11]	data[12]	data[13]	data[14]	data[15]	data[16]	data[17]	data[18]
		seed	0.473114	0.000000	0.843475	0.453255	0.276542	0.766181	1.000000	1.000000	0.170343	0.355217	0.145464	0.957143	0.747944	0.046571	0.374318	0.072316	0.273553	0.260279	0.809811
0	1	clst	0.563400	0.000000	1.000000	1.000000	1.000000	1.000000	1.000000	1.000000	1.000000	1.000000	0.000000	1.000000	0.000000	0.220800	0.215600	0.014200	0.488400	0.660000	1.000000
		seed	0.514985	0.000000	0.879176	0.828475	0.382877	0.257931	1.000000	1.000000	-0.080686	0.683060	0.472284	0.522564	0.602560	0.203471	0.577025	0.078447	0.253157	0.678442	0.659813
1	4	clst	0.500000	0.000000	0.500000	1.000000	0.500000	0.500000	1.000000	1.000000	0.000000	1.000000	0.500000	0.500000	0.500000	0.051950	0.663550	0.040200	0.255800	0.605000	1.000000
		seed	0.596526	0.000000	0.813384	0.659646	0.014543	-0.031065	1.000000	1.000000	0.560125	0.265871	0.766368	0.352592	0.416566	0.193652	0.662346	0.084889	0.160635	0.465630	1.168481
2	3	clst	0.591533	0.000000	1.000000	1.000000	0.000000	0.666667	1.000000	1.000000	0.000000	0.333333	1.000000	0.000000	0.000000	0.277067	0.394067	0.067300	0.046533	0.366667	1.000000
		seed	0.542961	0.000000	0.323776	0.816785	-0.133282	0.152421	1.000000	1.000000	0.732807	1.036388	0.543112	0.932565	0.496542	0.053618	0.571239	0.065130	0.187395	0.499552	0.867164
3	4	clst	0.531675	0.000000	0.000000	0.500000	0.000000	0.000000	1.000000	1.000000	0.750000	0.500000	0.250000	1.000000	1.000000	0.142875	0.379150	0.098575	0.360450	0.347500	0.750000
[class #0] <for of setCPON>
[class #0] <getLBGClusterSize>
centroid size : 5
ctrd no.	datasize	worktype	data[0]	data[1]	data[2]	data[3]	data[4]	data[5]	data[6]	data[7]	data[8]	data[9]	data[10]	data[11]	data[12]	data[13]	data[14]	data[15]	data[16]	data[17]	data[18]
		seed	0.473126	0.000000	0.368402	1.024959	0.561288	0.889574	1.000000	1.000000	0.666571	1.155216	0.140779	0.958525	0.409139	0.160105	0.197973	0.035279	0.212078	0.515806	0.842073
0	1	clst	0.563400	0.000000	1.000000	1.000000	1.000000	1.000000	1.000000	1.000000	1.000000	1.000000	0.000000	1.000000	0.000000	0.220800	0.215600	0.014200	0.488400	0.660000	1.000000
		seed	0.477855	0.000000	0.328143	1.185187	0.576498	0.716899	1.000000	1.000000	0.414460	0.983375	0.077569	0.616885	0.231783	0.074217	0.459490	0.042351	0.239478	0.252512	0.900870
1	0	clst	0.000000	0.000000	0.000000	0.000000	0.000000	0.000000	0.000000	0.000000	0.000000	0.000000	0.000000	0.000000	0.000000	0.000000	0.000000	0.000000	0.000000	0.000000	0.000000
		seed	0.483286	0.000000	0.786960	1.061951	0.100118	0.360140	1.000000	1.000000	0.648179	0.547403	0.380865	1.061961	0.987712	0.181575	0.455838	0.052446	0.115681	0.482411	1.104961
2	0	clst	0.000000	0.000000	0.000000	0.000000	0.000000	0.000000	0.000000	0.000000	0.000000	0.000000	0.000000	0.000000	0.000000	0.000000	0.000000	0.000000	0.000000	0.000000	0.000000
		seed	0.553269	0.000000	0.778991	0.583975	0.464836	0.003507	1.000000	1.000000	0.400245	0.576674	0.984715	0.332194	0.428838	0.145215	0.201458	0.092030	0.422901	0.625908	0.856733
3	5	clst	0.580280	0.000000	1.000000	1.000000	0.000000	0.400000	1.000000	1.000000	0.000000	0.600000	0.600000	0.000000	0.000000	0.202600	0.444600	0.050460	0.074440	0.344000	1.000000
		seed	0.598547	0.000000	0.184384	0.711606	0.665994	0.459301	1.000000	1.000000	0.660951	0.465510	0.411784	0.679367	0.768057	0.209420	0.233973	0.051551	0.360041	0.380033	1.016651
4	6	clst	0.499983	0.000000	0.000000	0.666667	0.333333	0.333333	1.000000	1.000000	0.500000	0.666667	0.500000	1.000000	1.000000	0.099583	0.521667	0.084117	0.372067	0.531667	0.833333
[class #0] <for of setCPON>
