[class #1] <getLBGClusterSize>
centroid size : 1
ctrd no.	datasize	worktype	data[0]	data[1]	data[2]	data[3]	data[4]	data[5]	data[6]	data[7]	data[8]	data[9]	data[10]	data[11]	data[12]	data[13]	data[14]	data[15]	data[16]	data[17]	data[18]
		seed	0.310707	0.155623	0.422841	1.011578	0.527772	0.736620	0.745391	1.131682	0.938475	1.043749	0.567008	1.113603	1.039504	0.095327	0.178641	-0.005507	0.356473	0.611081	-0.040193
0	61	clst	0.473100	0.114754	0.704918	0.737705	0.442623	0.754098	0.852459	0.836066	0.622951	0.885246	0.819672	0.934426	0.934426	0.093026	0.246507	0.086754	0.444538	0.668197	0.278689
[class #1] <for of setCPON>
[class #1] <getLBGClusterSize>
centroid size : 2
ctrd no.	datasize	worktype	data[0]	data[1]	data[2]	data[3]	data[4]	data[5]	data[6]	data[7]	data[8]	data[9]	data[10]	data[11]	data[12]	data[13]	data[14]	data[15]	data[16]	data[17]	data[18]
		seed	0.310747	0.366470	0.924261	0.775917	0.843086	0.840667	0.813314	1.064992	0.453579	0.923153	0.563506	1.114274	0.877580	0.011169	0.413141	0.095146	0.532872	0.848019	0.010330
0	33	clst	0.426373	0.090909	0.878788	0.878788	0.666667	0.969697	1.000000	1.000000	0.969697	1.000000	1.000000	1.000000	1.000000	0.073182	0.178318	0.063291	0.474297	0.709091	0.121212
		seed	0.598081	0.009919	1.089502	0.806292	0.160888	0.714650	1.006475	0.598618	0.206582	1.146671	0.609763	0.813535	0.838626	0.156938	0.120819	0.105421	0.459038	0.814018	0.025617
1	28	clst	0.528171	0.142857	0.500000	0.571429	0.178571	0.500000	0.678571	0.642857	0.214286	0.750000	0.607143	0.857143	0.857143	0.116414	0.326871	0.114407	0.409464	0.620000	0.464286
[class #1] <for of setCPON>
[class #1] <getLBGClusterSize>
centroid size : 3
ctrd no.	datasize	worktype	data[0]	data[1]	data[2]	data[3]	data[4]	data[5]	data[6]	data[7]	data[8]	data[9]	data[10]	data[11]	data[12]	data[13]	data[14]	data[15]	data[16]	data[17]	data[18]
		seed	0.310777	-0.065463	0.505925	0.540283	0.156731	0.944740	0.881237	0.998279	0.946081	0.802557	0.560004	1.114944	0.715655	0.097013	0.301396	0.005570	0.493735	0.663587	0.060853
0	15	clst	0.500467	0.266667	0.600000	0.800000	0.066667	0.266667	0.400000	0.733333	0.333333	0.600000	0.266667	0.733333	0.733333	0.132460	0.376207	0.107147	0.398440	0.608000	0.666667
		seed	0.506234	0.233830	0.604277	0.325684	0.375326	1.101658	0.532652	1.084131	0.697980	0.699929	1.092094	0.859253	1.160632	0.059207	0.392588	0.018121	0.450323	0.840458	0.403120
1	17	clst	0.506224	0.176471	0.411765	0.294118	0.352941	0.823529	1.000000	0.647059	0.235294	0.941176	1.000000	1.000000	1.000000	0.088612	0.250606	0.100212	0.429553	0.607647	0.176471
		seed	0.570575	0.341597	1.004173	0.968479	0.087127	0.915111	0.988010	0.590188	0.760647	1.082646	0.528203	0.977943	1.120779	0.133191	0.156778	0.024872	0.411330	0.653993	-0.131638
2	29	clst	0.439528	0.000000	0.931034	0.965517	0.689655	0.965517	1.000000	1.000000	1.000000	1.000000	1.000000	1.000000	1.000000	0.075217	0.177017	0.068317	0.477166	0.734828	0.137931
[class #1] <for of setCPON>
[class #1] <getLBGClusterSize>
centroid size : 4
ctrd no.	datasize	worktype	data[0]	data[1]	data[2]	data[3]	data[4]	data[5]	data[6]	data[7]	data[8]	data[9]	data[10]	data[11]	data[12]	data[13]	data[14]	data[15]	data[16]	data[17]	data[18]
		seed	0.310806	0.145384	1.007373	0.304622	0.472015	1.048813	0.949181	0.931589	0.461184	0.681961	0.556502	1.115614	1.052926	0.012850	0.189641	0.106222	0.454598	0.479141	0.111349
0	13	clst	0.513554	0.153846	0.307692	0.461538	0.461538	1.000000	1.000000	0.692308	0.076923	0.923077	0.923077	1.000000	1.000000	0.093908	0.311992	0.123392	0.373885	0.570000	0.230769
		seed	0.414378	-0.185000	1.038810	0.732169	0.589764	0.620250	0.774027	0.823021	0.212040	0.895946	0.799099	0.904971	0.983442	0.131484	0.318102	0.121049	0.441614	0.866884	-0.123553
1	20	clst	0.427460	0.000000	0.950000	0.950000	1.000000	1.000000	1.000000	1.000000	1.000000	1.000000	1.000000	1.000000	1.000000	0.074660	0.211700	0.078795	0.484905	0.764500	0.200000
		seed	0.616076	-0.124094	0.980876	0.539796	0.181889	0.376565	0.684104	0.974059	0.848040	0.623644	1.017396	0.822584	0.894551	0.124060	0.372173	0.136631	0.382711	0.669553	0.673038
2	8	clst	0.540487	0.250000	0.625000	1.000000	0.125000	0.375000	0.625000	0.750000	0.250000	0.250000	0.000000	0.500000	0.625000	0.134725	0.438663	0.134063	0.363350	0.623750	1.000000
		seed	0.483578	-0.112089	0.549740	0.718849	0.018195	0.531283	0.583507	0.502240	1.019425	1.126565	0.851674	1.103701	0.932773	0.018178	0.314436	0.088841	0.399747	0.701008	0.201165
3	20	clst	0.465490	0.150000	0.750000	0.600000	0.000000	0.500000	0.700000	0.800000	0.750000	1.000000	0.900000	1.000000	0.950000	0.094140	0.161885	0.051975	0.482570	0.653500	0.100000
[class #1] <for of setCPON>
[class #1] <getLBGClusterSize>
centroid size : 5
ctrd no.	datasize	worktype	data[0]	data[1]	data[2]	data[3]	data[4]	data[5]	data[6]	data[7]	data[8]	data[9]	data[10]	data[11]	data[12]	data[13]	data[14]	data[15]	data[16]	data[17]	data[18]
		seed	0.310836	0.356211	0.589036	0.956053	0.787329	1.152859	1.017104	0.864899	0.953687	1.204125	0.553024	1.116285	0.891001	0.098694	0.077886	0.016646	0.415461	0.716079	0.161872
0	22	clst	0.429573	0.045455	0.863636	0.909091	1.000000	1.000000	1.000000	1.000000	0.954545	1.000000	1.000000	1.000000	1.000000	0.071414	0.219155	0.075650	0.478877	0.731818	0.181818
		seed	0.322532	0.038911	0.553585	1.138626	0.804172	1.007258	1.015402	0.561935	0.703469	1.091964	0.506104	0.950689	0.806238	0.033753	0.243617	0.033749	0.432905	0.471940	0.253951
1	10	clst	0.539430	0.300000	0.700000	1.000000	0.100000	0.400000	0.600000	0.800000	0.300000	0.400000	0.000000	0.600000	0.600000	0.163630	0.476580	0.120030	0.334860	0.564000	0.800000
		seed	0.335967	0.052975	0.957607	0.998204	0.276651	0.706435	1.095416	0.611309	0.935433	0.807402	0.731239	1.166421	1.167517	0.114928	0.241302	0.058166	0.354092	0.685114	0.573564
2	11	clst	0.466064	0.000000	0.727273	1.000000	0.000000	0.909091	1.000000	1.000000	0.818182	1.000000	1.000000	1.000000	1.000000	0.069645	0.106100	0.080427	0.456682	0.661818	0.000000
		seed	0.509076	0.382182	0.950590	0.453572	0.680522	0.405717	0.599658	0.762073	0.689360	0.826507	1.179474	0.812697	0.900416	0.087436	0.080094	0.153901	0.549678	0.818172	0.184830
3	11	clst	0.521136	0.272727	0.818182	0.090909	0.000000	0.454545	0.727273	0.818182	0.454545	1.000000	0.909091	1.000000	1.000000	0.086164	0.194327	0.062100	0.484145	0.617273	0.090909
		seed	0.621075	0.052995	0.426995	0.599002	0.903275	0.790048	0.660946	0.593856	0.948109	0.753950	0.754190	0.980974	1.062538	0.135982	0.100699	0.056000	0.509660	0.590184	0.435267
4	7	clst	0.450714	0.000000	0.000000	0.428571	0.571429	0.714286	0.714286	0.142857	0.000000	0.857143	1.000000	1.000000	1.000000	0.107614	0.306429	0.122800	0.411971	0.707143	0.571429
[class #1] <for of setCPON>
