[class #1] <getLBGClusterSize>
centroid size : 1
ctrd no.	datasize	worktype	data[0]	data[1]	data[2]	data[3]	data[4]	data[5]	data[6]	data[7]	data[8]	data[9]	data[10]	data[11]	data[12]	data[13]	data[14]	data[15]	data[16]	data[17]	data[18]
		seed	0.308577	0.155623	0.342355	1.032308	0.494146	0.719851	0.745391	1.131682	0.910347	1.028825	0.517759	1.116594	1.034478	0.100732	0.188422	-0.001959	0.339228	0.594252	-0.006008
0	61	clst	0.476333	0.114754	0.639344	0.770492	0.409836	0.737705	0.852459	0.836066	0.590164	0.852459	0.786885	0.918033	0.918033	0.098349	0.257659	0.094769	0.434241	0.653115	0.327869
[class #1] <for of setCPON>
[class #1] <getLBGClusterSize>
centroid size : 2
ctrd no.	datasize	worktype	data[0]	data[1]	data[2]	data[3]	data[4]	data[5]	data[6]	data[7]	data[8]	data[9]	data[10]	data[11]	data[12]	data[13]	data[14]	data[15]	data[16]	data[17]	data[18]
		seed	0.308618	0.366470	0.870283	0.807022	0.806353	0.826135	0.813314	1.064992	0.418291	0.894638	0.514029	1.117337	0.855036	0.013574	0.427661	0.103567	0.529545	0.838437	0.046891
0	25	clst	0.459152	0.040000	0.720000	0.800000	1.000000	1.000000	1.000000	0.840000	0.720000	0.880000	0.920000	1.000000	1.000000	0.077392	0.242520	0.088456	0.468856	0.708800	0.240000
		seed	0.605441	0.009919	1.044260	0.836059	0.130877	0.697408	1.006475	0.598618	0.167647	1.143346	0.563301	0.784063	0.811868	0.164538	0.129431	0.114340	0.449885	0.803396	0.062897
1	36	clst	0.488264	0.166667	0.583333	0.750000	0.000000	0.555556	0.750000	0.833333	0.500000	0.833333	0.694444	0.861111	0.861111	0.112903	0.268172	0.099153	0.410203	0.614444	0.388889
[class #1] <for of setCPON>
[class #1] <getLBGClusterSize>
centroid size : 3
ctrd no.	datasize	worktype	data[0]	data[1]	data[2]	data[3]	data[4]	data[5]	data[6]	data[7]	data[8]	data[9]	data[10]	data[11]	data[12]	data[13]	data[14]	data[15]	data[16]	data[17]	data[18]
		seed	0.308649	-0.065463	0.429831	0.581761	0.126761	0.932447	0.881237	0.998279	0.918065	0.760451	0.510299	1.118080	0.675594	0.102478	0.313658	0.009654	0.487320	0.648364	0.099790
0	10	clst	0.430990	0.300000	0.200000	0.800000	0.000000	0.200000	0.400000	1.000000	0.800000	0.700000	0.400000	0.800000	0.600000	0.184390	0.353160	0.116240	0.411610	0.494000	0.500000
		seed	0.510562	0.233830	0.533383	0.376610	0.343203	1.092740	0.532652	1.084131	0.666301	0.646257	1.077055	0.834727	1.168710	0.063324	0.406693	0.022813	0.440482	0.830644	0.458152
1	23	clst	0.535213	0.130435	0.521739	0.608696	0.304348	0.695652	0.869565	0.565217	0.000000	0.739130	0.695652	0.869565	0.956522	0.089783	0.320187	0.114735	0.389278	0.666957	0.521739
		seed	0.577028	0.341597	0.954420	0.991107	0.057842	0.902180	0.988010	0.590188	0.729893	1.072106	0.476427	0.966257	1.124546	0.139945	0.166117	0.029891	0.398414	0.638477	-0.101752
2	28	clst	0.444161	0.035714	0.892857	0.892857	0.642857	0.964286	1.000000	1.000000	1.000000	1.000000	1.000000	1.000000	1.000000	0.074657	0.172189	0.070700	0.479257	0.698571	0.107143
[class #1] <for of setCPON>
[class #1] <getLBGClusterSize>
centroid size : 4
ctrd no.	datasize	worktype	data[0]	data[1]	data[2]	data[3]	data[4]	data[5]	data[6]	data[7]	data[8]	data[9]	data[10]	data[11]	data[12]	data[13]	data[14]	data[15]	data[16]	data[17]	data[18]
		seed	0.308679	0.145384	0.957789	0.356475	0.438938	1.038758	0.949181	0.931589	0.426009	0.626264	0.506570	1.118823	1.049352	0.015315	0.199644	0.115180	0.445095	0.458277	0.152661
0	14	clst	0.496993	0.142857	0.285714	0.500000	0.428571	1.000000	1.000000	0.714286	0.071429	0.928571	0.928571	1.000000	1.000000	0.106679	0.327414	0.138579	0.362129	0.576429	0.285714
		seed	0.415672	-0.185000	0.990888	0.765199	0.555528	0.600978	0.774027	0.823021	0.173186	0.864365	0.764972	0.885391	0.972352	0.138178	0.330702	0.130724	0.431087	0.857879	-0.093287
1	17	clst	0.434959	0.000000	0.941176	0.941176	1.000000	1.000000	1.000000	1.000000	1.000000	1.000000	1.000000	1.000000	1.000000	0.074853	0.215165	0.088241	0.491129	0.746471	0.176471
		seed	0.624031	-0.124094	0.929891	0.581295	0.151671	0.352052	0.684104	0.974059	0.818576	0.561376	0.997491	0.794091	0.873843	0.130489	0.385865	0.147060	0.367537	0.654513	0.740762
2	8	clst	0.626750	0.250000	0.625000	1.000000	0.250000	0.625000	0.875000	0.875000	0.250000	0.000000	0.000000	0.625000	0.500000	0.147713	0.408925	0.124600	0.395338	0.620000	1.000000
		seed	0.487157	-0.112089	0.475962	0.752466	-0.010411	0.510098	0.583507	0.502240	0.992492	1.120974	0.820972	1.105621	0.916201	0.020833	0.326961	0.096957	0.385917	0.686930	0.246700
3	22	clst	0.440459	0.136364	0.636364	0.727273	0.000000	0.409091	0.636364	0.772727	0.727273	1.000000	0.818182	0.909091	0.954545	0.093255	0.191100	0.061086	0.450318	0.641818	0.227273
[class #1] <for of setCPON>
[class #1] <getLBGClusterSize>
centroid size : 5
ctrd no.	datasize	worktype	data[0]	data[1]	data[2]	data[3]	data[4]	data[5]	data[6]	data[7]	data[8]	data[9]	data[10]	data[11]	data[12]	data[13]	data[14]	data[15]	data[16]	data[17]	data[18]
		seed	0.308710	0.356211	0.517336	0.979228	0.751146	1.145043	1.017104	0.864899	0.925783	1.207275	0.502865	1.119565	0.869910	0.104219	0.085630	0.021267	0.402871	0.702462	0.205560
0	19	clst	0.436616	0.052632	0.842105	0.894737	1.000000	1.000000	1.000000	1.000000	0.947368	1.000000	1.000000	1.000000	1.000000	0.071074	0.223432	0.083605	0.483495	0.710526	0.157895
		seed	0.320792	0.038911	0.480011	1.153763	0.767823	0.996309	1.015402	0.561935	0.671871	1.082473	0.452888	0.936055	0.775977	0.036964	0.254711	0.039197	0.421691	0.450855	0.301968
1	12	clst	0.509383	0.250000	0.583333	1.000000	0.166667	0.416667	0.583333	0.833333	0.416667	0.333333	0.000000	0.583333	0.583333	0.152583	0.427817	0.116975	0.358508	0.559167	0.916667
		seed	0.334670	0.052975	0.905392	1.019523	0.245500	0.689016	1.095416	0.611309	0.907260	0.765842	0.692691	1.175125	1.176341	0.121032	0.252350	0.064796	0.336659	0.670549	0.636610
2	15	clst	0.446007	0.066667	0.600000	1.000000	0.000000	0.866667	1.000000	1.000000	0.666667	1.000000	0.933333	1.000000	1.000000	0.101287	0.202220	0.111460	0.398460	0.664000	0.133333
		seed	0.513497	0.382182	0.898004	0.498867	0.645392	0.381831	0.599658	0.762073	0.657554	0.787101	1.170128	0.783135	0.880343	0.092560	0.087883	0.165167	0.547676	0.807677	0.229597
3	9	clst	0.564956	0.222222	0.777778	0.111111	0.000000	0.444444	0.777778	0.777778	0.333333	1.000000	1.000000	1.000000	1.000000	0.090889	0.187533	0.065911	0.483200	0.597778	0.111111
		seed	0.629194	0.052995	0.346729	0.637895	0.865950	0.774428	0.660946	0.593856	0.920123	0.706366	0.717137	0.969617	1.060005	0.142836	0.108905	0.062526	0.504501	0.572716	0.491810
4	6	clst	0.478883	0.000000	0.000000	0.333333	0.666667	0.666667	0.666667	0.000000	0.000000	0.833333	1.000000	1.000000	1.000000	0.080100	0.269517	0.087267	0.445750	0.715000	0.500000
[class #1] <for of setCPON>
