[class #0] <getLBGClusterSize>
centroid size : 1
ctrd no.	datasize	worktype	data[0]	data[1]	data[2]	data[3]	data[4]	data[5]	data[6]	data[7]	data[8]	data[9]	data[10]	data[11]	data[12]	data[13]	data[14]	data[15]	data[16]	data[17]	data[18]
		seed	0.503898	0.000000	0.359971	1.050061	0.167784	0.313206	1.000000	1.000000	0.656173	0.913271	0.100924	0.822804	0.543835	0.187593	0.316646	0.019871	0.072414	0.348038	0.653764
0	9	clst	0.555556	0.000000	0.666667	0.777778	0.111111	0.333333	1.000000	1.000000	0.333333	0.666667	0.444444	0.444444	0.333333	0.184711	0.415100	0.063611	0.219644	0.380000	0.888889
[class #0] <for of setCPON>
[class #0] <getLBGClusterSize>
centroid size : 2
ctrd no.	datasize	worktype	data[0]	data[1]	data[2]	data[3]	data[4]	data[5]	data[6]	data[7]	data[8]	data[9]	data[10]	data[11]	data[12]	data[13]	data[14]	data[15]	data[16]	data[17]	data[18]
		seed	0.503911	0.000000	0.905154	0.815768	0.377650	0.433022	1.000000	1.000000	0.160034	0.725644	0.096163	0.824220	0.219454	0.082191	0.656838	0.067589	0.367325	0.480627	0.691017
0	4	clst	0.524650	0.000000	0.250000	0.500000	0.250000	0.250000	1.000000	1.000000	0.750000	0.750000	0.250000	1.000000	0.750000	0.162350	0.378225	0.080050	0.401150	0.425000	0.750000
		seed	0.595312	0.000000	1.084816	0.845966	-0.076405	0.287907	1.000000	1.000000	-0.092690	1.073402	0.159054	0.189165	0.141418	0.264755	0.232763	0.072461	0.243887	0.461601	0.702289
1	5	clst	0.580280	0.000000	1.000000	1.000000	0.000000	0.400000	1.000000	1.000000	0.000000	0.600000	0.600000	0.000000	0.000000	0.202600	0.444600	0.050460	0.074440	0.344000	1.000000
[class #0] <for of setCPON>
[class #0] <getLBGClusterSize>
centroid size : 3
ctrd no.	datasize	worktype	data[0]	data[1]	data[2]	data[3]	data[4]	data[5]	data[6]	data[7]	data[8]	data[9]	data[10]	data[11]	data[12]	data[13]	data[14]	data[15]	data[16]	data[17]	data[18]
		seed	0.503921	0.000000	0.450306	0.581502	-0.079172	0.552868	1.000000	1.000000	0.663956	0.538016	0.091402	0.825635	-0.104928	0.189705	0.494729	0.025123	0.301895	0.377420	0.728270
0	3	clst	0.549300	0.000000	0.333333	0.666667	0.333333	0.333333	1.000000	1.000000	1.000000	0.666667	0.000000	1.000000	0.666667	0.129900	0.189567	0.062567	0.403100	0.433333	1.000000
		seed	0.566096	0.000000	0.557243	0.368148	0.066320	0.733568	1.000000	1.000000	0.410103	0.378343	0.814826	0.285705	0.786487	0.142355	0.627023	0.031073	0.229316	0.476396	0.980638
1	3	clst	0.553967	0.000000	0.666667	0.666667	0.000000	0.666667	1.000000	1.000000	0.000000	0.333333	1.000000	0.333333	0.333333	0.303033	0.634467	0.108300	0.178300	0.346667	0.666667
		seed	0.586562	0.000000	0.992040	1.007213	-0.125499	0.518749	1.000000	1.000000	0.474222	0.973790	0.048167	0.536336	0.706651	0.235014	0.284930	0.034274	0.164127	0.372052	0.586339
2	3	clst	0.563400	0.000000	1.000000	1.000000	0.000000	0.000000	1.000000	1.000000	0.000000	1.000000	0.333333	0.000000	0.000000	0.121200	0.421267	0.019967	0.077533	0.360000	1.000000
[class #0] <for of setCPON>
[class #0] <getLBGClusterSize>
centroid size : 4
ctrd no.	datasize	worktype	data[0]	data[1]	data[2]	data[3]	data[4]	data[5]	data[6]	data[7]	data[8]	data[9]	data[10]	data[11]	data[12]	data[13]	data[14]	data[15]	data[16]	data[17]	data[18]
		seed	0.503930	0.000000	0.995519	0.347208	0.130673	0.672714	1.000000	1.000000	0.167816	0.350388	0.086641	0.827050	0.570722	0.084296	0.332604	0.072841	0.236464	0.274206	0.765503
0	1	clst	0.563400	0.000000	1.000000	1.000000	1.000000	1.000000	1.000000	1.000000	1.000000	1.000000	0.000000	1.000000	0.000000	0.220800	0.215600	0.014200	0.488400	0.660000	1.000000
		seed	0.536876	0.000000	1.029700	0.772274	0.209045	0.179200	1.000000	1.000000	-0.087105	0.683315	0.416473	0.382245	0.431527	0.232877	0.518965	0.079870	0.214756	0.491184	0.592300
1	5	clst	0.580280	0.000000	1.000000	1.000000	0.000000	0.400000	1.000000	1.000000	0.000000	0.600000	0.600000	0.000000	0.000000	0.202600	0.444600	0.050460	0.074440	0.344000	1.000000
		seed	0.601036	0.000000	0.966709	0.581017	-0.062427	-0.101418	1.000000	1.000000	0.563641	0.259657	0.713267	0.208273	0.253451	0.223578	0.597406	0.087257	0.116280	0.380759	1.179659
2	0	clst	0.000000	0.000000	0.000000	0.000000	0.000000	0.000000	0.000000	0.000000	0.000000	0.000000	0.000000	0.000000	0.000000	0.000000	0.000000	0.000000	0.000000	0.000000	0.000000
		seed	0.558889	0.000000	0.497945	0.759032	-0.171378	0.076749	1.000000	1.000000	0.739001	1.042121	0.487953	0.801894	0.330022	0.090969	0.513646	0.064601	0.144762	0.398361	0.831728
3	3	clst	0.511733	0.000000	0.000000	0.333333	0.000000	0.000000	1.000000	1.000000	0.666667	0.666667	0.333333	1.000000	1.000000	0.142867	0.432433	0.102000	0.372067	0.346667	0.666667
[class #0] <for of setCPON>
[class #0] <getLBGClusterSize>
centroid size : 5
ctrd no.	datasize	worktype	data[0]	data[1]	data[2]	data[3]	data[4]	data[5]	data[6]	data[7]	data[8]	data[9]	data[10]	data[11]	data[12]	data[13]	data[14]	data[15]	data[16]	data[17]	data[18]
		seed	0.503940	0.000000	0.540671	0.994859	0.340539	0.792530	1.000000	1.000000	0.671738	1.162791	0.081912	0.828466	0.246340	0.191810	0.170480	0.030374	0.171033	0.406795	0.802755
0	1	clst	0.563400	0.000000	1.000000	1.000000	1.000000	1.000000	1.000000	1.000000	1.000000	1.000000	0.000000	1.000000	0.000000	0.220800	0.215600	0.014200	0.488400	0.660000	1.000000
		seed	0.507660	0.000000	0.502126	1.176372	0.351750	0.624861	1.000000	1.000000	0.415718	0.988286	0.018120	0.478785	0.076535	0.110476	0.410907	0.038482	0.200197	0.270176	0.870649
1	0	clst	0.000000	0.000000	0.000000	0.000000	0.000000	0.000000	0.000000	0.000000	0.000000	0.000000	0.000000	0.000000	0.000000	0.000000	0.000000	0.000000	0.000000	0.000000	0.000000
		seed	0.511933	0.000000	0.941410	1.036765	0.000644	0.278446	1.000000	1.000000	0.653060	0.545554	0.324212	0.934335	0.800282	0.212142	0.407550	0.050058	0.068434	0.389467	1.106313
2	0	clst	0.000000	0.000000	0.000000	0.000000	0.000000	0.000000	0.000000	0.000000	0.000000	0.000000	0.000000	0.000000	0.000000	0.000000	0.000000	0.000000	0.000000	0.000000	0.000000
		seed	0.567000	0.000000	0.933780	0.495294	0.269451	-0.067848	1.000000	1.000000	0.401283	0.575279	0.933627	0.187395	0.265201	0.177710	0.173684	0.095445	0.395422	0.463925	0.819683
3	5	clst	0.580280	0.000000	1.000000	1.000000	0.000000	0.400000	1.000000	1.000000	0.000000	0.600000	0.600000	0.000000	0.000000	0.202600	0.444600	0.050460	0.074440	0.344000	1.000000
		seed	0.602626	0.000000	0.364488	0.639880	0.417710	0.374732	1.000000	1.000000	0.666031	0.462391	0.355416	0.542738	0.589979	0.238510	0.203576	0.049031	0.328518	0.336345	1.004340
4	3	clst	0.511733	0.000000	0.000000	0.333333	0.000000	0.000000	1.000000	1.000000	0.666667	0.666667	0.333333	1.000000	1.000000	0.142867	0.432433	0.102000	0.372067	0.346667	0.666667
[class #0] <for of setCPON>
