[class #1] <getLBGClusterSize>
centroid size : 1
ctrd no.	datasize	worktype	data[0]	data[1]	data[2]	data[3]	data[4]	data[5]	data[6]	data[7]	data[8]	data[9]	data[10]	data[11]	data[12]	data[13]	data[14]	data[15]	data[16]	data[17]	data[18]
		seed	0.303194	0.193016	0.342355	1.011578	0.477188	0.703114	0.724297	1.135641	0.924599	1.028825	0.471098	1.116594	1.028055	0.101592	0.197567	-0.003717	0.345020	0.605031	0.019131
0	61	clst	0.475870	0.147541	0.639344	0.737705	0.393443	0.721311	0.836066	0.852459	0.606557	0.852459	0.754098	0.918033	0.901639	0.099200	0.263025	0.093321	0.436528	0.663770	0.360656
[class #1] <for of setCPON>
[class #1] <getLBGClusterSize>
centroid size : 2
ctrd no.	datasize	worktype	data[0]	data[1]	data[2]	data[3]	data[4]	data[5]	data[6]	data[7]	data[8]	data[9]	data[10]	data[11]	data[12]	data[13]	data[14]	data[15]	data[16]	data[17]	data[18]
		seed	0.303236	0.427624	0.870283	0.775917	0.787307	0.811445	0.795202	1.071757	0.435834	0.894638	0.467175	1.117337	0.833249	0.014101	0.423747	0.102147	0.528316	0.848703	0.073241
0	30	clst	0.430043	0.100000	0.800000	0.800000	0.700000	0.966667	1.000000	0.933333	0.900000	1.000000	1.000000	1.000000	1.000000	0.075743	0.196030	0.064147	0.476763	0.722333	0.133333
		seed	0.608766	0.030892	1.044260	0.806292	0.116350	0.680239	0.996844	0.624999	0.186867	1.143346	0.518987	0.784063	0.786385	0.165642	0.141796	0.112955	0.451595	0.813736	0.089614
1	31	clst	0.520219	0.193548	0.483871	0.677419	0.096774	0.483871	0.677419	0.774194	0.322581	0.709677	0.516129	0.838710	0.806452	0.121900	0.327858	0.121555	0.397590	0.607097	0.580645
[class #1] <for of setCPON>
[class #1] <getLBGClusterSize>
centroid size : 3
ctrd no.	datasize	worktype	data[0]	data[1]	data[2]	data[3]	data[4]	data[5]	data[6]	data[7]	data[8]	data[9]	data[10]	data[11]	data[12]	data[13]	data[14]	data[15]	data[16]	data[17]	data[18]
		seed	0.303268	-0.052986	0.429831	0.540283	0.112261	0.919804	0.866107	1.007850	0.932265	0.760451	0.463253	1.118080	0.638443	0.103345	0.315967	0.007933	0.487649	0.659029	0.127352
0	15	clst	0.527693	0.333333	0.600000	0.933333	0.133333	0.466667	0.600000	0.866667	0.466667	0.400000	0.000000	0.666667	0.600000	0.145440	0.417347	0.103780	0.359673	0.554667	0.800000
		seed	0.511103	0.280036	0.533383	0.325684	0.327255	1.083184	0.502217	1.090090	0.682186	0.646257	1.059228	0.834727	1.173779	0.064041	0.403923	0.021134	0.442539	0.840927	0.493923
1	17	clst	0.507047	0.058824	0.294118	0.411765	0.235294	0.647059	0.823529	0.588235	0.058824	1.000000	1.000000	1.000000	1.000000	0.103900	0.249071	0.127859	0.430918	0.650588	0.352941
		seed	0.579519	0.399949	0.954420	0.968479	0.043803	0.888955	0.977568	0.616923	0.745352	1.072106	0.427634	0.966257	1.125834	0.140955	0.176479	0.028235	0.402022	0.649163	-0.078807
2	29	clst	0.430790	0.103448	0.862069	0.827586	0.620690	0.896552	0.965517	1.000000	1.000000	1.000000	1.000000	1.000000	1.000000	0.072528	0.191383	0.067666	0.479569	0.727931	0.137931
[class #1] <for of setCPON>
[class #1] <getLBGClusterSize>
centroid size : 4
ctrd no.	datasize	worktype	data[0]	data[1]	data[2]	data[3]	data[4]	data[5]	data[6]	data[7]	data[8]	data[9]	data[10]	data[11]	data[12]	data[13]	data[14]	data[15]	data[16]	data[17]	data[18]
		seed	0.303299	0.181622	0.957789	0.304622	0.422350	1.028163	0.937035	0.943965	0.443501	0.626264	0.459331	1.118823	1.044202	0.015849	0.208176	0.113797	0.446982	0.469342	0.181434
0	11	clst	0.535227	0.636364	0.545455	0.454545	0.181818	1.000000	1.000000	0.909091	0.454545	0.727273	0.636364	1.000000	0.727273	0.102700	0.268700	0.060818	0.399564	0.535455	0.454545
		seed	0.413430	-0.185994	0.990888	0.732169	0.538160	0.581952	0.754190	0.839964	0.192369	0.864365	0.731055	0.885391	0.960609	0.139181	0.332080	0.129392	0.433490	0.868105	-0.070148
1	26	clst	0.446908	0.000000	0.807692	0.846154	0.769231	1.000000	1.000000	0.923077	0.923077	1.000000	1.000000	1.000000	1.000000	0.077908	0.193304	0.070615	0.484815	0.735769	0.153846
		seed	0.627901	-0.118224	0.929891	0.539796	0.137004	0.328231	0.660318	0.984649	0.833442	0.561376	0.975562	0.794091	0.853666	0.131462	0.384233	0.145780	0.372284	0.665166	0.783007
2	6	clst	0.619700	0.000000	0.833333	1.000000	0.333333	0.500000	0.833333	0.833333	0.000000	0.000000	0.000000	0.500000	0.666667	0.145017	0.477067	0.163500	0.372083	0.666667	1.000000
		seed	0.487012	-0.104867	0.475962	0.718849	-0.023993	0.489321	0.555305	0.532674	1.006195	1.120974	0.789942	1.105621	0.899651	0.021388	0.328544	0.095516	0.389986	0.697514	0.277628
3	18	clst	0.433489	0.111111	0.388889	0.666667	0.000000	0.222222	0.500000	0.722222	0.444444	1.000000	0.722222	0.888889	0.944444	0.112544	0.288917	0.122589	0.410850	0.637222	0.388889
[class #1] <for of setCPON>
[class #1] <getLBGClusterSize>
centroid size : 5
ctrd no.	datasize	worktype	data[0]	data[1]	data[2]	data[3]	data[4]	data[5]	data[6]	data[7]	data[8]	data[9]	data[10]	data[11]	data[12]	data[13]	data[14]	data[15]	data[16]	data[17]	data[18]
		seed	0.303331	0.416209	0.517336	0.956053	0.732469	1.136494	1.007940	0.880080	0.939932	1.207275	0.455435	1.119565	0.849396	0.105093	0.100386	0.019583	0.406315	0.713014	0.235545
0	27	clst	0.439222	0.037037	0.814815	0.925926	0.703704	0.925926	1.000000	1.000000	0.962963	1.000000	1.000000	1.000000	1.000000	0.071170	0.206933	0.070574	0.468578	0.729259	0.148148
		seed	0.315767	0.063150	0.480011	1.138626	0.749035	0.984896	1.006163	0.589859	0.687717	1.082473	0.402882	0.936055	0.747420	0.037580	0.260237	0.037571	0.424441	0.461936	0.334162
1	6	clst	0.528167	0.500000	0.333333	1.000000	0.000000	0.666667	0.666667	0.833333	0.666667	0.166667	0.000000	0.833333	0.000000	0.261883	0.432483	0.125400	0.445717	0.468333	0.833333
		seed	0.330053	0.078800	0.905392	0.998204	0.230205	0.671685	1.089690	0.637156	0.921532	0.765842	0.655047	1.175125	1.182063	0.121969	0.258005	0.063253	0.342546	0.681168	0.676470
2	11	clst	0.577464	0.181818	0.636364	0.909091	0.181818	0.727273	0.909091	0.909091	0.000000	0.636364	0.454545	0.818182	1.000000	0.099173	0.359582	0.146109	0.315009	0.669091	0.727273
		seed	0.514125	0.445107	0.898004	0.453572	0.627422	0.358584	0.572165	0.781579	0.673497	0.787101	1.157100	0.783135	0.860723	0.093388	0.102516	0.163945	0.545779	0.818008	0.260132
3	9	clst	0.502356	0.333333	0.888889	0.000000	0.000000	0.444444	0.777778	0.777778	0.555556	1.000000	0.888889	1.000000	1.000000	0.076456	0.193311	0.050144	0.509044	0.647778	0.000000
		seed	0.633216	0.078822	0.346729	0.599002	0.846505	0.758742	0.636144	0.620437	0.934310	0.706366	0.680754	0.969617	1.055767	0.143857	0.122391	0.060975	0.504196	0.583541	0.528352
4	8	clst	0.390850	0.000000	0.000000	0.500000	0.375000	0.375000	0.375000	0.375000	0.250000	1.000000	0.750000	0.750000	1.000000	0.097412	0.270900	0.122025	0.406975	0.600000	0.625000
[class #1] <for of setCPON>
