[class #0] <getLBGClusterSize>
centroid size : 1
ctrd no.	datasize	worktype	data[0]	data[1]	data[2]	data[3]	data[4]	data[5]	data[6]	data[7]	data[8]	data[9]	data[10]	data[11]	data[12]	data[13]	data[14]	data[15]	data[16]	data[17]	data[18]
		seed	0.473074	0.000000	0.179667	1.073687	0.417045	0.478978	1.000000	1.000000	0.749146	0.909506	0.159617	1.020130	0.719862	0.166470	0.328296	0.024130	0.145756	0.431500	0.713043
0	12	clst	0.538725	0.000000	0.500000	0.833333	0.333333	0.500000	1.000000	1.000000	0.416667	0.666667	0.500000	0.666667	0.500000	0.163433	0.438650	0.063350	0.288758	0.493333	0.916667
[class #0] <for of setCPON>
[class #0] <getLBGClusterSize>
centroid size : 2
ctrd no.	datasize	worktype	data[0]	data[1]	data[2]	data[3]	data[4]	data[5]	data[6]	data[7]	data[8]	data[9]	data[10]	data[11]	data[12]	data[13]	data[14]	data[15]	data[16]	data[17]	data[18]
		seed	0.473090	0.000000	0.749091	0.866869	0.727037	0.604121	1.000000	1.000000	0.238193	0.724743	0.154899	1.021452	0.381056	0.055393	0.709607	0.066917	0.432198	0.688009	0.745305
0	8	clst	0.515837	0.000000	0.250000	0.750000	0.500000	0.500000	1.000000	1.000000	0.625000	0.750000	0.375000	1.000000	0.750000	0.129887	0.445150	0.066637	0.401150	0.563750	0.875000
		seed	0.589251	0.000000	0.936743	0.893526	0.056354	0.452553	1.000000	1.000000	-0.022076	1.067192	0.217216	0.428185	0.299551	0.247787	0.234274	0.071285	0.312304	0.651200	0.755066
1	4	clst	0.584500	0.000000	1.000000	1.000000	0.000000	0.500000	1.000000	1.000000	0.000000	0.500000	0.750000	0.000000	0.000000	0.230525	0.425650	0.056775	0.063975	0.352500	1.000000
[class #0] <for of setCPON>
[class #0] <getLBGClusterSize>
centroid size : 3
ctrd no.	datasize	worktype	data[0]	data[1]	data[2]	data[3]	data[4]	data[5]	data[6]	data[7]	data[8]	data[9]	data[10]	data[11]	data[12]	data[13]	data[14]	data[15]	data[16]	data[17]	data[18]
		seed	0.473102	0.000000	0.274018	0.660074	0.052267	0.729297	1.000000	1.000000	0.757160	0.539980	0.150182	1.022774	0.042251	0.168696	0.527904	0.028839	0.368646	0.488342	0.777567
0	5	clst	0.560560	0.000000	0.400000	0.800000	0.400000	0.400000	1.000000	1.000000	1.000000	0.600000	0.000000	1.000000	0.600000	0.150680	0.200720	0.058040	0.404660	0.462000	1.000000
		seed	0.552120	0.000000	0.385710	0.471739	0.267173	0.918032	1.000000	1.000000	0.495728	0.382745	0.866999	0.518372	0.973304	0.118796	0.676188	0.034174	0.298152	0.679823	0.996123
1	7	clst	0.523129	0.000000	0.571429	0.857143	0.285714	0.571429	1.000000	1.000000	0.000000	0.714286	0.857143	0.428571	0.428571	0.172543	0.608600	0.067143	0.205971	0.515714	0.857143
		seed	0.578132	0.000000	0.839841	1.035864	-0.016163	0.693660	1.000000	1.000000	0.561762	0.969101	0.107341	0.752512	0.889918	0.216445	0.292746	0.037044	0.234836	0.477957	0.654650
2	0	clst	0.000000	0.000000	0.000000	0.000000	0.000000	0.000000	0.000000	0.000000	0.000000	0.000000	0.000000	0.000000	0.000000	0.000000	0.000000	0.000000	0.000000	0.000000	0.000000
[class #0] <for of setCPON>
[class #0] <getLBGClusterSize>
centroid size : 4
ctrd no.	datasize	worktype	data[0]	data[1]	data[2]	data[3]	data[4]	data[5]	data[6]	data[7]	data[8]	data[9]	data[10]	data[11]	data[12]	data[13]	data[14]	data[15]	data[16]	data[17]	data[18]
		seed	0.473114	0.000000	0.843475	0.453255	0.362229	0.854472	1.000000	1.000000	0.246208	0.355217	0.145464	1.024097	0.747944	0.057612	0.346183	0.071626	0.305095	0.288662	0.809811
0	0	clst	0.000000	0.000000	0.000000	0.000000	0.000000	0.000000	0.000000	0.000000	0.000000	0.000000	0.000000	0.000000	0.000000	0.000000	0.000000	0.000000	0.000000	0.000000	0.000000
		seed	0.514985	0.000000	0.879176	0.828475	0.477991	0.339013	1.000000	1.000000	-0.016325	0.683060	0.472284	0.608560	0.602560	0.214192	0.555069	0.077929	0.284011	0.708433	0.659813
1	4	clst	0.500000	0.000000	0.500000	1.000000	1.000000	1.000000	1.000000	1.000000	0.500000	1.000000	0.500000	1.000000	0.500000	0.116900	0.511150	0.034700	0.441850	0.780000	1.000000
		seed	0.596526	0.000000	0.813384	0.659646	0.077000	0.045917	1.000000	1.000000	0.653851	0.265871	0.766368	0.446036	0.416566	0.204393	0.642991	0.084552	0.188363	0.494802	1.168481
2	4	clst	0.584500	0.000000	1.000000	1.000000	0.000000	0.500000	1.000000	1.000000	0.000000	0.500000	0.750000	0.000000	0.000000	0.230525	0.425650	0.056775	0.063975	0.352500	1.000000
		seed	0.542961	0.000000	0.323776	0.816785	-0.083931	0.232006	1.000000	1.000000	0.834446	1.036388	0.543112	1.000596	0.496542	0.064644	0.549107	0.064237	0.216026	0.528855	0.867164
3	4	clst	0.531675	0.000000	0.000000	0.500000	0.000000	0.000000	1.000000	1.000000	0.750000	0.500000	0.250000	1.000000	1.000000	0.142875	0.379150	0.098575	0.360450	0.347500	0.750000
[class #0] <for of setCPON>
[class #0] <getLBGClusterSize>
centroid size : 5
ctrd no.	datasize	worktype	data[0]	data[1]	data[2]	data[3]	data[4]	data[5]	data[6]	data[7]	data[8]	data[9]	data[10]	data[11]	data[12]	data[13]	data[14]	data[15]	data[16]	data[17]	data[18]
		seed	0.473126	0.000000	0.368402	1.024959	0.672221	0.979615	1.000000	1.000000	0.765175	1.155216	0.140779	1.025419	0.409139	0.170915	0.164463	0.033547	0.241543	0.545171	0.842073
0	0	clst	0.000000	0.000000	0.000000	0.000000	0.000000	0.000000	0.000000	0.000000	0.000000	0.000000	0.000000	0.000000	0.000000	0.000000	0.000000	0.000000	0.000000	0.000000	0.000000
		seed	0.477855	0.000000	0.328143	1.185187	0.688780	0.804491	1.000000	1.000000	0.501511	0.983375	0.077569	0.698748	0.231783	0.085201	0.433951	0.040817	0.269869	0.280865	0.900870
1	1	clst	0.563400	0.000000	1.000000	1.000000	0.000000	0.000000	1.000000	1.000000	0.000000	1.000000	0.000000	0.000000	0.000000	0.090900	0.520400	0.025200	0.116300	0.310000	1.000000
		seed	0.483286	0.000000	0.786960	1.061951	0.170163	0.442672	1.000000	1.000000	0.745940	0.547403	0.380865	1.124322	0.987712	0.192341	0.430188	0.051197	0.141890	0.511647	1.104961
2	0	clst	0.000000	0.000000	0.000000	0.000000	0.000000	0.000000	0.000000	0.000000	0.000000	0.000000	0.000000	0.000000	0.000000	0.000000	0.000000	0.000000	0.000000	0.000000	0.000000
		seed	0.553269	0.000000	0.778991	0.583975	0.567217	0.080980	1.000000	1.000000	0.486645	0.576674	0.984715	0.426532	0.428838	0.156055	0.168054	0.091894	0.459488	0.655697	0.856733
3	3	clst	0.591533	0.000000	1.000000	1.000000	0.000000	0.666667	1.000000	1.000000	0.000000	0.333333	1.000000	0.000000	0.000000	0.277067	0.394067	0.067300	0.046533	0.366667	1.000000
		seed	0.598547	0.000000	0.184384	0.711606	0.786210	0.543239	1.000000	1.000000	0.759298	0.465510	0.411784	0.758492	0.768057	0.220129	0.201559	0.050277	0.394505	0.408877	1.016651
4	8	clst	0.515837	0.000000	0.250000	0.750000	0.500000	0.500000	1.000000	1.000000	0.625000	0.750000	0.375000	1.000000	0.750000	0.129887	0.445150	0.066637	0.401150	0.563750	0.875000
[class #0] <for of setCPON>
