[class #1] <getLBGClusterSize>
centroid size : 1
ctrd no.	datasize	worktype	data[0]	data[1]	data[2]	data[3]	data[4]	data[5]	data[6]	data[7]	data[8]	data[9]	data[10]	data[11]	data[12]	data[13]	data[14]	data[15]	data[16]	data[17]	data[18]
		seed	0.300153	0.193016	0.323205	1.022205	0.494146	0.719851	0.724297	1.131682	0.938475	1.028825	0.494131	1.113603	1.028055	0.103265	0.186384	-0.005310	0.347901	0.594806	0.006339
0	61	clst	0.467097	0.147541	0.622951	0.754098	0.409836	0.737705	0.836066	0.836066	0.622951	0.852459	0.770492	0.934426	0.901639	0.100902	0.253698	0.086418	0.438816	0.652951	0.344262
[class #1] <for of setCPON>
[class #1] <getLBGClusterSize>
centroid size : 2
ctrd no.	datasize	worktype	data[0]	data[1]	data[2]	data[3]	data[4]	data[5]	data[6]	data[7]	data[8]	data[9]	data[10]	data[11]	data[12]	data[13]	data[14]	data[15]	data[16]	data[17]	data[18]
		seed	0.300194	0.427624	0.856033	0.791506	0.806353	0.826135	0.795202	1.064992	0.453579	0.894638	0.490301	1.114274	0.833249	0.016838	0.418978	0.094761	0.530011	0.836011	0.059879
0	34	clst	0.456085	0.176471	0.794118	0.882353	0.617647	0.970588	1.000000	1.000000	0.911765	0.852941	0.852941	1.000000	0.911765	0.082103	0.183574	0.051641	0.471288	0.677647	0.264706
		seed	0.595580	0.030892	1.031624	0.821241	0.130877	0.697408	0.996844	0.598618	0.206582	1.143346	0.540897	0.813535	0.786385	0.166535	0.129032	0.104977	0.453786	0.801398	0.076078
1	27	clst	0.480963	0.111111	0.407407	0.592593	0.148148	0.444444	0.629630	0.629630	0.259259	0.851852	0.666667	0.851852	0.888889	0.124574	0.342004	0.130211	0.397926	0.621852	0.444444
[class #1] <for of setCPON>
[class #1] <getLBGClusterSize>
centroid size : 3
ctrd no.	datasize	worktype	data[0]	data[1]	data[2]	data[3]	data[4]	data[5]	data[6]	data[7]	data[8]	data[9]	data[10]	data[11]	data[12]	data[13]	data[14]	data[15]	data[16]	data[17]	data[18]
		seed	0.300225	-0.052986	0.411493	0.560833	0.126761	0.932447	0.866107	0.998279	0.946081	0.760451	0.486471	1.114944	0.638443	0.104996	0.308142	0.005702	0.489607	0.648258	0.113419
0	11	clst	0.469909	0.363636	0.454545	0.909091	0.000000	0.363636	0.454545	0.818182	0.636364	0.454545	0.000000	0.636364	0.454545	0.168809	0.426836	0.112555	0.380527	0.525455	0.818182
		seed	0.501160	0.280036	0.516006	0.350752	0.343203	1.092740	0.502217	1.084131	0.697980	0.646257	1.068462	0.859253	1.173779	0.066171	0.398593	0.018181	0.444789	0.828313	0.476125
1	20	clst	0.523945	0.100000	0.350000	0.550000	0.350000	0.700000	0.850000	0.600000	0.050000	0.850000	0.850000	1.000000	1.000000	0.103250	0.276760	0.120270	0.408145	0.637500	0.400000
		seed	0.567304	0.399949	0.940951	0.980014	0.057842	0.902180	0.977568	0.590188	0.760647	1.072106	0.451688	0.977943	1.125834	0.142149	0.164699	0.024894	0.404534	0.638492	-0.090566
2	30	clst	0.428167	0.100000	0.866667	0.833333	0.600000	0.900000	0.966667	1.000000	1.000000	1.000000	1.000000	1.000000	1.000000	0.074437	0.174840	0.054267	0.480637	0.710000	0.133333
[class #1] <for of setCPON>
[class #1] <getLBGClusterSize>
centroid size : 4
ctrd no.	datasize	worktype	data[0]	data[1]	data[2]	data[3]	data[4]	data[5]	data[6]	data[7]	data[8]	data[9]	data[10]	data[11]	data[12]	data[13]	data[14]	data[15]	data[16]	data[17]	data[18]
		seed	0.300255	0.181622	0.944351	0.330134	0.438938	1.038758	0.937035	0.931589	0.461184	0.626264	0.482641	1.115614	1.044202	0.018565	0.197295	0.105774	0.449203	0.460491	0.166930
0	14	clst	0.447700	0.285714	0.357143	0.500000	0.357143	1.000000	1.000000	0.714286	0.142857	0.928571	0.928571	1.000000	1.000000	0.108536	0.311479	0.130129	0.370436	0.615714	0.285714
		seed	0.406729	-0.185994	0.977757	0.748679	0.555528	0.600978	0.754190	0.823021	0.212040	0.864365	0.747989	0.904971	0.960609	0.140396	0.324712	0.120515	0.435798	0.855216	-0.081999
1	25	clst	0.442812	0.000000	0.880000	0.920000	0.720000	1.000000	1.000000	1.000000	1.000000	1.000000	1.000000	1.000000	1.000000	0.075824	0.173376	0.058052	0.481880	0.704800	0.160000
		seed	0.614080	-0.118224	0.916194	0.560356	0.151671	0.352052	0.660318	0.974059	0.848040	0.561376	0.986759	0.822584	0.853666	0.132771	0.378343	0.136006	0.374988	0.654332	0.762160
2	8	clst	0.605625	0.375000	0.500000	1.000000	0.250000	0.750000	0.875000	0.875000	0.375000	0.000000	0.000000	0.750000	0.375000	0.167187	0.362925	0.117900	0.430225	0.587500	1.000000
		seed	0.477869	-0.104867	0.458053	0.735640	-0.010411	0.510098	0.555305	0.502240	1.019425	1.120974	0.805495	1.103701	0.899651	0.024036	0.321075	0.088493	0.392576	0.686353	0.262110
3	14	clst	0.450700	0.142857	0.500000	0.571429	0.000000	0.000000	0.357143	0.642857	0.571429	1.000000	0.642857	0.857143	0.928571	0.100171	0.276936	0.075371	0.435207	0.635000	0.357143
[class #1] <for of setCPON>
[class #1] <getLBGClusterSize>
centroid size : 5
ctrd no.	datasize	worktype	data[0]	data[1]	data[2]	data[3]	data[4]	data[5]	data[6]	data[7]	data[8]	data[9]	data[10]	data[11]	data[12]	data[13]	data[14]	data[15]	data[16]	data[17]	data[18]
		seed	0.300286	0.416209	0.499810	0.967850	0.751146	1.145043	1.007940	0.864899	0.953687	1.207275	0.478836	1.116285	0.849396	0.106723	0.086448	0.016715	0.408799	0.701696	0.220470
0	19	clst	0.430684	0.052632	0.842105	0.894737	1.000000	1.000000	1.000000	1.000000	0.947368	1.000000	1.000000	1.000000	1.000000	0.073121	0.218737	0.058789	0.477374	0.705263	0.210526
		seed	0.312309	0.063150	0.462139	1.146579	0.767823	0.996309	1.006163	0.561935	0.703469	1.082473	0.427516	0.950689	0.747420	0.040031	0.250832	0.033719	0.426807	0.453160	0.318048
1	12	clst	0.523467	0.333333	0.500000	1.000000	0.166667	0.583333	0.666667	0.916667	0.500000	0.333333	0.000000	0.666667	0.500000	0.173150	0.429675	0.116583	0.354633	0.484167	0.833333
		seed	0.326121	0.078800	0.891468	1.009113	0.245500	0.689016	1.089690	0.611309	0.935433	0.765842	0.673765	1.166421	1.182063	0.123394	0.248536	0.057995	0.345442	0.670172	0.656746
2	14	clst	0.459757	0.000000	0.571429	0.928571	0.000000	0.857143	1.000000	1.000000	0.642857	1.000000	1.000000	1.000000	1.000000	0.098314	0.198614	0.118964	0.406986	0.682857	0.214286
		seed	0.504081	0.445107	0.884011	0.475947	0.645392	0.381831	0.572165	0.762073	0.689360	0.787101	1.164037	0.812697	0.860723	0.095161	0.088639	0.153178	0.547361	0.805626	0.244799
3	10	clst	0.471840	0.400000	0.800000	0.200000	0.000000	0.300000	0.600000	0.700000	0.500000	1.000000	0.800000	1.000000	1.000000	0.083090	0.176580	0.056640	0.506980	0.677000	0.100000
		seed	0.619218	0.078822	0.327620	0.618316	0.865950	0.774428	0.636144	0.593856	0.948109	0.706366	0.698869	0.980974	1.055767	0.145015	0.109076	0.055842	0.506047	0.573533	0.510190
4	6	clst	0.478883	0.000000	0.000000	0.333333	0.666667	0.666667	0.666667	0.000000	0.000000	0.833333	1.000000	1.000000	1.000000	0.080100	0.269517	0.087267	0.445750	0.715000	0.500000
[class #1] <for of setCPON>
