[class #0] <getLBGClusterSize>
centroid size : 1
ctrd no.	datasize	worktype	data[0]	data[1]	data[2]	data[3]	data[4]	data[5]	data[6]	data[7]	data[8]	data[9]	data[10]	data[11]	data[12]	data[13]	data[14]	data[15]	data[16]	data[17]	data[18]
		seed	0.488380	0.000000	0.267480	1.094918	0.417045	0.478978	1.000000	1.000000	0.749146	0.909506	0.081045	0.952994	0.633453	0.152333	0.311183	0.020180	0.120002	0.422704	1.000000
0	12	clst	0.548117	0.000000	0.583333	0.916667	0.333333	0.500000	1.000000	1.000000	0.416667	0.666667	0.416667	0.583333	0.416667	0.149367	0.403333	0.054408	0.265508	0.485833	1.000000
[class #0] <for of setCPON>
[class #0] <getLBGClusterSize>
centroid size : 2
ctrd no.	datasize	worktype	data[0]	data[1]	data[2]	data[3]	data[4]	data[5]	data[6]	data[7]	data[8]	data[9]	data[10]	data[11]	data[12]	data[13]	data[14]	data[15]	data[16]	data[17]	data[18]
		seed	0.488394	0.000000	0.828941	0.941537	0.727037	0.604121	1.000000	1.000000	0.238193	0.724743	0.076393	0.954377	0.299387	0.043845	0.629595	0.057522	0.411461	0.684587	1.000000
0	7	clst	0.525143	0.000000	0.285714	0.857143	0.571429	0.571429	1.000000	1.000000	0.714286	0.714286	0.285714	1.000000	0.714286	0.111343	0.373857	0.057229	0.401986	0.587143	1.000000
		seed	0.594091	0.000000	1.013968	0.961307	0.056354	0.452553	1.000000	1.000000	-0.022076	1.067192	0.137838	0.333923	0.219021	0.231754	0.232670	0.061334	0.289467	0.647007	1.000000
1	5	clst	0.580280	0.000000	1.000000	1.000000	0.000000	0.400000	1.000000	1.000000	0.000000	0.600000	0.600000	0.000000	0.000000	0.202600	0.444600	0.050460	0.074440	0.344000	1.000000
[class #0] <for of setCPON>
[class #0] <getLBGClusterSize>
centroid size : 3
ctrd no.	datasize	worktype	data[0]	data[1]	data[2]	data[3]	data[4]	data[5]	data[6]	data[7]	data[8]	data[9]	data[10]	data[11]	data[12]	data[13]	data[14]	data[15]	data[16]	data[17]	data[18]
		seed	0.488405	0.000000	0.360512	0.788174	0.052267	0.729297	1.000000	1.000000	0.757160	0.539980	0.071741	0.955760	-0.034680	0.154506	0.477864	0.024289	0.346796	0.480738	1.000000
0	5	clst	0.560560	0.000000	0.400000	0.800000	0.400000	0.400000	1.000000	1.000000	1.000000	0.600000	0.000000	1.000000	0.600000	0.150680	0.200720	0.058040	0.404660	0.462000	1.000000
		seed	0.560305	0.000000	0.470642	0.648501	0.267173	0.918032	1.000000	1.000000	0.495728	0.382745	0.778533	0.428243	0.883351	0.105770	0.601688	0.028946	0.275067	0.676229	1.000000
1	4	clst	0.521100	0.000000	0.500000	1.000000	0.500000	1.000000	1.000000	1.000000	0.000000	0.500000	1.000000	0.500000	0.500000	0.168850	0.643150	0.075700	0.232550	0.610000	1.000000
		seed	0.583973	0.000000	0.918421	1.066867	-0.016163	0.693660	1.000000	1.000000	0.561762	0.969101	0.029500	0.673112	0.801131	0.201143	0.281497	0.031450	0.210641	0.470135	1.000000
2	3	clst	0.563400	0.000000	1.000000	1.000000	0.000000	0.000000	1.000000	1.000000	0.000000	1.000000	0.333333	0.000000	0.000000	0.121200	0.421267	0.019967	0.077533	0.360000	1.000000
[class #0] <for of setCPON>
[class #0] <getLBGClusterSize>
centroid size : 4
ctrd no.	datasize	worktype	data[0]	data[1]	data[2]	data[3]	data[4]	data[5]	data[6]	data[7]	data[8]	data[9]	data[10]	data[11]	data[12]	data[13]	data[14]	data[15]	data[16]	data[17]	data[18]
		seed	0.488416	0.000000	0.922004	0.634793	0.362229	0.854472	1.000000	1.000000	0.246208	0.355217	0.067090	0.957143	0.661143	0.046012	0.326119	0.061631	0.282131	0.276874	1.000000
0	0	clst	0.000000	0.000000	0.000000	0.000000	0.000000	0.000000	0.000000	0.000000	0.000000	0.000000	0.000000	0.000000	0.000000	0.000000	0.000000	0.000000	0.000000	0.000000	0.000000
		seed	0.526516	0.000000	0.957205	0.913063	0.477991	0.339013	1.000000	1.000000	-0.016325	0.683060	0.389339	0.522564	0.517792	0.198942	0.500549	0.067132	0.260677	0.705438	1.000000
1	6	clst	0.521133	0.000000	0.666667	1.000000	0.666667	0.666667	1.000000	1.000000	0.333333	1.000000	0.333333	0.666667	0.333333	0.108233	0.514233	0.031533	0.333333	0.623333	1.000000
		seed	0.600711	0.000000	0.892335	0.787857	0.077000	0.045917	1.000000	1.000000	0.653851	0.265871	0.679309	0.352592	0.334399	0.189372	0.573968	0.072912	0.163354	0.487333	1.000000
2	3	clst	0.591533	0.000000	1.000000	1.000000	0.000000	0.666667	1.000000	1.000000	0.000000	0.333333	1.000000	0.000000	0.000000	0.277067	0.394067	0.067300	0.046533	0.366667	1.000000
		seed	0.551971	0.000000	0.409574	0.904394	-0.083931	0.232006	1.000000	1.000000	0.834446	1.036388	0.459175	0.932565	0.413257	0.052881	0.495570	0.055183	0.191502	0.522099	1.000000
3	3	clst	0.558667	0.000000	0.000000	0.666667	0.000000	0.000000	1.000000	1.000000	1.000000	0.333333	0.000000	1.000000	1.000000	0.103933	0.190800	0.087267	0.348833	0.330000	1.000000
[class #0] <for of setCPON>
[class #0] <getLBGClusterSize>
centroid size : 5
ctrd no.	datasize	worktype	data[0]	data[1]	data[2]	data[3]	data[4]	data[5]	data[6]	data[7]	data[8]	data[9]	data[10]	data[11]	data[12]	data[13]	data[14]	data[15]	data[16]	data[17]	data[18]
		seed	0.488427	0.000000	0.453576	1.058780	0.672221	0.979615	1.000000	1.000000	0.765175	1.155216	0.062470	0.958525	0.327076	0.156673	0.174374	0.028398	0.217466	0.538757	1.000000
0	0	clst	0.000000	0.000000	0.000000	0.000000	0.000000	0.000000	0.000000	0.000000	0.000000	0.000000	0.000000	0.000000	0.000000	0.000000	0.000000	0.000000	0.000000	0.000000	0.000000
		seed	0.492730	0.000000	0.413880	1.177608	0.688780	0.804491	1.000000	1.000000	0.501511	0.983375	0.000144	0.616885	0.152201	0.072958	0.399409	0.034743	0.246288	0.268915	1.000000
1	0	clst	0.000000	0.000000	0.000000	0.000000	0.000000	0.000000	0.000000	0.000000	0.000000	0.000000	0.000000	0.000000	0.000000	0.000000	0.000000	0.000000	0.000000	0.000000	0.000000
		seed	0.497672	0.000000	0.866279	1.086214	0.170163	0.442672	1.000000	1.000000	0.745940	0.547403	0.299198	1.061961	0.897557	0.177600	0.396267	0.043802	0.116067	0.504531	1.000000
2	0	clst	0.000000	0.000000	0.000000	0.000000	0.000000	0.000000	0.000000	0.000000	0.000000	0.000000	0.000000	0.000000	0.000000	0.000000	0.000000	0.000000	0.000000	0.000000	0.000000
		seed	0.561351	0.000000	0.858422	0.731737	0.567217	0.080980	1.000000	1.000000	0.486645	0.576674	0.894603	0.332194	0.346500	0.142160	0.177373	0.079320	0.439229	0.651598	1.000000
3	5	clst	0.580280	0.000000	1.000000	1.000000	0.000000	0.400000	1.000000	1.000000	0.000000	0.600000	0.600000	0.000000	0.000000	0.202600	0.444600	0.050460	0.074440	0.344000	1.000000
		seed	0.602550	0.000000	0.272132	0.826391	0.786210	0.543239	1.000000	1.000000	0.759298	0.465510	0.329685	0.679367	0.680975	0.204741	0.205352	0.042999	0.373107	0.399608	1.000000
4	7	clst	0.525143	0.000000	0.285714	0.857143	0.571429	0.571429	1.000000	1.000000	0.714286	0.714286	0.285714	1.000000	0.714286	0.111343	0.373857	0.057229	0.401986	0.587143	1.000000
[class #0] <for of setCPON>
