[class #0] <getLBGClusterSize>
centroid size : 1
ctrd no.	datasize	worktype	data[0]	data[1]	data[2]	data[3]	data[4]	data[5]	data[6]	data[7]	data[8]	data[9]	data[10]	data[11]	data[12]	data[13]	data[14]	data[15]	data[16]	data[17]	data[18]
		seed	0.480259	0.000000	0.267480	1.094918	0.417045	0.478978	1.000000	1.000000	0.651244	0.909506	0.159617	0.952994	0.633453	0.171721	0.366948	0.018397	0.120002	0.433587	0.713043
0	12	clst	0.544592	0.000000	0.583333	0.916667	0.333333	0.500000	1.000000	1.000000	0.333333	0.666667	0.500000	0.583333	0.416667	0.168842	0.470867	0.058350	0.265508	0.495000	0.916667
[class #0] <for of setCPON>
[class #0] <getLBGClusterSize>
centroid size : 2
ctrd no.	datasize	worktype	data[0]	data[1]	data[2]	data[3]	data[4]	data[5]	data[6]	data[7]	data[8]	data[9]	data[10]	data[11]	data[12]	data[13]	data[14]	data[15]	data[16]	data[17]	data[18]
		seed	0.480275	0.000000	0.828941	0.941537	0.727037	0.604121	1.000000	1.000000	0.162680	0.724743	0.154899	0.954377	0.299387	0.066400	0.726023	0.061984	0.411461	0.688350	0.745305
0	7	clst	0.519100	0.000000	0.285714	0.857143	0.571429	0.571429	1.000000	1.000000	0.571429	0.714286	0.428571	1.000000	0.714286	0.144729	0.489629	0.063986	0.401986	0.602857	0.857143
		seed	0.594103	0.000000	1.013968	0.961307	0.056354	0.452553	1.000000	1.000000	-0.086185	1.067192	0.217216	0.333923	0.219021	0.248824	0.278410	0.066434	0.289467	0.651792	0.755066
1	5	clst	0.580280	0.000000	1.000000	1.000000	0.000000	0.400000	1.000000	1.000000	0.000000	0.600000	0.600000	0.000000	0.000000	0.202600	0.444600	0.050460	0.074440	0.344000	1.000000
[class #0] <for of setCPON>
[class #0] <getLBGClusterSize>
centroid size : 3
ctrd no.	datasize	worktype	data[0]	data[1]	data[2]	data[3]	data[4]	data[5]	data[6]	data[7]	data[8]	data[9]	data[10]	data[11]	data[12]	data[13]	data[14]	data[15]	data[16]	data[17]	data[18]
		seed	0.480287	0.000000	0.360512	0.788174	0.052267	0.729297	1.000000	1.000000	0.658908	0.539980	0.150182	0.955760	-0.034680	0.173831	0.554915	0.023194	0.346796	0.490043	0.777567
0	4	clst	0.577450	0.000000	0.500000	1.000000	0.500000	0.500000	1.000000	1.000000	1.000000	0.500000	0.000000	1.000000	0.500000	0.181850	0.217450	0.051250	0.407000	0.505000	1.000000
		seed	0.557718	0.000000	0.470642	0.648501	0.267173	0.918032	1.000000	1.000000	0.408931	0.382745	0.866999	0.428243	0.883351	0.126518	0.694552	0.028629	0.275067	0.680220	0.996123
1	5	clst	0.507020	0.000000	0.400000	0.800000	0.400000	0.800000	1.000000	1.000000	0.000000	0.600000	1.000000	0.600000	0.600000	0.187020	0.703360	0.087060	0.265100	0.568000	0.800000
		seed	0.583207	0.000000	0.918421	1.066867	-0.016163	0.693660	1.000000	1.000000	0.472071	0.969101	0.107341	0.673112	0.801131	0.219106	0.333471	0.031553	0.210641	0.479728	0.654650
2	3	clst	0.563400	0.000000	1.000000	1.000000	0.000000	0.000000	1.000000	1.000000	0.000000	1.000000	0.333333	0.000000	0.000000	0.121200	0.421267	0.019967	0.077533	0.360000	1.000000
[class #0] <for of setCPON>
[class #0] <getLBGClusterSize>
centroid size : 4
ctrd no.	datasize	worktype	data[0]	data[1]	data[2]	data[3]	data[4]	data[5]	data[6]	data[7]	data[8]	data[9]	data[10]	data[11]	data[12]	data[13]	data[14]	data[15]	data[16]	data[17]	data[18]
		seed	0.480299	0.000000	0.922004	0.634793	0.362229	0.854472	1.000000	1.000000	0.170343	0.355217	0.145464	0.957143	0.661143	0.068504	0.383792	0.066780	0.282131	0.291722	0.809811
0	0	clst	0.000000	0.000000	0.000000	0.000000	0.000000	0.000000	0.000000	0.000000	0.000000	0.000000	0.000000	0.000000	0.000000	0.000000	0.000000	0.000000	0.000000	0.000000	0.000000
		seed	0.521329	0.000000	0.957205	0.913063	0.477991	0.339013	1.000000	1.000000	-0.080686	0.683060	0.472284	0.522564	0.517792	0.216970	0.580497	0.073201	0.260677	0.708635	0.659813
1	6	clst	0.521133	0.000000	0.666667	1.000000	0.666667	0.666667	1.000000	1.000000	0.333333	1.000000	0.333333	0.666667	0.333333	0.108233	0.514233	0.031533	0.333333	0.623333	1.000000
		seed	0.601232	0.000000	0.892335	0.787857	0.077000	0.045917	1.000000	1.000000	0.560125	0.265871	0.766368	0.352592	0.334399	0.207679	0.663291	0.079948	0.163354	0.496459	1.168481
2	3	clst	0.591533	0.000000	1.000000	1.000000	0.000000	0.666667	1.000000	1.000000	0.000000	0.333333	1.000000	0.000000	0.000000	0.277067	0.394067	0.067300	0.046533	0.366667	1.000000
		seed	0.548743	0.000000	0.409574	0.904394	-0.083931	0.232006	1.000000	1.000000	0.732807	1.036388	0.543112	0.932565	0.413257	0.075172	0.574882	0.059254	0.191502	0.530280	0.867164
3	3	clst	0.544567	0.000000	0.000000	0.666667	0.000000	0.000000	1.000000	1.000000	0.666667	0.333333	0.333333	1.000000	1.000000	0.181833	0.460933	0.103033	0.348833	0.366667	0.666667
[class #0] <for of setCPON>
[class #0] <getLBGClusterSize>
centroid size : 5
ctrd no.	datasize	worktype	data[0]	data[1]	data[2]	data[3]	data[4]	data[5]	data[6]	data[7]	data[8]	data[9]	data[10]	data[11]	data[12]	data[13]	data[14]	data[15]	data[16]	data[17]	data[18]
		seed	0.480311	0.000000	0.453576	1.058780	0.672221	0.979615	1.000000	1.000000	0.666571	1.155216	0.140779	0.958525	0.327076	0.175935	0.212669	0.027991	0.217466	0.546485	0.842073
0	0	clst	0.000000	0.000000	0.000000	0.000000	0.000000	0.000000	0.000000	0.000000	0.000000	0.000000	0.000000	0.000000	0.000000	0.000000	0.000000	0.000000	0.000000	0.000000	0.000000
		seed	0.484944	0.000000	0.413880	1.177608	0.688780	0.804491	1.000000	1.000000	0.414460	0.983375	0.077569	0.616885	0.152201	0.094664	0.466441	0.035397	0.246288	0.283979	0.900870
1	0	clst	0.000000	0.000000	0.000000	0.000000	0.000000	0.000000	0.000000	0.000000	0.000000	0.000000	0.000000	0.000000	0.000000	0.000000	0.000000	0.000000	0.000000	0.000000	0.000000
		seed	0.490266	0.000000	0.866279	1.086214	0.170163	0.442672	1.000000	1.000000	0.648179	0.547403	0.380865	1.061961	0.897557	0.196251	0.462898	0.045970	0.116067	0.513189	1.104961
2	0	clst	0.000000	0.000000	0.000000	0.000000	0.000000	0.000000	0.000000	0.000000	0.000000	0.000000	0.000000	0.000000	0.000000	0.000000	0.000000	0.000000	0.000000	0.000000	0.000000
		seed	0.558844	0.000000	0.858422	0.731737	0.567217	0.080980	1.000000	1.000000	0.400245	0.576674	0.984715	0.332194	0.346500	0.161846	0.216051	0.087427	0.439229	0.656258	0.856733
3	12	clst	0.544592	0.000000	0.583333	0.916667	0.333333	0.500000	1.000000	1.000000	0.333333	0.666667	0.500000	0.583333	0.416667	0.168842	0.470867	0.058350	0.265508	0.495000	0.916667
		seed	0.603212	0.000000	0.272132	0.826391	0.786210	0.543239	1.000000	1.000000	0.660951	0.465510	0.411784	0.679367	0.680975	0.222600	0.247602	0.045032	0.373107	0.411118	1.016651
4	0	clst	0.000000	0.000000	0.000000	0.000000	0.000000	0.000000	0.000000	0.000000	0.000000	0.000000	0.000000	0.000000	0.000000	0.000000	0.000000	0.000000	0.000000	0.000000	0.000000
[class #0] <for of setCPON>
