[class #1] <getLBGClusterSize>
centroid size : 1
ctrd no.	datasize	worktype	data[0]	data[1]	data[2]	data[3]	data[4]	data[5]	data[6]	data[7]	data[8]	data[9]	data[10]	data[11]	data[12]	data[13]	data[14]	data[15]	data[16]	data[17]	data[18]
		seed	0.301169	0.193016	0.342355	1.022205	0.494146	0.736620	0.745391	1.135641	0.924599	1.020175	0.494131	1.116594	1.034478	0.095995	0.181171	-0.006408	0.347504	0.609003	0.006339
0	61	clst	0.470561	0.147541	0.639344	0.754098	0.409836	0.754098	0.852459	0.852459	0.606557	0.836066	0.770492	0.918033	0.918033	0.093877	0.246020	0.087092	0.438816	0.668033	0.344262
[class #1] <for of setCPON>
[class #1] <getLBGClusterSize>
centroid size : 2
ctrd no.	datasize	worktype	data[0]	data[1]	data[2]	data[3]	data[4]	data[5]	data[6]	data[7]	data[8]	data[9]	data[10]	data[11]	data[12]	data[13]	data[14]	data[15]	data[16]	data[17]	data[18]
		seed	0.301210	0.427624	0.870283	0.791506	0.806353	0.840667	0.813314	1.071757	0.435834	0.880096	0.490301	1.117337	0.855036	0.018516	0.405245	0.095596	0.530408	0.853880	0.059879
0	29	clst	0.423503	0.103448	0.862069	0.862069	0.689655	1.000000	1.000000	1.000000	0.965517	1.000000	1.000000	1.000000	1.000000	0.073876	0.176766	0.063538	0.475559	0.716552	0.137931
		seed	0.600928	0.030892	1.044260	0.821241	0.130877	0.714650	1.006475	0.624999	0.186867	1.139725	0.540897	0.784063	0.811868	0.152716	0.125921	0.106009	0.453852	0.818740	0.076078
1	32	clst	0.513206	0.187500	0.437500	0.656250	0.156250	0.531250	0.718750	0.718750	0.281250	0.687500	0.562500	0.843750	0.843750	0.112003	0.308781	0.108437	0.405519	0.624062	0.531250
[class #1] <for of setCPON>
[class #1] <getLBGClusterSize>
centroid size : 3
ctrd no.	datasize	worktype	data[0]	data[1]	data[2]	data[3]	data[4]	data[5]	data[6]	data[7]	data[8]	data[9]	data[10]	data[11]	data[12]	data[13]	data[14]	data[15]	data[16]	data[17]	data[18]
		seed	0.301241	-0.052986	0.429831	0.560833	0.126761	0.944740	0.881237	1.007850	0.932265	0.740018	0.486471	1.118080	0.675594	0.097548	0.298469	0.004817	0.489828	0.663268	0.113419
0	13	clst	0.526538	0.307692	0.538462	0.923077	0.153846	0.461538	0.615385	0.846154	0.461538	0.307692	0.000000	0.615385	0.615385	0.124854	0.384900	0.109915	0.381023	0.590000	0.923077
		seed	0.505123	0.280036	0.533383	0.350752	0.343203	1.101658	0.532652	1.090090	0.682186	0.620810	1.068462	0.834727	1.168710	0.062741	0.385606	0.017537	0.444815	0.846065	0.476125
1	18	clst	0.504700	0.111111	0.333333	0.500000	0.222222	0.666667	0.833333	0.611111	0.055556	0.944444	0.944444	1.000000	1.000000	0.103900	0.267861	0.108489	0.408272	0.620000	0.277778
		seed	0.572237	0.399949	0.954420	0.980014	0.057842	0.915111	0.988010	0.616923	0.745352	1.065357	0.451688	0.966257	1.124546	0.130854	0.160281	0.024379	0.404385	0.653353	-0.090566
2	30	clst	0.425820	0.100000	0.866667	0.833333	0.633333	0.933333	0.966667	1.000000	1.000000	1.000000	1.000000	1.000000	1.000000	0.074440	0.172733	0.064363	0.482187	0.730667	0.133333
[class #1] <for of setCPON>
[class #1] <getLBGClusterSize>
centroid size : 4
ctrd no.	datasize	worktype	data[0]	data[1]	data[2]	data[3]	data[4]	data[5]	data[6]	data[7]	data[8]	data[9]	data[10]	data[11]	data[12]	data[13]	data[14]	data[15]	data[16]	data[17]	data[18]
		seed	0.301272	0.181622	0.957789	0.330134	0.438938	1.048813	0.949181	0.943965	0.443501	0.599939	0.482641	1.118823	1.049352	0.020063	0.191682	0.106821	0.449248	0.472643	0.166930
0	7	clst	0.468829	0.571429	0.857143	0.285714	0.142857	1.000000	1.000000	1.000000	0.285714	1.000000	0.857143	1.000000	1.000000	0.081629	0.266086	0.044643	0.378729	0.540000	0.142857
		seed	0.409308	-0.185994	0.990888	0.748679	0.555528	0.620250	0.774027	0.839964	0.192369	0.848494	0.747989	0.885391	0.972352	0.129283	0.314432	0.121847	0.435785	0.873377	-0.081999
1	29	clst	0.444872	0.000000	0.793103	0.862069	0.758621	1.000000	1.000000	0.896552	0.896552	0.965517	1.000000	1.000000	1.000000	0.078355	0.188172	0.065434	0.473155	0.724483	0.137931
		seed	0.619699	-0.118224	0.929891	0.560356	0.151671	0.376565	0.684104	0.984649	0.833442	0.532201	0.986759	0.794091	0.873843	0.122448	0.366099	0.137638	0.374710	0.669435	0.762160
2	9	clst	0.629100	0.333333	0.555556	1.000000	0.222222	0.666667	0.888889	0.888889	0.333333	0.000000	0.000000	0.666667	0.444444	0.148611	0.386211	0.111633	0.403089	0.604444	1.000000
		seed	0.481491	-0.104867	0.475962	0.735640	-0.010411	0.531283	0.583507	0.532674	1.006195	1.116371	0.805495	1.105621	0.916201	0.024969	0.310928	0.089207	0.392374	0.701943	0.262110
3	16	clst	0.428700	0.125000	0.312500	0.625000	0.000000	0.250000	0.500000	0.687500	0.375000	1.000000	0.750000	0.875000	1.000000	0.096581	0.263231	0.131112	0.422963	0.657500	0.437500
[class #1] <for of setCPON>
[class #1] <getLBGClusterSize>
centroid size : 5
ctrd no.	datasize	worktype	data[0]	data[1]	data[2]	data[3]	data[4]	data[5]	data[6]	data[7]	data[8]	data[9]	data[10]	data[11]	data[12]	data[13]	data[14]	data[15]	data[16]	data[17]	data[18]
		seed	0.301304	0.416209	0.517336	0.967850	0.751146	1.152859	1.017104	0.880080	0.939932	1.206460	0.478836	1.119565	0.869910	0.099095	0.084896	0.016043	0.408668	0.717520	0.220470
0	26	clst	0.445823	0.000000	0.884615	0.923077	0.730769	1.000000	1.000000	1.000000	1.000000	1.000000	1.000000	1.000000	1.000000	0.075408	0.175285	0.069227	0.477658	0.726923	0.153846
		seed	0.313503	0.063150	0.480011	1.146579	0.767823	1.007258	1.015402	0.589859	0.687717	1.076179	0.427516	0.936055	0.775977	0.039308	0.243258	0.033375	0.426755	0.465200	0.318048
1	5	clst	0.352120	0.200000	0.000000	1.000000	0.200000	1.000000	1.000000	1.000000	0.000000	1.000000	1.000000	1.000000	1.000000	0.129880	0.345720	0.235020	0.339540	0.636000	0.400000
		seed	0.327517	0.078800	0.905392	1.009113	0.245500	0.706435	1.095416	0.637156	0.921532	0.745646	0.673765	1.175125	1.176341	0.114041	0.241047	0.058120	0.345035	0.685516	0.656746
2	11	clst	0.614591	0.454545	0.636364	1.000000	0.181818	0.636364	0.818182	0.818182	0.272727	0.181818	0.000000	0.727273	0.545455	0.139300	0.381218	0.098655	0.384764	0.618182	0.909091
		seed	0.508088	0.445107	0.898004	0.475947	0.645392	0.405717	0.599658	0.781579	0.673497	0.767838	1.164037	0.783135	0.880343	0.088730	0.087007	0.155140	0.547834	0.823033	0.244799
3	10	clst	0.543670	0.300000	0.900000	0.000000	0.000000	0.500000	0.800000	0.800000	0.500000	1.000000	0.900000	1.000000	1.000000	0.077900	0.207070	0.051120	0.488370	0.633000	0.100000
		seed	0.624913	0.078822	0.346729	0.618316	0.865950	0.790048	0.660946	0.620437	0.934310	0.683558	0.698869	0.969617	1.060005	0.133424	0.106696	0.055925	0.506340	0.587406	0.510190
4	9	clst	0.350556	0.000000	0.000000	0.666667	0.333333	0.333333	0.444444	0.444444	0.333333	0.888889	0.777778	0.777778	1.000000	0.089467	0.273011	0.082356	0.392767	0.615556	0.444444
[class #1] <for of setCPON>
