[class #1] <getLBGClusterSize>
centroid size : 1
ctrd no.	datasize	worktype	data[0]	data[1]	data[2]	data[3]	data[4]	data[5]	data[6]	data[7]	data[8]	data[9]	data[10]	data[11]	data[12]	data[13]	data[14]	data[15]	data[16]	data[17]	data[18]
		seed	0.301168	0.193016	0.402108	1.041847	0.511006	0.736620	0.745391	1.138394	0.965064	1.020175	0.471098	1.116594	1.028055	0.099869	0.194161	-0.009116	0.338559	0.609421	0.019131
0	61	clst	0.466634	0.147541	0.688525	0.786885	0.426230	0.754098	0.852459	0.868852	0.655738	0.836066	0.754098	0.918033	0.901639	0.097495	0.263144	0.086756	0.432716	0.667377	0.360656
[class #1] <for of setCPON>
[class #1] <getLBGClusterSize>
centroid size : 2
ctrd no.	datasize	worktype	data[0]	data[1]	data[2]	data[3]	data[4]	data[5]	data[6]	data[7]	data[8]	data[9]	data[10]	data[11]	data[12]	data[13]	data[14]	data[15]	data[16]	data[17]	data[18]
		seed	0.301209	0.427624	0.911243	0.822459	0.824943	0.840667	0.813314	1.077587	0.489693	0.880096	0.467175	1.117337	0.833249	0.013054	0.432521	0.095476	0.527163	0.849843	0.073241
0	31	clst	0.420713	0.096774	0.903226	0.903226	0.677419	0.967742	1.000000	1.000000	0.967742	1.000000	1.000000	1.000000	1.000000	0.073716	0.180106	0.061319	0.474139	0.724516	0.129032
		seed	0.593980	0.030892	1.079026	0.850736	0.145725	0.714650	1.006475	0.652348	0.247548	1.139725	0.518987	0.784063	0.786385	0.163424	0.135388	0.106153	0.448220	0.815342	0.089614
1	30	clst	0.514087	0.200000	0.466667	0.666667	0.166667	0.533333	0.700000	0.733333	0.333333	0.666667	0.500000	0.833333	0.800000	0.122067	0.348950	0.113040	0.389913	0.608333	0.600000
[class #1] <for of setCPON>
[class #1] <getLBGClusterSize>
centroid size : 3
ctrd no.	datasize	worktype	data[0]	data[1]	data[2]	data[3]	data[4]	data[5]	data[6]	data[7]	data[8]	data[9]	data[10]	data[11]	data[12]	data[13]	data[14]	data[15]	data[16]	data[17]	data[18]
		seed	0.301239	-0.052986	0.486469	0.603095	0.141586	0.944740	0.881237	1.016758	0.972520	0.740018	0.463253	1.118080	0.638443	0.101608	0.318937	0.002394	0.485318	0.662699	0.127352
0	11	clst	0.509600	0.272727	0.454545	0.909091	0.000000	0.363636	0.545455	0.909091	0.636364	0.363636	0.000000	0.545455	0.454545	0.164091	0.464009	0.116709	0.355155	0.501818	0.818182
		seed	0.500396	0.280036	0.586336	0.403315	0.359227	1.101658	0.532652	1.095037	0.729293	0.620810	1.059228	0.834727	1.173779	0.062608	0.411630	0.015436	0.438902	0.842170	0.493923
1	19	clst	0.515942	0.210526	0.473684	0.526316	0.315789	0.684211	0.789474	0.631579	0.105263	0.842105	0.789474	1.000000	1.000000	0.095689	0.290163	0.109505	0.410037	0.648947	0.473684
		seed	0.565955	0.399949	0.992384	1.001725	0.072286	0.915111	0.988010	0.644662	0.790729	1.065357	0.427634	0.966257	1.125834	0.138928	0.171939	0.022452	0.397212	0.652965	-0.078807
2	31	clst	0.421168	0.064516	0.903226	0.903226	0.645161	0.935484	1.000000	1.000000	1.000000	1.000000	1.000000	1.000000	1.000000	0.074971	0.175310	0.062184	0.474139	0.737419	0.129032
[class #1] <for of setCPON>
[class #1] <getLBGClusterSize>
centroid size : 4
ctrd no.	datasize	worktype	data[0]	data[1]	data[2]	data[3]	data[4]	data[5]	data[6]	data[7]	data[8]	data[9]	data[10]	data[11]	data[12]	data[13]	data[14]	data[15]	data[16]	data[17]	data[18]
		seed	0.301270	0.181622	0.995633	0.383707	0.455493	1.048813	0.949181	0.955951	0.497149	0.599939	0.459331	1.118823	1.044202	0.014788	0.205343	0.106986	0.443473	0.475542	0.181434
0	16	clst	0.485931	0.437500	0.375000	0.562500	0.250000	1.000000	1.000000	0.812500	0.312500	0.750000	0.750000	1.000000	0.812500	0.118494	0.303225	0.103325	0.376450	0.568750	0.437500
		seed	0.406801	-0.185994	1.027554	0.781731	0.572728	0.620250	0.774027	0.856959	0.252899	0.848494	0.731055	0.885391	0.960609	0.137167	0.335919	0.122393	0.429590	0.868985	-0.070148
1	27	clst	0.435570	0.000000	0.925926	0.962963	0.740741	1.000000	1.000000	1.000000	1.000000	1.000000	1.000000	1.000000	1.000000	0.075500	0.175122	0.067130	0.481504	0.737778	0.148148
		seed	0.612316	-0.118224	0.968728	0.602642	0.166634	0.376565	0.684104	0.994675	0.876405	0.532201	0.975562	0.794091	0.853666	0.129508	0.390879	0.138584	0.366612	0.668754	0.783007
2	6	clst	0.619700	0.000000	0.833333	1.000000	0.333333	0.500000	0.833333	0.833333	0.000000	0.000000	0.000000	0.500000	0.666667	0.145017	0.477067	0.163500	0.372083	0.666667	1.000000
		seed	0.477311	-0.104867	0.530959	0.769332	0.003655	0.531283	0.583507	0.564471	1.044424	1.116371	0.789942	1.105621	0.899651	0.020284	0.332191	0.088924	0.384827	0.700671	0.277628
3	12	clst	0.434267	0.166667	0.500000	0.583333	0.000000	0.000000	0.333333	0.666667	0.666667	1.000000	0.583333	0.833333	0.916667	0.095225	0.300792	0.070450	0.428283	0.640833	0.416667
[class #1] <for of setCPON>
[class #1] <getLBGClusterSize>
centroid size : 5
ctrd no.	datasize	worktype	data[0]	data[1]	data[2]	data[3]	data[4]	data[5]	data[6]	data[7]	data[8]	data[9]	data[10]	data[11]	data[12]	data[13]	data[14]	data[15]	data[16]	data[17]	data[18]
		seed	0.301300	0.416209	0.570860	0.990157	0.769430	1.152859	1.017104	0.895143	0.979977	1.206460	0.455435	1.119565	0.849396	0.103342	0.091748	0.013904	0.401628	0.715964	0.235545
0	20	clst	0.427460	0.000000	0.950000	0.950000	1.000000	1.000000	1.000000	1.000000	1.000000	1.000000	1.000000	1.000000	1.000000	0.074660	0.211700	0.078795	0.484905	0.764500	0.200000
		seed	0.313217	0.063150	0.534864	1.160123	0.786200	1.007258	1.015402	0.618901	0.734674	1.076179	0.402882	0.936055	0.747420	0.036351	0.260207	0.031676	0.420279	0.468235	0.334162
1	12	clst	0.522300	0.416667	0.500000	1.000000	0.000000	0.416667	0.583333	0.833333	0.500000	0.416667	0.000000	0.583333	0.500000	0.162325	0.454467	0.106992	0.335242	0.509167	0.833333
		seed	0.326906	0.078800	0.945101	1.029397	0.260983	0.706435	1.095416	0.663920	0.962081	0.745646	0.655047	1.175125	1.182063	0.120089	0.257854	0.057049	0.336013	0.684543	0.676470
2	10	clst	0.454920	0.000000	0.700000	1.000000	0.000000	0.800000	1.000000	1.000000	0.900000	1.000000	1.000000	1.000000	1.000000	0.071410	0.117080	0.057250	0.446530	0.692000	0.000000
		seed	0.503292	0.445107	0.937976	0.522372	0.663090	0.405717	0.599658	0.801386	0.720843	0.767838	1.157100	0.783135	0.860723	0.091728	0.093993	0.156531	0.545131	0.819557	0.260132
3	10	clst	0.509870	0.300000	0.800000	0.000000	0.000000	0.500000	0.700000	0.800000	0.500000	1.000000	0.900000	1.000000	1.000000	0.072710	0.192200	0.056010	0.486050	0.626000	0.200000
		seed	0.617409	0.078822	0.406326	0.657760	0.884870	0.790048	0.660946	0.648007	0.974509	0.683558	0.680754	0.969617	1.055767	0.141807	0.114937	0.054799	0.502344	0.588217	0.528352
4	9	clst	0.444444	0.111111	0.222222	0.777778	0.666667	0.888889	0.888889	0.555556	0.000000	0.666667	0.777778	1.000000	1.000000	0.118322	0.363489	0.144411	0.372100	0.681111	0.666667
[class #1] <for of setCPON>
