total mean
0.497228	0.073770	0.569672	0.793716	0.363388	0.585383	0.926230	0.926230	0.528005	0.809426	0.601776	0.800546	0.700820	0.122000	0.345986	0.074369	0.365535	0.578873	0.597678
mean of class
0.535208	0.000000	0.500000	0.833333	0.333333	0.416667	1.000000	1.000000	0.416667	0.750000	0.416667	0.666667	0.500000	0.143950	0.442050	0.057433	0.292633	0.492500	0.916667
0.459248	0.147541	0.639344	0.754098	0.393443	0.754098	0.852459	0.852459	0.639344	0.868852	0.786885	0.934426	0.901639	0.100049	0.249921	0.091305	0.438436	0.665246	0.278689
SW
1.650887	0.078172	0.371096	-1.153670	-0.740274	-0.463329	0.767028	-0.514672	-1.107896	-1.156895	-0.705824	0.245423	-0.624865	0.038408	-0.069958	-0.112281	-0.021508	-0.245910	0.812500
0.078172	7.672131	-0.754098	-0.786885	-2.540984	0.213115	-0.672131	0.327869	0.245902	-1.819672	-3.081967	0.590164	-2.114754	-0.004543	-0.144992	-0.613344	0.100475	-0.567213	1.491803
0.371096	-0.754098	17.065574	0.590164	1.655738	2.090164	1.754098	1.754098	3.565574	2.614754	0.811475	-1.442623	-1.163934	-0.311618	-1.726731	-0.906792	0.261993	1.000410	-3.368852
-1.153670	-0.786885	0.590164	12.978142	1.568306	2.144809	-0.213115	2.786885	2.423497	-2.467213	-2.363388	-1.650273	-2.475410	0.191438	0.216520	0.260340	-0.861392	0.513689	2.013661
-0.740274	-2.540984	1.655738	1.568306	17.224044	8.234973	3.540984	-0.459016	2.989071	2.147541	4.448087	2.907104	2.360656	-0.717480	-0.160511	-0.231651	1.284201	3.164098	-2.355191
-0.463329	0.213115	2.090164	2.144809	8.234973	14.228142	6.786885	1.786885	1.506831	0.282787	4.719945	2.683060	0.024590	-0.348512	-1.037430	-0.114693	0.741474	1.486189	-1.403005
0.767028	-0.672131	1.754098	-0.213115	3.540984	6.786885	7.672131	0.672131	0.754098	-0.180328	4.081967	1.409836	1.114754	-0.618857	-1.141008	-0.307456	0.248325	0.917213	-2.491803
-0.514672	0.327869	1.754098	2.786885	-0.459016	1.786885	0.672131	7.672131	5.754098	0.819672	0.081967	0.409836	0.114754	0.095243	-0.457008	0.029944	-0.286575	-0.682787	-1.491803
-1.107896	0.245902	3.565574	2.423497	2.989071	1.506831	0.754098	5.754098	16.982240	1.364754	-0.771858	2.224044	0.336066	-0.427568	-2.998381	-0.956758	1.508127	0.302910	-3.452186
-1.156895	-1.819672	2.614754	-2.467213	2.147541	0.282787	-0.180328	0.819672	1.364754	9.200820	5.545082	1.475410	3.713115	-0.676757	-0.789780	-0.264361	0.431889	1.389467	-5.020492
-0.705824	-3.081967	0.811475	-2.363388	4.448087	4.719945	4.081967	0.081967	-0.771858	5.545082	13.146175	2.814208	5.221311	-0.717611	-1.169473	-0.150603	0.725002	2.305697	-6.960383
0.245423	0.590164	-1.442623	-1.650273	2.907104	2.683060	1.409836	0.409836	2.224044	1.475410	2.814208	6.404372	2.606557	-0.024003	-1.120415	-0.214047	1.505778	1.460984	-3.218579
-0.624865	-2.114754	-1.163934	-2.475410	2.360656	0.024590	1.114754	0.114754	0.336066	3.713115	5.221311	2.606557	8.409836	-1.237205	-0.617672	-0.044470	0.432916	1.416475	-3.827869
0.038408	-0.004543	-0.311618	0.191438	-0.717480	-0.348512	-0.618857	0.095243	-0.427568	-0.676757	-0.717611	-0.024003	-1.237205	0.573033	0.413196	0.220070	-0.171013	-0.410014	0.611714
-0.069958	-0.144992	-1.726731	0.216520	-0.160511	-1.037430	-1.141008	-0.457008	-2.998381	-0.789780	-1.169473	-1.120415	-0.617672	0.413196	2.644541	0.496164	-0.715521	-0.355857	1.464988
-0.112281	-0.613344	-0.906792	0.260340	-0.231651	-0.114693	-0.307456	0.029944	-0.956758	-0.264361	-0.150603	-0.214047	-0.044470	0.220070	0.496164	0.630534	-0.130762	-0.186208	0.726050
-0.021508	0.100475	0.261993	-0.861392	1.284201	0.741474	0.248325	-0.286575	1.508127	0.431889	0.725002	1.505778	0.432916	-0.171013	-0.715521	-0.130762	1.056096	0.765133	-1.160980
-0.245910	-0.567213	1.000410	0.513689	3.164098	1.486189	0.917213	-0.682787	0.302910	1.389467	2.305697	1.460984	1.416475	-0.410014	-0.355857	-0.186208	0.765133	3.047546	-0.746680
0.812500	1.491803	-3.368852	2.013661	-2.355191	-1.403005	-2.491803	-1.491803	-3.452186	-5.020492	-6.960383	-3.218579	-3.827869	0.611714	1.464988	0.726050	-1.160980	-0.746680	13.178962
SB
0.005770	0.150286	0.010844	0.047913	0.020098	0.047913	0.100648	0.100648	0.010844	0.111318	0.063341	0.159375	0.134272	0.189363	0.081389	0.197050	0.009365	0.016910	0.065802
0.150286	0.021768	0.408761	0.568664	0.154797	0.568664	0.726686	0.726686	0.408761	0.754905	0.619188	0.873152	0.812954	0.010010	0.062461	0.008337	0.192226	0.442552	0.077667
0.010844	0.408761	0.019417	0.064566	0.011354	0.064566	0.124227	0.124227	0.019417	0.136052	0.082303	0.188726	0.161314	0.159961	0.062539	0.167032	0.003790	0.027306	0.048979
0.047913	0.568664	0.064566	0.006278	0.193504	0.006278	0.000366	0.000366	0.037632	0.001262	0.002157	0.010220	0.004666	0.537706	0.340370	0.550606	0.155944	0.028253	0.307631
0.020098	0.154797	0.011354	0.193504	0.003613	0.177043	0.269491	0.269491	0.093643	0.286781	0.205709	0.361313	0.322972	0.054421	0.006958	0.058578	0.011047	0.110166	0.002986
0.047913	0.568664	0.064566	0.006278	0.177043	0.113860	0.189915	0.189915	0.049585	0.204472	0.137062	0.268075	0.235198	0.100247	0.027804	0.105860	0.000474	0.061792	0.019038
0.100648	0.726686	0.124227	0.000366	0.269491	0.189915	0.021768	0.021768	0.130073	0.017200	0.045418	0.004300	0.009675	0.809911	0.562618	0.825727	0.315354	0.112060	0.520290
0.100648	0.726686	0.124227	0.000366	0.269491	0.189915	0.021768	0.021768	0.130073	0.017200	0.045418	0.004300	0.009675	0.809911	0.562618	0.825727	0.315354	0.112060	0.520290
0.010844	0.408761	0.019417	0.037632	0.093643	0.049585	0.130073	0.130073	0.049585	0.204472	0.137062	0.268075	0.235198	0.100247	0.027804	0.105860	0.000474	0.061792	0.019038
0.111318	0.754905	0.136052	0.001262	0.286781	0.204472	0.017200	0.017200	0.204472	0.014126	0.001361	0.034013	0.022994	0.422436	0.250079	0.433879	0.097072	0.007183	0.222135
0.063341	0.619188	0.082303	0.002157	0.205709	0.137062	0.045418	0.045418	0.137062	0.001361	0.137062	0.268075	0.235198	0.100247	0.027804	0.105860	0.000474	0.061792	0.019038
0.159375	0.873152	0.188726	0.010220	0.361313	0.268075	0.004300	0.004300	0.268075	0.034013	0.268075	0.071695	0.055212	0.321055	0.173677	0.331041	0.052089	0.000002	0.150527
0.134272	0.812954	0.161314	0.004666	0.322972	0.235198	0.009675	0.009675	0.235198	0.022994	0.235198	0.055212	0.161314	0.159961	0.062539	0.167032	0.003790	0.027306	0.048979
0.189363	0.010010	0.159961	0.537706	0.054421	0.100247	0.809911	0.809911	0.100247	0.422436	0.100247	0.321055	0.159961	0.001927	0.011230	0.002772	0.086722	0.271749	0.018154
0.081389	0.062461	0.062539	0.340370	0.006958	0.027804	0.562618	0.562618	0.027804	0.250079	0.027804	0.173677	0.062539	0.011230	0.036913	0.123022	0.000013	0.049816	0.026687
0.197050	0.008337	0.167032	0.550606	0.058578	0.105860	0.825727	0.825727	0.105860	0.433879	0.105860	0.331041	0.167032	0.002772	0.123022	0.001147	0.145163	0.369436	0.048954
0.009365	0.192226	0.003790	0.155944	0.011047	0.000474	0.315354	0.315354	0.000474	0.097072	0.000474	0.052089	0.003790	0.086722	0.000013	0.145163	0.021258	0.138840	0.000194
0.016910	0.442552	0.027306	0.028253	0.110166	0.061792	0.112060	0.112060	0.061792	0.007183	0.061792	0.000002	0.027306	0.271749	0.049816	0.369436	0.138840	0.029841	0.045715
0.065802	0.077667	0.048979	0.307631	0.002986	0.019038	0.520290	0.520290	0.019038	0.222135	0.019038	0.150527	0.048979	0.018154	0.026687	0.048954	0.000194	0.045715	0.407016

wegight[fold=1]
0.070269	-0.020756	-0.009209	0.005108	0.011059	-0.029308	0.035568	0.025789	-0.018582	0.003804	-0.018902	-0.012719	-0.035994	-0.068173	0.087724	-0.133572	-0.119912	-0.005984	0.050253
J(w) : 0.019724
