[class #1] <getLBGClusterSize>
centroid size : 1
ctrd no.	datasize	worktype	data[0]	data[1]	data[2]	data[3]	data[4]	data[5]	data[6]	data[7]	data[8]	data[9]	data[10]	data[11]	data[12]	data[13]	data[14]	data[15]	data[16]	data[17]	data[18]
		seed	0.295988	0.193016	0.342355	1.022205	0.477188	0.736620	0.745391	1.135641	0.951967	1.036723	0.517759	1.113603	1.028055	0.102419	0.182630	-0.006711	0.347827	0.610223	-0.040193
0	61	clst	0.459248	0.147541	0.639344	0.754098	0.393443	0.754098	0.852459	0.852459	0.639344	0.868852	0.786885	0.934426	0.901639	0.100049	0.249921	0.091305	0.438436	0.665246	0.278689
[class #1] <for of setCPON>
[class #1] <getLBGClusterSize>
centroid size : 2
ctrd no.	datasize	worktype	data[0]	data[1]	data[2]	data[3]	data[4]	data[5]	data[6]	data[7]	data[8]	data[9]	data[10]	data[11]	data[12]	data[13]	data[14]	data[15]	data[16]	data[17]	data[18]
		seed	0.296028	0.427624	0.870283	0.791506	0.787307	0.840667	0.813314	1.071757	0.471530	0.909000	0.514029	1.114274	0.833249	0.015739	0.415145	0.100220	0.529322	0.838480	0.010330
0	29	clst	0.420590	0.068966	0.896552	0.862069	0.620690	0.965517	1.000000	1.000000	1.000000	1.000000	1.000000	1.000000	1.000000	0.072976	0.159331	0.066362	0.477169	0.730345	0.068966
		seed	0.584895	0.030892	1.044260	0.821241	0.116350	0.714650	1.006475	0.624999	0.226804	1.145728	0.563301	0.813535	0.786385	0.165875	0.125298	0.111136	0.453355	0.805725	0.025617
1	32	clst	0.494281	0.218750	0.406250	0.656250	0.187500	0.562500	0.718750	0.718750	0.312500	0.750000	0.593750	0.875000	0.812500	0.124584	0.332019	0.113909	0.403334	0.606250	0.468750
[class #1] <for of setCPON>
[class #1] <getLBGClusterSize>
centroid size : 3
ctrd no.	datasize	worktype	data[0]	data[1]	data[2]	data[3]	data[4]	data[5]	data[6]	data[7]	data[8]	data[9]	data[10]	data[11]	data[12]	data[13]	data[14]	data[15]	data[16]	data[17]	data[18]
		seed	0.296058	-0.052986	0.429831	0.560833	0.112261	0.944740	0.881237	1.007850	0.959503	0.781277	0.510299	1.114944	0.638443	0.104156	0.304346	0.005056	0.489055	0.660805	0.060853
0	13	clst	0.477785	0.307692	0.461538	0.923077	0.076923	0.384615	0.461538	0.769231	0.538462	0.461538	0.076923	0.692308	0.538462	0.152831	0.392338	0.103123	0.397123	0.564615	0.846154
		seed	0.492559	0.280036	0.533383	0.350752	0.327255	1.101658	0.532652	1.090090	0.713684	0.672583	1.077055	0.859253	1.173779	0.065216	0.394766	0.018390	0.444388	0.831196	0.403120
1	21	clst	0.494310	0.238095	0.428571	0.380952	0.285714	0.761905	0.904762	0.714286	0.238095	0.952381	0.952381	1.000000	1.000000	0.102033	0.267310	0.111319	0.417500	0.597619	0.190476
		seed	0.557243	0.399949	0.954420	0.980014	0.043803	0.915111	0.988010	0.616923	0.775774	1.077919	0.476427	0.977943	1.125834	0.141417	0.160952	0.025563	0.404270	0.651563	-0.131638
2	27	clst	0.423052	0.000000	0.888889	0.962963	0.629630	0.925926	1.000000	1.000000	1.000000	1.000000	1.000000	1.000000	1.000000	0.073093	0.167826	0.070048	0.474611	0.766296	0.074074
[class #1] <for of setCPON>
[class #1] <getLBGClusterSize>
centroid size : 4
ctrd no.	datasize	worktype	data[0]	data[1]	data[2]	data[3]	data[4]	data[5]	data[6]	data[7]	data[8]	data[9]	data[10]	data[11]	data[12]	data[13]	data[14]	data[15]	data[16]	data[17]	data[18]
		seed	0.296088	0.181622	0.957789	0.330134	0.422350	1.048813	0.949181	0.943965	0.479065	0.653553	0.506570	1.115614	1.044202	0.017471	0.193537	0.111987	0.448787	0.483117	0.111349
0	16	clst	0.526419	0.250000	0.500000	0.312500	0.375000	0.875000	1.000000	0.625000	0.187500	0.937500	0.937500	1.000000	1.000000	0.080356	0.255813	0.085181	0.415700	0.594375	0.125000
		seed	0.400212	-0.185994	0.990888	0.748679	0.538160	0.620250	0.774027	0.839964	0.232212	0.880185	0.764972	0.904971	0.960609	0.139659	0.320911	0.127739	0.435428	0.856654	-0.123553
1	17	clst	0.408447	0.000000	0.941176	0.941176	1.000000	1.000000	1.000000	1.000000	1.000000	1.000000	1.000000	1.000000	1.000000	0.071794	0.198547	0.084441	0.487029	0.804118	0.117647
		seed	0.602987	-0.118224	0.929891	0.560356	0.137004	0.376565	0.684104	0.984649	0.862363	0.591790	0.997491	0.822584	0.853666	0.132012	0.374524	0.144292	0.374823	0.666553	0.673038
2	10	clst	0.518310	0.400000	0.400000	1.000000	0.100000	0.700000	0.800000	0.800000	0.300000	0.300000	0.200000	0.800000	0.500000	0.184390	0.390350	0.153480	0.388360	0.630000	1.000000
		seed	0.469782	-0.104867	0.475962	0.735640	-0.023993	0.531283	0.583507	0.532674	1.032173	1.124434	0.820972	1.103701	0.899651	0.022959	0.317275	0.093522	0.392352	0.696855	0.201165
3	18	clst	0.414706	0.055556	0.611111	0.833333	0.000000	0.444444	0.611111	0.944444	0.888889	1.000000	0.777778	0.888889	0.944444	0.097383	0.215189	0.068689	0.440572	0.616667	0.166667
[class #1] <for of setCPON>
[class #1] <getLBGClusterSize>
centroid size : 5
ctrd no.	datasize	worktype	data[0]	data[1]	data[2]	data[3]	data[4]	data[5]	data[6]	data[7]	data[8]	data[9]	data[10]	data[11]	data[12]	data[13]	data[14]	data[15]	data[16]	data[17]	data[18]
		seed	0.296118	0.416209	0.517336	0.967850	0.732469	1.152859	1.017104	0.880080	0.967039	1.206577	0.502865	1.116285	0.849396	0.105887	0.082728	0.016824	0.408520	0.711374	0.161872
0	18	clst	0.420967	0.000000	0.888889	0.888889	1.000000	1.000000	1.000000	1.000000	1.000000	1.000000	1.000000	1.000000	1.000000	0.070689	0.197639	0.083344	0.484522	0.771111	0.111111
		seed	0.307876	0.063150	0.480011	1.146579	0.749035	1.007258	1.015402	0.589859	0.719122	1.087787	0.452888	0.950689	0.747420	0.039000	0.247056	0.034993	0.426467	0.476179	0.253951
1	12	clst	0.504692	0.416667	0.500000	1.000000	0.083333	0.500000	0.583333	0.833333	0.500000	0.416667	0.000000	0.666667	0.500000	0.169900	0.425033	0.109883	0.356567	0.507500	0.833333
		seed	0.321382	0.078800	0.905392	1.009113	0.230205	0.706435	1.095416	0.637156	0.948953	0.786408	0.692691	1.166421	1.182063	0.122608	0.244761	0.060933	0.345377	0.681543	0.573564
2	14	clst	0.426557	0.000000	0.571429	1.000000	0.000000	0.857143	1.000000	1.000000	0.714286	1.000000	1.000000	1.000000	1.000000	0.098314	0.177100	0.114800	0.416957	0.685714	0.142857
		seed	0.495416	0.445107	0.898004	0.475947	0.627422	0.405717	0.599658	0.781579	0.705143	0.806642	1.170128	0.812697	0.860723	0.094291	0.084918	0.162641	0.546614	0.809726	0.184830
3	10	clst	0.543670	0.300000	0.900000	0.000000	0.000000	0.500000	0.800000	0.800000	0.500000	1.000000	0.900000	1.000000	1.000000	0.077900	0.207070	0.051120	0.488370	0.633000	0.100000
		seed	0.608012	0.078822	0.346729	0.618316	0.846505	0.790048	0.660946	0.620437	0.961512	0.729797	0.717137	0.980974	1.055767	0.144292	0.105349	0.058633	0.505439	0.590091	0.435267
4	7	clst	0.424557	0.142857	0.000000	0.571429	0.714286	0.714286	0.714286	0.285714	0.000000	0.857143	1.000000	1.000000	1.000000	0.090914	0.291029	0.090343	0.431900	0.668571	0.285714
[class #1] <for of setCPON>
