[class #1] <getLBGClusterSize>
centroid size : 1
ctrd no.	datasize	worktype	data[0]	data[1]	data[2]	data[3]	data[4]	data[5]	data[6]	data[7]	data[8]
		seed	0.045769	0.054810	-0.019010	0.112418	0.137949	0.030893	0.079033	0.123503	0.051806
0	400	clst	0.233039	0.041108	0.054163	0.043608	0.120823	0.036387	0.116935	0.032499	0.009444
[class #1] <for of setCPON>
[class #1] <getLBGClusterSize>
centroid size : 2
ctrd no.	datasize	worktype	data[0]	data[1]	data[2]	data[3]	data[4]	data[5]	data[6]	data[7]	data[8]
		seed	0.045815	0.125503	0.111063	0.053209	0.201369	0.063600	0.103078	0.102973	-0.013296
0	225	clst	0.092830	0.016295	0.023208	0.016295	0.107151	0.018270	0.111103	0.006419	0.010864
		seed	0.255183	-0.030094	0.140122	0.018227	0.023817	0.167760	0.128104	0.126694	0.065442
1	175	clst	0.413306	0.073011	0.093963	0.078725	0.138401	0.059681	0.124434	0.066030	0.007618
[class #1] <for of setCPON>
[class #1] <getLBGClusterSize>
centroid size : 3
ctrd no.	datasize	worktype	data[0]	data[1]	data[2]	data[3]	data[4]	data[5]	data[6]	data[7]	data[8]
		seed	0.045850	-0.019315	0.002543	-0.005994	0.063320	0.096315	0.127123	0.082436	0.052827
0	155	clst	0.034405	0.020786	0.030105	0.017919	0.111101	0.020070	0.109670	0.007168	0.014337
		seed	0.184733	-0.031067	0.140443	-0.054069	0.125548	0.079662	0.008885	0.084961	0.008009
1	16	clst	0.506956	0.381931	0.388881	0.354144	0.368044	0.527769	0.333319	0.458331	0.055550
		seed	0.142575	0.063038	0.098364	0.019220	0.027248	0.018047	0.218264	-0.070274	0.053044
2	229	clst	0.348346	0.031050	0.047061	0.039299	0.110130	0.013099	0.106734	0.019892	0.002911
[class #1] <for of setCPON>
[class #1] <getLBGClusterSize>
centroid size : 4
ctrd no.	datasize	worktype	data[0]	data[1]	data[2]	data[3]	data[4]	data[5]	data[6]	data[7]	data[8]
		seed	0.045884	0.051377	0.132623	-0.065204	0.126734	0.129030	0.151175	0.061905	-0.012274
0	15	clst	0.488900	0.385173	0.377767	0.362940	0.377767	0.562953	0.333320	0.474073	0.059253
		seed	0.114283	-0.032041	0.140763	0.096516	0.025809	-0.008445	0.142846	0.043227	-0.049429
1	34	clst	0.464024	0.124171	0.235282	0.062085	0.133974	0.003268	0.120906	0.035944	0.006535
		seed	0.163545	0.002243	-0.057105	0.124519	0.119565	0.076487	0.077913	0.007294	0.007152
2	196	clst	0.330471	0.016438	0.017005	0.036279	0.106565	0.014738	0.105432	0.018140	0.002267
		seed	0.075173	0.044696	0.047832	0.030457	0.140605	0.098139	0.169286	0.073934	0.007664
3	155	clst	0.034405	0.020786	0.030105	0.017919	0.111101	0.020070	0.109670	0.007168	0.014337
[class #1] <for of setCPON>
[class #1] <getLBGClusterSize>
centroid size : 5
ctrd no.	datasize	worktype	data[0]	data[1]	data[2]	data[3]	data[4]	data[5]	data[6]	data[7]	data[8]
		seed	0.045918	0.122063	0.024103	0.098468	0.190155	0.161737	0.175220	0.041375	0.053849
0	15	clst	0.525940	0.407393	0.414807	0.362940	0.340727	0.562953	0.325913	0.437033	0.059253
		seed	0.419322	-0.033007	0.141083	0.024219	0.127540	-0.096552	0.023627	0.001493	0.024355
1	98	clst	0.459152	0.043080	0.080494	0.064622	0.119036	0.005668	0.092961	0.014738	0.004535
		seed	0.184527	-0.058545	0.026010	0.006936	0.211877	0.134920	0.190742	0.084862	-0.038736
2	13	clst	0.205115	0.111100	0.102554	0.059823	0.136746	0.008546	0.495731	0.205131	0.000000
		seed	0.263972	0.110416	-0.042332	0.050869	0.069087	-0.058789	0.114822	-0.031543	0.002362
3	124	clst	0.262519	0.018815	0.019711	0.019711	0.103932	0.018815	0.102140	0.012544	0.001792
		seed	0.058157	0.035212	-0.046322	0.022186	0.176173	0.116550	0.074984	0.019884	0.054021
4	150	clst	0.034071	0.015554	0.025183	0.016295	0.112583	0.020739	0.091102	0.005185	0.014815
[class #1] <for of setCPON>
