[class #0] <getLBGClusterSize>
centroid size : 1
ctrd no.	datasize	worktype	data[0]	data[1]	data[2]	data[3]	data[4]	data[5]	data[6]	data[7]	data[8]
		seed	0.447754	0.665260	0.437425	0.741711	0.538766	0.705177	0.482665	0.812019	0.370506
0	216	clst	0.702677	0.627056	0.618825	0.513885	0.491764	0.719646	0.559669	0.518516	0.188782
[class #0] <for of setCPON>
[class #0] <getLBGClusterSize>
centroid size : 2
ctrd no.	datasize	worktype	data[0]	data[1]	data[2]	data[3]	data[4]	data[5]	data[6]	data[7]	data[8]
		seed	0.447816	0.862357	0.759883	0.545672	0.712819	0.791311	0.531515	0.745806	0.091233
0	121	clst	0.707992	0.820026	0.789722	0.587691	0.631774	0.673089	0.651061	0.708911	0.251603
		seed	0.732822	0.428538	0.831923	0.429851	0.225538	1.065617	0.582360	0.822312	0.428999
1	95	clst	0.695907	0.381273	0.401157	0.419880	0.313436	0.778945	0.443264	0.276013	0.108767
[class #0] <for of setCPON>
[class #0] <getLBGClusterSize>
centroid size : 3
ctrd no.	datasize	worktype	data[0]	data[1]	data[2]	data[3]	data[4]	data[5]	data[6]	data[7]	data[8]
		seed	0.447863	0.458591	0.490855	0.349657	0.333952	0.877466	0.580366	0.679570	0.374887
0	87	clst	0.712646	0.357585	0.390792	0.383138	0.298832	0.807151	0.454653	0.293731	0.116215
		seed	0.636920	0.425824	0.832717	0.190484	0.504731	0.833610	0.340146	0.687714	0.182623
1	57	clst	0.748540	0.779735	0.727104	0.376207	0.571149	0.288484	0.555554	0.703707	0.200777
		seed	0.579532	0.688198	0.728402	0.433139	0.234953	0.671347	0.765535	0.187053	0.375814
2	72	clst	0.654322	0.831796	0.808646	0.780867	0.662043	0.955249	0.689821	0.643521	0.266971
[class #0] <for of setCPON>
[class #0] <getLBGClusterSize>
centroid size : 4
ctrd no.	datasize	worktype	data[0]	data[1]	data[2]	data[3]	data[4]	data[5]	data[6]	data[7]	data[8]
		seed	0.447910	0.655688	0.813331	0.153618	0.507988	0.963622	0.629233	0.613357	0.095614
0	22	clst	0.792932	0.924250	0.949500	0.343427	0.772727	0.924245	0.575759	0.121200	0.040400
		seed	0.541019	0.423110	0.833511	0.689059	0.231005	0.601580	0.612311	0.553115	-0.063770
1	59	clst	0.713749	0.578158	0.581917	0.291886	0.391707	0.248568	0.506585	0.553669	0.103573
		seed	0.608078	0.518697	0.342984	0.781774	0.488313	0.825251	0.480388	0.437225	0.178947
2	68	clst	0.710787	0.379069	0.379075	0.472221	0.325149	0.957521	0.459141	0.320253	0.116007
		seed	0.487780	0.637058	0.603130	0.470342	0.546055	0.882271	0.666028	0.652153	0.181146
3	67	clst	0.655060	0.824218	0.786076	0.807634	0.656719	0.825870	0.703160	0.819243	0.386400
[class #0] <for of setCPON>
[class #0] <getLBGClusterSize>
centroid size : 5
ctrd no.	datasize	worktype	data[0]	data[1]	data[2]	data[3]	data[4]	data[5]	data[6]	data[7]	data[8]
		seed	0.447956	0.852767	0.544303	0.695522	0.682041	1.049755	0.678084	0.547143	0.379267
0	44	clst	0.709602	0.962120	0.919193	0.825766	0.762634	0.835857	0.750011	0.679300	0.439395
		seed	0.956259	0.420415	0.834306	0.449691	0.510199	0.369551	0.370097	0.418517	0.252747
1	40	clst	0.838895	0.800007	0.791675	0.238878	0.563890	0.374987	0.494443	0.766670	0.155550
		seed	0.636639	0.349215	0.549032	0.392468	0.741656	0.979133	0.709620	0.687397	-0.017903
2	41	clst	0.628732	0.550141	0.520322	0.680215	0.449854	0.943093	0.617898	0.821146	0.178851
		seed	0.744786	0.820293	0.379609	0.537925	0.349779	0.469002	0.555376	0.311970	0.158402
3	32	clst	0.607634	0.420134	0.416653	0.302069	0.336794	0.246509	0.475681	0.253456	0.069441
		seed	0.464616	0.610618	0.369717	0.442958	0.643670	0.930757	0.474439	0.477831	0.380006
4	59	clst	0.708095	0.425600	0.455741	0.467041	0.354036	0.967988	0.467029	0.163827	0.096042
[class #0] <for of setCPON>
