[class #0] <getLBGClusterSize>
centroid size : 1
ctrd no.	datasize	worktype	data[0]	data[1]	data[2]	data[3]	data[4]	data[5]	data[6]	data[7]	data[8]
		seed	0.440803	0.661294	0.446969	0.738598	0.531602	0.697415	0.482563	0.841372	0.353464
0	216	clst	0.697019	0.624485	0.621398	0.513370	0.486620	0.711930	0.557612	0.539608	0.181580
[class #0] <for of setCPON>
[class #0] <getLBGClusterSize>
centroid size : 2
ctrd no.	datasize	worktype	data[0]	data[1]	data[2]	data[3]	data[4]	data[5]	data[6]	data[7]	data[8]
		seed	0.440865	0.851194	0.757035	0.544795	0.698175	0.783821	0.530173	0.773295	0.089312
0	123	clst	0.688350	0.794047	0.779593	0.571811	0.606142	0.659434	0.637764	0.753392	0.243898
		seed	0.727317	0.433216	0.826307	0.430294	0.231836	1.058996	0.579726	0.851954	0.408791
1	93	clst	0.708485	0.400226	0.412173	0.436078	0.328543	0.781359	0.451603	0.256861	0.099158
[class #0] <for of setCPON>
[class #0] <getLBGClusterSize>
centroid size : 3
ctrd no.	datasize	worktype	data[0]	data[1]	data[2]	data[3]	data[4]	data[5]	data[6]	data[7]	data[8]
		seed	0.440912	0.462171	0.498345	0.351014	0.335591	0.870249	0.577783	0.705195	0.357608
0	71	clst	0.622849	0.740225	0.762132	0.768392	0.596245	0.951489	0.661979	0.805954	0.291075
		seed	0.630929	0.430601	0.827070	0.193657	0.499031	0.826254	0.343665	0.713568	0.175755
1	65	clst	0.774363	0.765820	0.721374	0.358963	0.565809	0.299131	0.558971	0.663249	0.179483
		seed	0.573250	0.683395	0.726764	0.433545	0.240847	0.663478	0.758248	0.198817	0.358485
2	80	clst	0.700002	0.406931	0.415266	0.412495	0.324988	0.834720	0.463881	0.202768	0.086106
[class #0] <for of setCPON>
[class #0] <getLBGClusterSize>
centroid size : 4
ctrd no.	datasize	worktype	data[0]	data[1]	data[2]	data[3]	data[4]	data[5]	data[6]	data[7]	data[8]
		seed	0.440959	0.652072	0.808429	0.157211	0.502147	0.956677	0.625408	0.637118	0.093456
0	18	clst	0.802472	0.919761	0.950622	0.302461	0.734567	0.907411	0.524689	0.129617	0.037033
		seed	0.534541	0.427986	0.827834	0.686546	0.237068	0.593490	0.608916	0.575181	-0.057298
1	65	clst	0.760688	0.625646	0.611965	0.285457	0.435891	0.258100	0.533329	0.601709	0.145294
		seed	0.601940	0.520083	0.356156	0.778205	0.483318	0.817868	0.480345	0.456029	0.172277
2	69	clst	0.689213	0.402562	0.384852	0.499193	0.331710	0.943642	0.457317	0.309172	0.098222
		seed	0.481032	0.634122	0.606306	0.470324	0.538578	0.875069	0.661269	0.677006	0.174357
3	64	clst	0.611113	0.779520	0.793411	0.819448	0.635420	0.868056	0.699662	0.840284	0.348956
[class #0] <for of setCPON>
[class #0] <getLBGClusterSize>
centroid size : 5
ctrd no.	datasize	worktype	data[0]	data[1]	data[2]	data[3]	data[4]	data[5]	data[6]	data[7]	data[8]
		seed	0.441006	0.841955	0.549740	0.692936	0.668720	1.043083	0.673018	0.569041	0.361751
0	50	clst	0.591108	0.813340	0.842230	0.895564	0.637782	0.944444	0.688894	0.822226	0.317774
		seed	0.951887	0.425389	0.828598	0.449909	0.504263	0.360726	0.372855	0.436795	0.242081
1	44	clst	0.838391	0.840918	0.792936	0.315648	0.606061	0.300491	0.540405	0.775257	0.234845
		seed	0.630647	0.356789	0.554287	0.393337	0.725773	0.972237	0.703754	0.713242	-0.013914
2	32	clst	0.715291	0.503472	0.499994	0.434016	0.399291	0.895837	0.583347	0.812519	0.149297
		seed	0.739342	0.810667	0.391374	0.537137	0.350738	0.460491	0.553427	0.327249	0.152844
3	33	clst	0.676770	0.441076	0.424230	0.289548	0.373727	0.269342	0.481470	0.228942	0.080803
		seed	0.457750	0.608647	0.381862	0.443252	0.631998	0.923708	0.474547	0.497778	0.362450
4	57	clst	0.682260	0.465874	0.477577	0.504872	0.376209	0.978560	0.485368	0.136439	0.097461
[class #0] <for of setCPON>
