[class #1] <getLBGClusterSize>
centroid size : 1
ctrd no.	datasize	worktype	data[0]	data[1]	data[2]	data[3]	data[4]	data[5]	data[6]	data[7]	data[8]
		seed	0.047096	0.059993	-0.020894	0.108601	0.134231	0.036576	0.082124	0.128060	0.052914
0	400	clst	0.237483	0.044719	0.055553	0.043330	0.118601	0.042776	0.120824	0.034999	0.010000
[class #1] <for of setCPON>
[class #1] <getLBGClusterSize>
centroid size : 2
ctrd no.	datasize	worktype	data[0]	data[1]	data[2]	data[3]	data[4]	data[5]	data[6]	data[7]	data[8]
		seed	0.047143	0.138789	0.114998	0.052437	0.192114	0.073484	0.106675	0.107066	-0.013036
0	225	clst	0.093818	0.015801	0.023701	0.013826	0.101225	0.016295	0.109621	0.010369	0.010864
		seed	0.259996	-0.034646	0.145357	0.019255	0.030065	0.191025	0.132228	0.131324	0.066727
1	175	clst	0.422195	0.081900	0.096504	0.081264	0.140941	0.076823	0.135228	0.066665	0.008888
[class #1] <for of setCPON>
[class #1] <getLBGClusterSize>
centroid size : 3
ctrd no.	datasize	worktype	data[0]	data[1]	data[2]	data[3]	data[4]	data[5]	data[6]	data[7]	data[8]
		seed	0.047178	-0.022631	0.001622	-0.003721	0.066119	0.110402	0.131226	0.086064	0.053948
0	152	clst	0.032161	0.017542	0.028506	0.015349	0.102330	0.017542	0.107448	0.007309	0.014620
		seed	0.188373	-0.035730	0.145692	-0.049323	0.122913	0.091610	0.010498	0.088646	0.008545
1	19	clst	0.514632	0.426889	0.415200	0.309916	0.362558	0.590637	0.350863	0.450284	0.058474
		seed	0.145514	0.069163	0.101731	0.020197	0.033196	0.022080	0.224286	-0.070099	0.054167
2	229	clst	0.350772	0.031050	0.043665	0.039784	0.109159	0.014069	0.110616	0.018921	0.002911
[class #1] <for of setCPON>
[class #1] <getLBGClusterSize>
centroid size : 4
ctrd no.	datasize	worktype	data[0]	data[1]	data[2]	data[3]	data[4]	data[5]	data[6]	data[7]	data[8]
		seed	0.047213	0.056166	0.137522	-0.059885	0.123996	0.147320	0.155785	0.065070	-0.012002
0	16	clst	0.534737	0.472213	0.451381	0.305525	0.354150	0.687494	0.354156	0.444438	0.069437
		seed	0.116750	-0.036815	0.146027	0.093516	0.031883	-0.007816	0.147280	0.045969	-0.049640
1	47	clst	0.404230	0.125283	0.172568	0.122928	0.151287	0.028366	0.156017	0.099285	0.004728
		seed	0.166833	0.001399	-0.060694	0.120079	0.117453	0.088028	0.080980	0.009224	0.007677
2	185	clst	0.338109	0.009609	0.013812	0.023421	0.103293	0.011410	0.102693	0.006005	0.002402
		seed	0.076990	0.048718	0.048938	0.030855	0.136656	0.112461	0.174277	0.077371	0.008197
3	152	clst	0.032161	0.017542	0.028506	0.015349	0.102330	0.017542	0.107448	0.007309	0.014620
[class #1] <for of setCPON>
[class #1] <getLBGClusterSize>
centroid size : 5
ctrd no.	datasize	worktype	data[0]	data[1]	data[2]	data[3]	data[4]	data[5]	data[6]	data[7]	data[8]
		seed	0.047248	0.134955	0.024147	0.095368	0.181879	0.184228	0.180336	0.044076	0.054983
0	16	clst	0.534737	0.472213	0.451381	0.305525	0.354150	0.687494	0.354156	0.444438	0.069437
		seed	0.426868	-0.037893	0.146361	0.024939	0.124731	-0.107241	0.025550	0.003292	0.025105
1	98	clst	0.463687	0.043080	0.073693	0.069157	0.116768	0.007936	0.097496	0.018139	0.004535
		seed	0.188164	-0.066358	0.026140	0.008544	0.201705	0.153966	0.196185	0.088546	-0.038809
2	20	clst	0.222210	0.138875	0.116655	0.094440	0.138880	0.066660	0.399995	0.144440	0.000000
		seed	0.268932	0.121973	-0.045260	0.050217	0.071382	-0.064626	0.118666	-0.030492	0.002825
3	120	clst	0.266640	0.012962	0.016665	0.014813	0.103693	0.012962	0.099990	0.012036	0.001852
		seed	0.059690	0.038147	-0.049428	0.023010	0.169118	0.133237	0.077990	0.022098	0.055157
4	146	clst	0.031199	0.012175	0.023590	0.013697	0.103491	0.016741	0.089793	0.005327	0.015221
[class #1] <for of setCPON>
