[class #0] <getLBGClusterSize>
centroid size : 1
ctrd no.	datasize	worktype	data[0]	data[1]	data[2]	data[3]	data[4]	data[5]	data[6]	data[7]	data[8]
		seed	0.447153	0.669355	0.435390	0.735545	0.541399	0.698134	0.480941	0.833234	0.387892
0	207	clst	0.704244	0.630703	0.617282	0.505631	0.494358	0.712825	0.555554	0.538377	0.202894
[class #0] <for of setCPON>
[class #0] <getLBGClusterSize>
centroid size : 2
ctrd no.	datasize	worktype	data[0]	data[1]	data[2]	data[3]	data[4]	data[5]	data[6]	data[7]	data[8]
		seed	0.447216	0.868764	0.758720	0.537710	0.715597	0.785587	0.528274	0.766715	0.103588
0	123	clst	0.710031	0.804885	0.777784	0.593493	0.621500	0.683825	0.636861	0.734422	0.266482
		seed	0.734645	0.429856	0.830956	0.420827	0.227912	1.064096	0.577540	0.843574	0.447439
1	84	clst	0.695770	0.375650	0.382261	0.376977	0.308187	0.755288	0.436496	0.251312	0.109783
[class #0] <for of setCPON>
[class #0] <getLBGClusterSize>
centroid size : 3
ctrd no.	datasize	worktype	data[0]	data[1]	data[2]	data[3]	data[4]	data[5]	data[6]	data[7]	data[8]
		seed	0.447263	0.460261	0.488965	0.339898	0.336416	0.873063	0.575608	0.700174	0.392351
0	78	clst	0.643878	0.770662	0.763536	0.746440	0.612540	0.974362	0.651001	0.699436	0.276346
		seed	0.637928	0.427110	0.831752	0.179266	0.507337	0.828534	0.342849	0.708355	0.196625
1	55	clst	0.773740	0.826271	0.733338	0.410093	0.591915	0.296955	0.573738	0.721216	0.234342
		seed	0.580052	0.692563	0.727155	0.424145	0.237335	0.663785	0.755025	0.205387	0.393296
2	74	clst	0.716220	0.337824	0.376864	0.322815	0.297281	0.746243	0.441431	0.232719	0.102099
[class #0] <for of setCPON>
[class #0] <getLBGClusterSize>
centroid size : 4
ctrd no.	datasize	worktype	data[0]	data[1]	data[2]	data[3]	data[4]	data[5]	data[6]	data[7]	data[8]
		seed	0.447310	0.659671	0.812313	0.142063	0.510596	0.960538	0.622957	0.633655	0.108048
0	17	clst	0.823535	0.941182	0.960788	0.300647	0.797388	0.915035	0.562094	0.137241	0.052282
		seed	0.541211	0.424364	0.832548	0.682410	0.233383	0.592950	0.606560	0.573136	-0.054207
1	55	clst	0.741416	0.585862	0.571711	0.272713	0.391909	0.236345	0.496964	0.559593	0.125247
		seed	0.608841	0.521073	0.340694	0.775976	0.490905	0.820047	0.478735	0.456712	0.192882
2	65	clst	0.705988	0.388022	0.374348	0.446148	0.323063	0.952140	0.456400	0.319652	0.114525
		seed	0.487520	0.640823	0.601544	0.461690	0.548695	0.877941	0.658609	0.672630	0.195121
3	70	clst	0.644447	0.815880	0.795246	0.793656	0.660321	0.815871	0.692071	0.822229	0.382537
[class #0] <for of setCPON>
[class #0] <getLBGClusterSize>
centroid size : 5
ctrd no.	datasize	worktype	data[0]	data[1]	data[2]	data[3]	data[4]	data[5]	data[6]	data[7]	data[8]
		seed	0.447358	0.859062	0.542558	0.688933	0.684793	1.047991	0.670290	0.567137	0.396811
0	52	clst	0.664535	0.908121	0.878206	0.848298	0.750008	0.829058	0.705135	0.707269	0.420938
		seed	0.959982	0.421637	0.833345	0.440849	0.512808	0.357365	0.371870	0.437918	0.268011
1	41	clst	0.799461	0.829278	0.783210	0.254729	0.531159	0.344159	0.555554	0.720871	0.165307
		seed	0.637645	0.349602	0.547300	0.383101	0.744458	0.976287	0.700847	0.708037	-0.007514
2	37	clst	0.657668	0.525530	0.525524	0.582576	0.414405	0.936941	0.612627	0.843857	0.144135
		seed	0.746711	0.826207	0.377418	0.529892	0.352256	0.458340	0.551394	0.330879	0.171967
3	27	clst	0.720167	0.316863	0.353885	0.246904	0.316859	0.246900	0.329200	0.234548	0.127567
		seed	0.464159	0.614072	0.367499	0.434054	0.646391	0.927170	0.472971	0.497505	0.397563
4	50	clst	0.693332	0.426658	0.419994	0.437772	0.353322	0.980002	0.479986	0.151098	0.091108
[class #0] <for of setCPON>
