[class #0] <getLBGClusterSize>
centroid size : 1
ctrd no.	datasize	worktype	data[0]	data[1]	data[2]	data[3]	data[4]	data[5]	data[6]	data[7]	data[8]
		seed	0.443658	0.665858	0.444952	0.746342	0.528629	0.702722	0.488287	0.826780	0.348299
0	216	clst	0.701134	0.628601	0.622427	0.519543	0.481990	0.717074	0.562756	0.529319	0.177978
[class #0] <for of setCPON>
[class #0] <getLBGClusterSize>
centroid size : 2
ctrd no.	datasize	worktype	data[0]	data[1]	data[2]	data[3]	data[4]	data[5]	data[6]	data[7]	data[8]
		seed	0.443721	0.858073	0.760432	0.551187	0.701337	0.788157	0.535530	0.759674	0.086551
0	123	clst	0.695576	0.803080	0.783206	0.585361	0.615175	0.672984	0.656737	0.730807	0.233961
		seed	0.731581	0.435001	0.830914	0.435887	0.217820	1.060239	0.584700	0.837212	0.403122
1	93	clst	0.708485	0.397838	0.409785	0.432494	0.305842	0.775386	0.438459	0.262833	0.103937
[class #0] <for of setCPON>
[class #0] <getLBGClusterSize>
centroid size : 3
ctrd no.	datasize	worktype	data[0]	data[1]	data[2]	data[3]	data[4]	data[5]	data[6]	data[7]	data[8]
		seed	0.443768	0.464309	0.497226	0.356054	0.325397	0.873614	0.582772	0.692545	0.352405
0	80	clst	0.647225	0.763895	0.751391	0.766669	0.623614	0.961112	0.661117	0.700004	0.256938
		seed	0.634719	0.432354	0.831691	0.197599	0.494857	0.830113	0.350462	0.700798	0.172206
1	56	clst	0.753970	0.803580	0.736118	0.386893	0.549598	0.309507	0.601193	0.730162	0.196425
		seed	0.576756	0.688229	0.729633	0.439161	0.227163	0.669166	0.761843	0.193386	0.353274
2	80	clst	0.718059	0.370821	0.413880	0.365273	0.293040	0.758331	0.437489	0.218043	0.086106
[class #0] <for of setCPON>
[class #0] <getLBGClusterSize>
centroid size : 4
ctrd no.	datasize	worktype	data[0]	data[1]	data[2]	data[3]	data[4]	data[5]	data[6]	data[7]	data[8]
		seed	0.443815	0.656524	0.812724	0.160899	0.498089	0.959071	0.630029	0.625438	0.090656
0	21	clst	0.788362	0.920643	0.941805	0.396819	0.756614	0.931219	0.629633	0.105810	0.042324
		seed	0.537857	0.429708	0.832468	0.693927	0.223245	0.599965	0.613664	0.564385	-0.058726
1	62	clst	0.749106	0.616492	0.600358	0.270594	0.430102	0.259837	0.530461	0.591397	0.145155
		seed	0.605588	0.522927	0.352555	0.786225	0.478566	0.821822	0.486086	0.446932	0.168761
2	73	clst	0.686456	0.407903	0.386593	0.528156	0.330277	0.922378	0.447478	0.308970	0.132414
		seed	0.484085	0.638356	0.607072	0.476196	0.535862	0.878380	0.665613	0.664758	0.170821
3	60	clst	0.638892	0.807415	0.820382	0.809265	0.624073	0.864813	0.712975	0.881490	0.314812
[class #0] <for of setCPON>
[class #0] <getLBGClusterSize>
centroid size : 5
ctrd no.	datasize	worktype	data[0]	data[1]	data[2]	data[3]	data[4]	data[5]	data[6]	data[7]	data[8]
		seed	0.443862	0.848720	0.549518	0.700361	0.670797	1.044506	0.677271	0.558332	0.356511
0	35	clst	0.774609	0.993651	0.977780	0.768260	0.771434	0.876189	0.774614	0.634926	0.387303
		seed	0.957256	0.427079	0.833245	0.455638	0.500282	0.369817	0.379427	0.427971	0.237929
1	41	clst	0.813015	0.802176	0.753395	0.292673	0.533873	0.325188	0.544720	0.823854	0.197827
		seed	0.634435	0.357643	0.554145	0.398672	0.729952	0.974456	0.707769	0.700477	-0.015737
2	48	clst	0.581023	0.578710	0.597223	0.738425	0.493050	0.944448	0.601860	0.831025	0.192119
		seed	0.743665	0.817051	0.388387	0.543475	0.341102	0.468461	0.558604	0.319987	0.149504
3	33	clst	0.629627	0.437709	0.410764	0.292915	0.346791	0.255873	0.474733	0.262612	0.060600
		seed	0.460689	0.612570	0.378709	0.448935	0.632722	0.926472	0.480333	0.488085	0.357203
4	59	clst	0.717514	0.438785	0.459507	0.478339	0.340853	0.967988	0.467031	0.165712	0.094158
[class #0] <for of setCPON>
