[class #0] <getLBGClusterSize>
centroid size : 1
ctrd no.	datasize	worktype	data[0]	data[1]	data[2]	data[3]	data[4]	data[5]	data[6]	data[7]	data[8]
		seed	0.434989	0.662044	0.444477	0.742693	0.526961	0.695119	0.476807	0.827021	0.373636
0	216	clst	0.695475	0.624486	0.623970	0.514400	0.480447	0.709873	0.551953	0.527777	0.190839
[class #0] <for of setCPON>
[class #0] <getLBGClusterSize>
centroid size : 2
ctrd no.	datasize	worktype	data[0]	data[1]	data[2]	data[3]	data[4]	data[5]	data[6]	data[7]	data[8]
		seed	0.435053	0.855809	0.763545	0.546252	0.699206	0.782948	0.524479	0.759513	0.092715
0	126	clst	0.690478	0.787485	0.781312	0.599644	0.607583	0.681654	0.638453	0.739865	0.255728
		seed	0.726277	0.429323	0.834828	0.430193	0.216986	1.062654	0.574096	0.837515	0.432475
1	90	clst	0.702470	0.396287	0.403692	0.395058	0.302457	0.749379	0.430852	0.230853	0.099996
[class #0] <for of setCPON>
[class #0] <getLBGClusterSize>
centroid size : 3
ctrd no.	datasize	worktype	data[0]	data[1]	data[2]	data[3]	data[4]	data[5]	data[6]	data[7]	data[8]
		seed	0.435101	0.458868	0.497345	0.349834	0.324274	0.870799	0.572151	0.691981	0.378042
0	74	clst	0.626126	0.747753	0.773277	0.797303	0.579578	0.953455	0.663670	0.777785	0.271766
		seed	0.628283	0.426655	0.835613	0.190334	0.493280	0.826079	0.337728	0.700284	0.184644
1	54	clst	0.775724	0.810707	0.753093	0.349781	0.588474	0.306572	0.580248	0.732517	0.240737
		seed	0.569643	0.684595	0.732395	0.433488	0.226303	0.660623	0.752850	0.189831	0.378976
2	88	clst	0.704547	0.406557	0.419183	0.377519	0.330797	0.752522	0.440645	0.191907	0.092168
[class #0] <for of setCPON>
[class #0] <getLBGClusterSize>
centroid size : 4
ctrd no.	datasize	worktype	data[0]	data[1]	data[2]	data[3]	data[4]	data[5]	data[6]	data[7]	data[8]
		seed	0.435149	0.652634	0.816431	0.153393	0.496502	0.958650	0.619838	0.624473	0.097121
0	20	clst	0.811110	0.905565	0.938895	0.399995	0.766665	0.905560	0.572220	0.088880	0.022220
		seed	0.530289	0.423987	0.836399	0.689933	0.222396	0.589483	0.603324	0.563053	-0.063203
1	49	clst	0.757373	0.696153	0.682547	0.294769	0.476186	0.244882	0.553286	0.727896	0.167794
		seed	0.598812	0.517959	0.351029	0.782839	0.477032	0.817556	0.474586	0.444896	0.180947
2	80	clst	0.700001	0.383323	0.369431	0.402774	0.290264	0.815275	0.431934	0.262490	0.109718
		seed	0.475889	0.634319	0.608440	0.470767	0.534174	0.875698	0.655745	0.664028	0.183158
3	67	clst	0.610282	0.776124	0.791051	0.842460	0.625209	0.865673	0.688234	0.829196	0.354890
[class #0] <for of setCPON>
[class #0] <getLBGClusterSize>
centroid size : 5
ctrd no.	datasize	worktype	data[0]	data[1]	data[2]	data[3]	data[4]	data[5]	data[6]	data[7]	data[8]
		seed	0.435197	0.846381	0.550232	0.696409	0.668748	1.046479	0.667510	0.556964	0.382449
0	44	clst	0.606055	0.886366	0.936873	0.871223	0.691923	0.941918	0.724755	0.739905	0.330807
		seed	0.954589	0.421337	0.837185	0.450074	0.498690	0.352886	0.366956	0.425822	0.255182
1	44	clst	0.825766	0.835868	0.777784	0.333323	0.631314	0.282816	0.540405	0.744955	0.262623
		seed	0.627996	0.351341	0.554911	0.392733	0.727744	0.974467	0.698285	0.699961	-0.017065
2	39	clst	0.672374	0.535615	0.524215	0.621079	0.418792	0.917385	0.586905	0.834769	0.188023
		seed	0.738502	0.814457	0.387268	0.538489	0.339937	0.454294	0.547763	0.317191	0.160280
3	32	clst	0.649303	0.392356	0.392347	0.249988	0.319434	0.249981	0.440959	0.239572	0.076384
		seed	0.452220	0.608325	0.377481	0.443327	0.630775	0.925138	0.468780	0.486296	0.383192
4	57	clst	0.705651	0.450284	0.461986	0.454186	0.333321	0.976611	0.465874	0.148135	0.093565
[class #0] <for of setCPON>
