[class #0] <getLBGClusterSize>
centroid size : 1
ctrd no.	datasize	worktype	data[0]	data[1]	data[2]	data[3]	data[4]	data[5]	data[6]	data[7]	data[8]
		seed	0.436886	0.658599	0.437356	0.755039	0.531497	0.715148	0.493996	0.825084	0.374214
0	216	clst	0.691874	0.621398	0.614711	0.530860	0.485076	0.729420	0.569444	0.526233	0.193411
[class #0] <for of setCPON>
[class #0] <getLBGClusterSize>
centroid size : 2
ctrd no.	datasize	worktype	data[0]	data[1]	data[2]	data[3]	data[4]	data[5]	data[6]	data[7]	data[8]
		seed	0.436949	0.850525	0.752622	0.562139	0.703398	0.800110	0.541859	0.757664	0.096357
0	122	clst	0.683973	0.795090	0.772320	0.614750	0.610198	0.685787	0.664852	0.730423	0.270488
		seed	0.722026	0.428089	0.823055	0.448171	0.222142	1.070685	0.591676	0.835564	0.432410
1	94	clst	0.702129	0.395968	0.410153	0.421982	0.322684	0.786050	0.445617	0.261221	0.093376
[class #0] <for of setCPON>
[class #0] <getLBGClusterSize>
centroid size : 3
ctrd no.	datasize	worktype	data[0]	data[1]	data[2]	data[3]	data[4]	data[5]	data[6]	data[7]	data[8]
		seed	0.436996	0.457354	0.489595	0.369260	0.329215	0.885093	0.589723	0.690222	0.378572
0	69	clst	0.644123	0.740745	0.756845	0.824483	0.592594	0.961355	0.674725	0.792277	0.296291
		seed	0.626101	0.425446	0.823832	0.212636	0.497884	0.841833	0.354357	0.698514	0.187284
1	54	clst	0.759261	0.802478	0.726344	0.423857	0.563780	0.312741	0.619344	0.716054	0.236622
		seed	0.568698	0.680936	0.721843	0.451407	0.231441	0.681778	0.771150	0.188732	0.379495
2	93	clst	0.688174	0.427708	0.444437	0.375142	0.359606	0.799282	0.462358	0.218628	0.091990
[class #0] <for of setCPON>
[class #0] <getLBGClusterSize>
centroid size : 4
ctrd no.	datasize	worktype	data[0]	data[1]	data[2]	data[3]	data[4]	data[5]	data[6]	data[7]	data[8]
		seed	0.437042	0.649279	0.804878	0.176360	0.501100	0.970077	0.637602	0.622802	0.100715
0	18	clst	0.753089	0.907417	0.944450	0.358017	0.740739	0.962967	0.592594	0.104928	0.049378
		seed	0.530175	0.422804	0.824608	0.703230	0.227541	0.612960	0.621022	0.561463	-0.057860
1	60	clst	0.737038	0.614818	0.587037	0.320357	0.412955	0.262942	0.553702	0.575925	0.133328
		seed	0.597251	0.515883	0.345021	0.794461	0.481668	0.833588	0.491765	0.443462	0.183626
2	71	clst	0.694838	0.394352	0.386531	0.469480	0.328625	0.948361	0.453825	0.312983	0.104845
		seed	0.476923	0.631138	0.599366	0.488014	0.538697	0.889832	0.673654	0.662305	0.185814
3	67	clst	0.631842	0.791051	0.792709	0.830851	0.646769	0.852406	0.699843	0.820901	0.379766
[class #0] <for of setCPON>
[class #0] <getLBGClusterSize>
centroid size : 5
ctrd no.	datasize	worktype	data[0]	data[1]	data[2]	data[3]	data[4]	data[5]	data[6]	data[7]	data[8]
		seed	0.437089	0.841186	0.541851	0.709589	0.673001	1.055039	0.685466	0.555382	0.382930
0	50	clst	0.635556	0.891114	0.913336	0.828896	0.695564	0.928888	0.720006	0.704446	0.326664
		seed	0.945520	0.420179	0.825385	0.467694	0.503283	0.384086	0.383703	0.424413	0.257051
1	38	clst	0.827495	0.815800	0.728076	0.394729	0.611108	0.257295	0.564332	0.783632	0.292395
		seed	0.625820	0.350848	0.546474	0.411386	0.731879	0.985377	0.716365	0.698191	-0.012225
2	39	clst	0.675223	0.507123	0.495723	0.586890	0.410241	0.928779	0.589756	0.840469	0.185174
		seed	0.733994	0.809565	0.380829	0.554516	0.344847	0.482184	0.565237	0.315924	0.163185
3	32	clst	0.649300	0.420131	0.434019	0.263872	0.319434	0.291650	0.482628	0.249988	0.090275
		seed	0.453753	0.605391	0.371158	0.461068	0.635105	0.937659	0.485936	0.484807	0.383665
4	57	clst	0.686156	0.446384	0.460035	0.471732	0.360612	0.978560	0.475621	0.138389	0.074070
[class #0] <for of setCPON>
