[class #0] <getLBGClusterSize>
centroid size : 1
ctrd no.	datasize	worktype	data[0]	data[1]	data[2]	data[3]	data[4]	data[5]	data[6]	data[7]	data[8]
		seed	0.435344	0.671454	0.435894	0.742270	0.535200	0.703462	0.484158	0.824842	0.364405
0	216	clst	0.692903	0.633746	0.616254	0.515943	0.488678	0.718103	0.560184	0.528805	0.183638
[class #0] <for of setCPON>
[class #0] <getLBGClusterSize>
centroid size : 2
ctrd no.	datasize	worktype	data[0]	data[1]	data[2]	data[3]	data[4]	data[5]	data[6]	data[7]	data[8]
		seed	0.435407	0.865994	0.756502	0.547521	0.707475	0.790620	0.532388	0.758057	0.086602
0	123	clst	0.689252	0.820246	0.784109	0.593493	0.616983	0.663048	0.645894	0.723581	0.245704
		seed	0.723360	0.437804	0.828129	0.432461	0.225171	1.068187	0.582586	0.835223	0.422590
1	93	clst	0.697732	0.387086	0.394253	0.413376	0.318984	0.790918	0.446825	0.271197	0.101549
[class #0] <for of setCPON>
[class #0] <getLBGClusterSize>
centroid size : 3
ctrd no.	datasize	worktype	data[0]	data[1]	data[2]	data[3]	data[4]	data[5]	data[6]	data[7]	data[8]
		seed	0.435454	0.467467	0.489018	0.352794	0.332478	0.877799	0.580618	0.691249	0.368762
0	70	clst	0.634920	0.763500	0.753970	0.820640	0.600003	0.963494	0.666671	0.746037	0.285707
		seed	0.626467	0.435126	0.828919	0.194668	0.501513	0.833421	0.343450	0.699463	0.177511
1	49	clst	0.730159	0.820871	0.712024	0.428561	0.541947	0.231273	0.621318	0.795924	0.233557
		seed	0.568485	0.694095	0.725202	0.435727	0.234491	0.669230	0.763434	0.194481	0.369685
2	97	clst	0.715927	0.445582	0.468493	0.340199	0.381431	0.786941	0.452455	0.237102	0.084762
[class #0] <for of setCPON>
[class #0] <getLBGClusterSize>
centroid size : 4
ctrd no.	datasize	worktype	data[0]	data[1]	data[2]	data[3]	data[4]	data[5]	data[6]	data[7]	data[8]
		seed	0.435502	0.662007	0.809644	0.158044	0.504736	0.964979	0.628864	0.624464	0.090960
0	20	clst	0.788890	0.933340	0.950005	0.394440	0.744445	0.927780	0.627780	0.105545	0.044440
		seed	0.529574	0.432447	0.829709	0.689964	0.230583	0.598634	0.612157	0.563703	-0.067584
1	52	clst	0.743592	0.728640	0.666673	0.333321	0.467946	0.239298	0.551277	0.685900	0.128200
		seed	0.597326	0.526794	0.341995	0.782070	0.485262	0.824963	0.481910	0.446812	0.173855
2	81	clst	0.694105	0.371732	0.360756	0.422491	0.319602	0.855967	0.443064	0.301774	0.106991
		seed	0.475784	0.643619	0.600649	0.472686	0.542415	0.882661	0.665192	0.663595	0.176042
3	63	clst	0.619048	0.797187	0.797184	0.825402	0.641976	0.869490	0.696659	0.825403	0.372130
[class #0] <for of setCPON>
[class #0] <getLBGClusterSize>
centroid size : 5
ctrd no.	datasize	worktype	data[0]	data[1]	data[2]	data[3]	data[4]	data[5]	data[6]	data[7]	data[8]
		seed	0.435549	0.856528	0.542159	0.696385	0.677011	1.052136	0.677094	0.557679	0.373120
0	47	clst	0.652481	0.917262	0.959815	0.817974	0.728138	0.900709	0.728140	0.721047	0.354606
		seed	0.949107	0.429787	0.830498	0.452171	0.506924	0.363846	0.373020	0.427943	0.247265
1	40	clst	0.766672	0.844455	0.736122	0.291658	0.533332	0.274985	0.550000	0.791675	0.197218
		seed	0.626183	0.359511	0.546862	0.395323	0.736017	0.980674	0.708230	0.699144	-0.021959
2	36	clst	0.669764	0.515439	0.493825	0.577153	0.413567	0.907411	0.580258	0.861125	0.157397
		seed	0.735448	0.824476	0.378410	0.539825	0.348144	0.464479	0.555945	0.320476	0.153417
3	42	clst	0.650786	0.584650	0.521160	0.785717	0.465598	0.798938	0.555543	0.174586	0.100524
		seed	0.452381	0.617521	0.368575	0.445482	0.639032	0.931723	0.476037	0.487769	0.373855
4	51	clst	0.723316	0.331149	0.370359	0.148135	0.305002	0.697165	0.403039	0.202598	0.102396
[class #0] <for of setCPON>
