[class #1] <getLBGClusterSize>
centroid size : 1
ctrd no.	datasize	worktype	data[0]	data[1]	data[2]	data[3]	data[4]	data[5]	data[6]	data[7]	data[8]
		seed	0.056366	0.057460	-0.018937	0.112171	0.139537	0.035898	0.080268	0.123599	0.052416
0	396	clst	0.241565	0.042926	0.056113	0.042646	0.122324	0.041805	0.117274	0.033949	0.009540
[class #1] <for of setCPON>
[class #1] <getLBGClusterSize>
centroid size : 2
ctrd no.	datasize	worktype	data[0]	data[1]	data[2]	data[3]	data[4]	data[5]	data[6]	data[7]	data[8]
		seed	0.056411	0.132438	0.114473	0.052346	0.203280	0.071061	0.103744	0.103374	-0.013476
0	222	clst	0.102592	0.016515	0.022020	0.015014	0.108098	0.020018	0.103595	0.011510	0.011011
		seed	0.263465	-0.032593	0.144278	0.017001	0.024825	0.183042	0.128179	0.126743	0.066217
1	174	clst	0.418875	0.076624	0.099612	0.077901	0.140474	0.069602	0.134727	0.062578	0.007662
[class #1] <for of setCPON>
[class #1] <getLBGClusterSize>
centroid size : 3
ctrd no.	datasize	worktype	data[0]	data[1]	data[2]	data[3]	data[4]	data[5]	data[6]	data[7]	data[8]
		seed	0.056445	-0.021160	0.003168	-0.007472	0.064529	0.106233	0.127221	0.083143	0.053450
0	142	clst	0.035208	0.018777	0.026601	0.015648	0.113449	0.024254	0.100932	0.009389	0.015650
		seed	0.193793	-0.033625	0.144607	-0.056047	0.127073	0.088329	0.011776	0.085630	0.008087
1	18	clst	0.481489	0.388878	0.388883	0.345656	0.370356	0.549372	0.333317	0.419744	0.055550
		seed	0.152102	0.066186	0.101449	0.018004	0.028273	0.022087	0.216210	-0.067295	0.053669
2	236	clst	0.347430	0.031070	0.048490	0.035779	0.108746	0.013652	0.110630	0.019302	0.002354
[class #1] <for of setCPON>
[class #1] <getLBGClusterSize>
centroid size : 4
ctrd no.	datasize	worktype	data[0]	data[1]	data[2]	data[3]	data[4]	data[5]	data[6]	data[7]	data[8]
		seed	0.056479	0.053818	0.136586	-0.067297	0.128265	0.141404	0.150706	0.062918	-0.012443
0	17	clst	0.464059	0.392147	0.379076	0.352918	0.379071	0.581688	0.333318	0.431365	0.058818
		seed	0.124122	-0.034658	0.144935	0.096103	0.026827	-0.006394	0.142573	0.044518	-0.050048
1	34	clst	0.473829	0.127438	0.248353	0.068621	0.137241	0.013071	0.127441	0.039212	0.003268
		seed	0.172840	0.001705	-0.058011	0.124397	0.121060	0.084916	0.079174	0.009119	0.007219
2	203	clst	0.328380	0.016419	0.017513	0.031197	0.104533	0.013682	0.108911	0.016967	0.002189
		seed	0.085444	0.046731	0.049620	0.029358	0.142207	0.108194	0.168389	0.074768	0.007738
3	142	clst	0.035208	0.018777	0.026601	0.015648	0.113449	0.024254	0.100932	0.009389	0.015650
[class #1] <for of setCPON>
[class #1] <getLBGClusterSize>
centroid size : 5
ctrd no.	datasize	worktype	data[0]	data[1]	data[2]	data[3]	data[4]	data[5]	data[6]	data[7]	data[8]
		seed	0.056513	0.128790	0.025281	0.098076	0.192008	0.176567	0.174182	0.042693	0.054483
0	16	clst	0.513900	0.423600	0.430550	0.340250	0.354150	0.604156	0.333319	0.395825	0.062494
		seed	0.425790	-0.035683	0.145264	0.023056	0.129075	-0.101117	0.026170	0.003405	0.024632
1	97	clst	0.463888	0.043524	0.085905	0.056126	0.115681	0.008018	0.103082	0.014890	0.003436
		seed	0.193589	-0.062769	0.027238	0.005593	0.213840	0.147736	0.189338	0.085533	-0.039226
2	23	clst	0.212543	0.135252	0.111100	0.086952	0.140087	0.057965	0.333326	0.173909	0.000000
		seed	0.272157	0.116437	-0.042858	0.049982	0.070326	-0.060517	0.115211	-0.029140	0.002372
3	124	clst	0.266102	0.010752	0.012544	0.017919	0.102140	0.012544	0.098556	0.004480	0.001792
		seed	0.068616	0.036673	-0.046950	0.021001	0.177956	0.127988	0.076315	0.021522	0.054657
4	136	clst	0.033493	0.011437	0.021240	0.013071	0.115186	0.023690	0.082508	0.008169	0.016340
[class #1] <for of setCPON>
