[class #1] <getLBGClusterSize>
centroid size : 1
ctrd no.	datasize	worktype	data[0]	data[1]	data[2]	data[3]	data[4]	data[5]	data[6]	data[7]	data[8]
		seed	0.047331	0.058903	-0.016968	0.115544	0.141443	0.038823	0.081273	0.130863	0.052512
0	400	clst	0.238594	0.044441	0.059441	0.045275	0.123601	0.044998	0.120824	0.035832	0.009722
[class #1] <for of setCPON>
[class #1] <getLBGClusterSize>
centroid size : 2
ctrd no.	datasize	worktype	data[0]	data[1]	data[2]	data[3]	data[4]	data[5]	data[6]	data[7]	data[8]
		seed	0.047378	0.133515	0.118856	0.055079	0.207515	0.075579	0.106364	0.109425	-0.013248
0	218	clst	0.089695	0.015799	0.023953	0.015799	0.107024	0.020385	0.107535	0.007644	0.010704
		seed	0.261211	-0.030709	0.149201	0.019356	0.022538	0.192634	0.132479	0.134196	0.066286
1	182	clst	0.416946	0.078749	0.101948	0.080581	0.143456	0.074479	0.136742	0.069595	0.008546
[class #1] <for of setCPON>
[class #1] <getLBGClusterSize>
centroid size : 3
ctrd no.	datasize	worktype	data[0]	data[1]	data[2]	data[3]	data[4]	data[5]	data[6]	data[7]	data[8]
		seed	0.047413	-0.019332	0.005538	-0.005379	0.063693	0.112344	0.131455	0.087979	0.053544
0	151	clst	0.030902	0.019866	0.030166	0.017658	0.111101	0.023544	0.108896	0.010301	0.014717
		seed	0.189258	-0.031736	0.149535	-0.054473	0.128523	0.093629	0.008072	0.090615	0.008272
1	20	clst	0.494450	0.377765	0.388880	0.333310	0.372210	0.555545	0.338875	0.449995	0.055550
		seed	0.146202	0.067587	0.105596	0.020370	0.026112	0.024387	0.226562	-0.071490	0.053762
2	229	clst	0.353199	0.031535	0.049972	0.038328	0.110130	0.014555	0.109646	0.016496	0.002426
[class #1] <for of setCPON>
[class #1] <getLBGClusterSize>
centroid size : 4
ctrd no.	datasize	worktype	data[0]	data[1]	data[2]	data[3]	data[4]	data[5]	data[6]	data[7]	data[8]
		seed	0.047448	0.055280	0.141369	-0.065844	0.129759	0.149109	0.156554	0.066540	-0.012216
0	19	clst	0.479537	0.380105	0.380105	0.339158	0.380105	0.584784	0.339168	0.461984	0.058474
		seed	0.117306	-0.032763	0.149870	0.099304	0.024614	-0.005384	0.147862	0.047035	-0.049746
1	54	clst	0.409437	0.119330	0.189289	0.055550	0.127559	0.024689	0.156367	0.059667	0.004115
		seed	0.167619	0.003422	-0.056748	0.127901	0.122291	0.090062	0.080104	0.009511	0.007406
2	175	clst	0.339020	0.006349	0.010158	0.034284	0.105386	0.010793	0.093324	0.004444	0.001905
		seed	0.077362	0.048228	0.052830	0.031844	0.144210	0.114394	0.175453	0.079101	0.007924
3	152	clst	0.032161	0.019735	0.029968	0.017542	0.111101	0.024120	0.112566	0.010233	0.014620
[class #1] <for of setCPON>
[class #1] <getLBGClusterSize>
centroid size : 5
ctrd no.	datasize	worktype	data[0]	data[1]	data[2]	data[3]	data[4]	data[5]	data[6]	data[7]	data[8]
		seed	0.047483	0.129885	0.028051	0.101297	0.195832	0.185865	0.181645	0.045101	0.054575
0	18	clst	0.524700	0.407394	0.425917	0.327133	0.358011	0.604928	0.339494	0.432094	0.061722
		seed	0.428851	-0.033784	0.150204	0.025475	0.130598	-0.104398	0.023456	0.003454	0.024784
1	98	clst	0.462554	0.040812	0.081628	0.058954	0.117902	0.007936	0.099763	0.017005	0.004535
		seed	0.189048	-0.060737	0.030043	0.007825	0.218462	0.155728	0.197842	0.090513	-0.038946
2	23	clst	0.207717	0.144913	0.120761	0.101443	0.135257	0.072457	0.396130	0.130430	0.000000
		seed	0.270188	0.117592	-0.041321	0.052689	0.069702	-0.061960	0.118619	-0.031044	0.002568
3	118	clst	0.268335	0.012240	0.016947	0.016947	0.103568	0.012240	0.093211	0.006591	0.000942
		seed	0.059983	0.038218	-0.045488	0.023398	0.181266	0.135085	0.077048	0.022659	0.054749
4	143	clst	0.029523	0.011654	0.023308	0.014762	0.112655	0.022531	0.086238	0.007769	0.015541
[class #1] <for of setCPON>
