[class #1] <getLBGClusterSize>
centroid size : 1
ctrd no.	datasize	worktype	data[0]	data[1]	data[2]	data[3]	data[4]	data[5]	data[6]	data[7]	data[8]
		seed	0.053006	0.058736	-0.019780	0.116004	0.139606	0.036002	0.081308	0.132928	0.051806
0	400	clst	0.240816	0.043608	0.056663	0.045552	0.121934	0.041943	0.119991	0.036943	0.009444
[class #1] <for of setCPON>
[class #1] <getLBGClusterSize>
centroid size : 2
ctrd no.	datasize	worktype	data[0]	data[1]	data[2]	data[3]	data[4]	data[5]	data[6]	data[7]	data[8]
		seed	0.053052	0.136784	0.116105	0.055382	0.205050	0.071368	0.105848	0.111274	-0.013296
0	221	clst	0.096521	0.015081	0.022622	0.015081	0.106074	0.017595	0.109595	0.012568	0.011061
		seed	0.263025	-0.035002	0.146464	0.019566	0.021834	0.183999	0.131389	0.136294	0.065442
1	179	clst	0.418968	0.078828	0.098692	0.083173	0.141515	0.072003	0.132826	0.067038	0.007448
[class #1] <for of setCPON>
[class #1] <getLBGClusterSize>
centroid size : 3
ctrd no.	datasize	worktype	data[0]	data[1]	data[2]	data[3]	data[4]	data[5]	data[6]	data[7]	data[8]
		seed	0.053087	-0.023102	0.002736	-0.005233	0.062597	0.106744	0.130388	0.089613	0.052827
0	148	clst	0.034531	0.017266	0.027024	0.016515	0.109600	0.020268	0.109602	0.010509	0.015016
		seed	0.192371	-0.036077	0.146798	-0.054455	0.126809	0.088736	0.009716	0.092276	0.008009
1	18	clst	0.487661	0.419744	0.407400	0.339483	0.382700	0.580239	0.327144	0.456789	0.049378
		seed	0.150092	0.067820	0.102839	0.020583	0.025374	0.022111	0.223406	-0.071456	0.053044
2	234	clst	0.352299	0.031336	0.048429	0.041308	0.109676	0.014244	0.110626	0.021366	0.002849
[class #1] <for of setCPON>
[class #1] <getLBGClusterSize>
centroid size : 4
ctrd no.	datasize	worktype	data[0]	data[1]	data[2]	data[3]	data[4]	data[5]	data[6]	data[7]	data[8]
		seed	0.053121	0.054946	0.138629	-0.065855	0.128034	0.142119	0.154935	0.067959	-0.012274
0	18	clst	0.487661	0.419744	0.407400	0.339483	0.382700	0.580239	0.327144	0.456789	0.049378
		seed	0.121718	-0.037152	0.147133	0.099722	0.023889	-0.006536	0.146435	0.048258	-0.049429
1	49	clst	0.401335	0.126971	0.190463	0.061218	0.126971	0.027208	0.140580	0.054416	0.004535
		seed	0.171122	0.000700	-0.059578	0.128393	0.120636	0.085304	0.080165	0.010359	0.007152
2	185	clst	0.339311	0.006005	0.010810	0.036034	0.105095	0.010810	0.102693	0.012612	0.002402
		seed	0.082495	0.047569	0.050049	0.032087	0.142347	0.108717	0.173419	0.080647	0.007664
3	148	clst	0.034531	0.017266	0.027024	0.016515	0.109600	0.020268	0.109602	0.010509	0.015016
[class #1] <for of setCPON>
[class #1] <getLBGClusterSize>
centroid size : 5
ctrd no.	datasize	worktype	data[0]	data[1]	data[2]	data[3]	data[4]	data[5]	data[6]	data[7]	data[8]
		seed	0.053156	0.132987	0.025259	0.101721	0.193477	0.177486	0.179475	0.046305	0.053849
0	16	clst	0.520844	0.458325	0.451381	0.333306	0.368038	0.638881	0.326375	0.437500	0.055550
		seed	0.427638	-0.038219	0.147468	0.025701	0.128865	-0.101807	0.024761	0.004241	0.024355
1	99	clst	0.463494	0.040400	0.079681	0.066214	0.117833	0.007856	0.095389	0.017956	0.004489
		seed	0.192164	-0.066413	0.027252	0.008005	0.215892	0.148488	0.195317	0.092173	-0.038736
2	22	clst	0.217159	0.136350	0.116150	0.095955	0.136355	0.070700	0.398986	0.156564	0.000000
		seed	0.271839	0.120128	-0.044144	0.052986	0.068548	-0.060973	0.117834	-0.030604	0.002362
3	122	clst	0.266822	0.013660	0.017302	0.018213	0.102904	0.011839	0.100172	0.011839	0.001821
		seed	0.065429	0.037099	-0.048312	0.023619	0.179050	0.128625	0.077176	0.023638	0.054021
4	141	clst	0.033882	0.010243	0.020487	0.014183	0.111101	0.019699	0.087462	0.007879	0.015761
[class #1] <for of setCPON>
