[class #1] <getLBGClusterSize>
centroid size : 1
ctrd no.	datasize	worktype	data[0]	data[1]	data[2]	data[3]	data[4]	data[5]	data[6]	data[7]	data[8]
		seed	0.044225	0.062303	-0.017379	0.112837	0.139182	0.035819	0.083388	0.122716	0.045190
0	400	clst	0.234428	0.046941	0.061385	0.044163	0.122212	0.041943	0.121102	0.034443	0.008055
[class #1] <for of setCPON>
[class #1] <getLBGClusterSize>
centroid size : 2
ctrd no.	datasize	worktype	data[0]	data[1]	data[2]	data[3]	data[4]	data[5]	data[6]	data[7]	data[8]
		seed	0.044272	0.141554	0.122632	0.053745	0.202025	0.072274	0.107313	0.102802	-0.011878
0	222	clst	0.088580	0.016014	0.023521	0.016014	0.107097	0.016014	0.106598	0.008007	0.008008
		seed	0.256919	-0.032882	0.153912	0.018833	0.026088	0.188371	0.132215	0.125812	0.057142
1	178	clst	0.416329	0.085513	0.108609	0.079270	0.141062	0.074280	0.139190	0.067413	0.008114
[class #1] <for of setCPON>
[class #1] <getLBGClusterSize>
centroid size : 3
ctrd no.	datasize	worktype	data[0]	data[1]	data[2]	data[3]	data[4]	data[5]	data[6]	data[7]	data[8]
		seed	0.044307	-0.020798	0.005821	-0.005341	0.065232	0.108738	0.131238	0.082881	0.046085
0	156	clst	0.032048	0.019229	0.029199	0.015668	0.108965	0.018517	0.106117	0.009258	0.009972
		seed	0.185366	-0.033973	0.154257	-0.053321	0.126894	0.090176	0.013588	0.085330	0.006797
1	19	clst	0.497084	0.426889	0.426895	0.339158	0.356711	0.590632	0.315774	0.397653	0.052626
		seed	0.142548	0.071526	0.108963	0.019824	0.029488	0.021500	0.221926	-0.065247	0.046274
2	225	clst	0.352565	0.034071	0.052836	0.039009	0.111594	0.011851	0.115052	0.021233	0.002963
[class #1] <for of setCPON>
[class #1] <getLBGClusterSize>
centroid size : 4
ctrd no.	datasize	worktype	data[0]	data[1]	data[2]	data[3]	data[4]	data[5]	data[6]	data[7]	data[8]
		seed	0.044341	0.058454	0.145839	-0.064433	0.128069	0.145202	0.155171	0.062967	-0.010983
0	18	clst	0.481489	0.432089	0.419744	0.345656	0.364183	0.623444	0.314800	0.407400	0.055550
		seed	0.113812	-0.035064	0.154602	0.096966	0.028062	-0.008028	0.146883	0.044849	-0.043552
1	53	clst	0.417164	0.113196	0.192860	0.060791	0.132062	0.025155	0.163509	0.075468	0.004192
		seed	0.163846	0.003371	-0.058385	0.124914	0.120966	0.086638	0.082273	0.009994	0.006046
2	173	clst	0.335232	0.011560	0.012844	0.033395	0.105962	0.007706	0.101468	0.005780	0.002569
		seed	0.074090	0.050963	0.054570	0.031038	0.141814	0.110772	0.173192	0.074635	0.006495
3	156	clst	0.032048	0.019229	0.029199	0.015668	0.108965	0.018517	0.106117	0.009258	0.009972
[class #1] <for of setCPON>
[class #1] <getLBGClusterSize>
centroid size : 5
ctrd no.	datasize	worktype	data[0]	data[1]	data[2]	data[3]	data[4]	data[5]	data[6]	data[7]	data[8]
		seed	0.044376	0.137698	0.029028	0.098915	0.190913	0.181657	0.179096	0.043053	0.046980
0	18	clst	0.512356	0.438261	0.444439	0.327133	0.364183	0.611100	0.320972	0.395056	0.055550
		seed	0.423630	-0.036148	0.154946	0.024813	0.128867	-0.106231	0.028257	0.004368	0.021126
1	95	clst	0.463127	0.044440	0.087714	0.059645	0.116947	0.005847	0.100575	0.017542	0.004678
		seed	0.185156	-0.064777	0.031081	0.007564	0.212437	0.151767	0.194541	0.085235	-0.034180
2	22	clst	0.222209	0.141400	0.116150	0.090905	0.106050	0.075750	0.373732	0.121209	0.000000
		seed	0.265846	0.124641	-0.042482	0.051410	0.070947	-0.064140	0.118999	-0.027677	0.001847
3	116	clst	0.268172	0.014366	0.018197	0.018197	0.107269	0.008620	0.101522	0.010535	0.001916
		seed	0.056806	0.040331	-0.046777	0.022783	0.177058	0.131293	0.079359	0.022207	0.047131
4	149	clst	0.030571	0.012676	0.023860	0.013421	0.110356	0.017150	0.087985	0.007456	0.010440
[class #1] <for of setCPON>
