[class #1] <getLBGClusterSize>
centroid size : 1
ctrd no.	datasize	worktype	data[0]	data[1]	data[2]	data[3]	data[4]	data[5]	data[6]	data[7]	data[8]
		seed	0.044989	0.062432	-0.017626	0.116003	0.141939	0.040049	0.082300	0.136389	0.044763
0	400	clst	0.236651	0.046941	0.060274	0.045552	0.123878	0.046387	0.121102	0.038610	0.007777
[class #1] <for of setCPON>
[class #1] <getLBGClusterSize>
centroid size : 2
ctrd no.	datasize	worktype	data[0]	data[1]	data[2]	data[3]	data[4]	data[5]	data[6]	data[7]	data[8]
		seed	0.045036	0.142353	0.120849	0.055382	0.208821	0.077780	0.106916	0.114330	-0.012076
0	226	clst	0.092911	0.018189	0.025071	0.016223	0.106185	0.019172	0.106678	0.012290	0.006883
		seed	0.259314	-0.033556	0.151786	0.019566	0.021578	0.197940	0.132535	0.139818	0.056667
1	174	clst	0.423347	0.084286	0.105997	0.083647	0.146859	0.081734	0.139836	0.072795	0.008939
[class #1] <for of setCPON>
[class #1] <getLBGClusterSize>
centroid size : 3
ctrd no.	datasize	worktype	data[0]	data[1]	data[2]	data[3]	data[4]	data[5]	data[6]	data[7]	data[8]
		seed	0.045071	-0.021370	0.005319	-0.005233	0.063238	0.115520	0.131531	0.092264	0.045654
0	153	clst	0.031224	0.020332	0.030498	0.017427	0.111101	0.021784	0.104567	0.010166	0.009441
		seed	0.187212	-0.034656	0.152127	-0.054455	0.128861	0.096309	0.010488	0.094977	0.006524
1	21	clst	0.497362	0.402105	0.402110	0.338600	0.375648	0.566129	0.338610	0.433857	0.052905
		seed	0.144066	0.071734	0.107330	0.020583	0.025196	0.025229	0.224834	-0.071815	0.045843
2	226	clst	0.351497	0.031954	0.048669	0.037362	0.109134	0.014748	0.112085	0.021139	0.002458
[class #1] <for of setCPON>
[class #1] <getLBGClusterSize>
centroid size : 4
ctrd no.	datasize	worktype	data[0]	data[1]	data[2]	data[3]	data[4]	data[5]	data[6]	data[7]	data[8]
		seed	0.045106	0.058551	0.143802	-0.065855	0.130113	0.153261	0.156154	0.070206	-0.011184
0	20	clst	0.483340	0.405545	0.394435	0.344420	0.383320	0.594435	0.338875	0.444440	0.055550
		seed	0.115110	-0.035757	0.152468	0.099721	0.023679	-0.005332	0.147627	0.050136	-0.043623
1	45	clst	0.478991	0.103693	0.190111	0.056784	0.135789	0.009876	0.160482	0.041971	0.004938
		seed	0.165527	0.003003	-0.058182	0.128392	0.122552	0.092647	0.081154	0.011528	0.005776
2	182	clst	0.322316	0.015871	0.016482	0.033575	0.103164	0.015871	0.101334	0.017093	0.001831
		seed	0.075083	0.050997	0.053534	0.032087	0.144740	0.117625	0.174694	0.083130	0.006223
3	153	clst	0.031224	0.020332	0.030498	0.017427	0.111101	0.021784	0.104567	0.010166	0.009441
[class #1] <for of setCPON>
[class #1] <getLBGClusterSize>
centroid size : 5
ctrd no.	datasize	worktype	data[0]	data[1]	data[2]	data[3]	data[4]	data[5]	data[6]	data[7]	data[8]
		seed	0.045142	0.138465	0.028271	0.101720	0.196994	0.190992	0.180769	0.048147	0.046546
0	19	clst	0.526326	0.432737	0.438589	0.333305	0.362558	0.614026	0.339168	0.415200	0.058474
		seed	0.427303	-0.036850	0.152809	0.025701	0.130962	-0.106974	0.025580	0.005296	0.020796
1	93	clst	0.465920	0.044201	0.083626	0.059733	0.118268	0.008362	0.100348	0.017919	0.004778
		seed	0.187001	-0.065721	0.030302	0.008006	0.219902	0.160056	0.196660	0.094872	-0.034288
2	14	clst	0.246021	0.134907	0.119036	0.103171	0.158721	0.031743	0.460321	0.230157	0.000000
		seed	0.268310	0.125297	-0.042454	0.052986	0.069319	-0.063409	0.118938	-0.030200	0.001594
3	125	clst	0.265751	0.017776	0.019554	0.020442	0.102212	0.018665	0.103101	0.011554	0.000889
		seed	0.057667	0.040276	-0.046702	0.023619	0.182250	0.138864	0.078156	0.025056	0.046696
4	149	clst	0.031317	0.015658	0.026097	0.015658	0.111847	0.022369	0.089477	0.008202	0.009695
[class #1] <for of setCPON>
