[class #1] <getLBGClusterSize>
centroid size : 1
ctrd no.	datasize	worktype	data[0]	data[1]	data[2]	data[3]	data[4]	data[5]	data[6]	data[7]	data[8]
		seed	0.052660	0.059425	-0.015680	0.119696	0.137692	0.039233	0.083759	0.130357	0.052914
0	400	clst	0.242205	0.044719	0.060552	0.047497	0.121378	0.045554	0.122491	0.036110	0.010000
[class #1] <for of setCPON>
[class #1] <getLBGClusterSize>
centroid size : 2
ctrd no.	datasize	worktype	data[0]	data[1]	data[2]	data[3]	data[4]	data[5]	data[6]	data[7]	data[8]
		seed	0.052707	0.135293	0.119830	0.057570	0.198106	0.076858	0.108330	0.109095	-0.013036
0	217	clst	0.093693	0.015871	0.025599	0.016383	0.102397	0.020479	0.108542	0.010752	0.011265
		seed	0.264618	-0.031696	0.150104	0.020865	0.028972	0.196679	0.133903	0.133662	0.066727
1	183	clst	0.418309	0.078926	0.101998	0.084390	0.143886	0.075286	0.139030	0.066179	0.008499
[class #1] <for of setCPON>
[class #1] <getLBGClusterSize>
centroid size : 3
ctrd no.	datasize	worktype	data[0]	data[1]	data[2]	data[3]	data[4]	data[5]	data[6]	data[7]	data[8]
		seed	0.052742	-0.020128	0.006774	-0.004549	0.066602	0.114492	0.132901	0.087826	0.053948
0	147	clst	0.032499	0.018139	0.032499	0.017383	0.104299	0.024185	0.107324	0.009825	0.015118
		seed	0.193312	-0.032741	0.150437	-0.054992	0.125879	0.095335	0.012077	0.090441	0.008545
1	20	clst	0.494450	0.383320	0.383325	0.355530	0.383320	0.577770	0.344430	0.422215	0.055550
		seed	0.150642	0.068255	0.106600	0.021907	0.032240	0.024456	0.226035	-0.070327	0.054167
2	233	clst	0.352857	0.032424	0.050545	0.040055	0.109670	0.013351	0.113009	0.019551	0.002861
[class #1] <for of setCPON>
[class #1] <getLBGClusterSize>
centroid size : 4
ctrd no.	datasize	worktype	data[0]	data[1]	data[2]	data[3]	data[4]	data[5]	data[6]	data[7]	data[8]
		seed	0.052776	0.055740	0.142291	-0.066675	0.127010	0.152126	0.157479	0.066564	-0.012002
0	19	clst	0.479537	0.385953	0.374258	0.362547	0.391800	0.608179	0.345016	0.432742	0.058474
		seed	0.122006	-0.033786	0.150771	0.103010	0.030870	-0.006020	0.148968	0.047220	-0.049640
1	43	clst	0.436667	0.129186	0.217042	0.072344	0.129186	0.031005	0.152444	0.046507	0.005167
		seed	0.171867	0.003009	-0.055368	0.132393	0.120181	0.091683	0.082615	0.010006	0.007677
2	191	clst	0.336213	0.012215	0.015705	0.033739	0.105865	0.009307	0.105284	0.014543	0.002327
		seed	0.082422	0.048569	0.053956	0.033697	0.140223	0.116591	0.175986	0.079022	0.008197
3	147	clst	0.032499	0.018139	0.032499	0.017383	0.104299	0.024185	0.107324	0.009825	0.015118
[class #1] <for of setCPON>
[class #1] <getLBGClusterSize>
centroid size : 5
ctrd no.	datasize	worktype	data[0]	data[1]	data[2]	data[3]	data[4]	data[5]	data[6]	data[7]	data[8]
		seed	0.052811	0.131602	0.029235	0.105059	0.187423	0.189751	0.182050	0.045302	0.054983
0	17	clst	0.509812	0.418288	0.411753	0.359447	0.379071	0.666659	0.346394	0.411759	0.065353
		seed	0.430752	-0.034823	0.151105	0.027153	0.127777	-0.107374	0.027141	0.003999	0.025105
1	100	clst	0.464413	0.045551	0.089995	0.063330	0.117766	0.005555	0.099990	0.017776	0.004444
		seed	0.193104	-0.062230	0.031222	0.009018	0.208115	0.158902	0.197912	0.090340	-0.038809
2	18	clst	0.240728	0.129617	0.117272	0.117278	0.148139	0.049378	0.413578	0.191356	0.000000
		seed	0.273514	0.119102	-0.039977	0.055115	0.072096	-0.063932	0.120331	-0.030215	0.002825
3	122	clst	0.268643	0.016392	0.017302	0.018213	0.103815	0.015481	0.102904	0.009107	0.001821
		seed	0.065198	0.038391	-0.044134	0.025019	0.174104	0.137770	0.079622	0.023045	0.055157
4	143	clst	0.032631	0.013208	0.027969	0.015538	0.104885	0.024862	0.091677	0.007769	0.015541
[class #1] <for of setCPON>
