total mean
0.472905	0.336815	0.336698	0.274139	0.308341	0.377315	0.336414	0.286163	0.106217
mean of class
0.704244	0.630703	0.617282	0.505631	0.494358	0.712825	0.555554	0.538377	0.202894
0.241565	0.042926	0.056113	0.042646	0.122324	0.041805	0.117274	0.033949	0.009540
SW
27.300246	2.975157	4.459887	-1.383341	0.414317	0.234407	0.829290	2.244090	0.336600
2.975157	24.188714	17.012393	9.051424	10.588818	1.904190	7.673251	10.159851	5.064467
4.459887	17.012393	24.027358	7.109814	8.878569	4.024360	6.727514	10.922540	3.294426
-1.383341	9.051424	7.109814	33.567116	6.351322	11.165998	6.920390	8.952929	4.552827
0.414317	10.588818	8.878569	6.351322	19.818581	1.831051	3.540579	6.174934	5.614248
0.234407	1.904190	4.024360	11.165998	1.831051	35.941672	4.280566	1.107969	0.285854
0.829290	7.673251	6.727514	6.920390	3.540579	4.280566	18.826086	6.152302	2.298090
2.244090	10.159851	10.922540	8.952929	6.174934	1.107969	6.152302	33.619609	6.716687
0.336600	5.064467	3.294426	4.552827	5.614248	0.285854	2.298090	6.716687	18.652645
SB
0.214072	0.437341	0.420073	0.437712	0.338631	0.438826	0.344533	0.449295	0.482614
0.437341	0.345481	0.330153	0.345811	0.258449	0.346801	0.263609	0.356115	0.385844
0.420073	0.330153	0.314910	0.330206	0.244983	0.331174	0.250007	0.340277	0.369350
0.437712	0.345811	0.330206	0.214356	0.146925	0.215135	0.150821	0.222484	0.246107
0.338631	0.258449	0.244983	0.146925	0.138410	0.204805	0.142192	0.211977	0.235049
0.438826	0.346801	0.331174	0.215135	0.204805	0.450268	0.354680	0.460872	0.494610
0.344533	0.263609	0.250007	0.150821	0.142192	0.354680	0.192089	0.272071	0.298131
0.449295	0.356115	0.340277	0.222484	0.211977	0.460872	0.272071	0.254448	0.279669
0.482614	0.385844	0.369350	0.246107	0.235049	0.494610	0.298131	0.279669	0.037386

wegight[fold=9]
0.015904	0.007977	0.004509	0.008916	0.013348	0.015637	0.014999	0.009361	0.006514
[y from w and x]
0	0	0.075902
0	1	0.056643
0	2	0.074669
0	3	0.048856
0	4	0.053810
0	5	0.076589
0	6	0.066722
0	7	0.040196
0	8	0.065546
0	9	0.063567
0	10	0.062107
0	11	0.046136
0	12	0.062759
0	13	0.036904
0	14	0.048715
0	15	0.033235
0	16	0.061486
0	17	0.079989
0	18	0.063050
0	19	0.036998
0	20	0.055661
0	21	0.048628
0	22	0.035608
0	23	0.024900
0	24	0.064405
0	25	0.076110
0	26	0.052640
0	27	0.087713
0	28	0.055337
0	29	0.042811
0	30	0.036998
0	31	0.023143
0	32	0.070642
0	33	0.069240
0	34	0.061861
0	35	0.042811
0	36	0.057674
0	37	0.031278
0	38	0.048308
0	39	0.048715
0	40	0.050410
0	41	0.076027
0	42	0.074431
0	43	0.072455
0	44	0.082480
0	45	0.063130
0	46	0.061861
0	47	0.045610
0	48	0.067749
0	49	0.052451
0	50	0.055747
0	51	0.053487
0	52	0.048493
0	53	0.048493
0	54	0.047662
0	55	0.075500
0	56	0.075163
0	57	0.084962
0	58	0.054402
0	59	0.055319
0	60	0.083376
0	61	0.058952
0	62	0.044984
0	63	0.061861
0	64	0.064405
0	65	0.050236
0	66	0.064768
0	67	0.064768
0	68	0.048062
0	69	0.069740
0	70	0.054402
0	71	0.076027
0	72	0.064406
0	73	0.055782
0	74	0.044755
0	75	0.057548
0	76	0.056296
0	77	0.047597
0	78	0.044755
0	79	0.032649
0	80	0.055337
0	81	0.060144
0	82	0.044400
0	83	0.042811
0	84	0.087713
0	85	0.053212
0	86	0.035838
0	87	0.067549
0	88	0.062300
0	89	0.031278
0	90	0.026583
0	91	0.055661
0	92	0.067411
0	93	0.072367
0	94	0.054057
0	95	0.060539
0	96	0.055129
0	97	0.062772
0	98	0.046642
0	99	0.057759
0	100	0.063050
0	101	0.047597
0	102	0.063035
0	103	0.046745
0	104	0.069740
0	105	0.048715
0	106	0.062300
0	107	0.045460
0	108	0.058732
0	109	0.053319
0	110	0.035838
0	111	0.050410
0	112	0.065546
0	113	0.053810
0	114	0.035150
0	115	0.067631
0	116	0.066245
0	117	0.058589
0	118	0.065007
0	119	0.057759
0	120	0.088886
0	121	0.064055
0	122	0.039507
0	123	0.052523
0	124	0.053319
0	125	0.062079
0	126	0.065184
0	127	0.058589
0	128	0.057548
0	129	0.079989
0	130	0.045534
0	131	0.058109
0	132	0.026583
0	133	0.023143
0	134	0.062300
0	135	0.032649
0	136	0.047597
0	137	0.062763
0	138	0.060525
0	139	0.072367
0	140	0.043616
0	141	0.083376
0	142	0.069686
0	143	0.038210
0	144	0.056296
0	145	0.047280
0	146	0.061871
0	147	0.084962
0	148	0.051887
0	149	0.052523
0	150	0.074669
0	151	0.028186
0	152	0.054402
0	153	0.046884
0	154	0.036904
0	155	0.081187
0	156	0.060637
0	157	0.045361
0	158	0.087713
0	159	0.039223
0	160	0.046935
0	161	0.074669
0	162	0.053487
0	163	0.044351
0	164	0.060539
0	165	0.032007
0	166	0.053487
0	167	0.057548
0	168	0.038676
0	169	0.044755
0	170	0.038210
0	171	0.087701
0	172	0.062401
0	173	0.064480
0	174	0.063035
0	175	0.044400
0	176	0.045534
0	177	0.062759
0	178	0.055337
0	179	0.063567
0	180	0.063469
0	181	0.063130
0	182	0.075902
0	183	0.035139
0	184	0.024287
0	185	0.053157
0	186	0.052451
0	187	0.030563
0	188	0.045887
0	189	0.033235
0	190	0.030563
0	191	0.037328
0	192	0.067411
0	193	0.053319
0	194	0.087167
0	195	0.048754
0	196	0.053497
0	197	0.057445
0	198	0.065831
0	199	0.061602
0	200	0.053497
0	201	0.068560
0	202	0.061535
0	203	0.052640
0	204	0.047570
0	205	0.056985
0	206	0.057759
1	0	0.011884
1	1	0.016654
1	2	0.004537
1	3	0.011257
1	4	0.009052
1	5	0.008350
1	6	0.004816
1	7	0.006683
1	8	0.006683
1	9	0.006683
1	10	0.003250
1	11	0.016235
1	12	0.003333
1	13	0.024695
1	14	0.043117
1	15	0.007084
1	16	0.006399
1	17	0.001666
1	18	0.003149
1	19	0.008450
1	20	0.006550
1	21	0.001666
1	22	0.004816
1	23	0.010087
1	24	0.036300
1	25	0.003149
1	26	0.012829
1	27	0.008551
1	28	0.003650
1	29	0.012300
1	30	0.008450
1	31	0.001483
1	32	0.001483
1	33	0.004816
1	34	0.004916
1	35	0.012300
1	36	0.011925
1	37	0.005017
1	38	0.017763
1	39	0.043117
1	40	0.012208
1	41	0.011986
1	42	0.012307
1	43	0.010217
1	44	0.005962
1	45	0.006307
1	46	0.017132
1	47	0.004816
1	48	0.001483
1	49	0.005017
1	50	0.008851
1	51	0.003433
1	52	0.008237
1	53	0.003250
1	54	0.006784
1	55	0.003250
1	56	0.003149
1	57	0.014612
1	58	0.006689
1	59	0.004916
1	60	0.010151
1	61	0.013154
1	62	0.010217
1	63	0.007184
1	64	0.036300
1	65	0.011257
1	66	0.003149
1	67	0.005806
1	68	0.010532
1	69	0.002966
1	70	0.001483
1	71	0.011986
1	72	0.008610
1	73	0.008350
1	74	0.003534
1	75	0.014478
1	76	0.003250
1	77	0.008350
1	78	0.003534
1	79	0.006007
1	80	0.006784
1	81	0.004816
1	82	0.008450
1	83	0.008836
1	84	0.000000
1	85	0.001483
1	86	0.013348
1	87	0.001483
1	88	0.002485
1	89	0.005017
1	90	0.003149
1	91	0.003464
1	92	0.013434
1	93	0.004816
1	94	0.008951
1	95	0.008450
1	96	0.012992
1	97	0.003149
1	98	0.006784
1	99	0.011584
1	100	0.003149
1	101	0.008350
1	102	0.010973
1	103	0.006683
1	104	0.008267
1	105	0.043117
1	106	0.002668
1	107	0.003149
1	108	0.001483
1	109	0.000000
1	110	0.011219
1	111	0.010217
1	112	0.012886
1	113	0.006505
1	114	0.001483
1	115	0.008432
1	116	0.010217
1	117	0.005038
1	118	0.006583
1	119	0.003149
1	120	0.010323
1	121	0.006583
1	122	0.029561
1	123	0.001483
1	124	0.005200
1	125	0.005017
1	126	0.012385
1	127	0.005038
1	128	0.011884
1	129	0.038880
1	130	0.007774
1	131	0.006683
1	132	0.003149
1	133	0.001483
1	134	0.002668
1	135	0.007390
1	136	0.008350
1	137	0.008350
1	138	0.047030
1	139	0.004816
1	140	0.006683
1	141	0.010151
1	142	0.006683
1	143	0.004816
1	144	0.003250
1	145	0.014654
1	146	0.008763
1	147	0.015318
1	148	0.010217
1	149	0.003250
1	150	0.011157
1	151	0.010532
1	152	0.008551
1	153	0.001483
1	154	0.009838
1	155	0.010532
1	156	0.008450
1	157	0.007407
1	158	0.000000
1	159	0.006583
1	160	0.005017
1	161	0.006583
1	162	0.003433
1	163	0.013796
1	164	0.008450
1	165	0.011157
1	166	0.006689
1	167	0.011884
1	168	0.006007
1	169	0.001767
1	170	0.014427
1	171	0.004151
1	172	0.008848
1	173	0.001483
1	174	0.010973
1	175	0.010323
1	176	0.007774
1	177	0.009838
1	178	0.006784
1	179	0.006683
1	180	0.011884
1	181	0.012740
1	182	0.011884
1	183	0.003873
1	184	0.014987
1	185	0.010217
1	186	0.005017
1	187	0.006583
1	188	0.009767
1	189	0.007084
1	190	0.003149
1	191	0.011768
1	192	0.013434
1	193	0.001666
1	194	0.011257
1	195	0.010117
1	196	0.011208
1	197	0.008808
1	198	0.006007
1	199	0.006583
1	200	0.011208
1	201	0.010217
1	202	0.008551
1	203	0.012829
1	204	0.009052
1	205	0.008166
1	206	0.003149
1	207	0.003650
1	208	0.006683
1	209	0.006683
1	210	0.001483
1	211	0.001483
1	212	0.004916
1	213	0.007407
1	214	0.003250
1	215	0.003250
1	216	0.012770
1	217	0.007068
1	218	0.013154
1	219	0.007184
1	220	0.001483
1	221	0.005200
1	222	0.006683
1	223	0.006583
1	224	0.013652
1	225	0.011884
1	226	0.003149
1	227	0.008808
1	228	0.013796
1	229	0.005200
1	230	0.001483
1	231	0.014478
1	232	0.006784
1	233	0.005200
1	234	0.006683
1	235	0.006683
1	236	0.007068
1	237	0.012385
1	238	0.003250
1	239	0.010151
1	240	0.029844
1	241	0.006909
1	242	0.008551
1	243	0.006683
1	244	0.053374
1	245	0.010259
1	246	0.005200
1	247	0.006784
1	248	0.009052
1	249	0.004816
1	250	0.010229
1	251	0.016288
1	252	0.010217
1	253	0.006784
1	254	0.006784
1	255	0.002966
1	256	0.014987
1	257	0.008350
1	258	0.008948
1	259	0.010199
1	260	0.006683
1	261	0.008551
1	262	0.011955
1	263	0.004916
1	264	0.006695
1	265	0.001483
1	266	0.014427
1	267	0.001483
1	268	0.005017
1	269	0.003250
1	270	0.006007
1	271	0.010199
1	272	0.008450
1	273	0.003534
1	274	0.011219
1	275	0.004816
1	276	0.016288
1	277	0.011219
1	278	0.029549
1	279	0.012886
1	280	0.008385
1	281	0.018125
1	282	0.032752
1	283	0.015318
1	284	0.005956
1	285	0.009838
1	286	0.013348
1	287	0.006683
1	288	0.006909
1	289	0.014427
1	290	0.006683
1	291	0.003149
1	292	0.006784
1	293	0.008450
1	294	0.002870
1	295	0.001483
1	296	0.005229
1	297	0.012098
1	298	0.006683
1	299	0.015193
1	300	0.008836
1	301	0.012307
1	302	0.010117
1	303	0.012208
1	304	0.013652
1	305	0.006683
1	306	0.007390
1	307	0.011584
1	308	0.013652
1	309	0.006583
1	310	0.008450
1	311	0.006784
1	312	0.001483
1	313	0.003149
1	314	0.012992
1	315	0.012607
1	316	0.005390
1	317	0.003149
1	318	0.003149
1	319	0.013635
1	320	0.006508
1	321	0.012829
1	322	0.012300
1	323	0.001483
1	324	0.010087
1	325	0.009838
1	326	0.016754
1	327	0.009437
1	328	0.009725
1	329	0.012992
1	330	0.006683
1	331	0.005390
1	332	0.012607
1	333	0.006683
1	334	0.009767
1	335	0.006399
1	336	0.012307
1	337	0.005456
1	338	0.008432
1	339	0.010151
1	340	0.014098
1	341	0.003534
1	342	0.010227
1	343	0.006784
1	344	0.008450
1	345	0.008350
1	346	0.007184
1	347	0.006967
1	348	0.014098
1	349	0.006683
1	350	0.009725
1	351	0.006784
1	352	0.012385
1	353	0.006683
1	354	0.007084
1	355	0.005229
1	356	0.009838
1	357	0.007285
1	358	0.006583
1	359	0.012098
1	360	0.008951
1	361	0.007068
1	362	0.034963
1	363	0.011884
1	364	0.038880
1	365	0.010117
1	366	0.005017
1	367	0.001483
1	368	0.014971
1	369	0.006784
1	370	0.004816
1	371	0.001483
1	372	0.012740
1	373	0.009052
1	374	0.002080
1	375	0.011884
1	376	0.022738
1	377	0.006683
1	378	0.012098
1	379	0.002668
1	380	0.000000
1	381	0.043117
1	382	0.047030
1	383	0.013652
1	384	0.039940
1	385	0.010117
1	386	0.001483
1	387	0.008432
1	388	0.017018
1	389	0.003149
1	390	0.006683
1	391	0.012385
1	392	0.003534
1	393	0.005017
1	394	0.001483
1	395	0.026629
J(w) : 0.031288
