[class #1] <getLBGClusterSize>
centroid size : 1
ctrd no.	datasize	worktype	data[0]	data[1]	data[2]	data[3]	data[4]	data[5]	data[6]	data[7]	data[8]
		seed	0.049192	0.058232	-0.017214	0.108604	0.140205	0.034039	0.081312	0.124251	0.040083
0	400	clst	0.234704	0.043608	0.057219	0.042497	0.122212	0.039720	0.121102	0.033888	0.006666
[class #1] <for of setCPON>
[class #1] <getLBGClusterSize>
centroid size : 2
ctrd no.	datasize	worktype	data[0]	data[1]	data[2]	data[3]	data[4]	data[5]	data[6]	data[7]	data[8]
		seed	0.049237	0.133676	0.115097	0.051720	0.206838	0.067861	0.106554	0.103865	-0.011271
0	221	clst	0.093505	0.016590	0.024130	0.017595	0.106074	0.019606	0.103562	0.008546	0.007542
		seed	0.256641	-0.032380	0.144657	0.018113	0.020293	0.175575	0.132827	0.127420	0.050839
1	179	clst	0.409034	0.076966	0.098070	0.073241	0.142136	0.064554	0.142758	0.065175	0.005586
[class #1] <for of setCPON>
[class #1] <getLBGClusterSize>
centroid size : 3
ctrd no.	datasize	worktype	data[0]	data[1]	data[2]	data[3]	data[4]	data[5]	data[6]	data[7]	data[8]
		seed	0.049271	-0.020876	0.004709	-0.005157	0.061797	0.101693	0.131797	0.083473	0.040888
0	151	clst	0.033845	0.020601	0.030902	0.018394	0.110366	0.023544	0.105953	0.010301	0.009566
		seed	0.186852	-0.033419	0.144983	-0.051344	0.127176	0.084471	0.007670	0.085980	0.005534
1	17	clst	0.503271	0.411753	0.418294	0.333306	0.411753	0.549012	0.366000	0.418300	0.039212
		seed	0.145090	0.067012	0.102180	0.019067	0.023897	0.020754	0.227477	-0.068162	0.041059
2	232	clst	0.345756	0.031606	0.047889	0.036875	0.108706	0.012930	0.113017	0.021072	0.002394
[class #1] <for of setCPON>
[class #1] <getLBGClusterSize>
centroid size : 4
ctrd no.	datasize	worktype	data[0]	data[1]	data[2]	data[3]	data[4]	data[5]	data[6]	data[7]	data[8]
		seed	0.049305	0.054568	0.137028	-0.062041	0.128423	0.135524	0.157047	0.063087	-0.010466
0	16	clst	0.486113	0.416656	0.409712	0.340250	0.423600	0.583325	0.368044	0.430556	0.041663
		seed	0.117063	-0.034458	0.145309	0.093326	0.022386	-0.006642	0.148303	0.044540	-0.039774
1	54	clst	0.438246	0.111100	0.170770	0.049378	0.129617	0.014402	0.162539	0.037033	0.002057
		seed	0.165863	0.002131	-0.055965	0.120229	0.120891	0.081189	0.080136	0.008860	0.004858
2	179	clst	0.320268	0.009310	0.013655	0.034138	0.103031	0.012413	0.099308	0.017380	0.002483
		seed	0.078320	0.047437	0.050778	0.029862	0.142996	0.103579	0.176060	0.075032	0.005262
3	151	clst	0.033845	0.020601	0.030902	0.018394	0.110366	0.023544	0.105953	0.010301	0.009566
[class #1] <for of setCPON>
[class #1] <getLBGClusterSize>
centroid size : 5
ctrd no.	datasize	worktype	data[0]	data[1]	data[2]	data[3]	data[4]	data[5]	data[6]	data[7]	data[8]
		seed	0.049339	0.130005	0.026640	0.095202	0.195055	0.169346	0.182289	0.042702	0.041694
0	16	clst	0.520838	0.437488	0.444437	0.340250	0.388875	0.583325	0.361100	0.395831	0.041663
		seed	0.419241	-0.035489	0.145635	0.023870	0.129269	-0.097754	0.023147	0.003100	0.018429
1	93	clst	0.457553	0.040617	0.080042	0.056149	0.115878	0.007168	0.102738	0.016725	0.003584
		seed	0.186648	-0.062743	0.028581	0.007265	0.217878	0.141615	0.198585	0.085883	-0.031340
2	15	clst	0.237027	0.125913	0.118507	0.066660	0.140733	0.014813	0.481487	0.192593	0.000000
		seed	0.265348	0.117575	-0.040937	0.049472	0.067856	-0.058702	0.118884	-0.029703	0.001080
3	130	clst	0.265785	0.019656	0.021365	0.022220	0.103408	0.016238	0.101699	0.011965	0.001709
		seed	0.061463	0.037316	-0.044996	0.021916	0.180366	0.122618	0.077062	0.021362	0.041830
4	146	clst	0.033482	0.015219	0.025873	0.016741	0.111862	0.024351	0.086749	0.008371	0.009894
[class #1] <for of setCPON>
