[class #0] <getLBGClusterSize>
centroid size : 1
ctrd no.	datasize	worktype	data[0]	data[1]	data[2]	data[3]	data[4]	data[5]	data[6]	data[7]	data[8]
		seed	0.436938	0.669939	0.436320	0.739261	0.539640	0.690058	0.486357	0.819499	0.365984
0	216	clst	0.694447	0.632717	0.613681	0.516457	0.493306	0.704728	0.561727	0.524175	0.187238
[class #0] <for of setCPON>
[class #0] <getLBGClusterSize>
centroid size : 2
ctrd no.	datasize	worktype	data[0]	data[1]	data[2]	data[3]	data[4]	data[5]	data[6]	data[7]	data[8]
		seed	0.437001	0.861972	0.751598	0.547544	0.711217	0.777385	0.534171	0.752875	0.091288
0	124	clst	0.691759	0.808254	0.774202	0.568096	0.619174	0.661285	0.646959	0.713265	0.243723
		seed	0.724897	0.439300	0.822034	0.434275	0.230867	1.055491	0.583937	0.829856	0.423519
1	92	clst	0.698070	0.396124	0.397328	0.446857	0.323659	0.763282	0.446850	0.269314	0.111107
[class #0] <for of setCPON>
[class #0] <getLBGClusterSize>
centroid size : 3
ctrd no.	datasize	worktype	data[0]	data[1]	data[2]	data[3]	data[4]	data[5]	data[6]	data[7]	data[8]
		seed	0.437049	0.468581	0.488560	0.355848	0.337739	0.864734	0.581985	0.686228	0.370293
0	82	clst	0.642278	0.756105	0.737130	0.742549	0.598917	0.963417	0.661252	0.659896	0.249316
		seed	0.628023	0.436655	0.822811	0.200184	0.506090	0.820270	0.346863	0.694423	0.181181
1	59	clst	0.755181	0.824869	0.738236	0.391705	0.580034	0.295653	0.564971	0.709985	0.214686
		seed	0.570053	0.692289	0.720818	0.437491	0.240149	0.655759	0.763224	0.190656	0.371205
2	75	clst	0.703707	0.346653	0.380728	0.367401	0.309613	0.743700	0.450361	0.229616	0.097775
[class #0] <for of setCPON>
[class #0] <getLBGClusterSize>
centroid size : 4
ctrd no.	datasize	worktype	data[0]	data[1]	data[2]	data[3]	data[4]	data[5]	data[6]	data[7]	data[8]
		seed	0.437096	0.660614	0.803856	0.164131	0.509300	0.952083	0.629815	0.619604	0.095597
0	21	clst	0.783071	0.931224	0.941805	0.396819	0.793652	0.920638	0.619052	0.116390	0.042324
		seed	0.531149	0.434011	0.823587	0.687769	0.236257	0.585026	0.613252	0.558989	-0.061174
1	65	clst	0.757268	0.632485	0.608546	0.280329	0.435891	0.249552	0.511105	0.581195	0.147003
		seed	0.598889	0.527143	0.343981	0.778441	0.489905	0.811795	0.484129	0.442380	0.177565
2	68	clst	0.691179	0.406851	0.375804	0.511435	0.326782	0.933009	0.457507	0.325156	0.112740
		seed	0.477371	0.642463	0.598336	0.473874	0.546826	0.869605	0.665829	0.658641	0.179728
3	62	clst	0.602152	0.779577	0.768824	0.810040	0.634410	0.858424	0.709689	0.820795	0.360213
[class #0] <for of setCPON>
[class #0] <getLBGClusterSize>
centroid size : 5
ctrd no.	datasize	worktype	data[0]	data[1]	data[2]	data[3]	data[4]	data[5]	data[6]	data[7]	data[8]
		seed	0.437143	0.852629	0.540818	0.694090	0.680877	1.039410	0.677629	0.552980	0.374602
0	47	clst	0.631202	0.886530	0.905440	0.799062	0.718683	0.924349	0.721047	0.650119	0.321511
		seed	0.950600	0.431385	0.824364	0.453678	0.511479	0.349782	0.376178	0.423556	0.250155
1	42	clst	0.825405	0.846571	0.753976	0.312162	0.587302	0.269826	0.534393	0.798948	0.246029
		seed	0.627740	0.362015	0.545442	0.397716	0.739644	0.967809	0.708496	0.694104	-0.016059
2	40	clst	0.669457	0.527780	0.513888	0.586105	0.411095	0.927782	0.605570	0.833347	0.174990
		seed	0.736983	0.820990	0.379791	0.539967	0.353342	0.450611	0.557525	0.316347	0.157356
3	33	clst	0.622894	0.434342	0.420861	0.319852	0.373727	0.242403	0.461264	0.242409	0.074070
		seed	0.453972	0.616701	0.370119	0.447093	0.643052	0.918763	0.478306	0.483238	0.375328
4	54	clst	0.709874	0.444435	0.442381	0.497939	0.358011	0.969139	0.473239	0.144019	0.102878
[class #0] <for of setCPON>
