total mean
0.463666	0.340344	0.338820	0.280053	0.305445	0.380023	0.340643	0.281624	0.095846
mean of class
0.692903	0.633746	0.616254	0.515943	0.488678	0.718103	0.560184	0.528805	0.183638
0.234428	0.046941	0.061385	0.044163	0.122212	0.041943	0.121102	0.034443	0.008055
SW
28.841256	3.524848	4.170519	-0.967023	0.929364	0.750700	0.035982	2.341678	0.772001
3.524848	24.724960	18.045060	8.111088	10.415047	1.367843	7.931982	10.719396	4.549754
4.170519	18.045060	25.167290	6.669218	8.900517	4.011519	6.533552	10.937717	2.530329
-0.967023	8.111088	6.669218	33.819889	5.663869	11.439820	6.677693	8.174991	4.107839
0.929364	10.415047	8.900517	5.663869	20.072732	1.729287	3.084246	5.559462	5.777443
0.750700	1.367843	4.011519	11.439820	1.729287	37.676223	3.607839	0.249742	0.429240
0.035982	7.931982	6.533552	6.677693	3.084246	3.607839	20.191727	5.420496	2.006777
2.341678	10.719396	10.937717	8.174991	5.559462	0.249742	5.420496	35.001846	6.974631
0.772001	4.549754	2.530329	4.107839	5.777443	0.429240	2.006777	6.974631	18.171432
SB
0.210200	0.417267	0.398815	0.420864	0.325689	0.423750	0.326957	0.433570	0.469017
0.417267	0.344340	0.327597	0.347608	0.261668	0.350232	0.262805	0.359164	0.391489
0.398815	0.327597	0.307880	0.327288	0.244078	0.329834	0.245176	0.338504	0.369906
0.420864	0.347608	0.327288	0.222576	0.155024	0.224676	0.155899	0.231842	0.257950
0.325689	0.261668	0.244078	0.155024	0.134298	0.199572	0.135112	0.206329	0.230998
0.423750	0.350232	0.329834	0.224676	0.199572	0.457193	0.356411	0.467391	0.504168
0.326957	0.262805	0.245176	0.155899	0.135112	0.356411	0.192793	0.276403	0.304846
0.433570	0.359164	0.338504	0.231842	0.206329	0.467391	0.276403	0.244393	0.271180
0.469017	0.391489	0.369906	0.257950	0.230998	0.504168	0.304846	0.271180	0.030829

wegight[fold=5]
0.014824	0.007512	0.003715	0.009814	0.013294	0.015499	0.015417	0.009185	0.005973
J(w) : 0.030844
