[class no.#0] <getLBGClusterSize>
centroid size : 1
ctrd no.	datasize	worktype	raw[0]	raw[1]	raw[2]	raw[3]	raw[4]	raw[5]	raw[6]	raw[7]	raw[8]
		seed	0.446667	0.668894	0.437816	0.746417	0.533573	0.700601	0.478929	0.829307	0.358225
0	216	clst	0.703192	0.631687	0.617797	0.516457	0.487134	0.715016	0.553496	0.531891	0.182094
[class no.#0] <getLBGClusterSize>
centroid size : 2
ctrd no.	datasize	worktype	raw[0]	raw[1]	raw[2]	raw[3]	raw[4]	raw[5]	raw[6]	raw[7]	raw[8]
		seed	0.446730	0.860848	0.757751	0.548542	0.705540	0.786412	0.526234	0.762211	0.087548
0	126	clst	0.704589	0.798068	0.774257	0.586415	0.611993	0.679888	0.637571	0.738981	0.229272
		seed	0.733526	0.438350	0.829227	0.431635	0.224098	1.059694	0.575468	0.839737	0.414917
1	90	clst	0.701237	0.398754	0.398753	0.418516	0.312332	0.764194	0.435791	0.241964	0.116044
[class no.#0] <getLBGClusterSize>
centroid size : 3
ctrd no.	datasize	worktype	raw[0]	raw[1]	raw[2]	raw[3]	raw[4]	raw[5]	raw[6]	raw[7]	raw[8]
		seed	0.446777	0.467619	0.490828	0.350690	0.331213	0.872246	0.573538	0.695092	0.362470
0	72	clst	0.640435	0.754636	0.773151	0.774694	0.600310	0.962965	0.658957	0.777783	0.274685
		seed	0.637022	0.435707	0.830015	0.190026	0.499946	0.828553	0.340923	0.703344	0.176125
1	57	clst	0.783630	0.826519	0.738798	0.384005	0.573096	0.325519	0.588695	0.709554	0.189081
		seed	0.579274	0.691234	0.726517	0.434954	0.233401	0.666897	0.752844	0.196010	0.363369
2	87	clst	0.702429	0.402289	0.409952	0.389522	0.337152	0.765003	0.443156	0.211993	0.100890
[class no.#0] <getLBGClusterSize>
centroid size : 4
ctrd no.	datasize	worktype	raw[0]	raw[1]	raw[2]	raw[3]	raw[4]	raw[5]	raw[6]	raw[7]	raw[8]
		seed	0.446824	0.659572	0.810781	0.152815	0.503164	0.958079	0.620857	0.627996	0.091793
0	21	clst	0.809529	0.931224	0.947095	0.380948	0.793652	0.920638	0.608467	0.116390	0.042324
		seed	0.540518	0.433064	0.830803	0.693272	0.229500	0.597391	0.604471	0.566952	-0.062684
1	63	clst	0.776017	0.620816	0.594354	0.271592	0.421510	0.262765	0.520278	0.585537	0.130506
		seed	0.607999	0.526157	0.344114	0.786856	0.483725	0.820226	0.476725	0.449517	0.172562
2	69	clst	0.685993	0.407396	0.383243	0.492751	0.317216	0.927539	0.442823	0.312391	0.114326
		seed	0.486945	0.641429	0.602225	0.472506	0.540775	0.877033	0.656488	0.667309	0.174693
3	63	clst	0.613759	0.788367	0.788367	0.832456	0.636687	0.865962	0.689603	0.857149	0.354494
[class no.#0] <getLBGClusterSize>
centroid size : 5
ctrd no.	datasize	worktype	raw[0]	raw[1]	raw[2]	raw[3]	raw[4]	raw[5]	raw[6]	raw[7]	raw[8]
		seed	0.446871	0.851508	0.543858	0.699795	0.675131	1.043891	0.668162	0.560900	0.366716
0	58	clst	0.626434	0.839086	0.821843	0.915717	0.678164	0.858236	0.689660	0.779697	0.339076
		seed	0.958367	0.430439	0.831591	0.451662	0.505348	0.366229	0.369926	0.430559	0.244090
1	37	clst	0.846854	0.813824	0.768778	0.252241	0.522522	0.294276	0.507505	0.792797	0.144141
		seed	0.636740	0.361097	0.548550	0.393902	0.734032	0.973532	0.698700	0.703023	-0.018229
2	47	clst	0.647764	0.626485	0.586291	0.312038	0.501168	0.865249	0.676140	0.579200	0.160753
		seed	0.745566	0.819882	0.380452	0.540722	0.346851	0.465308	0.549338	0.322591	0.152649
3	27	clst	0.740744	0.329211	0.353885	0.251022	0.329207	0.255130	0.341548	0.189281	0.127567
		seed	0.463635	0.615678	0.370638	0.444865	0.637220	0.925337	0.470964	0.490664	0.367432
4	47	clst	0.718674	0.411330	0.430253	0.588655	0.300228	0.983453	0.420781	0.170202	0.070915
[class no.#1] <getLBGClusterSize>
centroid size : 1
ctrd no.	datasize	worktype	raw[0]	raw[1]	raw[2]	raw[3]	raw[4]	raw[5]	raw[6]	raw[7]	raw[8]
		seed	0.049192	0.058232	-0.017214	0.108604	0.140205	0.034039	0.081312	0.124251	0.040083
0	400	clst	0.234704	0.043608	0.057219	0.042497	0.122212	0.039720	0.121102	0.033888	0.006666
[class no.#1] <getLBGClusterSize>
centroid size : 2
ctrd no.	datasize	worktype	raw[0]	raw[1]	raw[2]	raw[3]	raw[4]	raw[5]	raw[6]	raw[7]	raw[8]
		seed	0.049237	0.133676	0.115097	0.051720	0.206838	0.067861	0.106554	0.103865	-0.011271
0	221	clst	0.093505	0.016590	0.024130	0.017595	0.106074	0.019606	0.103562	0.008546	0.007542
		seed	0.256641	-0.032380	0.144657	0.018113	0.020293	0.175575	0.132827	0.127420	0.050839
1	179	clst	0.409034	0.076966	0.098070	0.073241	0.142136	0.064554	0.142758	0.065175	0.005586
[class no.#1] <getLBGClusterSize>
centroid size : 3
ctrd no.	datasize	worktype	raw[0]	raw[1]	raw[2]	raw[3]	raw[4]	raw[5]	raw[6]	raw[7]	raw[8]
		seed	0.049271	-0.020876	0.004709	-0.005157	0.061797	0.101693	0.131797	0.083473	0.040888
0	151	clst	0.033845	0.020601	0.030902	0.018394	0.110366	0.023544	0.105953	0.010301	0.009566
		seed	0.186852	-0.033419	0.144983	-0.051344	0.127176	0.084471	0.007670	0.085980	0.005534
1	17	clst	0.503271	0.411753	0.418294	0.333306	0.411753	0.549012	0.366000	0.418300	0.039212
		seed	0.145090	0.067012	0.102180	0.019067	0.023897	0.020754	0.227477	-0.068162	0.041059
2	232	clst	0.345756	0.031606	0.047889	0.036875	0.108706	0.012930	0.113017	0.021072	0.002394
[class no.#1] <getLBGClusterSize>
centroid size : 4
ctrd no.	datasize	worktype	raw[0]	raw[1]	raw[2]	raw[3]	raw[4]	raw[5]	raw[6]	raw[7]	raw[8]
		seed	0.049305	0.054568	0.137028	-0.062041	0.128423	0.135524	0.157047	0.063087	-0.010466
0	16	clst	0.486113	0.416656	0.409712	0.340250	0.423600	0.583325	0.368044	0.430556	0.041663
		seed	0.117063	-0.034458	0.145309	0.093326	0.022386	-0.006642	0.148303	0.044540	-0.039774
1	54	clst	0.438246	0.111100	0.170770	0.049378	0.129617	0.014402	0.162539	0.037033	0.002057
		seed	0.165863	0.002131	-0.055965	0.120229	0.120891	0.081189	0.080136	0.008860	0.004858
2	179	clst	0.320268	0.009310	0.013655	0.034138	0.103031	0.012413	0.099308	0.017380	0.002483
		seed	0.078320	0.047437	0.050778	0.029862	0.142996	0.103579	0.176060	0.075032	0.005262
3	151	clst	0.033845	0.020601	0.030902	0.018394	0.110366	0.023544	0.105953	0.010301	0.009566
