[class no.#0] <getLBGClusterSize>
centroid size : 1
ctrd no.	datasize	worktype	raw[0]	raw[1]	raw[2]	raw[3]	raw[4]	raw[5]	raw[6]	raw[7]	raw[8]
		seed	0.434989	0.662044	0.444477	0.742693	0.526961	0.695119	0.476807	0.827021	0.373636
0	216	clst	0.695475	0.624486	0.623970	0.514400	0.480447	0.709873	0.551953	0.527777	0.190839
[class no.#0] <getLBGClusterSize>
centroid size : 2
ctrd no.	datasize	worktype	raw[0]	raw[1]	raw[2]	raw[3]	raw[4]	raw[5]	raw[6]	raw[7]	raw[8]
		seed	0.435053	0.855809	0.763545	0.546252	0.699206	0.782948	0.524479	0.759513	0.092715
0	126	clst	0.690478	0.787485	0.781312	0.599644	0.607583	0.681654	0.638453	0.739865	0.255728
		seed	0.726277	0.429323	0.834828	0.430193	0.216986	1.062654	0.574096	0.837515	0.432475
1	90	clst	0.702470	0.396287	0.403692	0.395058	0.302457	0.749379	0.430852	0.230853	0.099996
[class no.#0] <getLBGClusterSize>
centroid size : 3
ctrd no.	datasize	worktype	raw[0]	raw[1]	raw[2]	raw[3]	raw[4]	raw[5]	raw[6]	raw[7]	raw[8]
		seed	0.435101	0.458868	0.497345	0.349834	0.324274	0.870799	0.572151	0.691981	0.378042
0	74	clst	0.626126	0.747753	0.773277	0.797303	0.579578	0.953455	0.663670	0.777785	0.271766
		seed	0.628283	0.426655	0.835613	0.190334	0.493280	0.826079	0.337728	0.700284	0.184644
1	54	clst	0.775724	0.810707	0.753093	0.349781	0.588474	0.306572	0.580248	0.732517	0.240737
		seed	0.569643	0.684595	0.732395	0.433488	0.226303	0.660623	0.752850	0.189831	0.378976
2	88	clst	0.704547	0.406557	0.419183	0.377519	0.330797	0.752522	0.440645	0.191907	0.092168
[class no.#0] <getLBGClusterSize>
centroid size : 4
ctrd no.	datasize	worktype	raw[0]	raw[1]	raw[2]	raw[3]	raw[4]	raw[5]	raw[6]	raw[7]	raw[8]
		seed	0.435149	0.652634	0.816431	0.153393	0.496502	0.958650	0.619838	0.624473	0.097121
0	20	clst	0.811110	0.905565	0.938895	0.399995	0.766665	0.905560	0.572220	0.088880	0.022220
		seed	0.530289	0.423987	0.836399	0.689933	0.222396	0.589483	0.603324	0.563053	-0.063203
1	49	clst	0.757373	0.696153	0.682547	0.294769	0.476186	0.244882	0.553286	0.727896	0.167794
		seed	0.598812	0.517959	0.351029	0.782839	0.477032	0.817556	0.474586	0.444896	0.180947
2	80	clst	0.700001	0.383323	0.369431	0.402774	0.290264	0.815275	0.431934	0.262490	0.109718
		seed	0.475889	0.634319	0.608440	0.470767	0.534174	0.875698	0.655745	0.664028	0.183158
3	67	clst	0.610282	0.776124	0.791051	0.842460	0.625209	0.865673	0.688234	0.829196	0.354890
[class no.#0] <getLBGClusterSize>
centroid size : 5
ctrd no.	datasize	worktype	raw[0]	raw[1]	raw[2]	raw[3]	raw[4]	raw[5]	raw[6]	raw[7]	raw[8]
		seed	0.435197	0.846381	0.550232	0.696409	0.668748	1.046479	0.667510	0.556964	0.382449
0	44	clst	0.606055	0.886366	0.936873	0.871223	0.691923	0.941918	0.724755	0.739905	0.330807
		seed	0.954589	0.421337	0.837185	0.450074	0.498690	0.352886	0.366956	0.425822	0.255182
1	44	clst	0.825766	0.835868	0.777784	0.333323	0.631314	0.282816	0.540405	0.744955	0.262623
		seed	0.627996	0.351341	0.554911	0.392733	0.727744	0.974467	0.698285	0.699961	-0.017065
2	39	clst	0.672374	0.535615	0.524215	0.621079	0.418792	0.917385	0.586905	0.834769	0.188023
		seed	0.738502	0.814457	0.387268	0.538489	0.339937	0.454294	0.547763	0.317191	0.160280
3	32	clst	0.649303	0.392356	0.392347	0.249988	0.319434	0.249981	0.440959	0.239572	0.076384
		seed	0.452220	0.608325	0.377481	0.443327	0.630775	0.925138	0.468780	0.486296	0.383192
4	57	clst	0.705651	0.450284	0.461986	0.454186	0.333321	0.976611	0.465874	0.148135	0.093565
[class no.#1] <getLBGClusterSize>
centroid size : 1
ctrd no.	datasize	worktype	raw[0]	raw[1]	raw[2]	raw[3]	raw[4]	raw[5]	raw[6]	raw[7]	raw[8]
		seed	0.053006	0.058736	-0.019780	0.116004	0.139606	0.036002	0.081308	0.132928	0.051806
0	400	clst	0.240816	0.043608	0.056663	0.045552	0.121934	0.041943	0.119991	0.036943	0.009444
[class no.#1] <getLBGClusterSize>
centroid size : 2
ctrd no.	datasize	worktype	raw[0]	raw[1]	raw[2]	raw[3]	raw[4]	raw[5]	raw[6]	raw[7]	raw[8]
		seed	0.053052	0.136784	0.116105	0.055382	0.205050	0.071368	0.105848	0.111274	-0.013296
0	221	clst	0.096521	0.015081	0.022622	0.015081	0.106074	0.017595	0.109595	0.012568	0.011061
		seed	0.263025	-0.035002	0.146464	0.019566	0.021834	0.183999	0.131389	0.136294	0.065442
1	179	clst	0.418968	0.078828	0.098692	0.083173	0.141515	0.072003	0.132826	0.067038	0.007448
[class no.#1] <getLBGClusterSize>
centroid size : 3
ctrd no.	datasize	worktype	raw[0]	raw[1]	raw[2]	raw[3]	raw[4]	raw[5]	raw[6]	raw[7]	raw[8]
		seed	0.053087	-0.023102	0.002736	-0.005233	0.062597	0.106744	0.130388	0.089613	0.052827
0	148	clst	0.034531	0.017266	0.027024	0.016515	0.109600	0.020268	0.109602	0.010509	0.015016
		seed	0.192371	-0.036077	0.146798	-0.054455	0.126809	0.088736	0.009716	0.092276	0.008009
1	18	clst	0.487661	0.419744	0.407400	0.339483	0.382700	0.580239	0.327144	0.456789	0.049378
		seed	0.150092	0.067820	0.102839	0.020583	0.025374	0.022111	0.223406	-0.071456	0.053044
2	234	clst	0.352299	0.031336	0.048429	0.041308	0.109676	0.014244	0.110626	0.021366	0.002849
[class no.#1] <getLBGClusterSize>
centroid size : 4
ctrd no.	datasize	worktype	raw[0]	raw[1]	raw[2]	raw[3]	raw[4]	raw[5]	raw[6]	raw[7]	raw[8]
		seed	0.053121	0.054946	0.138629	-0.065855	0.128034	0.142119	0.154935	0.067959	-0.012274
0	18	clst	0.487661	0.419744	0.407400	0.339483	0.382700	0.580239	0.327144	0.456789	0.049378
		seed	0.121718	-0.037152	0.147133	0.099722	0.023889	-0.006536	0.146435	0.048258	-0.049429
1	49	clst	0.401335	0.126971	0.190463	0.061218	0.126971	0.027208	0.140580	0.054416	0.004535
		seed	0.171122	0.000700	-0.059578	0.128393	0.120636	0.085304	0.080165	0.010359	0.007152
2	185	clst	0.339311	0.006005	0.010810	0.036034	0.105095	0.010810	0.102693	0.012612	0.002402
		seed	0.082495	0.047569	0.050049	0.032087	0.142347	0.108717	0.173419	0.080647	0.007664
3	148	clst	0.034531	0.017266	0.027024	0.016515	0.109600	0.020268	0.109602	0.010509	0.015016
[class no.#1] <getLBGClusterSize>
centroid size : 5
ctrd no.	datasize	worktype	raw[0]	raw[1]	raw[2]	raw[3]	raw[4]	raw[5]	raw[6]	raw[7]	raw[8]
		seed	0.053156	0.132987	0.025259	0.101721	0.193477	0.177486	0.179475	0.046305	0.053849
0	16	clst	0.520844	0.458325	0.451381	0.333306	0.368038	0.638881	0.326375	0.437500	0.055550
		seed	0.427638	-0.038219	0.147468	0.025701	0.128865	-0.101807	0.024761	0.004241	0.024355
1	99	clst	0.463494	0.040400	0.079681	0.066214	0.117833	0.007856	0.095389	0.017956	0.004489
		seed	0.192164	-0.066413	0.027252	0.008005	0.215892	0.148488	0.195317	0.092173	-0.038736
2	22	clst	0.217159	0.136350	0.116150	0.095955	0.136355	0.070700	0.398986	0.156564	0.000000
		seed	0.271839	0.120128	-0.044144	0.052986	0.068548	-0.060973	0.117834	-0.030604	0.002362
3	122	clst	0.266822	0.013660	0.017302	0.018213	0.102904	0.011839	0.100172	0.011839	0.001821
		seed	0.065429	0.037099	-0.048312	0.023619	0.179050	0.128625	0.077176	0.023638	0.054021
4	141	clst	0.033882	0.010243	0.020487	0.014183	0.111101	0.019699	0.087462	0.007879	0.015761
