[class no.#0] <getLBGClusterSize>
centroid size : 1
ctrd no.	datasize	worktype	raw[0]	raw[1]	raw[2]	raw[3]	raw[4]	raw[5]	raw[6]	raw[7]	raw[8]
		seed	0.447153	0.669355	0.435390	0.735545	0.541399	0.698134	0.480941	0.833234	0.387892
0	207	clst	0.704244	0.630703	0.617282	0.505631	0.494358	0.712825	0.555554	0.538377	0.202894
[class no.#0] <getLBGClusterSize>
centroid size : 2
ctrd no.	datasize	worktype	raw[0]	raw[1]	raw[2]	raw[3]	raw[4]	raw[5]	raw[6]	raw[7]	raw[8]
		seed	0.447216	0.868764	0.758720	0.537710	0.715597	0.785587	0.528274	0.766715	0.103588
0	123	clst	0.710031	0.804885	0.777784	0.593493	0.621500	0.683825	0.636861	0.734422	0.266482
		seed	0.734645	0.429856	0.830956	0.420827	0.227912	1.064096	0.577540	0.843574	0.447439
1	84	clst	0.695770	0.375650	0.382261	0.376977	0.308187	0.755288	0.436496	0.251312	0.109783
[class no.#0] <getLBGClusterSize>
centroid size : 3
ctrd no.	datasize	worktype	raw[0]	raw[1]	raw[2]	raw[3]	raw[4]	raw[5]	raw[6]	raw[7]	raw[8]
		seed	0.447263	0.460261	0.488965	0.339898	0.336416	0.873063	0.575608	0.700174	0.392351
0	78	clst	0.643878	0.770662	0.763536	0.746440	0.612540	0.974362	0.651001	0.699436	0.276346
		seed	0.637928	0.427110	0.831752	0.179266	0.507337	0.828534	0.342849	0.708355	0.196625
1	55	clst	0.773740	0.826271	0.733338	0.410093	0.591915	0.296955	0.573738	0.721216	0.234342
		seed	0.580052	0.692563	0.727155	0.424145	0.237335	0.663785	0.755025	0.205387	0.393296
2	74	clst	0.716220	0.337824	0.376864	0.322815	0.297281	0.746243	0.441431	0.232719	0.102099
[class no.#0] <getLBGClusterSize>
centroid size : 4
ctrd no.	datasize	worktype	raw[0]	raw[1]	raw[2]	raw[3]	raw[4]	raw[5]	raw[6]	raw[7]	raw[8]
		seed	0.447310	0.659671	0.812313	0.142063	0.510596	0.960538	0.622957	0.633655	0.108048
0	17	clst	0.823535	0.941182	0.960788	0.300647	0.797388	0.915035	0.562094	0.137241	0.052282
		seed	0.541211	0.424364	0.832548	0.682410	0.233383	0.592950	0.606560	0.573136	-0.054207
1	55	clst	0.741416	0.585862	0.571711	0.272713	0.391909	0.236345	0.496964	0.559593	0.125247
		seed	0.608841	0.521073	0.340694	0.775976	0.490905	0.820047	0.478735	0.456712	0.192882
2	65	clst	0.705988	0.388022	0.374348	0.446148	0.323063	0.952140	0.456400	0.319652	0.114525
		seed	0.487520	0.640823	0.601544	0.461690	0.548695	0.877941	0.658609	0.672630	0.195121
3	70	clst	0.644447	0.815880	0.795246	0.793656	0.660321	0.815871	0.692071	0.822229	0.382537
[class no.#0] <getLBGClusterSize>
centroid size : 5
ctrd no.	datasize	worktype	raw[0]	raw[1]	raw[2]	raw[3]	raw[4]	raw[5]	raw[6]	raw[7]	raw[8]
		seed	0.447358	0.859062	0.542558	0.688933	0.684793	1.047991	0.670290	0.567137	0.396811
0	52	clst	0.664535	0.908121	0.878206	0.848298	0.750008	0.829058	0.705135	0.707269	0.420938
		seed	0.959982	0.421637	0.833345	0.440849	0.512808	0.357365	0.371870	0.437918	0.268011
1	41	clst	0.799461	0.829278	0.783210	0.254729	0.531159	0.344159	0.555554	0.720871	0.165307
		seed	0.637645	0.349602	0.547300	0.383101	0.744458	0.976287	0.700847	0.708037	-0.007514
2	37	clst	0.657668	0.525530	0.525524	0.582576	0.414405	0.936941	0.612627	0.843857	0.144135
		seed	0.746711	0.826207	0.377418	0.529892	0.352256	0.458340	0.551394	0.330879	0.171967
3	27	clst	0.720167	0.316863	0.353885	0.246904	0.316859	0.246900	0.329200	0.234548	0.127567
		seed	0.464159	0.614072	0.367499	0.434054	0.646391	0.927170	0.472971	0.497505	0.397563
4	50	clst	0.693332	0.426658	0.419994	0.437772	0.353322	0.980002	0.479986	0.151098	0.091108
[class no.#1] <getLBGClusterSize>
centroid size : 1
ctrd no.	datasize	worktype	raw[0]	raw[1]	raw[2]	raw[3]	raw[4]	raw[5]	raw[6]	raw[7]	raw[8]
		seed	0.056366	0.057460	-0.018937	0.112171	0.139537	0.035898	0.080268	0.123599	0.052416
0	396	clst	0.241565	0.042926	0.056113	0.042646	0.122324	0.041805	0.117274	0.033949	0.009540
[class no.#1] <getLBGClusterSize>
centroid size : 2
ctrd no.	datasize	worktype	raw[0]	raw[1]	raw[2]	raw[3]	raw[4]	raw[5]	raw[6]	raw[7]	raw[8]
		seed	0.056411	0.132438	0.114473	0.052346	0.203280	0.071061	0.103744	0.103374	-0.013476
0	222	clst	0.102592	0.016515	0.022020	0.015014	0.108098	0.020018	0.103595	0.011510	0.011011
		seed	0.263465	-0.032593	0.144278	0.017001	0.024825	0.183042	0.128179	0.126743	0.066217
1	174	clst	0.418875	0.076624	0.099612	0.077901	0.140474	0.069602	0.134727	0.062578	0.007662
[class no.#1] <getLBGClusterSize>
centroid size : 3
ctrd no.	datasize	worktype	raw[0]	raw[1]	raw[2]	raw[3]	raw[4]	raw[5]	raw[6]	raw[7]	raw[8]
		seed	0.056445	-0.021160	0.003168	-0.007472	0.064529	0.106233	0.127221	0.083143	0.053450
0	142	clst	0.035208	0.018777	0.026601	0.015648	0.113449	0.024254	0.100932	0.009389	0.015650
		seed	0.193793	-0.033625	0.144607	-0.056047	0.127073	0.088329	0.011776	0.085630	0.008087
1	18	clst	0.481489	0.388878	0.388883	0.345656	0.370356	0.549372	0.333317	0.419744	0.055550
		seed	0.152102	0.066186	0.101449	0.018004	0.028273	0.022087	0.216210	-0.067295	0.053669
2	236	clst	0.347430	0.031070	0.048490	0.035779	0.108746	0.013652	0.110630	0.019302	0.002354
[class no.#1] <getLBGClusterSize>
centroid size : 4
ctrd no.	datasize	worktype	raw[0]	raw[1]	raw[2]	raw[3]	raw[4]	raw[5]	raw[6]	raw[7]	raw[8]
		seed	0.056479	0.053818	0.136586	-0.067297	0.128265	0.141404	0.150706	0.062918	-0.012443
0	17	clst	0.464059	0.392147	0.379076	0.352918	0.379071	0.581688	0.333318	0.431365	0.058818
		seed	0.124122	-0.034658	0.144935	0.096103	0.026827	-0.006394	0.142573	0.044518	-0.050048
1	34	clst	0.473829	0.127438	0.248353	0.068621	0.137241	0.013071	0.127441	0.039212	0.003268
		seed	0.172840	0.001705	-0.058011	0.124397	0.121060	0.084916	0.079174	0.009119	0.007219
2	203	clst	0.328380	0.016419	0.017513	0.031197	0.104533	0.013682	0.108911	0.016967	0.002189
		seed	0.085444	0.046731	0.049620	0.029358	0.142207	0.108194	0.168389	0.074768	0.007738
3	142	clst	0.035208	0.018777	0.026601	0.015648	0.113449	0.024254	0.100932	0.009389	0.015650
[class no.#1] <getLBGClusterSize>
centroid size : 5
ctrd no.	datasize	worktype	raw[0]	raw[1]	raw[2]	raw[3]	raw[4]	raw[5]	raw[6]	raw[7]	raw[8]
		seed	0.056513	0.128790	0.025281	0.098076	0.192008	0.176567	0.174182	0.042693	0.054483
0	16	clst	0.513900	0.423600	0.430550	0.340250	0.354150	0.604156	0.333319	0.395825	0.062494
		seed	0.425790	-0.035683	0.145264	0.023056	0.129075	-0.101117	0.026170	0.003405	0.024632
1	97	clst	0.463888	0.043524	0.085905	0.056126	0.115681	0.008018	0.103082	0.014890	0.003436
		seed	0.193589	-0.062769	0.027238	0.005593	0.213840	0.147736	0.189338	0.085533	-0.039226
2	23	clst	0.212543	0.135252	0.111100	0.086952	0.140087	0.057965	0.333326	0.173909	0.000000
		seed	0.272157	0.116437	-0.042858	0.049982	0.070326	-0.060517	0.115211	-0.029140	0.002372
3	124	clst	0.266102	0.010752	0.012544	0.017919	0.102140	0.012544	0.098556	0.004480	0.001792
		seed	0.068616	0.036673	-0.046950	0.021001	0.177956	0.127988	0.076315	0.021522	0.054657
4	136	clst	0.033493	0.011437	0.021240	0.013071	0.115186	0.023690	0.082508	0.008169	0.016340
