[class no.#0] <getLBGClusterSize>
centroid size : 1
ctrd no.	datasize	worktype	raw[0]	raw[1]	raw[2]	raw[3]	raw[4]	raw[5]	raw[6]	raw[7]	raw[8]
		seed	0.431317	0.664166	0.446114	0.755487	0.542639	0.706277	0.503529	0.820835	0.357777
0	216	clst	0.690845	0.626029	0.626028	0.527259	0.496907	0.720675	0.578704	0.526232	0.181066
[class no.#0] <getLBGClusterSize>
centroid size : 2
ctrd no.	datasize	worktype	raw[0]	raw[1]	raw[2]	raw[3]	raw[4]	raw[5]	raw[6]	raw[7]	raw[8]
		seed	0.431381	0.860921	0.765929	0.559103	0.711987	0.791989	0.551219	0.754374	0.086209
0	126	clst	0.688716	0.806887	0.791013	0.603171	0.618165	0.670189	0.667556	0.713408	0.232801
		seed	0.721535	0.427855	0.837379	0.443077	0.237877	1.064956	0.600856	0.831167	0.414656
1	90	clst	0.693827	0.372828	0.395049	0.420983	0.327147	0.791356	0.454312	0.264187	0.108638
[class no.#0] <getLBGClusterSize>
centroid size : 3
ctrd no.	datasize	worktype	raw[0]	raw[1]	raw[2]	raw[3]	raw[4]	raw[5]	raw[6]	raw[7]	raw[8]
		seed	0.431428	0.457856	0.499106	0.362741	0.343361	0.877724	0.598910	0.687890	0.362036
0	72	clst	0.626544	0.765436	0.763892	0.827165	0.604942	0.952162	0.695994	0.746919	0.283946
		seed	0.623901	0.425146	0.838167	0.203288	0.509524	0.834082	0.364397	0.696064	0.175078
1	49	clst	0.743765	0.795927	0.725629	0.421757	0.532873	0.247147	0.637194	0.782318	0.206347
		seed	0.565476	0.687065	0.734707	0.446371	0.247038	0.672612	0.779679	0.193528	0.362938
2	95	clst	0.712283	0.432741	0.470168	0.354379	0.396478	0.789473	0.459642	0.226888	0.090055
[class no.#0] <getLBGClusterSize>
centroid size : 4
ctrd no.	datasize	worktype	raw[0]	raw[1]	raw[2]	raw[3]	raw[4]	raw[5]	raw[6]	raw[7]	raw[8]
		seed	0.431476	0.654611	0.818939	0.166357	0.512693	0.963459	0.646615	0.621429	0.090468
0	22	clst	0.787882	0.914150	0.929300	0.388882	0.772732	0.863636	0.601014	0.121200	0.030300
		seed	0.526267	0.422437	0.838955	0.702742	0.243197	0.603186	0.630095	0.560962	-0.064518
1	46	clst	0.748793	0.698076	0.685996	0.309165	0.456513	0.246359	0.596620	0.731887	0.115937
		seed	0.594538	0.517858	0.352446	0.795621	0.493550	0.825764	0.501307	0.444637	0.171503
2	80	clst	0.693056	0.362488	0.373599	0.433329	0.322209	0.840276	0.451380	0.273601	0.104163
		seed	0.472067	0.636014	0.610461	0.483640	0.549731	0.882505	0.682536	0.660370	0.173641
3	68	clst	0.617650	0.794124	0.784319	0.830069	0.640524	0.854576	0.709160	0.815366	0.364376
[class no.#0] <getLBGClusterSize>
centroid size : 5
ctrd no.	datasize	worktype	raw[0]	raw[1]	raw[2]	raw[3]	raw[4]	raw[5]	raw[6]	raw[7]	raw[8]
		seed	0.431524	0.851348	0.552116	0.709216	0.682041	1.049171	0.694305	0.554967	0.366296
0	49	clst	0.643994	0.922904	0.922906	0.839010	0.734698	0.854873	0.734704	0.734702	0.394557
		seed	0.949008	0.419746	0.839742	0.462952	0.514844	0.372290	0.393637	0.425859	0.243266
1	45	clst	0.767902	0.792602	0.772849	0.278998	0.498758	0.328378	0.587656	0.716053	0.101231
		seed	0.623615	0.348670	0.556807	0.405627	0.740045	0.978894	0.725092	0.695746	-0.019916
2	34	clst	0.656874	0.519612	0.532682	0.594765	0.437900	0.937915	0.640538	0.859491	0.143782
		seed	0.733715	0.818931	0.388771	0.551342	0.358761	0.471254	0.574513	0.318913	0.151524
3	36	clst	0.706789	0.558633	0.484558	0.867286	0.487647	0.817900	0.524678	0.160478	0.129622
		seed	0.448484	0.609619	0.378960	0.456207	0.644708	0.930754	0.495499	0.485395	0.367014
4	52	clst	0.679485	0.318369	0.378194	0.168794	0.316227	0.724356	0.420931	0.200837	0.108973
[class no.#1] <getLBGClusterSize>
centroid size : 1
ctrd no.	datasize	worktype	raw[0]	raw[1]	raw[2]	raw[3]	raw[4]	raw[5]	raw[6]	raw[7]	raw[8]
		seed	0.045769	0.054810	-0.019010	0.112418	0.137949	0.030893	0.079033	0.123503	0.051806
0	400	clst	0.233039	0.041108	0.054163	0.043608	0.120823	0.036387	0.116935	0.032499	0.009444
[class no.#1] <getLBGClusterSize>
centroid size : 2
ctrd no.	datasize	worktype	raw[0]	raw[1]	raw[2]	raw[3]	raw[4]	raw[5]	raw[6]	raw[7]	raw[8]
		seed	0.045815	0.125503	0.111063	0.053209	0.201369	0.063600	0.103078	0.102973	-0.013296
0	225	clst	0.092830	0.016295	0.023208	0.016295	0.107151	0.018270	0.111103	0.006419	0.010864
		seed	0.255183	-0.030094	0.140122	0.018227	0.023817	0.167760	0.128104	0.126694	0.065442
1	175	clst	0.413306	0.073011	0.093963	0.078725	0.138401	0.059681	0.124434	0.066030	0.007618
[class no.#1] <getLBGClusterSize>
centroid size : 3
ctrd no.	datasize	worktype	raw[0]	raw[1]	raw[2]	raw[3]	raw[4]	raw[5]	raw[6]	raw[7]	raw[8]
		seed	0.045850	-0.019315	0.002543	-0.005994	0.063320	0.096315	0.127123	0.082436	0.052827
0	155	clst	0.034405	0.020786	0.030105	0.017919	0.111101	0.020070	0.109670	0.007168	0.014337
		seed	0.184733	-0.031067	0.140443	-0.054069	0.125548	0.079662	0.008885	0.084961	0.008009
1	16	clst	0.506956	0.381931	0.388881	0.354144	0.368044	0.527769	0.333319	0.458331	0.055550
		seed	0.142575	0.063038	0.098364	0.019220	0.027248	0.018047	0.218264	-0.070274	0.053044
2	229	clst	0.348346	0.031050	0.047061	0.039299	0.110130	0.013099	0.106734	0.019892	0.002911
[class no.#1] <getLBGClusterSize>
centroid size : 4
ctrd no.	datasize	worktype	raw[0]	raw[1]	raw[2]	raw[3]	raw[4]	raw[5]	raw[6]	raw[7]	raw[8]
		seed	0.045884	0.051377	0.132623	-0.065204	0.126734	0.129030	0.151175	0.061905	-0.012274
0	15	clst	0.488900	0.385173	0.377767	0.362940	0.377767	0.562953	0.333320	0.474073	0.059253
		seed	0.114283	-0.032041	0.140763	0.096516	0.025809	-0.008445	0.142846	0.043227	-0.049429
1	34	clst	0.464024	0.124171	0.235282	0.062085	0.133974	0.003268	0.120906	0.035944	0.006535
		seed	0.163545	0.002243	-0.057105	0.124519	0.119565	0.076487	0.077913	0.007294	0.007152
2	196	clst	0.330471	0.016438	0.017005	0.036279	0.106565	0.014738	0.105432	0.018140	0.002267
		seed	0.075173	0.044696	0.047832	0.030457	0.140605	0.098139	0.169286	0.073934	0.007664
3	155	clst	0.034405	0.020786	0.030105	0.017919	0.111101	0.020070	0.109670	0.007168	0.014337
[class no.#1] <getLBGClusterSize>
centroid size : 5
ctrd no.	datasize	worktype	raw[0]	raw[1]	raw[2]	raw[3]	raw[4]	raw[5]	raw[6]	raw[7]	raw[8]
		seed	0.045918	0.122063	0.024103	0.098468	0.190155	0.161737	0.175220	0.041375	0.053849
0	15	clst	0.525940	0.407393	0.414807	0.362940	0.340727	0.562953	0.325913	0.437033	0.059253
		seed	0.419322	-0.033007	0.141083	0.024219	0.127540	-0.096552	0.023627	0.001493	0.024355
1	98	clst	0.459152	0.043080	0.080494	0.064622	0.119036	0.005668	0.092961	0.014738	0.004535
		seed	0.184527	-0.058545	0.026010	0.006936	0.211877	0.134920	0.190742	0.084862	-0.038736
2	13	clst	0.205115	0.111100	0.102554	0.059823	0.136746	0.008546	0.495731	0.205131	0.000000
		seed	0.263972	0.110416	-0.042332	0.050869	0.069087	-0.058789	0.114822	-0.031543	0.002362
3	124	clst	0.262519	0.018815	0.019711	0.019711	0.103932	0.018815	0.102140	0.012544	0.001792
		seed	0.058157	0.035212	-0.046322	0.022186	0.176173	0.116550	0.074984	0.019884	0.054021
4	150	clst	0.034071	0.015554	0.025183	0.016295	0.112583	0.020739	0.091102	0.005185	0.014815
