[class no.#0] <getLBGClusterSize>
centroid size : 1
ctrd no.	datasize	worktype	raw[0]	raw[1]	raw[2]	raw[3]	raw[4]	raw[5]	raw[6]	raw[7]	raw[8]
		seed	0.447754	0.665260	0.437425	0.741711	0.538766	0.705177	0.482665	0.812019	0.370506
0	216	clst	0.702677	0.627056	0.618825	0.513885	0.491764	0.719646	0.559669	0.518516	0.188782
[class no.#0] <getLBGClusterSize>
centroid size : 2
ctrd no.	datasize	worktype	raw[0]	raw[1]	raw[2]	raw[3]	raw[4]	raw[5]	raw[6]	raw[7]	raw[8]
		seed	0.447816	0.862357	0.759883	0.545672	0.712819	0.791311	0.531515	0.745806	0.091233
0	121	clst	0.707992	0.820026	0.789722	0.587691	0.631774	0.673089	0.651061	0.708911	0.251603
		seed	0.732822	0.428538	0.831923	0.429851	0.225538	1.065617	0.582360	0.822312	0.428999
1	95	clst	0.695907	0.381273	0.401157	0.419880	0.313436	0.778945	0.443264	0.276013	0.108767
[class no.#0] <getLBGClusterSize>
centroid size : 3
ctrd no.	datasize	worktype	raw[0]	raw[1]	raw[2]	raw[3]	raw[4]	raw[5]	raw[6]	raw[7]	raw[8]
		seed	0.447863	0.458591	0.490855	0.349657	0.333952	0.877466	0.580366	0.679570	0.374887
0	87	clst	0.712646	0.357585	0.390792	0.383138	0.298832	0.807151	0.454653	0.293731	0.116215
		seed	0.636920	0.425824	0.832717	0.190484	0.504731	0.833610	0.340146	0.687714	0.182623
1	57	clst	0.748540	0.779735	0.727104	0.376207	0.571149	0.288484	0.555554	0.703707	0.200777
		seed	0.579532	0.688198	0.728402	0.433139	0.234953	0.671347	0.765535	0.187053	0.375814
2	72	clst	0.654322	0.831796	0.808646	0.780867	0.662043	0.955249	0.689821	0.643521	0.266971
[class no.#0] <getLBGClusterSize>
centroid size : 4
ctrd no.	datasize	worktype	raw[0]	raw[1]	raw[2]	raw[3]	raw[4]	raw[5]	raw[6]	raw[7]	raw[8]
		seed	0.447910	0.655688	0.813331	0.153618	0.507988	0.963622	0.629233	0.613357	0.095614
0	22	clst	0.792932	0.924250	0.949500	0.343427	0.772727	0.924245	0.575759	0.121200	0.040400
		seed	0.541019	0.423110	0.833511	0.689059	0.231005	0.601580	0.612311	0.553115	-0.063770
1	59	clst	0.713749	0.578158	0.581917	0.291886	0.391707	0.248568	0.506585	0.553669	0.103573
		seed	0.608078	0.518697	0.342984	0.781774	0.488313	0.825251	0.480388	0.437225	0.178947
2	68	clst	0.710787	0.379069	0.379075	0.472221	0.325149	0.957521	0.459141	0.320253	0.116007
		seed	0.487780	0.637058	0.603130	0.470342	0.546055	0.882271	0.666028	0.652153	0.181146
3	67	clst	0.655060	0.824218	0.786076	0.807634	0.656719	0.825870	0.703160	0.819243	0.386400
[class no.#0] <getLBGClusterSize>
centroid size : 5
ctrd no.	datasize	worktype	raw[0]	raw[1]	raw[2]	raw[3]	raw[4]	raw[5]	raw[6]	raw[7]	raw[8]
		seed	0.447956	0.852767	0.544303	0.695522	0.682041	1.049755	0.678084	0.547143	0.379267
0	44	clst	0.709602	0.962120	0.919193	0.825766	0.762634	0.835857	0.750011	0.679300	0.439395
		seed	0.956259	0.420415	0.834306	0.449691	0.510199	0.369551	0.370097	0.418517	0.252747
1	40	clst	0.838895	0.800007	0.791675	0.238878	0.563890	0.374987	0.494443	0.766670	0.155550
		seed	0.636639	0.349215	0.549032	0.392468	0.741656	0.979133	0.709620	0.687397	-0.017903
2	41	clst	0.628732	0.550141	0.520322	0.680215	0.449854	0.943093	0.617898	0.821146	0.178851
		seed	0.744786	0.820293	0.379609	0.537925	0.349779	0.469002	0.555376	0.311970	0.158402
3	32	clst	0.607634	0.420134	0.416653	0.302069	0.336794	0.246509	0.475681	0.253456	0.069441
		seed	0.464616	0.610618	0.369717	0.442958	0.643670	0.930757	0.474439	0.477831	0.380006
4	59	clst	0.708095	0.425600	0.455741	0.467041	0.354036	0.967988	0.467029	0.163827	0.096042
[class no.#1] <getLBGClusterSize>
centroid size : 1
ctrd no.	datasize	worktype	raw[0]	raw[1]	raw[2]	raw[3]	raw[4]	raw[5]	raw[6]	raw[7]	raw[8]
		seed	0.044989	0.062432	-0.017626	0.116003	0.141939	0.040049	0.082300	0.136389	0.044763
0	400	clst	0.236651	0.046941	0.060274	0.045552	0.123878	0.046387	0.121102	0.038610	0.007777
[class no.#1] <getLBGClusterSize>
centroid size : 2
ctrd no.	datasize	worktype	raw[0]	raw[1]	raw[2]	raw[3]	raw[4]	raw[5]	raw[6]	raw[7]	raw[8]
		seed	0.045036	0.142353	0.120849	0.055382	0.208821	0.077780	0.106916	0.114330	-0.012076
0	226	clst	0.092911	0.018189	0.025071	0.016223	0.106185	0.019172	0.106678	0.012290	0.006883
		seed	0.259314	-0.033556	0.151786	0.019566	0.021578	0.197940	0.132535	0.139818	0.056667
1	174	clst	0.423347	0.084286	0.105997	0.083647	0.146859	0.081734	0.139836	0.072795	0.008939
[class no.#1] <getLBGClusterSize>
centroid size : 3
ctrd no.	datasize	worktype	raw[0]	raw[1]	raw[2]	raw[3]	raw[4]	raw[5]	raw[6]	raw[7]	raw[8]
		seed	0.045071	-0.021370	0.005319	-0.005233	0.063238	0.115520	0.131531	0.092264	0.045654
0	153	clst	0.031224	0.020332	0.030498	0.017427	0.111101	0.021784	0.104567	0.010166	0.009441
		seed	0.187212	-0.034656	0.152127	-0.054455	0.128861	0.096309	0.010488	0.094977	0.006524
1	21	clst	0.497362	0.402105	0.402110	0.338600	0.375648	0.566129	0.338610	0.433857	0.052905
		seed	0.144066	0.071734	0.107330	0.020583	0.025196	0.025229	0.224834	-0.071815	0.045843
2	226	clst	0.351497	0.031954	0.048669	0.037362	0.109134	0.014748	0.112085	0.021139	0.002458
[class no.#1] <getLBGClusterSize>
centroid size : 4
ctrd no.	datasize	worktype	raw[0]	raw[1]	raw[2]	raw[3]	raw[4]	raw[5]	raw[6]	raw[7]	raw[8]
		seed	0.045106	0.058551	0.143802	-0.065855	0.130113	0.153261	0.156154	0.070206	-0.011184
0	20	clst	0.483340	0.405545	0.394435	0.344420	0.383320	0.594435	0.338875	0.444440	0.055550
		seed	0.115110	-0.035757	0.152468	0.099721	0.023679	-0.005332	0.147627	0.050136	-0.043623
1	45	clst	0.478991	0.103693	0.190111	0.056784	0.135789	0.009876	0.160482	0.041971	0.004938
		seed	0.165527	0.003003	-0.058182	0.128392	0.122552	0.092647	0.081154	0.011528	0.005776
2	182	clst	0.322316	0.015871	0.016482	0.033575	0.103164	0.015871	0.101334	0.017093	0.001831
		seed	0.075083	0.050997	0.053534	0.032087	0.144740	0.117625	0.174694	0.083130	0.006223
3	153	clst	0.031224	0.020332	0.030498	0.017427	0.111101	0.021784	0.104567	0.010166	0.009441
[class no.#1] <getLBGClusterSize>
centroid size : 5
ctrd no.	datasize	worktype	raw[0]	raw[1]	raw[2]	raw[3]	raw[4]	raw[5]	raw[6]	raw[7]	raw[8]
		seed	0.045142	0.138465	0.028271	0.101720	0.196994	0.190992	0.180769	0.048147	0.046546
0	19	clst	0.526326	0.432737	0.438589	0.333305	0.362558	0.614026	0.339168	0.415200	0.058474
		seed	0.427303	-0.036850	0.152809	0.025701	0.130962	-0.106974	0.025580	0.005296	0.020796
1	93	clst	0.465920	0.044201	0.083626	0.059733	0.118268	0.008362	0.100348	0.017919	0.004778
		seed	0.187001	-0.065721	0.030302	0.008006	0.219902	0.160056	0.196660	0.094872	-0.034288
2	14	clst	0.246021	0.134907	0.119036	0.103171	0.158721	0.031743	0.460321	0.230157	0.000000
		seed	0.268310	0.125297	-0.042454	0.052986	0.069319	-0.063409	0.118938	-0.030200	0.001594
3	125	clst	0.265751	0.017776	0.019554	0.020442	0.102212	0.018665	0.103101	0.011554	0.000889
		seed	0.057667	0.040276	-0.046702	0.023619	0.182250	0.138864	0.078156	0.025056	0.046696
4	149	clst	0.031317	0.015658	0.026097	0.015658	0.111847	0.022369	0.089477	0.008202	0.009695
