[class no.#0] <getLBGClusterSize>
centroid size : 1
ctrd no.	datasize	worktype	raw[0]	raw[1]	raw[2]	raw[3]	raw[4]	raw[5]	raw[6]	raw[7]	raw[8]
		seed	0.440803	0.661294	0.446969	0.738598	0.531602	0.697415	0.482563	0.841372	0.353464
0	216	clst	0.697019	0.624485	0.621398	0.513370	0.486620	0.711930	0.557612	0.539608	0.181580
[class no.#0] <getLBGClusterSize>
centroid size : 2
ctrd no.	datasize	worktype	raw[0]	raw[1]	raw[2]	raw[3]	raw[4]	raw[5]	raw[6]	raw[7]	raw[8]
		seed	0.440865	0.851194	0.757035	0.544795	0.698175	0.783821	0.530173	0.773295	0.089312
0	123	clst	0.688350	0.794047	0.779593	0.571811	0.606142	0.659434	0.637764	0.753392	0.243898
		seed	0.727317	0.433216	0.826307	0.430294	0.231836	1.058996	0.579726	0.851954	0.408791
1	93	clst	0.708485	0.400226	0.412173	0.436078	0.328543	0.781359	0.451603	0.256861	0.099158
[class no.#0] <getLBGClusterSize>
centroid size : 3
ctrd no.	datasize	worktype	raw[0]	raw[1]	raw[2]	raw[3]	raw[4]	raw[5]	raw[6]	raw[7]	raw[8]
		seed	0.440912	0.462171	0.498345	0.351014	0.335591	0.870249	0.577783	0.705195	0.357608
0	71	clst	0.622849	0.740225	0.762132	0.768392	0.596245	0.951489	0.661979	0.805954	0.291075
		seed	0.630929	0.430601	0.827070	0.193657	0.499031	0.826254	0.343665	0.713568	0.175755
1	65	clst	0.774363	0.765820	0.721374	0.358963	0.565809	0.299131	0.558971	0.663249	0.179483
		seed	0.573250	0.683395	0.726764	0.433545	0.240847	0.663478	0.758248	0.198817	0.358485
2	80	clst	0.700002	0.406931	0.415266	0.412495	0.324988	0.834720	0.463881	0.202768	0.086106
[class no.#0] <getLBGClusterSize>
centroid size : 4
ctrd no.	datasize	worktype	raw[0]	raw[1]	raw[2]	raw[3]	raw[4]	raw[5]	raw[6]	raw[7]	raw[8]
		seed	0.440959	0.652072	0.808429	0.157211	0.502147	0.956677	0.625408	0.637118	0.093456
0	18	clst	0.802472	0.919761	0.950622	0.302461	0.734567	0.907411	0.524689	0.129617	0.037033
		seed	0.534541	0.427986	0.827834	0.686546	0.237068	0.593490	0.608916	0.575181	-0.057298
1	65	clst	0.760688	0.625646	0.611965	0.285457	0.435891	0.258100	0.533329	0.601709	0.145294
		seed	0.601940	0.520083	0.356156	0.778205	0.483318	0.817868	0.480345	0.456029	0.172277
2	69	clst	0.689213	0.402562	0.384852	0.499193	0.331710	0.943642	0.457317	0.309172	0.098222
		seed	0.481032	0.634122	0.606306	0.470324	0.538578	0.875069	0.661269	0.677006	0.174357
3	64	clst	0.611113	0.779520	0.793411	0.819448	0.635420	0.868056	0.699662	0.840284	0.348956
[class no.#0] <getLBGClusterSize>
centroid size : 5
ctrd no.	datasize	worktype	raw[0]	raw[1]	raw[2]	raw[3]	raw[4]	raw[5]	raw[6]	raw[7]	raw[8]
		seed	0.441006	0.841955	0.549740	0.692936	0.668720	1.043083	0.673018	0.569041	0.361751
0	50	clst	0.591108	0.813340	0.842230	0.895564	0.637782	0.944444	0.688894	0.822226	0.317774
		seed	0.951887	0.425389	0.828598	0.449909	0.504263	0.360726	0.372855	0.436795	0.242081
1	44	clst	0.838391	0.840918	0.792936	0.315648	0.606061	0.300491	0.540405	0.775257	0.234845
		seed	0.630647	0.356789	0.554287	0.393337	0.725773	0.972237	0.703754	0.713242	-0.013914
2	32	clst	0.715291	0.503472	0.499994	0.434016	0.399291	0.895837	0.583347	0.812519	0.149297
		seed	0.739342	0.810667	0.391374	0.537137	0.350738	0.460491	0.553427	0.327249	0.152844
3	33	clst	0.676770	0.441076	0.424230	0.289548	0.373727	0.269342	0.481470	0.228942	0.080803
		seed	0.457750	0.608647	0.381862	0.443252	0.631998	0.923708	0.474547	0.497778	0.362450
4	57	clst	0.682260	0.465874	0.477577	0.504872	0.376209	0.978560	0.485368	0.136439	0.097461
[class no.#1] <getLBGClusterSize>
centroid size : 1
ctrd no.	datasize	worktype	raw[0]	raw[1]	raw[2]	raw[3]	raw[4]	raw[5]	raw[6]	raw[7]	raw[8]
		seed	0.052660	0.059425	-0.015680	0.119696	0.137692	0.039233	0.083759	0.130357	0.052914
0	400	clst	0.242205	0.044719	0.060552	0.047497	0.121378	0.045554	0.122491	0.036110	0.010000
[class no.#1] <getLBGClusterSize>
centroid size : 2
ctrd no.	datasize	worktype	raw[0]	raw[1]	raw[2]	raw[3]	raw[4]	raw[5]	raw[6]	raw[7]	raw[8]
		seed	0.052707	0.135293	0.119830	0.057570	0.198106	0.076858	0.108330	0.109095	-0.013036
0	217	clst	0.093693	0.015871	0.025599	0.016383	0.102397	0.020479	0.108542	0.010752	0.011265
		seed	0.264618	-0.031696	0.150104	0.020865	0.028972	0.196679	0.133903	0.133662	0.066727
1	183	clst	0.418309	0.078926	0.101998	0.084390	0.143886	0.075286	0.139030	0.066179	0.008499
[class no.#1] <getLBGClusterSize>
centroid size : 3
ctrd no.	datasize	worktype	raw[0]	raw[1]	raw[2]	raw[3]	raw[4]	raw[5]	raw[6]	raw[7]	raw[8]
		seed	0.052742	-0.020128	0.006774	-0.004549	0.066602	0.114492	0.132901	0.087826	0.053948
0	147	clst	0.032499	0.018139	0.032499	0.017383	0.104299	0.024185	0.107324	0.009825	0.015118
		seed	0.193312	-0.032741	0.150437	-0.054992	0.125879	0.095335	0.012077	0.090441	0.008545
1	20	clst	0.494450	0.383320	0.383325	0.355530	0.383320	0.577770	0.344430	0.422215	0.055550
		seed	0.150642	0.068255	0.106600	0.021907	0.032240	0.024456	0.226035	-0.070327	0.054167
2	233	clst	0.352857	0.032424	0.050545	0.040055	0.109670	0.013351	0.113009	0.019551	0.002861
[class no.#1] <getLBGClusterSize>
centroid size : 4
ctrd no.	datasize	worktype	raw[0]	raw[1]	raw[2]	raw[3]	raw[4]	raw[5]	raw[6]	raw[7]	raw[8]
		seed	0.052776	0.055740	0.142291	-0.066675	0.127010	0.152126	0.157479	0.066564	-0.012002
0	19	clst	0.479537	0.385953	0.374258	0.362547	0.391800	0.608179	0.345016	0.432742	0.058474
		seed	0.122006	-0.033786	0.150771	0.103010	0.030870	-0.006020	0.148968	0.047220	-0.049640
1	43	clst	0.436667	0.129186	0.217042	0.072344	0.129186	0.031005	0.152444	0.046507	0.005167
		seed	0.171867	0.003009	-0.055368	0.132393	0.120181	0.091683	0.082615	0.010006	0.007677
2	191	clst	0.336213	0.012215	0.015705	0.033739	0.105865	0.009307	0.105284	0.014543	0.002327
		seed	0.082422	0.048569	0.053956	0.033697	0.140223	0.116591	0.175986	0.079022	0.008197
3	147	clst	0.032499	0.018139	0.032499	0.017383	0.104299	0.024185	0.107324	0.009825	0.015118
[class no.#1] <getLBGClusterSize>
centroid size : 5
ctrd no.	datasize	worktype	raw[0]	raw[1]	raw[2]	raw[3]	raw[4]	raw[5]	raw[6]	raw[7]	raw[8]
		seed	0.052811	0.131602	0.029235	0.105059	0.187423	0.189751	0.182050	0.045302	0.054983
0	17	clst	0.509812	0.418288	0.411753	0.359447	0.379071	0.666659	0.346394	0.411759	0.065353
		seed	0.430752	-0.034823	0.151105	0.027153	0.127777	-0.107374	0.027141	0.003999	0.025105
1	100	clst	0.464413	0.045551	0.089995	0.063330	0.117766	0.005555	0.099990	0.017776	0.004444
		seed	0.193104	-0.062230	0.031222	0.009018	0.208115	0.158902	0.197912	0.090340	-0.038809
2	18	clst	0.240728	0.129617	0.117272	0.117278	0.148139	0.049378	0.413578	0.191356	0.000000
		seed	0.273514	0.119102	-0.039977	0.055115	0.072096	-0.063932	0.120331	-0.030215	0.002825
3	122	clst	0.268643	0.016392	0.017302	0.018213	0.103815	0.015481	0.102904	0.009107	0.001821
		seed	0.065198	0.038391	-0.044134	0.025019	0.174104	0.137770	0.079622	0.023045	0.055157
4	143	clst	0.032631	0.013208	0.027969	0.015538	0.104885	0.024862	0.091677	0.007769	0.015541
