[class no.#0] <getLBGClusterSize>
centroid size : 1
ctrd no.	datasize	worktype	raw[0]	raw[1]	raw[2]	raw[3]	raw[4]	raw[5]	raw[6]	raw[7]	raw[8]
		seed	0.436886	0.658599	0.437356	0.755039	0.531497	0.715148	0.493996	0.825084	0.374214
0	216	clst	0.691874	0.621398	0.614711	0.530860	0.485076	0.729420	0.569444	0.526233	0.193411
[class no.#0] <getLBGClusterSize>
centroid size : 2
ctrd no.	datasize	worktype	raw[0]	raw[1]	raw[2]	raw[3]	raw[4]	raw[5]	raw[6]	raw[7]	raw[8]
		seed	0.436949	0.850525	0.752622	0.562139	0.703398	0.800110	0.541859	0.757664	0.096357
0	122	clst	0.683973	0.795090	0.772320	0.614750	0.610198	0.685787	0.664852	0.730423	0.270488
		seed	0.722026	0.428089	0.823055	0.448171	0.222142	1.070685	0.591676	0.835564	0.432410
1	94	clst	0.702129	0.395968	0.410153	0.421982	0.322684	0.786050	0.445617	0.261221	0.093376
[class no.#0] <getLBGClusterSize>
centroid size : 3
ctrd no.	datasize	worktype	raw[0]	raw[1]	raw[2]	raw[3]	raw[4]	raw[5]	raw[6]	raw[7]	raw[8]
		seed	0.436996	0.457354	0.489595	0.369260	0.329215	0.885093	0.589723	0.690222	0.378572
0	69	clst	0.644123	0.740745	0.756845	0.824483	0.592594	0.961355	0.674725	0.792277	0.296291
		seed	0.626101	0.425446	0.823832	0.212636	0.497884	0.841833	0.354357	0.698514	0.187284
1	54	clst	0.759261	0.802478	0.726344	0.423857	0.563780	0.312741	0.619344	0.716054	0.236622
		seed	0.568698	0.680936	0.721843	0.451407	0.231441	0.681778	0.771150	0.188732	0.379495
2	93	clst	0.688174	0.427708	0.444437	0.375142	0.359606	0.799282	0.462358	0.218628	0.091990
[class no.#0] <getLBGClusterSize>
centroid size : 4
ctrd no.	datasize	worktype	raw[0]	raw[1]	raw[2]	raw[3]	raw[4]	raw[5]	raw[6]	raw[7]	raw[8]
		seed	0.437042	0.649279	0.804878	0.176360	0.501100	0.970077	0.637602	0.622802	0.100715
0	18	clst	0.753089	0.907417	0.944450	0.358017	0.740739	0.962967	0.592594	0.104928	0.049378
		seed	0.530175	0.422804	0.824608	0.703230	0.227541	0.612960	0.621022	0.561463	-0.057860
1	60	clst	0.737038	0.614818	0.587037	0.320357	0.412955	0.262942	0.553702	0.575925	0.133328
		seed	0.597251	0.515883	0.345021	0.794461	0.481668	0.833588	0.491765	0.443462	0.183626
2	71	clst	0.694838	0.394352	0.386531	0.469480	0.328625	0.948361	0.453825	0.312983	0.104845
		seed	0.476923	0.631138	0.599366	0.488014	0.538697	0.889832	0.673654	0.662305	0.185814
3	67	clst	0.631842	0.791051	0.792709	0.830851	0.646769	0.852406	0.699843	0.820901	0.379766
[class no.#0] <getLBGClusterSize>
centroid size : 5
ctrd no.	datasize	worktype	raw[0]	raw[1]	raw[2]	raw[3]	raw[4]	raw[5]	raw[6]	raw[7]	raw[8]
		seed	0.437089	0.841186	0.541851	0.709589	0.673001	1.055039	0.685466	0.555382	0.382930
0	50	clst	0.635556	0.891114	0.913336	0.828896	0.695564	0.928888	0.720006	0.704446	0.326664
		seed	0.945520	0.420179	0.825385	0.467694	0.503283	0.384086	0.383703	0.424413	0.257051
1	38	clst	0.827495	0.815800	0.728076	0.394729	0.611108	0.257295	0.564332	0.783632	0.292395
		seed	0.625820	0.350848	0.546474	0.411386	0.731879	0.985377	0.716365	0.698191	-0.012225
2	39	clst	0.675223	0.507123	0.495723	0.586890	0.410241	0.928779	0.589756	0.840469	0.185174
		seed	0.733994	0.809565	0.380829	0.554516	0.344847	0.482184	0.565237	0.315924	0.163185
3	32	clst	0.649300	0.420131	0.434019	0.263872	0.319434	0.291650	0.482628	0.249988	0.090275
		seed	0.453753	0.605391	0.371158	0.461068	0.635105	0.937659	0.485936	0.484807	0.383665
4	57	clst	0.686156	0.446384	0.460035	0.471732	0.360612	0.978560	0.475621	0.138389	0.074070
[class no.#1] <getLBGClusterSize>
centroid size : 1
ctrd no.	datasize	worktype	raw[0]	raw[1]	raw[2]	raw[3]	raw[4]	raw[5]	raw[6]	raw[7]	raw[8]
		seed	0.047331	0.058903	-0.016968	0.115544	0.141443	0.038823	0.081273	0.130863	0.052512
0	400	clst	0.238594	0.044441	0.059441	0.045275	0.123601	0.044998	0.120824	0.035832	0.009722
[class no.#1] <getLBGClusterSize>
centroid size : 2
ctrd no.	datasize	worktype	raw[0]	raw[1]	raw[2]	raw[3]	raw[4]	raw[5]	raw[6]	raw[7]	raw[8]
		seed	0.047378	0.133515	0.118856	0.055079	0.207515	0.075579	0.106364	0.109425	-0.013248
0	218	clst	0.089695	0.015799	0.023953	0.015799	0.107024	0.020385	0.107535	0.007644	0.010704
		seed	0.261211	-0.030709	0.149201	0.019356	0.022538	0.192634	0.132479	0.134196	0.066286
1	182	clst	0.416946	0.078749	0.101948	0.080581	0.143456	0.074479	0.136742	0.069595	0.008546
[class no.#1] <getLBGClusterSize>
centroid size : 3
ctrd no.	datasize	worktype	raw[0]	raw[1]	raw[2]	raw[3]	raw[4]	raw[5]	raw[6]	raw[7]	raw[8]
		seed	0.047413	-0.019332	0.005538	-0.005379	0.063693	0.112344	0.131455	0.087979	0.053544
0	151	clst	0.030902	0.019866	0.030166	0.017658	0.111101	0.023544	0.108896	0.010301	0.014717
		seed	0.189258	-0.031736	0.149535	-0.054473	0.128523	0.093629	0.008072	0.090615	0.008272
1	20	clst	0.494450	0.377765	0.388880	0.333310	0.372210	0.555545	0.338875	0.449995	0.055550
		seed	0.146202	0.067587	0.105596	0.020370	0.026112	0.024387	0.226562	-0.071490	0.053762
2	229	clst	0.353199	0.031535	0.049972	0.038328	0.110130	0.014555	0.109646	0.016496	0.002426
[class no.#1] <getLBGClusterSize>
centroid size : 4
ctrd no.	datasize	worktype	raw[0]	raw[1]	raw[2]	raw[3]	raw[4]	raw[5]	raw[6]	raw[7]	raw[8]
		seed	0.047448	0.055280	0.141369	-0.065844	0.129759	0.149109	0.156554	0.066540	-0.012216
0	19	clst	0.479537	0.380105	0.380105	0.339158	0.380105	0.584784	0.339168	0.461984	0.058474
		seed	0.117306	-0.032763	0.149870	0.099304	0.024614	-0.005384	0.147862	0.047035	-0.049746
1	54	clst	0.409437	0.119330	0.189289	0.055550	0.127559	0.024689	0.156367	0.059667	0.004115
		seed	0.167619	0.003422	-0.056748	0.127901	0.122291	0.090062	0.080104	0.009511	0.007406
2	175	clst	0.339020	0.006349	0.010158	0.034284	0.105386	0.010793	0.093324	0.004444	0.001905
		seed	0.077362	0.048228	0.052830	0.031844	0.144210	0.114394	0.175453	0.079101	0.007924
3	152	clst	0.032161	0.019735	0.029968	0.017542	0.111101	0.024120	0.112566	0.010233	0.014620
[class no.#1] <getLBGClusterSize>
centroid size : 5
ctrd no.	datasize	worktype	raw[0]	raw[1]	raw[2]	raw[3]	raw[4]	raw[5]	raw[6]	raw[7]	raw[8]
		seed	0.047483	0.129885	0.028051	0.101297	0.195832	0.185865	0.181645	0.045101	0.054575
0	18	clst	0.524700	0.407394	0.425917	0.327133	0.358011	0.604928	0.339494	0.432094	0.061722
		seed	0.428851	-0.033784	0.150204	0.025475	0.130598	-0.104398	0.023456	0.003454	0.024784
1	98	clst	0.462554	0.040812	0.081628	0.058954	0.117902	0.007936	0.099763	0.017005	0.004535
		seed	0.189048	-0.060737	0.030043	0.007825	0.218462	0.155728	0.197842	0.090513	-0.038946
2	23	clst	0.207717	0.144913	0.120761	0.101443	0.135257	0.072457	0.396130	0.130430	0.000000
		seed	0.270188	0.117592	-0.041321	0.052689	0.069702	-0.061960	0.118619	-0.031044	0.002568
3	118	clst	0.268335	0.012240	0.016947	0.016947	0.103568	0.012240	0.093211	0.006591	0.000942
		seed	0.059983	0.038218	-0.045488	0.023398	0.181266	0.135085	0.077048	0.022659	0.054749
4	143	clst	0.029523	0.011654	0.023308	0.014762	0.112655	0.022531	0.086238	0.007769	0.015541
