[class no.#0] <getLBGClusterSize>
centroid size : 1
ctrd no.	datasize	worktype	raw[0]	raw[1]	raw[2]	raw[3]	raw[4]	raw[5]	raw[6]	raw[7]	raw[8]
		seed	0.435344	0.671454	0.435894	0.742270	0.535200	0.703462	0.484158	0.824842	0.364405
0	216	clst	0.692903	0.633746	0.616254	0.515943	0.488678	0.718103	0.560184	0.528805	0.183638
[class no.#0] <getLBGClusterSize>
centroid size : 2
ctrd no.	datasize	worktype	raw[0]	raw[1]	raw[2]	raw[3]	raw[4]	raw[5]	raw[6]	raw[7]	raw[8]
		seed	0.435407	0.865994	0.756502	0.547521	0.707475	0.790620	0.532388	0.758057	0.086602
0	123	clst	0.689252	0.820246	0.784109	0.593493	0.616983	0.663048	0.645894	0.723581	0.245704
		seed	0.723360	0.437804	0.828129	0.432461	0.225171	1.068187	0.582586	0.835223	0.422590
1	93	clst	0.697732	0.387086	0.394253	0.413376	0.318984	0.790918	0.446825	0.271197	0.101549
[class no.#0] <getLBGClusterSize>
centroid size : 3
ctrd no.	datasize	worktype	raw[0]	raw[1]	raw[2]	raw[3]	raw[4]	raw[5]	raw[6]	raw[7]	raw[8]
		seed	0.435454	0.467467	0.489018	0.352794	0.332478	0.877799	0.580618	0.691249	0.368762
0	70	clst	0.634920	0.763500	0.753970	0.820640	0.600003	0.963494	0.666671	0.746037	0.285707
		seed	0.626467	0.435126	0.828919	0.194668	0.501513	0.833421	0.343450	0.699463	0.177511
1	49	clst	0.730159	0.820871	0.712024	0.428561	0.541947	0.231273	0.621318	0.795924	0.233557
		seed	0.568485	0.694095	0.725202	0.435727	0.234491	0.669230	0.763434	0.194481	0.369685
2	97	clst	0.715927	0.445582	0.468493	0.340199	0.381431	0.786941	0.452455	0.237102	0.084762
[class no.#0] <getLBGClusterSize>
centroid size : 4
ctrd no.	datasize	worktype	raw[0]	raw[1]	raw[2]	raw[3]	raw[4]	raw[5]	raw[6]	raw[7]	raw[8]
		seed	0.435502	0.662007	0.809644	0.158044	0.504736	0.964979	0.628864	0.624464	0.090960
0	20	clst	0.788890	0.933340	0.950005	0.394440	0.744445	0.927780	0.627780	0.105545	0.044440
		seed	0.529574	0.432447	0.829709	0.689964	0.230583	0.598634	0.612157	0.563703	-0.067584
1	52	clst	0.743592	0.728640	0.666673	0.333321	0.467946	0.239298	0.551277	0.685900	0.128200
		seed	0.597326	0.526794	0.341995	0.782070	0.485262	0.824963	0.481910	0.446812	0.173855
2	81	clst	0.694105	0.371732	0.360756	0.422491	0.319602	0.855967	0.443064	0.301774	0.106991
		seed	0.475784	0.643619	0.600649	0.472686	0.542415	0.882661	0.665192	0.663595	0.176042
3	63	clst	0.619048	0.797187	0.797184	0.825402	0.641976	0.869490	0.696659	0.825403	0.372130
[class no.#0] <getLBGClusterSize>
centroid size : 5
ctrd no.	datasize	worktype	raw[0]	raw[1]	raw[2]	raw[3]	raw[4]	raw[5]	raw[6]	raw[7]	raw[8]
		seed	0.435549	0.856528	0.542159	0.696385	0.677011	1.052136	0.677094	0.557679	0.373120
0	47	clst	0.652481	0.917262	0.959815	0.817974	0.728138	0.900709	0.728140	0.721047	0.354606
		seed	0.949107	0.429787	0.830498	0.452171	0.506924	0.363846	0.373020	0.427943	0.247265
1	40	clst	0.766672	0.844455	0.736122	0.291658	0.533332	0.274985	0.550000	0.791675	0.197218
		seed	0.626183	0.359511	0.546862	0.395323	0.736017	0.980674	0.708230	0.699144	-0.021959
2	36	clst	0.669764	0.515439	0.493825	0.577153	0.413567	0.907411	0.580258	0.861125	0.157397
		seed	0.735448	0.824476	0.378410	0.539825	0.348144	0.464479	0.555945	0.320476	0.153417
3	42	clst	0.650786	0.584650	0.521160	0.785717	0.465598	0.798938	0.555543	0.174586	0.100524
		seed	0.452381	0.617521	0.368575	0.445482	0.639032	0.931723	0.476037	0.487769	0.373855
4	51	clst	0.723316	0.331149	0.370359	0.148135	0.305002	0.697165	0.403039	0.202598	0.102396
[class no.#1] <getLBGClusterSize>
centroid size : 1
ctrd no.	datasize	worktype	raw[0]	raw[1]	raw[2]	raw[3]	raw[4]	raw[5]	raw[6]	raw[7]	raw[8]
		seed	0.044225	0.062303	-0.017379	0.112837	0.139182	0.035819	0.083388	0.122716	0.045190
0	400	clst	0.234428	0.046941	0.061385	0.044163	0.122212	0.041943	0.121102	0.034443	0.008055
[class no.#1] <getLBGClusterSize>
centroid size : 2
ctrd no.	datasize	worktype	raw[0]	raw[1]	raw[2]	raw[3]	raw[4]	raw[5]	raw[6]	raw[7]	raw[8]
		seed	0.044272	0.141554	0.122632	0.053745	0.202025	0.072274	0.107313	0.102802	-0.011878
0	222	clst	0.088580	0.016014	0.023521	0.016014	0.107097	0.016014	0.106598	0.008007	0.008008
		seed	0.256919	-0.032882	0.153912	0.018833	0.026088	0.188371	0.132215	0.125812	0.057142
1	178	clst	0.416329	0.085513	0.108609	0.079270	0.141062	0.074280	0.139190	0.067413	0.008114
[class no.#1] <getLBGClusterSize>
centroid size : 3
ctrd no.	datasize	worktype	raw[0]	raw[1]	raw[2]	raw[3]	raw[4]	raw[5]	raw[6]	raw[7]	raw[8]
		seed	0.044307	-0.020798	0.005821	-0.005341	0.065232	0.108738	0.131238	0.082881	0.046085
0	156	clst	0.032048	0.019229	0.029199	0.015668	0.108965	0.018517	0.106117	0.009258	0.009972
		seed	0.185366	-0.033973	0.154257	-0.053321	0.126894	0.090176	0.013588	0.085330	0.006797
1	19	clst	0.497084	0.426889	0.426895	0.339158	0.356711	0.590632	0.315774	0.397653	0.052626
		seed	0.142548	0.071526	0.108963	0.019824	0.029488	0.021500	0.221926	-0.065247	0.046274
2	225	clst	0.352565	0.034071	0.052836	0.039009	0.111594	0.011851	0.115052	0.021233	0.002963
[class no.#1] <getLBGClusterSize>
centroid size : 4
ctrd no.	datasize	worktype	raw[0]	raw[1]	raw[2]	raw[3]	raw[4]	raw[5]	raw[6]	raw[7]	raw[8]
		seed	0.044341	0.058454	0.145839	-0.064433	0.128069	0.145202	0.155171	0.062967	-0.010983
0	18	clst	0.481489	0.432089	0.419744	0.345656	0.364183	0.623444	0.314800	0.407400	0.055550
		seed	0.113812	-0.035064	0.154602	0.096966	0.028062	-0.008028	0.146883	0.044849	-0.043552
1	53	clst	0.417164	0.113196	0.192860	0.060791	0.132062	0.025155	0.163509	0.075468	0.004192
		seed	0.163846	0.003371	-0.058385	0.124914	0.120966	0.086638	0.082273	0.009994	0.006046
2	173	clst	0.335232	0.011560	0.012844	0.033395	0.105962	0.007706	0.101468	0.005780	0.002569
		seed	0.074090	0.050963	0.054570	0.031038	0.141814	0.110772	0.173192	0.074635	0.006495
3	156	clst	0.032048	0.019229	0.029199	0.015668	0.108965	0.018517	0.106117	0.009258	0.009972
[class no.#1] <getLBGClusterSize>
centroid size : 5
ctrd no.	datasize	worktype	raw[0]	raw[1]	raw[2]	raw[3]	raw[4]	raw[5]	raw[6]	raw[7]	raw[8]
		seed	0.044376	0.137698	0.029028	0.098915	0.190913	0.181657	0.179096	0.043053	0.046980
0	18	clst	0.512356	0.438261	0.444439	0.327133	0.364183	0.611100	0.320972	0.395056	0.055550
		seed	0.423630	-0.036148	0.154946	0.024813	0.128867	-0.106231	0.028257	0.004368	0.021126
1	95	clst	0.463127	0.044440	0.087714	0.059645	0.116947	0.005847	0.100575	0.017542	0.004678
		seed	0.185156	-0.064777	0.031081	0.007564	0.212437	0.151767	0.194541	0.085235	-0.034180
2	22	clst	0.222209	0.141400	0.116150	0.090905	0.106050	0.075750	0.373732	0.121209	0.000000
		seed	0.265846	0.124641	-0.042482	0.051410	0.070947	-0.064140	0.118999	-0.027677	0.001847
3	116	clst	0.268172	0.014366	0.018197	0.018197	0.107269	0.008620	0.101522	0.010535	0.001916
		seed	0.056806	0.040331	-0.046777	0.022783	0.177058	0.131293	0.079359	0.022207	0.047131
4	149	clst	0.030571	0.012676	0.023860	0.013421	0.110356	0.017150	0.087985	0.007456	0.010440
