[class no.#0] <getLBGClusterSize>
centroid size : 1
ctrd no.	datasize	worktype	raw[0]	raw[1]	raw[2]	raw[3]	raw[4]	raw[5]	raw[6]	raw[7]	raw[8]
		seed	0.443658	0.665858	0.444952	0.746342	0.528629	0.702722	0.488287	0.826780	0.348299
0	216	clst	0.701134	0.628601	0.622427	0.519543	0.481990	0.717074	0.562756	0.529319	0.177978
[class no.#0] <getLBGClusterSize>
centroid size : 2
ctrd no.	datasize	worktype	raw[0]	raw[1]	raw[2]	raw[3]	raw[4]	raw[5]	raw[6]	raw[7]	raw[8]
		seed	0.443721	0.858073	0.760432	0.551187	0.701337	0.788157	0.535530	0.759674	0.086551
0	123	clst	0.695576	0.803080	0.783206	0.585361	0.615175	0.672984	0.656737	0.730807	0.233961
		seed	0.731581	0.435001	0.830914	0.435887	0.217820	1.060239	0.584700	0.837212	0.403122
1	93	clst	0.708485	0.397838	0.409785	0.432494	0.305842	0.775386	0.438459	0.262833	0.103937
[class no.#0] <getLBGClusterSize>
centroid size : 3
ctrd no.	datasize	worktype	raw[0]	raw[1]	raw[2]	raw[3]	raw[4]	raw[5]	raw[6]	raw[7]	raw[8]
		seed	0.443768	0.464309	0.497226	0.356054	0.325397	0.873614	0.582772	0.692545	0.352405
0	80	clst	0.647225	0.763895	0.751391	0.766669	0.623614	0.961112	0.661117	0.700004	0.256938
		seed	0.634719	0.432354	0.831691	0.197599	0.494857	0.830113	0.350462	0.700798	0.172206
1	56	clst	0.753970	0.803580	0.736118	0.386893	0.549598	0.309507	0.601193	0.730162	0.196425
		seed	0.576756	0.688229	0.729633	0.439161	0.227163	0.669166	0.761843	0.193386	0.353274
2	80	clst	0.718059	0.370821	0.413880	0.365273	0.293040	0.758331	0.437489	0.218043	0.086106
[class no.#0] <getLBGClusterSize>
centroid size : 4
ctrd no.	datasize	worktype	raw[0]	raw[1]	raw[2]	raw[3]	raw[4]	raw[5]	raw[6]	raw[7]	raw[8]
		seed	0.443815	0.656524	0.812724	0.160899	0.498089	0.959071	0.630029	0.625438	0.090656
0	21	clst	0.788362	0.920643	0.941805	0.396819	0.756614	0.931219	0.629633	0.105810	0.042324
		seed	0.537857	0.429708	0.832468	0.693927	0.223245	0.599965	0.613664	0.564385	-0.058726
1	62	clst	0.749106	0.616492	0.600358	0.270594	0.430102	0.259837	0.530461	0.591397	0.145155
		seed	0.605588	0.522927	0.352555	0.786225	0.478566	0.821822	0.486086	0.446932	0.168761
2	73	clst	0.686456	0.407903	0.386593	0.528156	0.330277	0.922378	0.447478	0.308970	0.132414
		seed	0.484085	0.638356	0.607072	0.476196	0.535862	0.878380	0.665613	0.664758	0.170821
3	60	clst	0.638892	0.807415	0.820382	0.809265	0.624073	0.864813	0.712975	0.881490	0.314812
[class no.#0] <getLBGClusterSize>
centroid size : 5
ctrd no.	datasize	worktype	raw[0]	raw[1]	raw[2]	raw[3]	raw[4]	raw[5]	raw[6]	raw[7]	raw[8]
		seed	0.443862	0.848720	0.549518	0.700361	0.670797	1.044506	0.677271	0.558332	0.356511
0	35	clst	0.774609	0.993651	0.977780	0.768260	0.771434	0.876189	0.774614	0.634926	0.387303
		seed	0.957256	0.427079	0.833245	0.455638	0.500282	0.369817	0.379427	0.427971	0.237929
1	41	clst	0.813015	0.802176	0.753395	0.292673	0.533873	0.325188	0.544720	0.823854	0.197827
		seed	0.634435	0.357643	0.554145	0.398672	0.729952	0.974456	0.707769	0.700477	-0.015737
2	48	clst	0.581023	0.578710	0.597223	0.738425	0.493050	0.944448	0.601860	0.831025	0.192119
		seed	0.743665	0.817051	0.388387	0.543475	0.341102	0.468461	0.558604	0.319987	0.149504
3	33	clst	0.629627	0.437709	0.410764	0.292915	0.346791	0.255873	0.474733	0.262612	0.060600
		seed	0.460689	0.612570	0.378709	0.448935	0.632722	0.926472	0.480333	0.488085	0.357203
4	59	clst	0.717514	0.438785	0.459507	0.478339	0.340853	0.967988	0.467031	0.165712	0.094158
[class no.#1] <getLBGClusterSize>
centroid size : 1
ctrd no.	datasize	worktype	raw[0]	raw[1]	raw[2]	raw[3]	raw[4]	raw[5]	raw[6]	raw[7]	raw[8]
		seed	0.044064	0.059182	-0.018460	0.116709	0.142186	0.037619	0.083047	0.135573	0.052110
0	400	clst	0.235261	0.043886	0.059163	0.045275	0.124156	0.043887	0.121935	0.038054	0.009444
[class no.#1] <getLBGClusterSize>
centroid size : 2
ctrd no.	datasize	worktype	raw[0]	raw[1]	raw[2]	raw[3]	raw[4]	raw[5]	raw[6]	raw[7]	raw[8]
		seed	0.044111	0.138096	0.119523	0.055241	0.208955	0.074932	0.107717	0.113573	-0.013458
0	227	clst	0.092012	0.016641	0.025450	0.013215	0.105717	0.016151	0.106697	0.010278	0.010769
		seed	0.257870	-0.035597	0.150349	0.018926	0.022029	0.193759	0.133394	0.138993	0.065843
1	173	clst	0.423224	0.079636	0.103399	0.087342	0.148350	0.080280	0.141929	0.074501	0.007706
[class no.#1] <getLBGClusterSize>
centroid size : 3
ctrd no.	datasize	worktype	raw[0]	raw[1]	raw[2]	raw[3]	raw[4]	raw[5]	raw[6]	raw[7]	raw[8]
		seed	0.044146	-0.023564	0.004403	-0.006219	0.063618	0.112253	0.132387	0.091566	0.053138
0	157	clst	0.033967	0.019106	0.031844	0.013445	0.108978	0.018399	0.110396	0.008492	0.014155
		seed	0.185942	-0.036684	0.150689	-0.056128	0.129130	0.093255	0.011073	0.094272	0.007998
1	21	clst	0.497362	0.402105	0.402110	0.338600	0.375648	0.566129	0.338610	0.433857	0.052905
		seed	0.142900	0.068366	0.106052	0.019957	0.025641	0.022964	0.225900	-0.072077	0.053356
2	222	clst	0.352825	0.027525	0.046042	0.040037	0.111100	0.012511	0.109600	0.021520	0.002002
[class no.#1] <getLBGClusterSize>
centroid size : 4
ctrd no.	datasize	worktype	raw[0]	raw[1]	raw[2]	raw[3]	raw[4]	raw[5]	raw[6]	raw[7]	raw[8]
		seed	0.044181	0.055350	0.142394	-0.067687	0.130380	0.149575	0.157066	0.069566	-0.012430
0	20	clst	0.483340	0.405545	0.394435	0.344420	0.383320	0.594435	0.338875	0.444440	0.055550
		seed	0.114015	-0.037770	0.151029	0.100200	0.024126	-0.007258	0.148520	0.049550	-0.049850
1	47	clst	0.425506	0.101645	0.186749	0.068551	0.132374	0.018911	0.172564	0.082738	0.004728
		seed	0.164310	0.000501	-0.058872	0.129271	0.122832	0.089634	0.081897	0.011045	0.007135
2	176	clst	0.335830	0.009469	0.011362	0.033458	0.106050	0.010731	0.094056	0.006312	0.001263
		seed	0.074085	0.047891	0.052447	0.031622	0.144983	0.114335	0.175648	0.082456	0.007651
3	157	clst	0.033967	0.019106	0.031844	0.013445	0.108978	0.018399	0.110396	0.008492	0.014155
[class no.#1] <getLBGClusterSize>
centroid size : 5
ctrd no.	datasize	worktype	raw[0]	raw[1]	raw[2]	raw[3]	raw[4]	raw[5]	raw[6]	raw[7]	raw[8]
		seed	0.044216	0.134257	0.027274	0.102226	0.197148	0.186888	0.181736	0.047566	0.054167
0	19	clst	0.526326	0.432737	0.438589	0.333305	0.362558	0.614026	0.339168	0.415200	0.058474
		seed	0.425452	-0.038850	0.151369	0.025147	0.131228	-0.107772	0.026199	0.004829	0.024462
1	94	clst	0.463326	0.035457	0.076827	0.061463	0.119373	0.008273	0.099281	0.017729	0.002364
		seed	0.185732	-0.067357	0.029298	0.007204	0.220017	0.156294	0.197662	0.094166	-0.039081
2	20	clst	0.222210	0.144430	0.122210	0.116660	0.138880	0.049995	0.394440	0.172220	0.000000
		seed	0.266844	0.121255	-0.043200	0.052812	0.069689	-0.064690	0.119767	-0.030572	0.002312
3	117	clst	0.266830	0.012344	0.015193	0.018042	0.104453	0.012344	0.098756	0.010445	0.001899
		seed	0.056711	0.037304	-0.047433	0.023035	0.182429	0.135338	0.078893	0.024536	0.054340
4	150	clst	0.032589	0.011110	0.025923	0.010369	0.110361	0.017776	0.090361	0.006666	0.014815
