[class no.#0] <getLBGClusterSize>
centroid size : 1
ctrd no.	datasize	worktype	raw[0]	raw[1]	raw[2]	raw[3]	raw[4]	raw[5]	raw[6]	raw[7]	raw[8]
		seed	0.436938	0.669939	0.436320	0.739261	0.539640	0.690058	0.486357	0.819499	0.365984
0	216	clst	0.694447	0.632717	0.613681	0.516457	0.493306	0.704728	0.561727	0.524175	0.187238
[class no.#0] <getLBGClusterSize>
centroid size : 2
ctrd no.	datasize	worktype	raw[0]	raw[1]	raw[2]	raw[3]	raw[4]	raw[5]	raw[6]	raw[7]	raw[8]
		seed	0.437001	0.861972	0.751598	0.547544	0.711217	0.777385	0.534171	0.752875	0.091288
0	124	clst	0.691759	0.808254	0.774202	0.568096	0.619174	0.661285	0.646959	0.713265	0.243723
		seed	0.724897	0.439300	0.822034	0.434275	0.230867	1.055491	0.583937	0.829856	0.423519
1	92	clst	0.698070	0.396124	0.397328	0.446857	0.323659	0.763282	0.446850	0.269314	0.111107
[class no.#0] <getLBGClusterSize>
centroid size : 3
ctrd no.	datasize	worktype	raw[0]	raw[1]	raw[2]	raw[3]	raw[4]	raw[5]	raw[6]	raw[7]	raw[8]
		seed	0.437049	0.468581	0.488560	0.355848	0.337739	0.864734	0.581985	0.686228	0.370293
0	82	clst	0.642278	0.756105	0.737130	0.742549	0.598917	0.963417	0.661252	0.659896	0.249316
		seed	0.628023	0.436655	0.822811	0.200184	0.506090	0.820270	0.346863	0.694423	0.181181
1	59	clst	0.755181	0.824869	0.738236	0.391705	0.580034	0.295653	0.564971	0.709985	0.214686
		seed	0.570053	0.692289	0.720818	0.437491	0.240149	0.655759	0.763224	0.190656	0.371205
2	75	clst	0.703707	0.346653	0.380728	0.367401	0.309613	0.743700	0.450361	0.229616	0.097775
[class no.#0] <getLBGClusterSize>
centroid size : 4
ctrd no.	datasize	worktype	raw[0]	raw[1]	raw[2]	raw[3]	raw[4]	raw[5]	raw[6]	raw[7]	raw[8]
		seed	0.437096	0.660614	0.803856	0.164131	0.509300	0.952083	0.629815	0.619604	0.095597
0	21	clst	0.783071	0.931224	0.941805	0.396819	0.793652	0.920638	0.619052	0.116390	0.042324
		seed	0.531149	0.434011	0.823587	0.687769	0.236257	0.585026	0.613252	0.558989	-0.061174
1	65	clst	0.757268	0.632485	0.608546	0.280329	0.435891	0.249552	0.511105	0.581195	0.147003
		seed	0.598889	0.527143	0.343981	0.778441	0.489905	0.811795	0.484129	0.442380	0.177565
2	68	clst	0.691179	0.406851	0.375804	0.511435	0.326782	0.933009	0.457507	0.325156	0.112740
		seed	0.477371	0.642463	0.598336	0.473874	0.546826	0.869605	0.665829	0.658641	0.179728
3	62	clst	0.602152	0.779577	0.768824	0.810040	0.634410	0.858424	0.709689	0.820795	0.360213
[class no.#0] <getLBGClusterSize>
centroid size : 5
ctrd no.	datasize	worktype	raw[0]	raw[1]	raw[2]	raw[3]	raw[4]	raw[5]	raw[6]	raw[7]	raw[8]
		seed	0.437143	0.852629	0.540818	0.694090	0.680877	1.039410	0.677629	0.552980	0.374602
0	47	clst	0.631202	0.886530	0.905440	0.799062	0.718683	0.924349	0.721047	0.650119	0.321511
		seed	0.950600	0.431385	0.824364	0.453678	0.511479	0.349782	0.376178	0.423556	0.250155
1	42	clst	0.825405	0.846571	0.753976	0.312162	0.587302	0.269826	0.534393	0.798948	0.246029
		seed	0.627740	0.362015	0.545442	0.397716	0.739644	0.967809	0.708496	0.694104	-0.016059
2	40	clst	0.669457	0.527780	0.513888	0.586105	0.411095	0.927782	0.605570	0.833347	0.174990
		seed	0.736983	0.820990	0.379791	0.539967	0.353342	0.450611	0.557525	0.316347	0.157356
3	33	clst	0.622894	0.434342	0.420861	0.319852	0.373727	0.242403	0.461264	0.242409	0.074070
		seed	0.453972	0.616701	0.370119	0.447093	0.643052	0.918763	0.478306	0.483238	0.375328
4	54	clst	0.709874	0.444435	0.442381	0.497939	0.358011	0.969139	0.473239	0.144019	0.102878
[class no.#1] <getLBGClusterSize>
centroid size : 1
ctrd no.	datasize	worktype	raw[0]	raw[1]	raw[2]	raw[3]	raw[4]	raw[5]	raw[6]	raw[7]	raw[8]
		seed	0.047096	0.059993	-0.020894	0.108601	0.134231	0.036576	0.082124	0.128060	0.052914
0	400	clst	0.237483	0.044719	0.055553	0.043330	0.118601	0.042776	0.120824	0.034999	0.010000
[class no.#1] <getLBGClusterSize>
centroid size : 2
ctrd no.	datasize	worktype	raw[0]	raw[1]	raw[2]	raw[3]	raw[4]	raw[5]	raw[6]	raw[7]	raw[8]
		seed	0.047143	0.138789	0.114998	0.052437	0.192114	0.073484	0.106675	0.107066	-0.013036
0	225	clst	0.093818	0.015801	0.023701	0.013826	0.101225	0.016295	0.109621	0.010369	0.010864
		seed	0.259996	-0.034646	0.145357	0.019255	0.030065	0.191025	0.132228	0.131324	0.066727
1	175	clst	0.422195	0.081900	0.096504	0.081264	0.140941	0.076823	0.135228	0.066665	0.008888
[class no.#1] <getLBGClusterSize>
centroid size : 3
ctrd no.	datasize	worktype	raw[0]	raw[1]	raw[2]	raw[3]	raw[4]	raw[5]	raw[6]	raw[7]	raw[8]
		seed	0.047178	-0.022631	0.001622	-0.003721	0.066119	0.110402	0.131226	0.086064	0.053948
0	152	clst	0.032161	0.017542	0.028506	0.015349	0.102330	0.017542	0.107448	0.007309	0.014620
		seed	0.188373	-0.035730	0.145692	-0.049323	0.122913	0.091610	0.010498	0.088646	0.008545
1	19	clst	0.514632	0.426889	0.415200	0.309916	0.362558	0.590637	0.350863	0.450284	0.058474
		seed	0.145514	0.069163	0.101731	0.020197	0.033196	0.022080	0.224286	-0.070099	0.054167
2	229	clst	0.350772	0.031050	0.043665	0.039784	0.109159	0.014069	0.110616	0.018921	0.002911
[class no.#1] <getLBGClusterSize>
centroid size : 4
ctrd no.	datasize	worktype	raw[0]	raw[1]	raw[2]	raw[3]	raw[4]	raw[5]	raw[6]	raw[7]	raw[8]
		seed	0.047213	0.056166	0.137522	-0.059885	0.123996	0.147320	0.155785	0.065070	-0.012002
0	16	clst	0.534737	0.472213	0.451381	0.305525	0.354150	0.687494	0.354156	0.444438	0.069437
		seed	0.116750	-0.036815	0.146027	0.093516	0.031883	-0.007816	0.147280	0.045969	-0.049640
1	47	clst	0.404230	0.125283	0.172568	0.122928	0.151287	0.028366	0.156017	0.099285	0.004728
		seed	0.166833	0.001399	-0.060694	0.120079	0.117453	0.088028	0.080980	0.009224	0.007677
2	185	clst	0.338109	0.009609	0.013812	0.023421	0.103293	0.011410	0.102693	0.006005	0.002402
		seed	0.076990	0.048718	0.048938	0.030855	0.136656	0.112461	0.174277	0.077371	0.008197
3	152	clst	0.032161	0.017542	0.028506	0.015349	0.102330	0.017542	0.107448	0.007309	0.014620
[class no.#1] <getLBGClusterSize>
centroid size : 5
ctrd no.	datasize	worktype	raw[0]	raw[1]	raw[2]	raw[3]	raw[4]	raw[5]	raw[6]	raw[7]	raw[8]
		seed	0.047248	0.134955	0.024147	0.095368	0.181879	0.184228	0.180336	0.044076	0.054983
0	16	clst	0.534737	0.472213	0.451381	0.305525	0.354150	0.687494	0.354156	0.444438	0.069437
		seed	0.426868	-0.037893	0.146361	0.024939	0.124731	-0.107241	0.025550	0.003292	0.025105
1	98	clst	0.463687	0.043080	0.073693	0.069157	0.116768	0.007936	0.097496	0.018139	0.004535
		seed	0.188164	-0.066358	0.026140	0.008544	0.201705	0.153966	0.196185	0.088546	-0.038809
2	20	clst	0.222210	0.138875	0.116655	0.094440	0.138880	0.066660	0.399995	0.144440	0.000000
		seed	0.268932	0.121973	-0.045260	0.050217	0.071382	-0.064626	0.118666	-0.030492	0.002825
3	120	clst	0.266640	0.012962	0.016665	0.014813	0.103693	0.012962	0.099990	0.012036	0.001852
		seed	0.059690	0.038147	-0.049428	0.023010	0.169118	0.133237	0.077990	0.022098	0.055157
4	146	clst	0.031199	0.012175	0.023590	0.013697	0.103491	0.016741	0.089793	0.005327	0.015221
