[class #0] <getLBGClusterSize>
centroid size : 1
ctrd no.	datasize	worktype	data[0]	data[1]	data[2]	data[3]	data[4]	data[5]
		seed	0.561055	0.446921	0.118146	0.270294	0.100218	0.167973
0	131	clst	0.668937	0.428548	0.173295	0.213443	0.083153	0.175573
[class #0] <for of setCPON>
[class #0] <getLBGClusterSize>
centroid size : 2
ctrd no.	datasize	worktype	data[0]	data[1]	data[2]	data[3]	data[4]	data[5]
		seed	0.561081	0.541710	0.216180	0.221375	0.163414	0.213212
0	92	clst	0.640443	0.404916	0.151163	0.183797	0.049013	0.075000
		seed	0.657097	0.517151	0.142133	0.224303	0.016823	0.311604
1	39	clst	0.736151	0.484295	0.225505	0.283377	0.163687	0.412821
[class #0] <for of setCPON>
[class #0] <getLBGClusterSize>
centroid size : 3
ctrd no.	datasize	worktype	data[0]	data[1]	data[2]	data[3]	data[4]	data[5]
		seed	0.561101	0.347529	0.134390	0.172462	0.025854	0.258462
0	63	clst	0.657473	0.322011	0.148211	0.176668	0.045492	0.121825
		seed	0.677640	0.491331	0.232747	0.189753	0.015917	0.312112
1	31	clst	0.754655	0.527926	0.237132	0.305397	0.189245	0.425806
		seed	0.574139	0.435325	0.201802	0.134855	0.128976	0.171442
2	37	clst	0.616638	0.526686	0.162522	0.199016	0.058389	0.057432
[class #0] <for of setCPON>
[class #0] <getLBGClusterSize>
centroid size : 4
ctrd no.	datasize	worktype	data[0]	data[1]	data[2]	data[3]	data[4]	data[5]
		seed	0.561121	0.442318	0.232429	0.123543	0.089043	0.303711
0	22	clst	0.641145	0.617395	0.160755	0.217818	0.057114	0.151136
		seed	0.698190	0.465519	0.143533	0.155204	0.015010	0.312619
1	14	clst	0.774414	0.597529	0.281450	0.394243	0.292550	0.500000
		seed	0.720285	0.292273	0.143763	0.232288	0.092523	0.006171
2	66	clst	0.624798	0.362455	0.148798	0.170803	0.045185	0.054924
		seed	0.628903	0.376436	0.089434	0.280291	0.081900	0.231037
3	29	clst	0.739552	0.354128	0.186348	0.219883	0.088228	0.312069
[class #0] <for of setCPON>
[class #0] <getLBGClusterSize>
centroid size : 5
ctrd no.	datasize	worktype	data[0]	data[1]	data[2]	data[3]	data[4]	data[5]
		seed	0.561141	0.537098	0.150639	0.258768	0.152239	0.348950
0	13	clst	0.710508	0.627438	0.232300	0.327669	0.263423	0.519231
		seed	0.718733	0.439708	0.234147	0.304798	0.014109	0.313126
1	12	clst	0.815783	0.480450	0.304100	0.314925	0.161833	0.354167
		seed	0.650120	0.438182	0.085724	0.145578	0.056070	0.218478
2	52	clst	0.636640	0.326750	0.145940	0.173579	0.041942	0.065865
		seed	0.640990	0.294927	0.152077	0.183145	0.173884	0.311858
3	20	clst	0.697345	0.347835	0.144030	0.202595	0.071920	0.327500
		seed	0.731995	0.494382	0.107269	0.228613	0.147718	0.022867
4	34	clst	0.633897	0.537353	0.163621	0.201300	0.056091	0.059559
[class #0] <for of setCPON>
