[class #1] <getLBGClusterSize>
centroid size : 1
ctrd no.	datasize	worktype	data[0]	data[1]	data[2]	data[3]	data[4]	data[5]
		seed	0.531743	0.402883	0.086183	0.339639	0.140042	0.158157
0	180	clst	0.654674	0.383912	0.162060	0.257937	0.117709	0.163750
[class #1] <for of setCPON>
[class #1] <getLBGClusterSize>
centroid size : 2
ctrd no.	datasize	worktype	data[0]	data[1]	data[2]	data[3]	data[4]	data[5]
		seed	0.531773	0.500754	0.221062	0.269336	0.222745	0.191451
0	28	clst	0.664464	0.437275	0.359750	0.488875	0.315921	0.292857
		seed	0.641183	0.475396	0.119186	0.273544	0.030905	0.263864
1	152	clst	0.652870	0.374082	0.125643	0.215395	0.081196	0.139967
[class #1] <for of setCPON>
[class #1] <getLBGClusterSize>
centroid size : 3
ctrd no.	datasize	worktype	data[0]	data[1]	data[2]	data[3]	data[4]	data[5]
		seed	0.531796	0.300259	0.108532	0.199041	0.042723	0.224753
0	115	clst	0.643929	0.308047	0.117699	0.210166	0.072240	0.128696
		seed	0.664592	0.448736	0.243856	0.223892	0.029718	0.264238
1	20	clst	0.682895	0.380445	0.399345	0.535725	0.337835	0.328750
		seed	0.546652	0.390910	0.201280	0.144996	0.177677	0.160710
2	45	clst	0.669591	0.579331	0.169967	0.256556	0.136073	0.180000
[class #1] <for of setCPON>
[class #1] <getLBGClusterSize>
centroid size : 4
ctrd no.	datasize	worktype	data[0]	data[1]	data[2]	data[3]	data[4]	data[5]
		seed	0.531818	0.398130	0.243418	0.128738	0.125418	0.258055
0	20	clst	0.560520	0.488695	0.237730	0.277270	0.205475	0.041250
		seed	0.688008	0.422085	0.121111	0.174239	0.028532	0.264611
1	46	clst	0.704237	0.523441	0.132296	0.250980	0.085615	0.248370
		seed	0.713185	0.243206	0.121428	0.285020	0.129972	0.039077
2	94	clst	0.644448	0.294076	0.110039	0.198123	0.067905	0.113298
		seed	0.609056	0.330105	0.046680	0.354007	0.116069	0.204570
3	20	clst	0.682895	0.380445	0.399345	0.535725	0.337835	0.328750
[class #1] <for of setCPON>
[class #1] <getLBGClusterSize>
centroid size : 5
ctrd no.	datasize	worktype	data[0]	data[1]	data[2]	data[3]	data[4]	data[5]
		seed	0.531841	0.495992	0.130889	0.323075	0.208121	0.291349
0	8	clst	0.730250	0.491300	0.240088	0.433438	0.589463	0.312500
		seed	0.711417	0.395435	0.245782	0.389227	0.027353	0.264984
1	17	clst	0.625382	0.381600	0.434359	0.541653	0.219976	0.270588
		seed	0.633232	0.393860	0.041576	0.160405	0.082267	0.195326
2	60	clst	0.575867	0.287240	0.126813	0.220788	0.064658	0.068750
		seed	0.622829	0.245947	0.132867	0.214394	0.236447	0.264051
3	51	clst	0.715163	0.328720	0.107380	0.203204	0.085614	0.245098
		seed	0.726529	0.451887	0.071218	0.279738	0.202204	0.051365
4	44	clst	0.689602	0.561080	0.154109	0.230507	0.101966	0.130682
[class #1] <for of setCPON>
