[class #0] <getLBGClusterSize>
centroid size : 1
ctrd no.	datasize	worktype	data[0]	data[1]	data[2]	data[3]	data[4]	data[5]
		seed	0.559898	0.441482	0.118038	0.273438	0.101907	0.173335
0	131	clst	0.665522	0.422837	0.175471	0.215127	0.083362	0.181679
[class #0] <for of setCPON>
[class #0] <getLBGClusterSize>
centroid size : 2
ctrd no.	datasize	worktype	data[0]	data[1]	data[2]	data[3]	data[4]	data[5]
		seed	0.559924	0.537671	0.220131	0.223263	0.170580	0.223008
0	93	clst	0.637518	0.395417	0.150894	0.184752	0.048597	0.075806
		seed	0.653930	0.512749	0.143018	0.226266	0.011283	0.331047
1	38	clst	0.734058	0.489945	0.235621	0.289466	0.168445	0.440789
[class #0] <for of setCPON>
[class #0] <getLBGClusterSize>
centroid size : 3
ctrd no.	datasize	worktype	data[0]	data[1]	data[2]	data[3]	data[4]	data[5]
		seed	0.559943	0.340622	0.134954	0.173093	0.021096	0.272695
0	37	clst	0.669973	0.297770	0.147308	0.196559	0.057849	0.201351
		seed	0.674044	0.486547	0.237385	0.190829	0.010298	0.331604
1	27	clst	0.758274	0.549770	0.270548	0.316489	0.209919	0.472222
		seed	0.572708	0.429714	0.205158	0.134520	0.133157	0.177143
2	67	clst	0.625687	0.440752	0.152709	0.184533	0.046451	0.053731
[class #0] <for of setCPON>
[class #0] <getLBGClusterSize>
centroid size : 4
ctrd no.	datasize	worktype	data[0]	data[1]	data[2]	data[3]	data[4]	data[5]
		seed	0.559963	0.436811	0.237053	0.122917	0.089763	0.322381
0	13	clst	0.785408	0.606700	0.321438	0.409585	0.333231	0.519231
		seed	0.694164	0.460355	0.144476	0.155392	0.009313	0.332161
1	30	clst	0.709633	0.416530	0.182123	0.219903	0.077750	0.376667
		seed	0.715796	0.284550	0.144716	0.234456	0.093545	-0.004330
2	60	clst	0.627632	0.326518	0.142708	0.169917	0.042283	0.068750
		seed	0.626326	0.369955	0.088137	0.283692	0.082000	0.242582
3	28	clst	0.643793	0.550629	0.170779	0.216604	0.061389	0.058036
[class #0] <for of setCPON>
[class #0] <getLBGClusterSize>
centroid size : 5
ctrd no.	datasize	worktype	data[0]	data[1]	data[2]	data[3]	data[4]	data[5]
		seed	0.559982	0.532991	0.151877	0.261616	0.158436	0.372054
0	12	clst	0.778492	0.584792	0.334983	0.423150	0.353583	0.529167
		seed	0.714277	0.434162	0.238842	0.308829	0.008334	0.332718
1	18	clst	0.736833	0.517411	0.189117	0.238083	0.087722	0.405556
		seed	0.647099	0.432614	0.084274	0.145518	0.053932	0.228791
2	57	clst	0.623268	0.327837	0.141388	0.166100	0.040184	0.062719
		seed	0.638160	0.287243	0.153374	0.184050	0.181958	0.331326
3	16	clst	0.689125	0.309781	0.170119	0.205356	0.068062	0.309375
		seed	0.727261	0.489643	0.106711	0.230687	0.153523	0.014003
4	28	clst	0.643793	0.550629	0.170779	0.216604	0.061389	0.058036
[class #0] <for of setCPON>
