[class #0] <getLBGClusterSize>
centroid size : 1
ctrd no.	datasize	worktype	data[0]	data[1]	data[2]	data[3]	data[4]	data[5]
		seed	0.558199	0.445896	0.116426	0.271421	0.102079	0.168635
0	131	clst	0.665723	0.427285	0.171425	0.213739	0.083570	0.176718
[class #0] <for of setCPON>
[class #0] <getLBGClusterSize>
centroid size : 2
ctrd no.	datasize	worktype	data[0]	data[1]	data[2]	data[3]	data[4]	data[5]
		seed	0.558225	0.541909	0.214193	0.221787	0.170619	0.216752
0	95	clst	0.639055	0.406224	0.146668	0.183868	0.046887	0.078947
		seed	0.653923	0.517032	0.140348	0.224758	0.011631	0.321406
1	36	clst	0.736097	0.482864	0.236756	0.292564	0.180372	0.434722
[class #0] <for of setCPON>
[class #0] <getLBGClusterSize>
centroid size : 3
ctrd no.	datasize	worktype	data[0]	data[1]	data[2]	data[3]	data[4]	data[5]
		seed	0.558245	0.345220	0.132625	0.172159	0.021426	0.264881
0	38	clst	0.720211	0.350808	0.170274	0.212576	0.077061	0.280263
		seed	0.674398	0.490879	0.230715	0.189703	0.010648	0.321945
1	18	clst	0.736828	0.607744	0.282561	0.356411	0.259500	0.502778
		seed	0.571239	0.434150	0.199854	0.134003	0.133269	0.172324
2	75	clst	0.621051	0.422724	0.145336	0.180087	0.044645	0.046000
[class #0] <for of setCPON>
[class #0] <getLBGClusterSize>
centroid size : 4
ctrd no.	datasize	worktype	data[0]	data[1]	data[2]	data[3]	data[4]	data[5]
		seed	0.558265	0.441233	0.230398	0.122525	0.089959	0.313010
0	12	clst	0.778492	0.584792	0.334983	0.423150	0.353583	0.529167
		seed	0.694880	0.464734	0.141743	0.154649	0.009664	0.322484
1	31	clst	0.716452	0.416277	0.174110	0.214910	0.083635	0.361290
		seed	0.716901	0.289251	0.141973	0.232860	0.093733	-0.003464
2	63	clst	0.624897	0.341476	0.148108	0.177490	0.042552	0.065476
		seed	0.625822	0.374500	0.087792	0.281564	0.082211	0.235712
3	25	clst	0.651572	0.581572	0.148348	0.203116	0.057248	0.059000
[class #0] <for of setCPON>
[class #0] <getLBGClusterSize>
centroid size : 5
ctrd no.	datasize	worktype	data[0]	data[1]	data[2]	data[3]	data[4]	data[5]
		seed	0.558284	0.537237	0.148831	0.259726	0.158499	0.361128
0	8	clst	0.779587	0.603263	0.315388	0.409088	0.419513	0.612500
		seed	0.715355	0.438589	0.232111	0.306430	0.008688	0.323024
1	19	clst	0.745142	0.530916	0.222037	0.283653	0.122395	0.381579
		seed	0.646968	0.437044	0.084092	0.144882	0.054197	0.222353
2	51	clst	0.617131	0.331796	0.136204	0.162722	0.036720	0.058333
		seed	0.637869	0.291939	0.150264	0.182998	0.181975	0.321675
3	22	clst	0.706923	0.314618	0.174900	0.210155	0.071450	0.288636
		seed	0.728573	0.493969	0.105579	0.229131	0.153595	0.014295
4	31	clst	0.638365	0.555410	0.158732	0.206952	0.058758	0.054032
[class #0] <for of setCPON>
