[class #1] <getLBGClusterSize>
centroid size : 1
ctrd no.	datasize	worktype	data[0]	data[1]	data[2]	data[3]	data[4]	data[5]
		seed	0.534335	0.400602	0.090872	0.342136	0.144179	0.154436
0	180	clst	0.655258	0.382222	0.166882	0.264359	0.121515	0.160139
[class #1] <for of setCPON>
[class #1] <getLBGClusterSize>
centroid size : 2
ctrd no.	datasize	worktype	data[0]	data[1]	data[2]	data[3]	data[4]	data[5]
		seed	0.534364	0.495427	0.225987	0.275211	0.228106	0.188388
0	30	clst	0.673670	0.435660	0.347250	0.467537	0.318607	0.290833
		seed	0.641987	0.470859	0.123932	0.279216	0.033426	0.262233
1	150	clst	0.651575	0.371534	0.130808	0.223723	0.082097	0.134000
[class #1] <for of setCPON>
[class #1] <getLBGClusterSize>
centroid size : 3
ctrd no.	datasize	worktype	data[0]	data[1]	data[2]	data[3]	data[4]	data[5]
		seed	0.534387	0.301172	0.113260	0.208293	0.045419	0.222349
0	111	clst	0.648881	0.321502	0.112276	0.209781	0.064292	0.125000
		seed	0.665014	0.445028	0.248821	0.231949	0.032222	0.262614
1	33	clst	0.725670	0.425827	0.257482	0.382533	0.265673	0.369697
		seed	0.549000	0.389001	0.206170	0.156844	0.182371	0.157039
2	36	clst	0.610375	0.529469	0.252200	0.324314	0.165808	0.076389
[class #1] <for of setCPON>
[class #1] <getLBGClusterSize>
centroid size : 4
ctrd no.	datasize	worktype	data[0]	data[1]	data[2]	data[3]	data[4]	data[5]
		seed	0.534409	0.395997	0.248382	0.141368	0.129338	0.256309
0	24	clst	0.551525	0.437679	0.243642	0.300325	0.209613	0.050000
		seed	0.688048	0.419207	0.125861	0.184683	0.031018	0.262994
1	44	clst	0.690793	0.527473	0.134248	0.259439	0.084139	0.240341
		seed	0.712813	0.245894	0.126179	0.290141	0.133960	0.033000
2	92	clst	0.655598	0.295933	0.114304	0.203278	0.068637	0.110598
		seed	0.610385	0.330089	0.051300	0.355813	0.119851	0.201766
3	20	clst	0.699995	0.393050	0.388420	0.512995	0.341265	0.343750
[class #1] <for of setCPON>
[class #1] <getLBGClusterSize>
centroid size : 5
ctrd no.	datasize	worktype	data[0]	data[1]	data[2]	data[3]	data[4]	data[5]
		seed	0.534431	0.490813	0.135656	0.326368	0.213265	0.290262
0	11	clst	0.696155	0.493282	0.245055	0.423845	0.520227	0.322727
		seed	0.711074	0.393386	0.250749	0.389342	0.029822	0.263375
1	18	clst	0.618411	0.366189	0.437083	0.501450	0.188728	0.198611
		seed	0.634166	0.391859	0.046187	0.171513	0.085548	0.192340
2	60	clst	0.597797	0.286948	0.116223	0.210398	0.059065	0.074167
		seed	0.623933	0.248550	0.137637	0.222908	0.242011	0.262424
3	42	clst	0.707386	0.326702	0.114307	0.224795	0.094179	0.288095
		seed	0.725939	0.448081	0.075882	0.285113	0.207260	0.045531
4	49	clst	0.685292	0.527429	0.157169	0.241447	0.107218	0.105102
[class #1] <for of setCPON>
