[class #1] <getLBGClusterSize>
centroid size : 1
ctrd no.	datasize	worktype	data[0]	data[1]	data[2]	data[3]	data[4]	data[5]
		seed	0.530582	0.404701	0.093244	0.333316	0.144612	0.152209
0	180	clst	0.657451	0.385603	0.156911	0.258009	0.121896	0.157917
[class #1] <for of setCPON>
[class #1] <getLBGClusterSize>
centroid size : 2
ctrd no.	datasize	worktype	data[0]	data[1]	data[2]	data[3]	data[4]	data[5]
		seed	0.530613	0.503229	0.206419	0.268517	0.228733	0.186189
0	27	clst	0.678352	0.425452	0.320096	0.464170	0.338404	0.302778
		seed	0.643528	0.477701	0.120936	0.272395	0.033603	0.260096
1	153	clst	0.653763	0.378571	0.128114	0.221628	0.083688	0.132353
[class #1] <for of setCPON>
[class #1] <getLBGClusterSize>
centroid size : 3
ctrd no.	datasize	worktype	data[0]	data[1]	data[2]	data[3]	data[4]	data[5]
		seed	0.530636	0.301389	0.111997	0.203724	0.045624	0.220178
0	97	clst	0.640525	0.310710	0.107184	0.199897	0.065311	0.100515
		seed	0.667687	0.450862	0.225545	0.226629	0.032396	0.260477
1	56	clst	0.730263	0.507145	0.171234	0.313307	0.157905	0.279911
		seed	0.545968	0.392648	0.189820	0.153909	0.182893	0.154814
2	27	clst	0.567244	0.402578	0.305856	0.352093	0.250493	0.111111
[class #1] <for of setCPON>
[class #1] <getLBGClusterSize>
centroid size : 4
ctrd no.	datasize	worktype	data[0]	data[1]	data[2]	data[3]	data[4]	data[5]
		seed	0.530659	0.399916	0.225178	0.138925	0.129737	0.254167
0	23	clst	0.553765	0.430622	0.235809	0.295313	0.212917	0.051087
		seed	0.691854	0.424033	0.122551	0.180864	0.031189	0.260858
1	47	clst	0.705489	0.533398	0.133991	0.253653	0.088387	0.233511
		seed	0.717837	0.243953	0.122817	0.282973	0.134369	0.030672
2	91	clst	0.650078	0.296126	0.108793	0.199662	0.068601	0.103571
		seed	0.610371	0.331435	0.060097	0.346559	0.120228	0.199579
3	19	clst	0.699447	0.394058	0.348558	0.503084	0.349853	0.360526
[class #1] <for of setCPON>
[class #1] <getLBGClusterSize>
centroid size : 5
ctrd no.	datasize	worktype	data[0]	data[1]	data[2]	data[3]	data[4]	data[5]
		seed	0.530682	0.498435	0.130756	0.318049	0.213858	0.288148
0	9	clst	0.728056	0.518833	0.249467	0.425678	0.557833	0.344444
		seed	0.716013	0.397203	0.227161	0.379022	0.029990	0.261238
1	19	clst	0.602489	0.352868	0.364932	0.481895	0.207989	0.217105
		seed	0.635322	0.395617	0.055815	0.168112	0.085845	0.190144
2	61	clst	0.597056	0.282959	0.109430	0.205457	0.058713	0.069672
		seed	0.624586	0.246712	0.132415	0.217875	0.242671	0.260286
3	38	clst	0.716055	0.328595	0.111534	0.212916	0.096792	0.293421
		seed	0.731609	0.454034	0.080687	0.278104	0.207840	0.043213
4	53	clst	0.692658	0.533726	0.153804	0.242092	0.107723	0.109434
[class #1] <for of setCPON>
