[class #1] <getLBGClusterSize>
centroid size : 1
ctrd no.	datasize	worktype	data[0]	data[1]	data[2]	data[3]	data[4]	data[5]
		seed	0.529277	0.400141	0.087828	0.344027	0.144332	0.160175
0	180	clst	0.655112	0.380821	0.164307	0.262842	0.122104	0.165972
[class #1] <for of setCPON>
[class #1] <getLBGClusterSize>
centroid size : 2
ctrd no.	datasize	worktype	data[0]	data[1]	data[2]	data[3]	data[4]	data[5]
		seed	0.529308	0.499818	0.223776	0.274169	0.226643	0.194684
0	30	clst	0.672797	0.424070	0.352103	0.479223	0.311640	0.307500
		seed	0.641302	0.473992	0.121092	0.278350	0.035711	0.269741
1	150	clst	0.651575	0.372171	0.126747	0.219566	0.084197	0.137667
[class #1] <for of setCPON>
[class #1] <getLBGClusterSize>
centroid size : 3
ctrd no.	datasize	worktype	data[0]	data[1]	data[2]	data[3]	data[4]	data[5]
		seed	0.529331	0.295624	0.110354	0.204320	0.047473	0.229202
0	118	clst	0.640714	0.308911	0.121836	0.213626	0.083377	0.128814
		seed	0.665264	0.446841	0.246751	0.229013	0.034530	0.270128
1	37	clst	0.684927	0.601651	0.160719	0.264997	0.089968	0.183108
		seed	0.544538	0.387947	0.203838	0.150617	0.181789	0.162821
2	25	clst	0.678940	0.393404	0.370076	0.491952	0.352456	0.316000
[class #1] <for of setCPON>
[class #1] <getLBGClusterSize>
centroid size : 4
ctrd no.	datasize	worktype	data[0]	data[1]	data[2]	data[3]	data[4]	data[5]
		seed	0.529354	0.395301	0.246310	0.134463	0.129776	0.263720
0	20	clst	0.547360	0.422170	0.239060	0.305845	0.212665	0.055000
		seed	0.689233	0.419698	0.123033	0.179676	0.033349	0.270515
1	38	clst	0.695295	0.584676	0.143071	0.255632	0.085976	0.213158
		seed	0.715005	0.237518	0.123353	0.289754	0.134309	0.036748
2	101	clst	0.653456	0.294957	0.110743	0.203678	0.072524	0.130693
		seed	0.608416	0.326021	0.048012	0.358303	0.120472	0.208282
3	21	clst	0.692981	0.385519	0.389157	0.519486	0.339686	0.355952
[class #1] <for of setCPON>
[class #1] <getLBGClusterSize>
centroid size : 5
ctrd no.	datasize	worktype	data[0]	data[1]	data[2]	data[3]	data[4]	data[5]
		seed	0.529377	0.494968	0.132888	0.327567	0.212088	0.298229
0	10	clst	0.707880	0.484350	0.243730	0.436360	0.520540	0.345000
		seed	0.713195	0.392556	0.248692	0.393300	0.032176	0.270901
1	14	clst	0.627814	0.348464	0.461686	0.554743	0.232864	0.282143
		seed	0.633163	0.390951	0.042867	0.165929	0.086829	0.198701
2	74	clst	0.591382	0.278961	0.114639	0.204635	0.059738	0.101014
		seed	0.622514	0.240309	0.134882	0.219576	0.240280	0.269934
3	35	clst	0.739840	0.369431	0.128089	0.238217	0.119080	0.300000
		seed	0.728664	0.450049	0.072745	0.284506	0.206199	0.049484
4	47	clst	0.689260	0.537287	0.163998	0.248957	0.104783	0.095745
[class #1] <for of setCPON>
