total mean
0.667158	0.402807	0.172678	0.238710	0.105493	0.174380
mean of class
0.671749	0.422571	0.179615	0.215227	0.087624	0.186260
0.662568	0.383044	0.165741	0.262192	0.123362	0.162500
SW
3.802815	0.775435	0.314502	0.831318	1.176704	1.888608
0.775435	6.524464	0.647257	1.139426	1.233425	1.151264
0.314502	0.647257	3.910876	2.722305	2.061446	1.403442
0.831318	1.139426	2.722305	4.306591	2.282717	2.326562
1.176704	1.233425	2.061446	2.282717	4.760159	2.716101
1.888608	1.151264	1.403442	2.326562	2.716101	9.314642
SB
0.000084	0.083351	0.256044	0.167737	0.300729	0.259334
0.083351	0.001562	0.065962	0.025721	0.089526	0.067637
0.256044	0.065962	0.000192	0.006819	0.003164	0.000293
0.167737	0.025721	0.006819	0.002206	0.008439	0.002780
0.300729	0.089526	0.003164	0.008439	0.001277	0.005606
0.259334	0.067637	0.000293	0.002780	0.005606	0.000565

wegight[fold=4]
0.003024	-0.005547	-0.005301	0.011260	-0.009763	0.000198
J(w) : 0.000141
