[class #1] <getLBGClusterSize>
centroid size : 1
ctrd no.	datasize	worktype	data[0]	data[1]	data[2]	data[3]	data[4]	data[5]
		seed	0.533906	0.403193	0.086170	0.328524	0.137563	0.159593
0	180	clst	0.656429	0.384010	0.163202	0.256927	0.116663	0.165417
[class #1] <for of setCPON>
[class #1] <getLBGClusterSize>
centroid size : 2
ctrd no.	datasize	worktype	data[0]	data[1]	data[2]	data[3]	data[4]	data[5]
		seed	0.533936	0.502161	0.223101	0.266916	0.214956	0.194261
0	27	clst	0.659833	0.432541	0.366944	0.456948	0.314937	0.306481
		seed	0.642983	0.476519	0.119675	0.270603	0.035432	0.269665
1	153	clst	0.655828	0.375446	0.127247	0.221629	0.081674	0.140523
[class #1] <for of setCPON>
[class #1] <getLBGClusterSize>
centroid size : 3
ctrd no.	datasize	worktype	data[0]	data[1]	data[2]	data[3]	data[4]	data[5]
		seed	0.533958	0.299419	0.108859	0.205316	0.046492	0.228939
0	125	clst	0.649680	0.322848	0.123435	0.217146	0.077613	0.123400
		seed	0.666314	0.449561	0.246242	0.227093	0.034322	0.270054
1	33	clst	0.681021	0.613709	0.168361	0.259336	0.109800	0.236364
		seed	0.548765	0.391086	0.203018	0.157955	0.172782	0.162251
2	22	clst	0.657886	0.386973	0.381409	0.479341	0.348836	0.297727
[class #1] <for of setCPON>
[class #1] <getLBGClusterSize>
centroid size : 4
ctrd no.	datasize	worktype	data[0]	data[1]	data[2]	data[3]	data[4]	data[5]
		seed	0.533981	0.398387	0.245798	0.143708	0.123877	0.263616
0	21	clst	0.582700	0.386752	0.405867	0.434143	0.259771	0.146429
		seed	0.689653	0.422611	0.121630	0.183582	0.033212	0.270442
1	47	clst	0.688694	0.561345	0.147372	0.231549	0.095313	0.170213
		seed	0.714746	0.241727	0.121951	0.280660	0.128139	0.035595
2	97	clst	0.641339	0.296273	0.107729	0.211276	0.066368	0.124227
		seed	0.610962	0.329600	0.046066	0.341114	0.115129	0.207922
3	15	clst	0.756133	0.391887	0.231793	0.383547	0.308453	0.443333
[class #1] <for of setCPON>
[class #1] <getLBGClusterSize>
centroid size : 5
ctrd no.	datasize	worktype	data[0]	data[1]	data[2]	data[3]	data[4]	data[5]
		seed	0.534003	0.497346	0.131556	0.314008	0.201271	0.298285
0	22	clst	0.734436	0.520159	0.184532	0.301055	0.267905	0.379545
		seed	0.712984	0.395662	0.248197	0.371978	0.032109	0.270831
1	15	clst	0.621047	0.358860	0.449900	0.529880	0.261400	0.266667
		seed	0.635058	0.394069	0.040885	0.171458	0.083496	0.198297
2	52	clst	0.549585	0.281431	0.125948	0.219785	0.054981	0.091346
		seed	0.624689	0.244498	0.133564	0.218770	0.227779	0.269859
3	53	clst	0.745281	0.309753	0.116575	0.210485	0.097572	0.175472
		seed	0.728046	0.452746	0.070978	0.276032	0.195733	0.048391
4	38	clst	0.647516	0.559055	0.153692	0.239234	0.083005	0.088816
[class #1] <for of setCPON>
