[class #0] <getLBGClusterSize>
centroid size : 1
ctrd no.	datasize	worktype	data[0]	data[1]	data[2]	data[3]	data[4]	data[5]
		seed	0.566639	0.448275	0.118632	0.271624	0.100356	0.165583
0	126	clst	0.671673	0.430021	0.174548	0.213151	0.081887	0.174008
[class #0] <for of setCPON>
[class #0] <getLBGClusterSize>
centroid size : 2
ctrd no.	datasize	worktype	data[0]	data[1]	data[2]	data[3]	data[4]	data[5]
		seed	0.566664	0.542444	0.218029	0.221309	0.168750	0.215736
0	93	clst	0.642328	0.413929	0.152885	0.183913	0.047824	0.074462
		seed	0.660146	0.518045	0.142953	0.224321	0.010101	0.324819
1	33	clst	0.754373	0.475373	0.235600	0.295548	0.177882	0.454545
[class #0] <for of setCPON>
[class #0] <getLBGClusterSize>
centroid size : 3
ctrd no.	datasize	worktype	data[0]	data[1]	data[2]	data[3]	data[4]	data[5]
		seed	0.566684	0.349532	0.135102	0.171000	0.019875	0.265903
0	30	clst	0.688583	0.300867	0.157173	0.192640	0.056623	0.223333
		seed	0.680147	0.492394	0.234827	0.188785	0.009120	0.325382
1	23	clst	0.780309	0.543678	0.266343	0.326926	0.218435	0.491304
		seed	0.579377	0.436754	0.203451	0.132320	0.131479	0.169428
2	73	clst	0.630496	0.447289	0.152767	0.185733	0.049247	0.053767
[class #0] <for of setCPON>
[class #0] <getLBGClusterSize>
centroid size : 4
ctrd no.	datasize	worktype	data[0]	data[1]	data[2]	data[3]	data[4]	data[5]
		seed	0.566703	0.443701	0.234504	0.120685	0.088262	0.316069
0	11	clst	0.784673	0.582618	0.332927	0.426200	0.349927	0.545455
		seed	0.700155	0.466751	0.144372	0.153250	0.008139	0.325944
1	27	clst	0.735852	0.410956	0.175863	0.220774	0.082326	0.385185
		seed	0.721666	0.294637	0.144605	0.232534	0.092028	-0.013799
2	53	clst	0.639026	0.330591	0.147311	0.169079	0.040375	0.069340
		seed	0.632696	0.378250	0.089521	0.281907	0.080531	0.235499
3	35	clst	0.636086	0.547337	0.165003	0.207049	0.060166	0.052857
[class #0] <for of setCPON>
[class #0] <getLBGClusterSize>
centroid size : 5
ctrd no.	datasize	worktype	data[0]	data[1]	data[2]	data[3]	data[4]	data[5]
		seed	0.566722	0.537862	0.151577	0.259769	0.156655	0.366222
0	5	clst	0.773680	0.525220	0.303300	0.392200	0.228760	0.920000
		seed	0.720156	0.441108	0.236246	0.307113	0.007164	0.326506
1	12	clst	0.791650	0.577550	0.305183	0.361458	0.263408	0.358333
		seed	0.653353	0.439593	0.085760	0.143349	0.052576	0.221574
2	53	clst	0.639026	0.330591	0.147311	0.169079	0.040375	0.069340
		seed	0.644464	0.297274	0.153035	0.181988	0.180081	0.325101
3	21	clst	0.720533	0.378471	0.153895	0.207171	0.084157	0.357143
		seed	0.733068	0.495425	0.107604	0.228754	0.151762	0.004711
4	35	clst	0.636086	0.547337	0.165003	0.207049	0.060166	0.052857
[class #0] <for of setCPON>
