[class #1] <getLBGClusterSize>
centroid size : 1
ctrd no.	datasize	worktype	data[0]	data[1]	data[2]	data[3]	data[4]	data[5]
		seed	0.534124	0.401141	0.087480	0.341158	0.143390	0.159047
0	180	clst	0.659791	0.382269	0.163422	0.261184	0.120869	0.164861
[class #1] <for of setCPON>
[class #1] <getLBGClusterSize>
centroid size : 2
ctrd no.	datasize	worktype	data[0]	data[1]	data[2]	data[3]	data[4]	data[5]
		seed	0.534155	0.498504	0.222475	0.272342	0.226788	0.193660
0	29	clst	0.666052	0.424597	0.351228	0.478734	0.320379	0.299138
		seed	0.646000	0.473278	0.120511	0.276461	0.033335	0.268943
1	151	clst	0.658589	0.374140	0.127354	0.219403	0.082552	0.139073
[class #1] <for of setCPON>
[class #1] <getLBGClusterSize>
centroid size : 3
ctrd no.	datasize	worktype	data[0]	data[1]	data[2]	data[3]	data[4]	data[5]
		seed	0.534178	0.299051	0.109848	0.203534	0.045252	0.228282
0	120	clst	0.656575	0.334635	0.111857	0.209307	0.066607	0.126875
		seed	0.669930	0.446757	0.245289	0.227859	0.032138	0.269331
1	29	clst	0.744097	0.535231	0.193652	0.345276	0.221545	0.375862
		seed	0.549365	0.389230	0.202676	0.150632	0.181342	0.161700
2	31	clst	0.593374	0.423568	0.334752	0.383332	0.236735	0.114516
[class #1] <for of setCPON>
[class #1] <getLBGClusterSize>
centroid size : 4
ctrd no.	datasize	worktype	data[0]	data[1]	data[2]	data[3]	data[4]	data[5]
		seed	0.534201	0.396413	0.244851	0.134719	0.128643	0.262904
0	25	clst	0.570520	0.467828	0.246876	0.291948	0.208492	0.049000
		seed	0.693868	0.420244	0.122438	0.179257	0.030942	0.269719
1	44	clst	0.696773	0.513043	0.125668	0.251470	0.081259	0.257955
		seed	0.719605	0.242295	0.122755	0.287694	0.133235	0.035247
2	91	clst	0.659333	0.294214	0.109520	0.199516	0.068827	0.109615
		seed	0.613158	0.328742	0.047943	0.355221	0.119215	0.207299
3	20	clst	0.692105	0.388270	0.387420	0.524685	0.335270	0.356250
[class #1] <for of setCPON>
[class #1] <getLBGClusterSize>
centroid size : 5
ctrd no.	datasize	worktype	data[0]	data[1]	data[2]	data[3]	data[4]	data[5]
		seed	0.534224	0.493767	0.132224	0.324944	0.212041	0.297517
0	8	clst	0.730250	0.529338	0.256638	0.431813	0.580475	0.356250
		seed	0.717798	0.393732	0.247216	0.389696	0.029753	0.270107
1	22	clst	0.600473	0.364436	0.394336	0.494695	0.205468	0.212500
		seed	0.637872	0.392165	0.042834	0.165716	0.085128	0.197689
2	61	clst	0.607841	0.277541	0.108128	0.202049	0.058097	0.077869
		seed	0.627237	0.245021	0.134204	0.218562	0.240606	0.269137
3	41	clst	0.709234	0.344212	0.114998	0.222993	0.094888	0.296341
		seed	0.733246	0.449891	0.072502	0.282524	0.206074	0.048022
4	48	clst	0.699023	0.531531	0.153683	0.233492	0.107458	0.109375
[class #1] <for of setCPON>
