[class #1] <getLBGClusterSize>
centroid size : 1
ctrd no.	datasize	worktype	data[0]	data[1]	data[2]	data[3]	data[4]	data[5]
		seed	0.528660	0.406652	0.087383	0.336415	0.128481	0.149117
0	180	clst	0.651164	0.387392	0.157793	0.257938	0.110175	0.154583
[class #1] <for of setCPON>
[class #1] <getLBGClusterSize>
centroid size : 2
ctrd no.	datasize	worktype	data[0]	data[1]	data[2]	data[3]	data[4]	data[5]
		seed	0.528690	0.506018	0.212544	0.268888	0.196269	0.181657
0	52	clst	0.677121	0.533956	0.244269	0.360890	0.197048	0.238942
		seed	0.637720	0.480273	0.118008	0.272929	0.039025	0.252430
1	128	clst	0.640620	0.327850	0.122662	0.216114	0.074883	0.120313
[class #1] <for of setCPON>
[class #1] <getLBGClusterSize>
centroid size : 3
ctrd no.	datasize	worktype	data[0]	data[1]	data[2]	data[3]	data[4]	data[5]
		seed	0.528712	0.302461	0.108122	0.201368	0.048712	0.214205
0	114	clst	0.649346	0.314032	0.113274	0.206087	0.073086	0.126974
		seed	0.661048	0.453206	0.233696	0.225237	0.038053	0.252795
1	34	clst	0.685765	0.617909	0.151526	0.247124	0.100121	0.211029
		seed	0.543517	0.394496	0.194188	0.149456	0.159329	0.151612
2	32	clst	0.620881	0.403813	0.323053	0.454150	0.252987	0.192969
[class #1] <for of setCPON>
[class #1] <getLBGClusterSize>
centroid size : 4
ctrd no.	datasize	worktype	data[0]	data[1]	data[2]	data[3]	data[4]	data[5]
		seed	0.528735	0.401826	0.233290	0.133841	0.116494	0.246753
0	22	clst	0.547836	0.433991	0.244723	0.306377	0.213723	0.048864
		seed	0.684383	0.426148	0.119795	0.177545	0.037080	0.253160
1	40	clst	0.710535	0.570878	0.137075	0.238303	0.093838	0.208750
		seed	0.709473	0.244537	0.120089	0.283952	0.120227	0.032734
2	100	clst	0.647096	0.299647	0.109266	0.203900	0.068317	0.125250
		seed	0.605705	0.332763	0.050726	0.350216	0.108831	0.194479
3	18	clst	0.668122	0.410161	0.367183	0.542583	0.252467	0.326389
[class #1] <for of setCPON>
[class #1] <getLBGClusterSize>
centroid size : 5
ctrd no.	datasize	worktype	data[0]	data[1]	data[2]	data[3]	data[4]	data[5]
		seed	0.528757	0.501183	0.128868	0.320505	0.184282	0.279292
0	15	clst	0.614007	0.533340	0.215013	0.322940	0.271680	0.278333
		seed	0.707711	0.399090	0.235483	0.384045	0.036114	0.253524
1	15	clst	0.659647	0.382047	0.401767	0.574047	0.238120	0.286667
		seed	0.629797	0.397491	0.045990	0.164257	0.081124	0.185445
2	55	clst	0.566500	0.306396	0.139667	0.232595	0.069913	0.048182
		seed	0.619430	0.247319	0.130703	0.216115	0.207500	0.252613
3	56	clst	0.715687	0.301389	0.104655	0.204543	0.086657	0.222321
		seed	0.722771	0.456404	0.073497	0.278879	0.179432	0.044743
4	39	clst	0.688944	0.571028	0.143813	0.223769	0.089397	0.108974
[class #1] <for of setCPON>
