[class #1] <getLBGClusterSize>
centroid size : 1
ctrd no.	datasize	worktype	data[0]	data[1]	data[2]	data[3]	data[4]	data[5]
		seed	0.546680	0.401623	0.089498	0.343657	0.145760	0.156793
0	180	clst	0.662568	0.383044	0.165741	0.262192	0.123362	0.162500
[class #1] <for of setCPON>
[class #1] <getLBGClusterSize>
centroid size : 2
ctrd no.	datasize	worktype	data[0]	data[1]	data[2]	data[3]	data[4]	data[5]
		seed	0.546709	0.497473	0.225027	0.273559	0.228704	0.190768
0	30	clst	0.681567	0.436240	0.347910	0.478357	0.312670	0.299167
		seed	0.649850	0.472639	0.122660	0.277754	0.036305	0.264662
1	150	clst	0.658768	0.372405	0.129307	0.218959	0.085500	0.135167
[class #1] <for of setCPON>
[class #1] <getLBGClusterSize>
centroid size : 3
ctrd no.	datasize	worktype	data[0]	data[1]	data[2]	data[3]	data[4]	data[5]
		seed	0.546730	0.301117	0.111955	0.203468	0.048158	0.224751
0	113	clst	0.656957	0.317582	0.111342	0.204918	0.070369	0.130973
		seed	0.671917	0.446530	0.247931	0.228246	0.035115	0.265043
1	31	clst	0.735990	0.443765	0.261916	0.400084	0.269445	0.375806
		seed	0.560735	0.389897	0.205150	0.149580	0.183505	0.159398
2	36	clst	0.616956	0.536233	0.253672	0.323231	0.163906	0.077778
[class #1] <for of setCPON>
[class #1] <getLBGClusterSize>
centroid size : 4
ctrd no.	datasize	worktype	data[0]	data[1]	data[2]	data[3]	data[4]	data[5]
		seed	0.546751	0.396968	0.247491	0.133370	0.131093	0.258734
0	28	clst	0.600561	0.522986	0.229886	0.303336	0.178079	0.056250
		seed	0.693992	0.420429	0.124594	0.178739	0.033925	0.265424
1	39	clst	0.732121	0.477595	0.141103	0.246413	0.101341	0.264103
		seed	0.717726	0.245242	0.124913	0.289197	0.135660	0.035277
2	92	clst	0.642439	0.299146	0.108040	0.196924	0.068116	0.109239
		seed	0.619563	0.330348	0.049805	0.357982	0.121717	0.204155
3	21	clst	0.704257	0.388414	0.378752	0.522576	0.333329	0.348810
[class #1] <for of setCPON>
[class #1] <getLBGClusterSize>
centroid size : 5
ctrd no.	datasize	worktype	data[0]	data[1]	data[2]	data[3]	data[4]	data[5]
		seed	0.546772	0.492810	0.134419	0.327141	0.214037	0.292709
0	9	clst	0.728056	0.518833	0.249467	0.425678	0.557833	0.344444
		seed	0.716060	0.394329	0.249866	0.393100	0.032743	0.265804
1	19	clst	0.627416	0.373005	0.430111	0.515384	0.187805	0.214474
		seed	0.642354	0.392786	0.044676	0.164945	0.087816	0.194722
2	68	clst	0.600994	0.278896	0.106637	0.199010	0.059724	0.105515
		seed	0.632547	0.247927	0.136407	0.218777	0.242446	0.264852
3	33	clst	0.736036	0.341230	0.126424	0.234548	0.123494	0.286364
		seed	0.730306	0.449615	0.074461	0.283930	0.208102	0.047816
4	51	clst	0.698667	0.528741	0.156720	0.241145	0.107447	0.106863
[class #1] <for of setCPON>
