total mean
0.660490	0.404754	0.169153	0.239049	0.102543	0.168428
mean of class
0.665723	0.427285	0.171425	0.213739	0.083570	0.176718
0.655258	0.382222	0.166882	0.264359	0.121515	0.160139
SW
4.141087	0.487892	0.329199	0.785527	1.183605	1.900887
0.487892	6.523271	0.501276	1.007846	1.112266	1.006799
0.329199	0.501276	3.793755	2.591686	2.123910	1.436050
0.785527	1.007846	2.591686	3.974375	2.268978	2.137901
1.183605	1.112266	2.123910	2.268978	4.721423	2.662357
1.900887	1.006799	1.436050	2.137901	2.662357	8.834860
SB
0.000110	0.080373	0.248843	0.161093	0.296162	0.255615
0.080373	0.002031	0.067810	0.026545	0.093496	0.071367
0.248843	0.067810	0.000021	0.008637	0.002491	0.000127
0.161093	0.026545	0.008637	0.002562	0.008505	0.002873
0.296162	0.093496	0.002491	0.008505	0.001440	0.005863
0.255615	0.071367	0.000127	0.002873	0.005863	0.000275

wegight[fold=6]
0.002175	-0.006140	-0.009341	0.015377	-0.012296	0.001628
J(w) : 0.000047
