[class #1] <getLBGClusterSize>
centroid size : 1
ctrd no.	datasize	worktype	data[0]	data[1]	data[2]	data[3]	data[4]	data[5]
		seed	0.535344	0.403955	0.087469	0.344696	0.143515	0.157435
0	180	clst	0.657451	0.384879	0.164195	0.263419	0.121306	0.163194
[class #1] <for of setCPON>
[class #1] <getLBGClusterSize>
centroid size : 2
ctrd no.	datasize	worktype	data[0]	data[1]	data[2]	data[3]	data[4]	data[5]
		seed	0.535374	0.502373	0.223857	0.274760	0.225757	0.191721
0	30	clst	0.680690	0.432763	0.348793	0.483120	0.307077	0.304167
		seed	0.644050	0.476873	0.120841	0.278945	0.034986	0.266291
1	150	clst	0.652803	0.375302	0.127275	0.219479	0.084152	0.135000
[class #1] <for of setCPON>
[class #1] <getLBGClusterSize>
centroid size : 3
ctrd no.	datasize	worktype	data[0]	data[1]	data[2]	data[3]	data[4]	data[5]
		seed	0.535396	0.300759	0.110068	0.204831	0.046738	0.226015
0	110	clst	0.646883	0.304182	0.121726	0.216412	0.077143	0.128864
		seed	0.667303	0.450065	0.246907	0.229552	0.033806	0.266676
1	23	clst	0.697935	0.388291	0.375478	0.513839	0.332187	0.330435
		seed	0.550153	0.391915	0.203854	0.151067	0.180941	0.160064
2	47	clst	0.662374	0.572074	0.160196	0.250891	0.121470	0.161702
[class #1] <for of setCPON>
[class #1] <getLBGClusterSize>
centroid size : 4
ctrd no.	datasize	worktype	data[0]	data[1]	data[2]	data[3]	data[4]	data[5]
		seed	0.535418	0.399176	0.246464	0.134894	0.128972	0.260309
0	22	clst	0.552623	0.425295	0.246827	0.302245	0.200495	0.048864
		seed	0.690562	0.423265	0.122787	0.180158	0.032626	0.267060
1	47	clst	0.700451	0.533768	0.134834	0.250613	0.086781	0.224468
		seed	0.715570	0.243387	0.123108	0.290362	0.133501	0.034807
2	90	clst	0.649699	0.294199	0.107941	0.199569	0.070544	0.115278
		seed	0.612139	0.330772	0.047523	0.358989	0.119676	0.205231
3	21	clst	0.704257	0.397938	0.384429	0.525052	0.333167	0.351190
[class #1] <for of setCPON>
[class #1] <getLBGClusterSize>
centroid size : 5
ctrd no.	datasize	worktype	data[0]	data[1]	data[2]	data[3]	data[4]	data[5]
		seed	0.535441	0.497584	0.132675	0.328218	0.211214	0.294595
0	8	clst	0.746700	0.510863	0.248362	0.441550	0.562925	0.375000
		seed	0.713814	0.396466	0.248854	0.394025	0.031454	0.267444
1	17	clst	0.640859	0.382112	0.433194	0.540124	0.219576	0.254412
		seed	0.636153	0.394882	0.042362	0.166396	0.086061	0.195712
2	66	clst	0.595286	0.287738	0.128130	0.221768	0.069417	0.073864
		seed	0.625819	0.246143	0.134675	0.220104	0.239383	0.266484
3	43	clst	0.699498	0.335486	0.114577	0.221679	0.106165	0.286047
		seed	0.728825	0.453233	0.072336	0.285107	0.205330	0.047461
4	46	clst	0.697950	0.549539	0.148272	0.228959	0.096789	0.105978
[class #1] <for of setCPON>
