[class #0] <getLBGClusterSize>
centroid size : 1
ctrd no.	datasize	worktype	data[0]	data[1]	data[2]	data[3]	data[4]	data[5]
		seed	0.568723	0.440912	0.122038	0.274330	0.106798	0.177818
0	131	clst	0.671749	0.422571	0.179615	0.215227	0.087624	0.186260
[class #0] <for of setCPON>
[class #0] <getLBGClusterSize>
centroid size : 2
ctrd no.	datasize	worktype	data[0]	data[1]	data[2]	data[3]	data[4]	data[5]
		seed	0.568749	0.535533	0.224386	0.223474	0.177804	0.228069
0	92	clst	0.644447	0.396123	0.154834	0.184079	0.048828	0.077174
		seed	0.660442	0.511017	0.147081	0.226518	0.013097	0.337362
1	39	clst	0.736154	0.484962	0.238072	0.288705	0.179141	0.443590
[class #0] <for of setCPON>
[class #0] <getLBGClusterSize>
centroid size : 3
ctrd no.	datasize	worktype	data[0]	data[1]	data[2]	data[3]	data[4]	data[5]
		seed	0.568768	0.341695	0.138997	0.172623	0.023243	0.278332
0	35	clst	0.677431	0.295651	0.157049	0.193320	0.061154	0.221429
		seed	0.680061	0.485243	0.241682	0.190600	0.012078	0.337925
1	28	clst	0.756568	0.551875	0.265143	0.315854	0.216854	0.471429
		seed	0.581218	0.429336	0.209375	0.133527	0.139111	0.181671
2	68	clst	0.633899	0.434654	0.156012	0.185069	0.048035	0.050735
[class #0] <for of setCPON>
[class #0] <getLBGClusterSize>
centroid size : 4
ctrd no.	datasize	worktype	data[0]	data[1]	data[2]	data[3]	data[4]	data[5]
		seed	0.568786	0.436317	0.241350	0.121767	0.094242	0.328595
0	13	clst	0.773262	0.586631	0.318385	0.413577	0.357469	0.523077
		seed	0.699686	0.459477	0.148542	0.154682	0.011059	0.338488
1	15	clst	0.719287	0.555960	0.149680	0.221640	0.083567	0.420000
		seed	0.720786	0.286537	0.148782	0.234819	0.098152	-0.001910
2	74	clst	0.630153	0.396003	0.143273	0.176027	0.041919	0.047297
		seed	0.633517	0.370551	0.092063	0.284723	0.086216	0.247869
3	29	clst	0.707797	0.347828	0.225624	0.223024	0.085383	0.268966
[class #0] <for of setCPON>
[class #0] <getLBGClusterSize>
centroid size : 5
ctrd no.	datasize	worktype	data[0]	data[1]	data[2]	data[3]	data[4]	data[5]
		seed	0.568805	0.530929	0.155961	0.262348	0.165248	0.378845
0	11	clst	0.784673	0.606327	0.287173	0.414400	0.389782	0.540909
		seed	0.719304	0.433711	0.243143	0.310201	0.010047	0.339052
1	19	clst	0.735447	0.514437	0.228658	0.254258	0.099321	0.413158
		seed	0.653779	0.432188	0.088190	0.144674	0.057194	0.233918
2	53	clst	0.641509	0.321730	0.148436	0.173000	0.039666	0.063679
		seed	0.645060	0.289186	0.157462	0.183729	0.189568	0.337644
3	17	clst	0.693476	0.305882	0.165171	0.197100	0.077353	0.326471
		seed	0.731969	0.488288	0.110683	0.230999	0.160168	0.016636
4	31	clst	0.632423	0.537458	0.172616	0.202768	0.060861	0.054032
[class #0] <for of setCPON>
