[class #0] <getLBGClusterSize>
centroid size : 1
ctrd no.	datasize	worktype	data[0]	data[1]	data[2]	data[3]	data[4]	data[5]
		seed	0.560447	0.447963	0.118452	0.273027	0.103514	0.171637
0	131	clst	0.666727	0.429209	0.175673	0.214731	0.084825	0.179962
[class #0] <for of setCPON>
[class #0] <getLBGClusterSize>
centroid size : 2
ctrd no.	datasize	worktype	data[0]	data[1]	data[2]	data[3]	data[4]	data[5]
		seed	0.560473	0.544717	0.220167	0.222864	0.172722	0.221196
0	96	clst	0.639799	0.405796	0.151902	0.186148	0.050039	0.081510
		seed	0.655064	0.519649	0.143340	0.225867	0.012185	0.328988
1	35	clst	0.740589	0.493429	0.240871	0.293129	0.180240	0.450000
[class #0] <for of setCPON>
[class #0] <getLBGClusterSize>
centroid size : 3
ctrd no.	datasize	worktype	data[0]	data[1]	data[2]	data[3]	data[4]	data[5]
		seed	0.560492	0.346511	0.135306	0.172707	0.022075	0.270769
0	65	clst	0.657486	0.326417	0.144162	0.180820	0.043777	0.125000
		seed	0.675302	0.493293	0.237357	0.190439	0.011192	0.329544
1	28	clst	0.755629	0.527339	0.263250	0.310289	0.209271	0.476786
		seed	0.573336	0.436127	0.205249	0.134145	0.135009	0.175436
2	38	clst	0.617029	0.532732	0.165042	0.202324	0.063342	0.055263
[class #0] <for of setCPON>
[class #0] <getLBGClusterSize>
centroid size : 4
ctrd no.	datasize	worktype	data[0]	data[1]	data[2]	data[3]	data[4]	data[5]
		seed	0.560512	0.443265	0.237027	0.122545	0.091276	0.320341
0	14	clst	0.765021	0.557150	0.291857	0.395164	0.308207	0.575000
		seed	0.695547	0.466947	0.144792	0.155011	0.010199	0.330099
1	33	clst	0.722476	0.431103	0.192255	0.218415	0.080118	0.318182
		seed	0.717314	0.290109	0.145031	0.234055	0.095087	-0.005622
2	52	clst	0.628037	0.320396	0.142631	0.171581	0.042798	0.069712
		seed	0.627288	0.376016	0.088662	0.283278	0.083453	0.240725
3	32	clst	0.629106	0.548103	0.161434	0.202109	0.060244	0.043750
[class #0] <for of setCPON>
[class #0] <getLBGClusterSize>
centroid size : 5
ctrd no.	datasize	worktype	data[0]	data[1]	data[2]	data[3]	data[4]	data[5]
		seed	0.560531	0.540010	0.152165	0.261208	0.160484	0.369901
0	9	clst	0.766067	0.555556	0.247967	0.370844	0.337133	0.694444
		seed	0.715785	0.440600	0.238809	0.308409	0.009213	0.330655
1	14	clst	0.729314	0.583871	0.298021	0.302393	0.142850	0.357143
		seed	0.648190	0.439043	0.084813	0.145140	0.055166	0.226965
2	49	clst	0.620839	0.322798	0.141765	0.168833	0.039618	0.063776
		seed	0.639196	0.292818	0.153657	0.183662	0.184189	0.329266
3	24	clst	0.734633	0.342029	0.160050	0.213204	0.082625	0.300000
		seed	0.728851	0.496408	0.107167	0.230286	0.155533	0.012669
4	35	clst	0.633829	0.543611	0.166326	0.204826	0.061534	0.057143
[class #0] <for of setCPON>
