[class #0] <getLBGClusterSize>
centroid size : 1
ctrd no.	datasize	worktype	data[0]	data[1]	data[2]	data[3]	data[4]	data[5]
		seed	0.567933	0.444057	0.115909	0.273692	0.105305	0.175795
0	131	clst	0.668535	0.425027	0.174560	0.213937	0.086027	0.184160
[class #0] <for of setCPON>
[class #0] <getLBGClusterSize>
centroid size : 2
ctrd no.	datasize	worktype	data[0]	data[1]	data[2]	data[3]	data[4]	data[5]
		seed	0.567958	0.542231	0.220166	0.222275	0.176692	0.225593
0	94	clst	0.640534	0.400923	0.150202	0.181957	0.048626	0.081117
		seed	0.657495	0.516795	0.141419	0.225352	0.011101	0.333902
1	37	clst	0.739673	0.486265	0.236441	0.295184	0.181049	0.445946
[class #0] <for of setCPON>
[class #0] <getLBGClusterSize>
centroid size : 3
ctrd no.	datasize	worktype	data[0]	data[1]	data[2]	data[3]	data[4]	data[5]
		seed	0.567976	0.341115	0.133184	0.170863	0.021302	0.275403
0	35	clst	0.670663	0.298886	0.147209	0.191463	0.058511	0.225714
		seed	0.676652	0.490052	0.237786	0.189038	0.010077	0.334460
1	26	clst	0.763146	0.552854	0.271781	0.324665	0.224577	0.476923
		seed	0.580134	0.432046	0.204876	0.131336	0.137791	0.179613
2	70	clst	0.632330	0.440620	0.152124	0.184047	0.048324	0.054643
[class #0] <for of setCPON>
[class #0] <getLBGClusterSize>
centroid size : 4
ctrd no.	datasize	worktype	data[0]	data[1]	data[2]	data[3]	data[4]	data[5]
		seed	0.567994	0.439289	0.237447	0.119446	0.092682	0.325213
0	14	clst	0.780057	0.606843	0.306993	0.401664	0.338293	0.514286
		seed	0.695815	0.463319	0.142907	0.152724	0.009052	0.335018
1	30	clst	0.716650	0.401167	0.178147	0.216873	0.076833	0.373333
		seed	0.716419	0.283886	0.143152	0.233745	0.096613	-0.002314
2	57	clst	0.632040	0.323109	0.141970	0.164961	0.039884	0.067544
		seed	0.631203	0.371054	0.085374	0.284200	0.084612	0.245215
3	30	clst	0.637717	0.557687	0.171090	0.216450	0.065170	0.062500
[class #0] <for of setCPON>
[class #0] <getLBGClusterSize>
centroid size : 5
ctrd no.	datasize	worktype	data[0]	data[1]	data[2]	data[3]	data[4]	data[5]
		seed	0.568013	0.537454	0.150465	0.261577	0.164068	0.375011
0	11	clst	0.784673	0.606327	0.287173	0.414400	0.389782	0.540909
		seed	0.714972	0.436586	0.239274	0.309959	0.008035	0.335576
1	18	clst	0.741217	0.510650	0.223694	0.261167	0.094756	0.408333
		seed	0.650988	0.435006	0.081429	0.142606	0.055435	0.231389
2	53	clst	0.634062	0.318943	0.144187	0.167608	0.038502	0.064151
		seed	0.642474	0.286635	0.151994	0.182092	0.188519	0.334181
3	17	clst	0.695024	0.306394	0.160888	0.194806	0.073724	0.323529
		seed	0.727339	0.493212	0.104342	0.229882	0.158961	0.016065
4	32	clst	0.630753	0.553269	0.165778	0.205359	0.061953	0.060156
[class #0] <for of setCPON>
