[class #1] <getLBGClusterSize>
centroid size : 1
ctrd no.	datasize	worktype	data[0]	data[1]	data[2]	data[3]	data[4]	data[5]
		seed	0.535610	0.410475	0.089529	0.342796	0.146055	0.157273
0	180	clst	0.655842	0.391063	0.165888	0.261687	0.123342	0.162917
[class #1] <for of setCPON>
[class #1] <getLBGClusterSize>
centroid size : 2
ctrd no.	datasize	worktype	data[0]	data[1]	data[2]	data[3]	data[4]	data[5]
		seed	0.535639	0.510621	0.225264	0.273004	0.230165	0.190868
0	31	clst	0.669768	0.435916	0.347584	0.473400	0.317384	0.294355
		seed	0.642647	0.484674	0.122741	0.277181	0.035061	0.263936
1	149	clst	0.652945	0.381732	0.128085	0.217640	0.082970	0.135570
[class #1] <for of setCPON>
[class #1] <getLBGClusterSize>
centroid size : 3
ctrd no.	datasize	worktype	data[0]	data[1]	data[2]	data[3]	data[4]	data[5]
		seed	0.535661	0.305465	0.112020	0.203219	0.047080	0.224471
0	114	clst	0.640573	0.315175	0.121287	0.210868	0.078673	0.127632
		seed	0.665542	0.457394	0.248204	0.227889	0.033854	0.264313
1	40	clst	0.686848	0.595878	0.164230	0.261680	0.098293	0.174375
		seed	0.550192	0.398223	0.205357	0.149566	0.184330	0.159849
2	26	clst	0.675092	0.408708	0.363996	0.484519	0.357735	0.300000
[class #1] <for of setCPON>
[class #1] <getLBGClusterSize>
centroid size : 4
ctrd no.	datasize	worktype	data[0]	data[1]	data[2]	data[3]	data[4]	data[5]
		seed	0.535684	0.405611	0.247763	0.133427	0.131182	0.258075
0	23	clst	0.550330	0.444235	0.237248	0.307174	0.211135	0.059783
		seed	0.688445	0.430124	0.124679	0.178598	0.032648	0.264689
1	41	clst	0.713100	0.572437	0.144556	0.241990	0.094722	0.207317
		seed	0.713069	0.247086	0.124998	0.288574	0.135813	0.037116
2	95	clst	0.648466	0.298942	0.108951	0.202188	0.066903	0.128158
		seed	0.611226	0.336006	0.049775	0.357060	0.121674	0.204106
3	21	clst	0.692981	0.395457	0.386952	0.519486	0.338381	0.346429
[class #1] <for of setCPON>
[class #1] <getLBGClusterSize>
centroid size : 5
ctrd no.	datasize	worktype	data[0]	data[1]	data[2]	data[3]	data[4]	data[5]
		seed	0.535706	0.505748	0.134518	0.326352	0.215292	0.291669
0	9	clst	0.728056	0.518833	0.249467	0.425678	0.557833	0.344444
		seed	0.711340	0.402854	0.250141	0.392024	0.031449	0.265066
1	17	clst	0.626929	0.379047	0.436312	0.533247	0.226018	0.248529
		seed	0.634871	0.401242	0.044638	0.164864	0.087296	0.194779
2	61	clst	0.595330	0.291938	0.128752	0.217167	0.065677	0.068443
		seed	0.624696	0.249891	0.136509	0.218461	0.244100	0.264124
3	47	clst	0.688681	0.333577	0.109474	0.219666	0.097274	0.272340
		seed	0.726120	0.460618	0.074469	0.283331	0.209274	0.049515
4	46	clst	0.699091	0.560691	0.156480	0.231215	0.103489	0.109239
[class #1] <for of setCPON>
