[class #0] <getLBGClusterSize>
centroid size : 1
ctrd no.	datasize	worktype	data[0]	data[1]	data[2]	data[3]	data[4]	data[5]
		seed	0.563988	0.439712	0.115036	0.263367	0.102399	0.157413
0	131	clst	0.663314	0.421840	0.172386	0.208681	0.083256	0.164695
[class #0] <for of setCPON>
[class #0] <getLBGClusterSize>
centroid size : 2
ctrd no.	datasize	worktype	data[0]	data[1]	data[2]	data[3]	data[4]	data[5]
		seed	0.564013	0.531919	0.216982	0.216311	0.173288	0.200759
0	96	clst	0.644187	0.406429	0.151351	0.183306	0.048363	0.074740
		seed	0.652413	0.508029	0.139980	0.219127	0.008851	0.295036
1	35	clst	0.715774	0.464109	0.230083	0.278280	0.178963	0.411429
[class #0] <for of setCPON>
[class #0] <getLBGClusterSize>
centroid size : 3
ctrd no.	datasize	worktype	data[0]	data[1]	data[2]	data[3]	data[4]	data[5]
		seed	0.564031	0.343028	0.131928	0.169260	0.018981	0.244116
0	64	clst	0.658303	0.319422	0.147656	0.174106	0.042103	0.111719
		seed	0.671327	0.482912	0.234211	0.185893	0.007834	0.295522
1	29	clst	0.730479	0.494162	0.238869	0.294659	0.202410	0.424138
		seed	0.576034	0.428432	0.202030	0.133085	0.134658	0.160737
2	38	clst	0.620495	0.539139	0.163300	0.201297	0.061632	0.055921
[class #0] <for of setCPON>
[class #0] <getLBGClusterSize>
centroid size : 4
ctrd no.	datasize	worktype	data[0]	data[1]	data[2]	data[3]	data[4]	data[5]
		seed	0.564049	0.435235	0.233880	0.122204	0.089864	0.287474
0	13	clst	0.744923	0.545154	0.287815	0.375608	0.330592	0.492308
		seed	0.690247	0.457804	0.141436	0.152659	0.006817	0.296008
1	24	clst	0.630479	0.611229	0.145992	0.213733	0.056067	0.092708
		seed	0.710589	0.289277	0.141675	0.226809	0.093767	0.002379
2	60	clst	0.626755	0.343333	0.140278	0.162122	0.038458	0.055000
		seed	0.626455	0.371147	0.085178	0.272984	0.081850	0.217839
3	34	clst	0.719803	0.379544	0.203544	0.223453	0.086932	0.283824
[class #0] <for of setCPON>
[class #0] <getLBGClusterSize>
centroid size : 5
ctrd no.	datasize	worktype	data[0]	data[1]	data[2]	data[3]	data[4]	data[5]
		seed	0.564067	0.527433	0.148826	0.252280	0.160753	0.330820
0	10	clst	0.760510	0.583480	0.289400	0.387000	0.414710	0.430000
		seed	0.709161	0.432695	0.235666	0.296558	0.005807	0.296494
1	19	clst	0.707747	0.489726	0.215753	0.248111	0.081653	0.384211
		seed	0.645989	0.431211	0.081320	0.143399	0.052876	0.205805
2	54	clst	0.635481	0.320926	0.152802	0.170757	0.045146	0.064815
		seed	0.637584	0.291859	0.150321	0.179536	0.185033	0.295279
3	17	clst	0.699671	0.317129	0.172182	0.200912	0.072718	0.305882
		seed	0.721371	0.485880	0.103725	0.223274	0.155681	0.018377
4	31	clst	0.633271	0.561297	0.142287	0.197313	0.049481	0.041129
[class #0] <for of setCPON>
