[class #0] <getLBGClusterSize>
centroid size : 1
ctrd no.	datasize	worktype	data[0]	data[1]	data[2]	data[3]	data[4]	data[5]
		seed	0.559768	0.441972	0.116133	0.264733	0.096528	0.169963
0	131	clst	0.663714	0.424032	0.171729	0.210070	0.079623	0.178244
[class #0] <for of setCPON>
[class #0] <getLBGClusterSize>
centroid size : 2
ctrd no.	datasize	worktype	data[0]	data[1]	data[2]	data[3]	data[4]	data[5]
		seed	0.559794	0.534529	0.214960	0.217697	0.159128	0.219260
0	97	clst	0.641341	0.397578	0.152794	0.184094	0.049276	0.081959
		seed	0.652306	0.510548	0.140315	0.220512	0.013918	0.326481
1	34	clst	0.727541	0.499503	0.225750	0.284179	0.166200	0.452941
[class #0] <for of setCPON>
[class #0] <getLBGClusterSize>
centroid size : 3
ctrd no.	datasize	worktype	data[0]	data[1]	data[2]	data[3]	data[4]	data[5]
		seed	0.559813	0.344921	0.132509	0.170666	0.022864	0.268570
0	43	clst	0.682365	0.312233	0.142616	0.188160	0.056621	0.188372
		seed	0.672100	0.485336	0.231662	0.187292	0.013020	0.327034
1	24	clst	0.741217	0.560883	0.258558	0.307350	0.202621	0.495833
		seed	0.572375	0.430649	0.200466	0.134507	0.125015	0.173743
2	64	clst	0.622119	0.447828	0.158728	0.188311	0.048953	0.052344
[class #0] <for of setCPON>
[class #0] <getLBGClusterSize>
centroid size : 4
ctrd no.	datasize	worktype	data[0]	data[1]	data[2]	data[3]	data[4]	data[5]
		seed	0.559832	0.437478	0.231341	0.123630	0.085458	0.317880
0	11	clst	0.755964	0.587364	0.320282	0.400227	0.336845	0.563636
		seed	0.691900	0.460132	0.141725	0.154072	0.012122	0.327586
1	30	clst	0.715773	0.435370	0.168213	0.215577	0.076260	0.370000
		seed	0.713188	0.290967	0.141958	0.228190	0.088905	-0.006357
2	56	clst	0.635809	0.319559	0.147109	0.177877	0.042309	0.072321
		seed	0.625141	0.373147	0.087189	0.274346	0.078382	0.238685
3	34	clst	0.633894	0.533259	0.167321	0.196715	0.060829	0.058824
[class #0] <for of setCPON>
[class #0] <getLBGClusterSize>
centroid size : 5
ctrd no.	datasize	worktype	data[0]	data[1]	data[2]	data[3]	data[4]	data[5]
		seed	0.559851	0.530025	0.148889	0.253651	0.148059	0.367177
0	13	clst	0.744923	0.557200	0.294438	0.380608	0.289762	0.600000
		seed	0.711694	0.434929	0.233072	0.297910	0.011230	0.328139
1	18	clst	0.720750	0.552200	0.185800	0.226550	0.084478	0.322222
		seed	0.645583	0.433439	0.083449	0.144817	0.052795	0.224999
2	49	clst	0.621912	0.318184	0.145820	0.178373	0.040598	0.058163
		seed	0.636787	0.293558	0.150339	0.180938	0.169500	0.326757
3	21	clst	0.714271	0.327529	0.158948	0.185529	0.064571	0.271429
		seed	0.724472	0.488315	0.105169	0.224657	0.143580	0.011838
4	30	clst	0.627187	0.529863	0.161377	0.195233	0.059927	0.040000
[class #0] <for of setCPON>
