[class #0] <getLBGClusterSize>
centroid size : 1
ctrd no.	datasize	worktype	data[0]	data[1]	data[2]	data[3]	data[4]	data[5]
		seed	0.569483	0.444561	0.117154	0.265887	0.102399	0.174667
0	131	clst	0.672955	0.426089	0.168241	0.211756	0.083570	0.183015
[class #0] <for of setCPON>
[class #0] <getLBGClusterSize>
centroid size : 2
ctrd no.	datasize	worktype	data[0]	data[1]	data[2]	data[3]	data[4]	data[5]
		seed	0.569508	0.539860	0.207967	0.219308	0.172126	0.224365
0	92	clst	0.647595	0.404818	0.148717	0.185629	0.048379	0.075272
		seed	0.661599	0.515169	0.139374	0.222096	0.010386	0.332458
1	39	clst	0.732779	0.476264	0.214297	0.273387	0.166585	0.437179
[class #0] <for of setCPON>
[class #0] <getLBGClusterSize>
centroid size : 3
ctrd no.	datasize	worktype	data[0]	data[1]	data[2]	data[3]	data[4]	data[5]
		seed	0.569527	0.344633	0.132201	0.172735	0.020350	0.274076
0	37	clst	0.682065	0.305759	0.151603	0.195154	0.060441	0.227703
		seed	0.681303	0.489209	0.223314	0.189199	0.009386	0.333015
1	25	clst	0.756832	0.555140	0.247424	0.301292	0.217948	0.482000
		seed	0.582032	0.432902	0.194648	0.136927	0.134130	0.178477
2	69	clst	0.637680	0.443855	0.148474	0.188217	0.047286	0.050725
[class #0] <for of setCPON>
[class #0] <getLBGClusterSize>
centroid size : 4
ctrd no.	datasize	worktype	data[0]	data[1]	data[2]	data[3]	data[4]	data[5]
		seed	0.569546	0.439933	0.223020	0.126156	0.090070	0.323786
0	11	clst	0.787064	0.629255	0.278136	0.391973	0.373900	0.550000
		seed	0.701013	0.463259	0.140670	0.156303	0.008385	0.333572
1	33	clst	0.713700	0.407648	0.179412	0.215655	0.080124	0.372727
		seed	0.722204	0.289080	0.140884	0.229700	0.093909	-0.003087
2	55	clst	0.644500	0.323787	0.150387	0.175209	0.045505	0.072727
		seed	0.634558	0.373696	0.090556	0.275406	0.082188	0.243948
3	32	clst	0.640619	0.551097	0.149631	0.208600	0.052747	0.050781
[class #0] <for of setCPON>
[class #0] <getLBGClusterSize>
centroid size : 5
ctrd no.	datasize	worktype	data[0]	data[1]	data[2]	data[3]	data[4]	data[5]
		seed	0.569565	0.535223	0.147254	0.254913	0.159796	0.373484
0	10	clst	0.778930	0.605220	0.290060	0.406490	0.402390	0.565000
		seed	0.720716	0.437308	0.224611	0.298741	0.007392	0.334128
1	18	clst	0.736833	0.517411	0.189117	0.238083	0.087722	0.405556
		seed	0.654907	0.435775	0.087120	0.147137	0.053689	0.230150
2	52	clst	0.643727	0.324406	0.145308	0.172079	0.040294	0.067308
		seed	0.646151	0.291748	0.148585	0.182907	0.183678	0.332736
3	18	clst	0.695883	0.308211	0.164089	0.195528	0.075528	0.322222
		seed	0.733436	0.492277	0.107078	0.226200	0.154807	0.015256
4	33	clst	0.639548	0.546518	0.158342	0.209758	0.057273	0.052273
[class #0] <for of setCPON>
